# JRE version: Java(TM) SE Runtime Environment (13.0.2+8) (build 13.0.2+8)
# Java VM: Java HotSpot(TM) 64-Bit Server VM (13.0.2+8, mixed mode, sharing, tiered, compressed oops, g1 gc, windows-amd64)
Heap:
 garbage-first heap   total 78848K, used 57800K [0x00000000c0000000, 0x0000000100000000)
  region size 1024K, 12 young (12288K), 2 survivors (2048K)
 Metaspace       used 36159K, capacity 37234K, committed 37552K, reserved 1081344K
  class space    used 4944K, capacity 5273K, committed 5376K, reserved 1048576K
GC Heap History (20 events):
Event: 18.758 GC heap before
{Heap before GC invocations=7 (full 0):
 garbage-first heap   total 76800K, used 53497K [0x00000000c0000000, 0x0000000100000000)
  region size 1024K, 28 young (28672K), 4 survivors (4096K)
 Metaspace       used 20133K, capacity 20744K, committed 20864K, reserved 1067008K
  class space    used 2891K, capacity 3085K, committed 3200K, reserved 1048576K
}
Event: 18.772 GC heap after
{Heap after GC invocations=8 (full 0):
 garbage-first heap   total 76800K, used 29885K [0x00000000c0000000, 0x0000000100000000)
  region size 1024K, 1 young (1024K), 1 survivors (1024K)
 Metaspace       used 20133K, capacity 20744K, committed 20864K, reserved 1067008K
  class space    used 2891K, capacity 3085K, committed 3200K, reserved 1048576K
}
Event: 18.989 GC heap before
{Heap before GC invocations=8 (full 0):
 garbage-first heap   total 76800K, used 32957K [0x00000000c0000000, 0x0000000100000000)
  region size 1024K, 5 young (5120K), 1 survivors (1024K)
 Metaspace       used 20573K, capacity 21175K, committed 21296K, reserved 1067008K
  class space    used 2979K, capacity 3186K, committed 3200K, reserved 1048576K
}
Event: 18.996 GC heap after
{Heap after GC invocations=9 (full 0):
 garbage-first heap   total 76800K, used 29896K [0x00000000c0000000, 0x0000000100000000)
  region size 1024K, 1 young (1024K), 1 survivors (1024K)
 Metaspace       used 20573K, capacity 21175K, committed 21296K, reserved 1067008K
  class space    used 2979K, capacity 3186K, committed 3200K, reserved 1048576K
}
Event: 21.975 GC heap before
{Heap before GC invocations=10 (full 0):
 garbage-first heap   total 76800K, used 49352K [0x00000000c0000000, 0x0000000100000000)
  region size 1024K, 21 young (21504K), 1 survivors (1024K)
 Metaspace       used 25978K, capacity 26679K, committed 26928K, reserved 1073152K
  class space    used 3606K, capacity 3866K, committed 3968K, reserved 1048576K
}
Event: 21.997 GC heap after
{Heap after GC invocations=11 (full 0):
 garbage-first heap   total 76800K, used 32117K [0x00000000c0000000, 0x0000000100000000)
  region size 1024K, 3 young (3072K), 3 survivors (3072K)
 Metaspace       used 25978K, capacity 26679K, committed 26928K, reserved 1073152K
  class space    used 3606K, capacity 3866K, committed 3968K, reserved 1048576K
}
Event: 23.848 GC heap before
{Heap before GC invocations=11 (full 0):
 garbage-first heap   total 76800K, used 55669K [0x00000000c0000000, 0x0000000100000000)
  region size 1024K, 23 young (23552K), 3 survivors (3072K)
 Metaspace       used 28568K, capacity 29340K, committed 29488K, reserved 1075200K
  class space    used 3869K, capacity 4132K, committed 4224K, reserved 1048576K
}
Event: 23.866 GC heap after
{Heap after GC invocations=12 (full 0):
 garbage-first heap   total 76800K, used 33516K [0x00000000c0000000, 0x0000000100000000)
  region size 1024K, 2 young (2048K), 2 survivors (2048K)
 Metaspace       used 28568K, capacity 29340K, committed 29488K, reserved 1075200K
  class space    used 3869K, capacity 4132K, committed 4224K, reserved 1048576K
}
Event: 25.633 GC heap before
{Heap before GC invocations=12 (full 0):
 garbage-first heap   total 76800K, used 53996K [0x00000000c0000000, 0x0000000100000000)
  region size 1024K, 22 young (22528K), 2 survivors (2048K)
 Metaspace       used 30028K, capacity 30791K, committed 31024K, reserved 1075200K
  class space    used 4081K, capacity 4353K, committed 4480K, reserved 1048576K
}
Event: 25.650 GC heap after
{Heap after GC invocations=13 (full 0):
 garbage-first heap   total 76800K, used 34516K [0x00000000c0000000, 0x0000000100000000)
  region size 1024K, 3 young (3072K), 3 survivors (3072K)
 Metaspace       used 30028K, capacity 30791K, committed 31024K, reserved 1075200K
  class space    used 4081K, capacity 4353K, committed 4480K, reserved 1048576K
}
Event: 26.637 GC heap before
{Heap before GC invocations=13 (full 0):
 garbage-first heap   total 76800K, used 56020K [0x00000000c0000000, 0x0000000100000000)
  region size 1024K, 24 young (24576K), 3 survivors (3072K)
 Metaspace       used 31666K, capacity 32451K, committed 32688K, reserved 1077248K
  class space    used 4356K, capacity 4586K, committed 4608K, reserved 1048576K
}
Event: 26.652 GC heap after
{Heap after GC invocations=14 (full 0):
 garbage-first heap   total 76800K, used 35310K [0x00000000c0000000, 0x0000000100000000)
  region size 1024K, 2 young (2048K), 2 survivors (2048K)
 Metaspace       used 31666K, capacity 32451K, committed 32688K, reserved 1077248K
  class space    used 4356K, capacity 4586K, committed 4608K, reserved 1048576K
}
Event: 28.554 GC heap before
{Heap before GC invocations=14 (full 0):
 garbage-first heap   total 76800K, used 56814K [0x00000000c0000000, 0x0000000100000000)
  region size 1024K, 23 young (23552K), 2 survivors (2048K)
 Metaspace       used 33435K, capacity 34292K, committed 34480K, reserved 1079296K
  class space    used 4569K, capacity 4860K, committed 4864K, reserved 1048576K
}
Event: 28.573 GC heap after
{Heap after GC invocations=15 (full 0):
 garbage-first heap   total 76800K, used 36376K [0x00000000c0000000, 0x0000000100000000)
  region size 1024K, 2 young (2048K), 2 survivors (2048K)
 Metaspace       used 33435K, capacity 34292K, committed 34480K, reserved 1079296K
  class space    used 4569K, capacity 4860K, committed 4864K, reserved 1048576K
}
Event: 32.585 GC heap before
{Heap before GC invocations=15 (full 0):
 garbage-first heap   total 76800K, used 51736K [0x00000000c0000000, 0x0000000100000000)
  region size 1024K, 18 young (18432K), 2 survivors (2048K)
 Metaspace       used 34174K, capacity 35067K, committed 35120K, reserved 1079296K
  class space    used 4664K, capacity 4988K, committed 4992K, reserved 1048576K
}
Event: 32.601 GC heap after
{Heap after GC invocations=16 (full 0):
 garbage-first heap   total 76800K, used 38744K [0x00000000c0000000, 0x0000000100000000)
  region size 1024K, 3 young (3072K), 3 survivors (3072K)
 Metaspace       used 34174K, capacity 35067K, committed 35120K, reserved 1079296K
  class space    used 4664K, capacity 4988K, committed 4992K, reserved 1048576K
}
Event: 32.996 GC heap before
{Heap before GC invocations=17 (full 0):
 garbage-first heap   total 76800K, used 42840K [0x00000000c0000000, 0x0000000100000000)
  region size 1024K, 6 young (6144K), 3 survivors (3072K)
 Metaspace       used 34174K, capacity 35067K, committed 35120K, reserved 1079296K
  class space    used 4664K, capacity 4988K, committed 4992K, reserved 1048576K
}
Event: 33.011 GC heap after
{Heap after GC invocations=18 (full 0):
 garbage-first heap   total 76800K, used 43138K [0x00000000c0000000, 0x0000000100000000)
  region size 1024K, 2 young (2048K), 2 survivors (2048K)
 Metaspace       used 34174K, capacity 35067K, committed 35120K, reserved 1079296K
  class space    used 4664K, capacity 4988K, committed 4992K, reserved 1048576K
}
Event: 34.917 GC heap before
{Heap before GC invocations=19 (full 0):
 garbage-first heap   total 78848K, used 56450K [0x00000000c0000000, 0x0000000100000000)
  region size 1024K, 13 young (13312K), 2 survivors (2048K)
 Metaspace       used 34850K, capacity 35884K, committed 36016K, reserved 1081344K
  class space    used 4775K, capacity 5097K, committed 5120K, reserved 1048576K
}
Event: 34.930 GC heap after
{Heap after GC invocations=20 (full 0):
 garbage-first heap   total 78848K, used 48584K [0x00000000c0000000, 0x0000000100000000)
  region size 1024K, 2 young (2048K), 2 survivors (2048K)
 Metaspace       used 34850K, capacity 35884K, committed 36016K, reserved 1081344K
  class space    used 4775K, capacity 5097K, committed 5120K, reserved 1048576K
}

