# JRE version: Java(TM) SE Runtime Environment (13.0.2+8) (build 13.0.2+8)
# Java VM: Java HotSpot(TM) 64-Bit Server VM (13.0.2+8, mixed mode, sharing, tiered, compressed oops, g1 gc, windows-amd64)
Heap:
 garbage-first heap   total 143360K, used 97428K [0x00000000c0000000, 0x0000000100000000)
  region size 1024K, 17 young (17408K), 4 survivors (4096K)
 Metaspace       used 74911K, capacity 76847K, committed 77104K, reserved 1116160K
  class space    used 9883K, capacity 10510K, committed 10624K, reserved 1048576K
GC Heap History (20 events):
Event: 85.465 GC heap before
{Heap before GC invocations=53 (full 0):
 garbage-first heap   total 112640K, used 89874K [0x00000000c0000000, 0x0000000100000000)
  region size 1024K, 25 young (25600K), 3 survivors (3072K)
 Metaspace       used 65798K, capacity 67489K, committed 67632K, reserved 1107968K
  class space    used 8808K, capacity 9343K, committed 9344K, reserved 1048576K
}
Event: 85.487 GC heap after
{Heap after GC invocations=54 (full 0):
 garbage-first heap   total 112640K, used 69983K [0x00000000c0000000, 0x0000000100000000)
  region size 1024K, 4 young (4096K), 4 survivors (4096K)
 Metaspace       used 65798K, capacity 67489K, committed 67632K, reserved 1107968K
  class space    used 8808K, capacity 9343K, committed 9344K, reserved 1048576K
}
Event: 87.392 GC heap before
{Heap before GC invocations=55 (full 0):
 garbage-first heap   total 119808K, used 90463K [0x00000000c0000000, 0x0000000100000000)
  region size 1024K, 24 young (24576K), 4 survivors (4096K)
 Metaspace       used 66813K, capacity 68493K, committed 68656K, reserved 1107968K
  class space    used 8939K, capacity 9502K, committed 9600K, reserved 1048576K
}
Event: 87.422 GC heap after
{Heap after GC invocations=56 (full 0):
 garbage-first heap   total 119808K, used 73874K [0x00000000c0000000, 0x0000000100000000)
  region size 1024K, 3 young (3072K), 3 survivors (3072K)
 Metaspace       used 66813K, capacity 68493K, committed 68656K, reserved 1107968K
  class space    used 8939K, capacity 9502K, committed 9600K, reserved 1048576K
}
Event: 91.583 GC heap before
{Heap before GC invocations=56 (full 0):
 garbage-first heap   total 119808K, used 94354K [0x00000000c0000000, 0x0000000100000000)
  region size 1024K, 24 young (24576K), 3 survivors (3072K)
 Metaspace       used 67952K, capacity 69787K, committed 70064K, reserved 1110016K
  class space    used 9099K, capacity 9655K, committed 9728K, reserved 1048576K
}
Event: 91.608 GC heap after
{Heap after GC invocations=57 (full 0):
 garbage-first heap   total 119808K, used 76140K [0x00000000c0000000, 0x0000000100000000)
  region size 1024K, 2 young (2048K), 2 survivors (2048K)
 Metaspace       used 67952K, capacity 69787K, committed 70064K, reserved 1110016K
  class space    used 9099K, capacity 9655K, committed 9728K, reserved 1048576K
}
Event: 95.667 GC heap before
{Heap before GC invocations=58 (full 0):
 garbage-first heap   total 130048K, used 95596K [0x00000000c0000000, 0x0000000100000000)
  region size 1024K, 22 young (22528K), 2 survivors (2048K)
 Metaspace       used 68160K, capacity 69987K, committed 70064K, reserved 1110016K
  class space    used 9100K, capacity 9655K, committed 9728K, reserved 1048576K
}
Event: 95.686 GC heap after
{Heap after GC invocations=59 (full 0):
 garbage-first heap   total 130048K, used 77628K [0x00000000c0000000, 0x0000000100000000)
  region size 1024K, 2 young (2048K), 2 survivors (2048K)
 Metaspace       used 68160K, capacity 69987K, committed 70064K, reserved 1110016K
  class space    used 9100K, capacity 9655K, committed 9728K, reserved 1048576K
}
Event: 98.519 GC heap before
{Heap before GC invocations=59 (full 0):
 garbage-first heap   total 130048K, used 101180K [0x00000000c0000000, 0x0000000100000000)
  region size 1024K, 25 young (25600K), 2 survivors (2048K)
 Metaspace       used 68233K, capacity 69989K, committed 70064K, reserved 1110016K
  class space    used 9101K, capacity 9655K, committed 9728K, reserved 1048576K
}
Event: 98.532 GC heap after
{Heap after GC invocations=60 (full 0):
 garbage-first heap   total 130048K, used 78697K [0x00000000c0000000, 0x0000000100000000)
  region size 1024K, 3 young (3072K), 3 survivors (3072K)
 Metaspace       used 68233K, capacity 69989K, committed 70064K, reserved 1110016K
  class space    used 9101K, capacity 9655K, committed 9728K, reserved 1048576K
}
Event: 101.236 GC heap before
{Heap before GC invocations=61 (full 0):
 garbage-first heap   total 137216K, used 102249K [0x00000000c0000000, 0x0000000100000000)
  region size 1024K, 26 young (26624K), 3 survivors (3072K)
 Metaspace       used 69051K, capacity 70942K, committed 71216K, reserved 1110016K
  class space    used 9191K, capacity 9781K, committed 9856K, reserved 1048576K
}
Event: 101.254 GC heap after
{Heap after GC invocations=62 (full 0):
 garbage-first heap   total 137216K, used 80433K [0x00000000c0000000, 0x0000000100000000)
  region size 1024K, 3 young (3072K), 3 survivors (3072K)
 Metaspace       used 69051K, capacity 70942K, committed 71216K, reserved 1110016K
  class space    used 9191K, capacity 9781K, committed 9856K, reserved 1048576K
}
Event: 104.428 GC heap before
{Heap before GC invocations=62 (full 0):
 garbage-first heap   total 137216K, used 106033K [0x00000000c0000000, 0x0000000100000000)
  region size 1024K, 29 young (29696K), 3 survivors (3072K)
 Metaspace       used 69228K, capacity 71104K, committed 71216K, reserved 1110016K
  class space    used 9201K, capacity 9787K, committed 9856K, reserved 1048576K
}
Event: 104.452 GC heap after
{Heap after GC invocations=63 (full 0):
 garbage-first heap   total 137216K, used 82001K [0x00000000c0000000, 0x0000000100000000)
  region size 1024K, 4 young (4096K), 4 survivors (4096K)
 Metaspace       used 69228K, capacity 71104K, committed 71216K, reserved 1110016K
  class space    used 9201K, capacity 9787K, committed 9856K, reserved 1048576K
}
Event: 106.937 GC heap before
{Heap before GC invocations=64 (full 0):
 garbage-first heap   total 143360K, used 107601K [0x00000000c0000000, 0x0000000100000000)
  region size 1024K, 30 young (30720K), 4 survivors (4096K)
 Metaspace       used 69664K, capacity 71492K, committed 71728K, reserved 1112064K
  class space    used 9267K, capacity 9846K, committed 9856K, reserved 1048576K
}
Event: 106.957 GC heap after
{Heap after GC invocations=65 (full 0):
 garbage-first heap   total 143360K, used 83388K [0x00000000c0000000, 0x0000000100000000)
  region size 1024K, 3 young (3072K), 3 survivors (3072K)
 Metaspace       used 69664K, capacity 71492K, committed 71728K, reserved 1112064K
  class space    used 9267K, capacity 9846K, committed 9856K, reserved 1048576K
}
Event: 111.344 GC heap before
{Heap before GC invocations=65 (full 0):
 garbage-first heap   total 143360K, used 113084K [0x00000000c0000000, 0x0000000100000000)
  region size 1024K, 33 young (33792K), 3 survivors (3072K)
 Metaspace       used 71237K, capacity 73157K, committed 73264K, reserved 1112064K
  class space    used 9406K, capacity 10025K, committed 10112K, reserved 1048576K
}
Event: 111.361 GC heap after
{Heap after GC invocations=66 (full 0):
 garbage-first heap   total 143360K, used 84185K [0x00000000c0000000, 0x0000000100000000)
  region size 1024K, 3 young (3072K), 3 survivors (3072K)
 Metaspace       used 71237K, capacity 73157K, committed 73264K, reserved 1112064K
  class space    used 9406K, capacity 10025K, committed 10112K, reserved 1048576K
}
Event: 113.520 GC heap before
{Heap before GC invocations=67 (full 0):
 garbage-first heap   total 143360K, used 113881K [0x00000000c0000000, 0x0000000100000000)
  region size 1024K, 33 young (33792K), 3 survivors (3072K)
 Metaspace       used 73890K, capacity 75819K, committed 75952K, reserved 1114112K
  class space    used 9758K, capacity 10378K, committed 10496K, reserved 1048576K
}
Event: 113.538 GC heap after
{Heap after GC invocations=68 (full 0):
 garbage-first heap   total 143360K, used 85140K [0x00000000c0000000, 0x0000000100000000)
  region size 1024K, 4 young (4096K), 4 survivors (4096K)
 Metaspace       used 73890K, capacity 75819K, committed 75952K, reserved 1114112K
  class space    used 9758K, capacity 10378K, committed 10496K, reserved 1048576K
}

