# JRE version: Java(TM) SE Runtime Environment (13.0.2+8) (build 13.0.2+8)
# Java VM: Java HotSpot(TM) 64-Bit Server VM (13.0.2+8, mixed mode, sharing, tiered, compressed oops, g1 gc, windows-amd64)
Heap:
 garbage-first heap   total 747520K, used 195832K [0x0000000080000000, 0x0000000100000000)
  region size 1024K, 3 young (3072K), 3 survivors (3072K)
 Metaspace       used 74448K, capacity 76500K, committed 76720K, reserved 1116160K
  class space    used 10003K, capacity 10698K, committed 10752K, reserved 1048576K
GC Heap History (20 events):
Event: 78.026 GC heap after
{Heap after GC invocations=70 (full 0):
 garbage-first heap   total 226304K, used 147968K [0x0000000080000000, 0x0000000100000000)
  region size 1024K, 5 young (5120K), 5 survivors (5120K)
 Metaspace       used 68249K, capacity 70140K, committed 70320K, reserved 1110016K
  class space    used 9245K, capacity 9875K, committed 9984K, reserved 1048576K
}
Event: 79.072 GC heap before
{Heap before GC invocations=71 (full 0):
 garbage-first heap   total 249856K, used 161280K [0x0000000080000000, 0x0000000100000000)
  region size 1024K, 19 young (19456K), 5 survivors (5120K)
 Metaspace       used 68254K, capacity 70140K, committed 70320K, reserved 1110016K
  class space    used 9245K, capacity 9875K, committed 9984K, reserved 1048576K
}
Event: 79.162 GC heap after
{Heap after GC invocations=72 (full 0):
 garbage-first heap   total 249856K, used 156672K [0x0000000080000000, 0x0000000100000000)
  region size 1024K, 4 young (4096K), 4 survivors (4096K)
 Metaspace       used 68254K, capacity 70140K, committed 70320K, reserved 1110016K
  class space    used 9245K, capacity 9875K, committed 9984K, reserved 1048576K
}
Event: 81.922 GC heap before
{Heap before GC invocations=73 (full 0):
 garbage-first heap   total 268288K, used 183296K [0x0000000080000000, 0x0000000100000000)
  region size 1024K, 29 young (29696K), 4 survivors (4096K)
 Metaspace       used 69281K, capacity 71219K, committed 71472K, reserved 1110016K
  class space    used 9387K, capacity 10041K, committed 10112K, reserved 1048576K
}
Event: 82.022 GC heap after
{Heap after GC invocations=74 (full 0):
 garbage-first heap   total 451584K, used 171776K [0x0000000080000000, 0x0000000100000000)
  region size 1024K, 4 young (4096K), 4 survivors (4096K)
 Metaspace       used 69281K, capacity 71219K, committed 71472K, reserved 1110016K
  class space    used 9387K, capacity 10041K, committed 10112K, reserved 1048576K
}
Event: 83.060 GC heap before
{Heap before GC invocations=74 (full 0):
 garbage-first heap   total 451584K, used 196352K [0x0000000080000000, 0x0000000100000000)
  region size 1024K, 28 young (28672K), 4 survivors (4096K)
 Metaspace       used 69606K, capacity 71526K, committed 71728K, reserved 1112064K
  class space    used 9416K, capacity 10057K, committed 10112K, reserved 1048576K
}
Event: 83.219 GC heap after
{Heap after GC invocations=75 (full 0):
 garbage-first heap   total 451584K, used 181760K [0x0000000080000000, 0x0000000100000000)
  region size 1024K, 4 young (4096K), 4 survivors (4096K)
 Metaspace       used 69606K, capacity 71526K, committed 71728K, reserved 1112064K
  class space    used 9416K, capacity 10057K, committed 10112K, reserved 1048576K
}
Event: 84.004 GC heap before
{Heap before GC invocations=75 (full 0):
 garbage-first heap   total 451584K, used 205312K [0x0000000080000000, 0x0000000100000000)
  region size 1024K, 24 young (24576K), 4 survivors (4096K)
 Metaspace       used 69621K, capacity 71530K, committed 71728K, reserved 1112064K
  class space    used 9416K, capacity 10057K, committed 10112K, reserved 1048576K
}
Event: 84.126 GC heap after
{Heap after GC invocations=76 (full 0):
 garbage-first heap   total 451584K, used 190464K [0x0000000080000000, 0x0000000100000000)
  region size 1024K, 3 young (3072K), 3 survivors (3072K)
 Metaspace       used 69621K, capacity 71530K, committed 71728K, reserved 1112064K
  class space    used 9416K, capacity 10057K, committed 10112K, reserved 1048576K
}
Event: 86.383 GC heap before
{Heap before GC invocations=76 (full 0):
 garbage-first heap   total 451584K, used 230400K [0x0000000080000000, 0x0000000100000000)
  region size 1024K, 29 young (29696K), 3 survivors (3072K)
 Metaspace       used 70016K, capacity 71978K, committed 72112K, reserved 1112064K
  class space    used 9452K, capacity 10139K, committed 10240K, reserved 1048576K
}
Event: 86.422 GC heap after
{Heap after GC invocations=77 (full 0):
 garbage-first heap   total 451584K, used 211712K [0x0000000080000000, 0x0000000100000000)
  region size 1024K, 4 young (4096K), 4 survivors (4096K)
 Metaspace       used 70016K, capacity 71978K, committed 72112K, reserved 1112064K
  class space    used 9452K, capacity 10139K, committed 10240K, reserved 1048576K
}
Event: 88.275 GC heap before
{Heap before GC invocations=78 (full 0):
 garbage-first heap   total 451584K, used 240384K [0x0000000080000000, 0x0000000100000000)
  region size 1024K, 38 young (38912K), 4 survivors (4096K)
 Metaspace       used 70150K, capacity 72120K, committed 72368K, reserved 1112064K
  class space    used 9471K, capacity 10142K, committed 10240K, reserved 1048576K
}
Event: 88.302 GC heap after
{Heap after GC invocations=79 (full 0):
 garbage-first heap   total 451584K, used 210339K [0x0000000080000000, 0x0000000100000000)
  region size 1024K, 5 young (5120K), 5 survivors (5120K)
 Metaspace       used 70150K, capacity 72120K, committed 72368K, reserved 1112064K
  class space    used 9471K, capacity 10142K, committed 10240K, reserved 1048576K
}
Event: 88.312 GC heap before
{Heap before GC invocations=79 (full 0):
 garbage-first heap   total 451584K, used 214435K [0x0000000080000000, 0x0000000100000000)
  region size 1024K, 10 young (10240K), 5 survivors (5120K)
 Metaspace       used 70150K, capacity 72120K, committed 72368K, reserved 1112064K
  class space    used 9471K, capacity 10142K, committed 10240K, reserved 1048576K
}
Event: 88.329 GC heap after
{Heap after GC invocations=80 (full 0):
 garbage-first heap   total 451584K, used 211408K [0x0000000080000000, 0x0000000100000000)
  region size 1024K, 1 young (1024K), 1 survivors (1024K)
 Metaspace       used 70150K, capacity 72120K, committed 72368K, reserved 1112064K
  class space    used 9471K, capacity 10142K, committed 10240K, reserved 1048576K
}
Event: 90.873 GC heap before
{Heap before GC invocations=81 (full 0):
 garbage-first heap   total 451584K, used 267728K [0x0000000080000000, 0x0000000100000000)
  region size 1024K, 47 young (48128K), 1 survivors (1024K)
 Metaspace       used 70421K, capacity 72401K, committed 72624K, reserved 1112064K
  class space    used 9487K, capacity 10168K, committed 10240K, reserved 1048576K
}
Event: 90.890 GC heap after
{Heap after GC invocations=82 (full 0):
 garbage-first heap   total 451584K, used 223724K [0x0000000080000000, 0x0000000100000000)
  region size 1024K, 4 young (4096K), 4 survivors (4096K)
 Metaspace       used 70421K, capacity 72401K, committed 72624K, reserved 1112064K
  class space    used 9487K, capacity 10168K, committed 10240K, reserved 1048576K
}
Event: 92.011 GC heap before
{Heap before GC invocations=82 (full 0):
 garbage-first heap   total 451584K, used 241132K [0x0000000080000000, 0x0000000100000000)
  region size 1024K, 22 young (22528K), 4 survivors (4096K)
 Metaspace       used 71354K, capacity 73335K, committed 73520K, reserved 1112064K
  class space    used 9630K, capacity 10345K, committed 10368K, reserved 1048576K
}
Event: 92.138 GC heap after
{Heap after GC invocations=83 (full 0):
 garbage-first heap   total 451584K, used 193616K [0x0000000080000000, 0x0000000100000000)
  region size 1024K, 1 young (1024K), 1 survivors (1024K)
 Metaspace       used 71354K, capacity 73335K, committed 73520K, reserved 1112064K
  class space    used 9630K, capacity 10345K, committed 10368K, reserved 1048576K
}
Event: 94.216 GC heap before
{Heap before GC invocations=83 (full 0):
 garbage-first heap   total 451584K, used 227408K [0x0000000080000000, 0x0000000100000000)
  region size 1024K, 34 young (34816K), 1 survivors (1024K)
 Metaspace       used 74448K, capacity 76500K, committed 76720K, reserved 1116160K
  class space    used 10003K, capacity 10698K, committed 10752K, reserved 1048576K
}

