# JRE version: Java(TM) SE Runtime Environment (13.0.2+8) (build 13.0.2+8)
# Java VM: Java HotSpot(TM) 64-Bit Server VM (13.0.2+8, mixed mode, sharing, tiered, compressed oops, g1 gc, windows-amd64)
Heap:
 garbage-first heap   total 254976K, used 151040K [0x00000000c0000000, 0x0000000100000000)
  region size 1024K, 5 young (5120K), 4 survivors (4096K)
 Metaspace       used 83339K, capacity 85591K, committed 85680K, reserved 1124352K
  class space    used 11000K, capacity 11771K, committed 11776K, reserved 1048576K
GC Heap History (20 events):
Event: 164.334 GC heap before
{Heap before GC invocations=74 (full 0):
 garbage-first heap   total 181248K, used 131169K [0x00000000c0000000, 0x0000000100000000)
  region size 1024K, 30 young (30720K), 3 survivors (3072K)
 Metaspace       used 74384K, capacity 76319K, committed 76464K, reserved 1116160K
  class space    used 9717K, capacity 10413K, committed 10496K, reserved 1048576K
}
Event: 164.358 GC heap after
{Heap after GC invocations=75 (full 0):
 garbage-first heap   total 181248K, used 105982K [0x00000000c0000000, 0x0000000100000000)
  region size 1024K, 3 young (3072K), 3 survivors (3072K)
 Metaspace       used 74384K, capacity 76319K, committed 76464K, reserved 1116160K
  class space    used 9717K, capacity 10413K, committed 10496K, reserved 1048576K
}
Event: 168.809 GC heap before
{Heap before GC invocations=75 (full 0):
 garbage-first heap   total 181248K, used 136702K [0x00000000c0000000, 0x0000000100000000)
  region size 1024K, 34 young (34816K), 3 survivors (3072K)
 Metaspace       used 80939K, capacity 83139K, committed 83376K, reserved 1122304K
  class space    used 10662K, capacity 11416K, committed 11520K, reserved 1048576K
}
Event: 168.832 GC heap after
{Heap after GC invocations=76 (full 0):
 garbage-first heap   total 181248K, used 106954K [0x00000000c0000000, 0x0000000100000000)
  region size 1024K, 4 young (4096K), 4 survivors (4096K)
 Metaspace       used 80939K, capacity 83139K, committed 83376K, reserved 1122304K
  class space    used 10662K, capacity 11416K, committed 11520K, reserved 1048576K
}
Event: 174.175 GC heap before
{Heap before GC invocations=77 (full 0):
 garbage-first heap   total 184320K, used 139722K [0x00000000c0000000, 0x0000000100000000)
  region size 1024K, 37 young (37888K), 4 survivors (4096K)
 Metaspace       used 82257K, capacity 84496K, committed 84528K, reserved 1122304K
  class space    used 10836K, capacity 11623K, committed 11648K, reserved 1048576K
}
Event: 174.205 GC heap after
{Heap after GC invocations=78 (full 0):
 garbage-first heap   total 184320K, used 107786K [0x00000000c0000000, 0x0000000100000000)
  region size 1024K, 4 young (4096K), 4 survivors (4096K)
 Metaspace       used 82257K, capacity 84496K, committed 84528K, reserved 1122304K
  class space    used 10836K, capacity 11623K, committed 11648K, reserved 1048576K
}
Event: 174.748 GC heap before
{Heap before GC invocations=78 (full 0):
 garbage-first heap   total 184320K, used 112906K [0x00000000c0000000, 0x0000000100000000)
  region size 1024K, 9 young (9216K), 4 survivors (4096K)
 Metaspace       used 82260K, capacity 84496K, committed 84528K, reserved 1122304K
  class space    used 10836K, capacity 11623K, committed 11648K, reserved 1048576K
}
Event: 174.882 GC heap after
{Heap after GC invocations=79 (full 0):
 garbage-first heap   total 184320K, used 101456K [0x00000000c0000000, 0x0000000100000000)
  region size 1024K, 1 young (1024K), 1 survivors (1024K)
 Metaspace       used 82260K, capacity 84496K, committed 84528K, reserved 1122304K
  class space    used 10836K, capacity 11623K, committed 11648K, reserved 1048576K
}
Event: 181.399 GC heap before
{Heap before GC invocations=79 (full 0):
 garbage-first heap   total 184320K, used 102480K [0x00000000c0000000, 0x0000000100000000)
  region size 1024K, 3 young (3072K), 1 survivors (1024K)
 Metaspace       used 82271K, capacity 84499K, committed 84528K, reserved 1122304K
  class space    used 10836K, capacity 11624K, committed 11648K, reserved 1048576K
}
Event: 181.420 GC heap after
{Heap after GC invocations=80 (full 0):
 garbage-first heap   total 184320K, used 101520K [0x00000000c0000000, 0x0000000100000000)
  region size 1024K, 1 young (1024K), 1 survivors (1024K)
 Metaspace       used 82271K, capacity 84499K, committed 84528K, reserved 1122304K
  class space    used 10836K, capacity 11624K, committed 11648K, reserved 1048576K
}
Event: 183.462 GC heap before
{Heap before GC invocations=81 (full 0):
 garbage-first heap   total 188416K, used 171152K [0x00000000c0000000, 0x0000000100000000)
  region size 1024K, 39 young (39936K), 1 survivors (1024K)
 Metaspace       used 82523K, capacity 84766K, committed 85040K, reserved 1122304K
  class space    used 10856K, capacity 11627K, committed 11648K, reserved 1048576K
}
Event: 183.540 GC heap after
{Heap after GC invocations=82 (full 0):
 garbage-first heap   total 190464K, used 137459K [0x00000000c0000000, 0x0000000100000000)
  region size 1024K, 5 young (5120K), 5 survivors (5120K)
 Metaspace       used 82523K, capacity 84766K, committed 85040K, reserved 1122304K
  class space    used 10856K, capacity 11627K, committed 11648K, reserved 1048576K
}
Event: 183.592 GC heap before
{Heap before GC invocations=82 (full 0):
 garbage-first heap   total 190464K, used 141555K [0x00000000c0000000, 0x0000000100000000)
  region size 1024K, 9 young (9216K), 5 survivors (5120K)
 Metaspace       used 82523K, capacity 84766K, committed 85040K, reserved 1122304K
  class space    used 10856K, capacity 11627K, committed 11648K, reserved 1048576K
}
Event: 183.720 GC heap after
{Heap after GC invocations=83 (full 0):
 garbage-first heap   total 190464K, used 126464K [0x00000000c0000000, 0x0000000100000000)
  region size 1024K, 2 young (2048K), 2 survivors (2048K)
 Metaspace       used 82523K, capacity 84766K, committed 85040K, reserved 1122304K
  class space    used 10856K, capacity 11627K, committed 11648K, reserved 1048576K
}
Event: 183.732 GC heap before
{Heap before GC invocations=83 (full 0):
 garbage-first heap   total 190464K, used 126464K [0x00000000c0000000, 0x0000000100000000)
  region size 1024K, 3 young (3072K), 2 survivors (2048K)
 Metaspace       used 82523K, capacity 84766K, committed 85040K, reserved 1122304K
  class space    used 10856K, capacity 11627K, committed 11648K, reserved 1048576K
}
Event: 183.772 GC heap after
{Heap after GC invocations=84 (full 0):
 garbage-first heap   total 190464K, used 126318K [0x00000000c0000000, 0x0000000100000000)
  region size 1024K, 2 young (2048K), 2 survivors (2048K)
 Metaspace       used 82523K, capacity 84766K, committed 85040K, reserved 1122304K
  class space    used 10856K, capacity 11627K, committed 11648K, reserved 1048576K
}
Event: 185.926 GC heap before
{Heap before GC invocations=85 (full 0):
 garbage-first heap   total 214016K, used 145774K [0x00000000c0000000, 0x0000000100000000)
  region size 1024K, 21 young (21504K), 2 survivors (2048K)
 Metaspace       used 83312K, capacity 85591K, committed 85680K, reserved 1124352K
  class space    used 11000K, capacity 11771K, committed 11776K, reserved 1048576K
}
Event: 186.023 GC heap after
{Heap after GC invocations=86 (full 0):
 garbage-first heap   total 214016K, used 135988K [0x00000000c0000000, 0x0000000100000000)
  region size 1024K, 3 young (3072K), 3 survivors (3072K)
 Metaspace       used 83312K, capacity 85591K, committed 85680K, reserved 1124352K
  class space    used 11000K, capacity 11771K, committed 11776K, reserved 1048576K
}
Event: 187.025 GC heap before
{Heap before GC invocations=86 (full 0):
 garbage-first heap   total 214016K, used 160564K [0x00000000c0000000, 0x0000000100000000)
  region size 1024K, 28 young (28672K), 3 survivors (3072K)
 Metaspace       used 83339K, capacity 85591K, committed 85680K, reserved 1124352K
  class space    used 11000K, capacity 11771K, committed 11776K, reserved 1048576K
}
Event: 187.122 GC heap after
{Heap after GC invocations=87 (full 0):
 garbage-first heap   total 214016K, used 151040K [0x00000000c0000000, 0x0000000100000000)
  region size 1024K, 4 young (4096K), 4 survivors (4096K)
 Metaspace       used 83339K, capacity 85591K, committed 85680K, reserved 1124352K
  class space    used 11000K, capacity 11771K, committed 11776K, reserved 1048576K
}

