# JRE version: Java(TM) SE Runtime Environment (13.0.2+8) (build 13.0.2+8)
# Java VM: Java HotSpot(TM) 64-Bit Server VM (13.0.2+8, mixed mode, sharing, tiered, compressed oops, g1 gc, windows-amd64)
Heap:
 garbage-first heap   total 162816K, used 109077K [0x00000000c0000000, 0x0000000100000000)
  region size 1024K, 21 young (21504K), 4 survivors (4096K)
 Metaspace       used 81552K, capacity 83621K, committed 83712K, reserved 1122304K
  class space    used 10563K, capacity 11206K, committed 11264K, reserved 1048576K
GC Heap History (20 events):
Event: 107.543 GC heap before
{Heap before GC invocations=52 (full 0):
 garbage-first heap   total 124928K, used 95507K [0x00000000c0000000, 0x0000000100000000)
  region size 1024K, 26 young (26624K), 4 survivors (4096K)
 Metaspace       used 61493K, capacity 63236K, committed 63488K, reserved 1103872K
  class space    used 8314K, capacity 8869K, committed 8960K, reserved 1048576K
}
Event: 107.567 GC heap after
{Heap after GC invocations=53 (full 0):
 garbage-first heap   total 124928K, used 74900K [0x00000000c0000000, 0x0000000100000000)
  region size 1024K, 4 young (4096K), 4 survivors (4096K)
 Metaspace       used 61493K, capacity 63236K, committed 63488K, reserved 1103872K
  class space    used 8314K, capacity 8869K, committed 8960K, reserved 1048576K
}
Event: 108.786 GC heap before
{Heap before GC invocations=53 (full 0):
 garbage-first heap   total 124928K, used 99476K [0x00000000c0000000, 0x0000000100000000)
  region size 1024K, 28 young (28672K), 4 survivors (4096K)
 Metaspace       used 62917K, capacity 64747K, committed 65024K, reserved 1105920K
  class space    used 8507K, capacity 9093K, committed 9216K, reserved 1048576K
}
Event: 108.809 GC heap after
{Heap after GC invocations=54 (full 0):
 garbage-first heap   total 124928K, used 76652K [0x00000000c0000000, 0x0000000100000000)
  region size 1024K, 4 young (4096K), 4 survivors (4096K)
 Metaspace       used 62917K, capacity 64747K, committed 65024K, reserved 1105920K
  class space    used 8507K, capacity 9093K, committed 9216K, reserved 1048576K
}
Event: 110.770 GC heap before
{Heap before GC invocations=55 (full 0):
 garbage-first heap   total 132096K, used 99180K [0x00000000c0000000, 0x0000000100000000)
  region size 1024K, 27 young (27648K), 4 survivors (4096K)
 Metaspace       used 65846K, capacity 67625K, committed 67968K, reserved 1107968K
  class space    used 8891K, capacity 9477K, committed 9600K, reserved 1048576K
}
Event: 110.796 GC heap after
{Heap after GC invocations=56 (full 0):
 garbage-first heap   total 132096K, used 78718K [0x00000000c0000000, 0x0000000100000000)
  region size 1024K, 4 young (4096K), 4 survivors (4096K)
 Metaspace       used 65846K, capacity 67625K, committed 67968K, reserved 1107968K
  class space    used 8891K, capacity 9477K, committed 9600K, reserved 1048576K
}
Event: 115.970 GC heap before
{Heap before GC invocations=56 (full 0):
 garbage-first heap   total 132096K, used 105342K [0x00000000c0000000, 0x0000000100000000)
  region size 1024K, 30 young (30720K), 4 survivors (4096K)
 Metaspace       used 68863K, capacity 70708K, committed 70912K, reserved 1110016K
  class space    used 9341K, capacity 9920K, committed 9984K, reserved 1048576K
}
Event: 116.054 GC heap after
{Heap after GC invocations=57 (full 0):
 garbage-first heap   total 132096K, used 80494K [0x00000000c0000000, 0x0000000100000000)
  region size 1024K, 4 young (4096K), 4 survivors (4096K)
 Metaspace       used 68863K, capacity 70708K, committed 70912K, reserved 1110016K
  class space    used 9341K, capacity 9920K, committed 9984K, reserved 1048576K
}
Event: 129.459 GC heap before
{Heap before GC invocations=58 (full 0):
 garbage-first heap   total 137216K, used 107118K [0x00000000c0000000, 0x0000000100000000)
  region size 1024K, 30 young (30720K), 4 survivors (4096K)
 Metaspace       used 71294K, capacity 73220K, committed 73472K, reserved 1112064K
  class space    used 9631K, capacity 10235K, committed 10240K, reserved 1048576K
}
Event: 129.518 GC heap after
{Heap after GC invocations=59 (full 0):
 garbage-first heap   total 137216K, used 82944K [0x00000000c0000000, 0x0000000100000000)
  region size 1024K, 4 young (4096K), 4 survivors (4096K)
 Metaspace       used 71294K, capacity 73220K, committed 73472K, reserved 1112064K
  class space    used 9631K, capacity 10235K, committed 10240K, reserved 1048576K
}
Event: 139.775 GC heap before
{Heap before GC invocations=59 (full 0):
 garbage-first heap   total 137216K, used 109568K [0x00000000c0000000, 0x0000000100000000)
  region size 1024K, 31 young (31744K), 4 survivors (4096K)
 Metaspace       used 75893K, capacity 77909K, committed 77952K, reserved 1116160K
  class space    used 9998K, capacity 10624K, committed 10624K, reserved 1048576K
}
Event: 139.804 GC heap after
{Heap after GC invocations=60 (full 0):
 garbage-first heap   total 137216K, used 85171K [0x00000000c0000000, 0x0000000100000000)
  region size 1024K, 2 young (2048K), 2 survivors (2048K)
 Metaspace       used 75893K, capacity 77909K, committed 77952K, reserved 1116160K
  class space    used 9998K, capacity 10624K, committed 10624K, reserved 1048576K
}
Event: 372.177 GC heap before
{Heap before GC invocations=61 (full 0):
 garbage-first heap   total 145408K, used 110771K [0x00000000c0000000, 0x0000000100000000)
  region size 1024K, 28 young (28672K), 2 survivors (2048K)
 Metaspace       used 76401K, capacity 78459K, committed 78592K, reserved 1118208K
  class space    used 10011K, capacity 10643K, committed 10752K, reserved 1048576K
}
Event: 372.200 GC heap after
{Heap after GC invocations=62 (full 0):
 garbage-first heap   total 145408K, used 87565K [0x00000000c0000000, 0x0000000100000000)
  region size 1024K, 4 young (4096K), 4 survivors (4096K)
 Metaspace       used 76401K, capacity 78459K, committed 78592K, reserved 1118208K
  class space    used 10011K, capacity 10643K, committed 10752K, reserved 1048576K
}
Event: 424.254 GC heap before
{Heap before GC invocations=62 (full 0):
 garbage-first heap   total 145408K, used 115213K [0x00000000c0000000, 0x0000000100000000)
  region size 1024K, 32 young (32768K), 4 survivors (4096K)
 Metaspace       used 76872K, capacity 78960K, committed 79104K, reserved 1118208K
  class space    used 10018K, capacity 10651K, committed 10752K, reserved 1048576K
}
Event: 424.283 GC heap after
{Heap after GC invocations=63 (full 0):
 garbage-first heap   total 145408K, used 90422K [0x00000000c0000000, 0x0000000100000000)
  region size 1024K, 3 young (3072K), 3 survivors (3072K)
 Metaspace       used 76872K, capacity 78960K, committed 79104K, reserved 1118208K
  class space    used 10018K, capacity 10651K, committed 10752K, reserved 1048576K
}
Event: 1117.721 GC heap before
{Heap before GC invocations=64 (full 0):
 garbage-first heap   total 153600K, used 117046K [0x00000000c0000000, 0x0000000100000000)
  region size 1024K, 30 young (30720K), 3 survivors (3072K)
 Metaspace       used 77321K, capacity 79492K, committed 79616K, reserved 1118208K
  class space    used 10046K, capacity 10695K, committed 10752K, reserved 1048576K
}
Event: 1117.786 GC heap after
{Heap after GC invocations=65 (full 0):
 garbage-first heap   total 153600K, used 92017K [0x00000000c0000000, 0x0000000100000000)
  region size 1024K, 2 young (2048K), 2 survivors (2048K)
 Metaspace       used 77321K, capacity 79492K, committed 79616K, reserved 1118208K
  class space    used 10046K, capacity 10695K, committed 10752K, reserved 1048576K
}
Event: 1134.300 GC heap before
{Heap before GC invocations=65 (full 0):
 garbage-first heap   total 153600K, used 121713K [0x00000000c0000000, 0x0000000100000000)
  region size 1024K, 32 young (32768K), 2 survivors (2048K)
 Metaspace       used 80930K, capacity 83050K, committed 83328K, reserved 1122304K
  class space    used 10469K, capacity 11104K, committed 11136K, reserved 1048576K
}
Event: 1134.361 GC heap after
{Heap after GC invocations=66 (full 0):
 garbage-first heap   total 153600K, used 95765K [0x00000000c0000000, 0x0000000100000000)
  region size 1024K, 4 young (4096K), 4 survivors (4096K)
 Metaspace       used 80930K, capacity 83050K, committed 83328K, reserved 1122304K
  class space    used 10469K, capacity 11104K, committed 11136K, reserved 1048576K
}

