# JRE version: Java(TM) SE Runtime Environment (13.0.2+8) (build 13.0.2+8)
# Java VM: Java HotSpot(TM) 64-Bit Server VM (13.0.2+8, mixed mode, sharing, tiered, compressed oops, g1 gc, windows-amd64)
Heap:
 garbage-first heap   total 174080K, used 92637K [0x0000000080000000, 0x0000000100000000)
  region size 1024K, 18 young (18432K), 4 survivors (4096K)
 Metaspace       used 63871K, capacity 65773K, committed 65968K, reserved 1105920K
  class space    used 8552K, capacity 9194K, committed 9216K, reserved 1048576K
GC Heap History (20 events):
Event: 30.561 GC heap before
{Heap before GC invocations=31 (full 0):
 garbage-first heap   total 97280K, used 75113K [0x0000000080000000, 0x0000000100000000)
  region size 1024K, 22 young (22528K), 3 survivors (3072K)
 Metaspace       used 49573K, capacity 50853K, committed 50992K, reserved 1093632K
  class space    used 6539K, capacity 6955K, committed 7040K, reserved 1048576K
}
Event: 30.581 GC heap after
{Heap after GC invocations=32 (full 0):
 garbage-first heap   total 116736K, used 57622K [0x0000000080000000, 0x0000000100000000)
  region size 1024K, 3 young (3072K), 3 survivors (3072K)
 Metaspace       used 49573K, capacity 50853K, committed 50992K, reserved 1093632K
  class space    used 6539K, capacity 6955K, committed 7040K, reserved 1048576K
}
Event: 32.334 GC heap before
{Heap before GC invocations=33 (full 0):
 garbage-first heap   total 116736K, used 85270K [0x0000000080000000, 0x0000000100000000)
  region size 1024K, 30 young (30720K), 3 survivors (3072K)
 Metaspace       used 53321K, capacity 54647K, committed 54960K, reserved 1097728K
  class space    used 7127K, capacity 7602K, committed 7680K, reserved 1048576K
}
Event: 32.357 GC heap after
{Heap after GC invocations=34 (full 0):
 garbage-first heap   total 116736K, used 59667K [0x0000000080000000, 0x0000000100000000)
  region size 1024K, 4 young (4096K), 4 survivors (4096K)
 Metaspace       used 53321K, capacity 54647K, committed 54960K, reserved 1097728K
  class space    used 7127K, capacity 7602K, committed 7680K, reserved 1048576K
}
Event: 33.240 GC heap before
{Heap before GC invocations=34 (full 0):
 garbage-first heap   total 116736K, used 87315K [0x0000000080000000, 0x0000000100000000)
  region size 1024K, 31 young (31744K), 4 survivors (4096K)
 Metaspace       used 54444K, capacity 55859K, committed 56112K, reserved 1097728K
  class space    used 7291K, capacity 7748K, committed 7808K, reserved 1048576K
}
Event: 33.265 GC heap after
{Heap after GC invocations=35 (full 0):
 garbage-first heap   total 116736K, used 62596K [0x0000000080000000, 0x0000000100000000)
  region size 1024K, 4 young (4096K), 4 survivors (4096K)
 Metaspace       used 54444K, capacity 55859K, committed 56112K, reserved 1097728K
  class space    used 7291K, capacity 7748K, committed 7808K, reserved 1048576K
}
Event: 34.739 GC heap before
{Heap before GC invocations=36 (full 0):
 garbage-first heap   total 116736K, used 89220K [0x0000000080000000, 0x0000000100000000)
  region size 1024K, 30 young (30720K), 4 survivors (4096K)
 Metaspace       used 56916K, capacity 58387K, committed 58672K, reserved 1099776K
  class space    used 7708K, capacity 8220K, committed 8320K, reserved 1048576K
}
Event: 34.768 GC heap after
{Heap after GC invocations=37 (full 0):
 garbage-first heap   total 116736K, used 64295K [0x0000000080000000, 0x0000000100000000)
  region size 1024K, 2 young (2048K), 2 survivors (2048K)
 Metaspace       used 56916K, capacity 58387K, committed 58672K, reserved 1099776K
  class space    used 7708K, capacity 8220K, committed 8320K, reserved 1048576K
}
Event: 36.429 GC heap before
{Heap before GC invocations=37 (full 0):
 garbage-first heap   total 116736K, used 90919K [0x0000000080000000, 0x0000000100000000)
  region size 1024K, 28 young (28672K), 2 survivors (2048K)
 Metaspace       used 59247K, capacity 60857K, committed 60976K, reserved 1101824K
  class space    used 8029K, capacity 8558K, committed 8576K, reserved 1048576K
}
Event: 36.449 GC heap after
{Heap after GC invocations=38 (full 0):
 garbage-first heap   total 144384K, used 66328K [0x0000000080000000, 0x0000000100000000)
  region size 1024K, 4 young (4096K), 4 survivors (4096K)
 Metaspace       used 59247K, capacity 60857K, committed 60976K, reserved 1101824K
  class space    used 8029K, capacity 8558K, committed 8576K, reserved 1048576K
}
Event: 39.623 GC heap before
{Heap before GC invocations=39 (full 0):
 garbage-first heap   total 144384K, used 102168K [0x0000000080000000, 0x0000000100000000)
  region size 1024K, 39 young (39936K), 4 survivors (4096K)
 Metaspace       used 61415K, capacity 63124K, committed 63408K, reserved 1103872K
  class space    used 8299K, capacity 8873K, committed 8960K, reserved 1048576K
}
Event: 39.659 GC heap after
{Heap after GC invocations=40 (full 0):
 garbage-first heap   total 144384K, used 71054K [0x0000000080000000, 0x0000000100000000)
  region size 1024K, 5 young (5120K), 5 survivors (5120K)
 Metaspace       used 61415K, capacity 63124K, committed 63408K, reserved 1103872K
  class space    used 8299K, capacity 8873K, committed 8960K, reserved 1048576K
}
Event: 43.976 GC heap before
{Heap before GC invocations=40 (full 0):
 garbage-first heap   total 144384K, used 105870K [0x0000000080000000, 0x0000000100000000)
  region size 1024K, 40 young (40960K), 5 survivors (5120K)
 Metaspace       used 62116K, capacity 63849K, committed 63920K, reserved 1103872K
  class space    used 8352K, capacity 8960K, committed 8960K, reserved 1048576K
}
Event: 44.029 GC heap after
{Heap after GC invocations=41 (full 0):
 garbage-first heap   total 144384K, used 73767K [0x0000000080000000, 0x0000000100000000)
  region size 1024K, 3 young (3072K), 3 survivors (3072K)
 Metaspace       used 62116K, capacity 63849K, committed 63920K, reserved 1103872K
  class space    used 8352K, capacity 8960K, committed 8960K, reserved 1048576K
}
Event: 48.042 GC heap before
{Heap before GC invocations=42 (full 0):
 garbage-first heap   total 144384K, used 108583K [0x0000000080000000, 0x0000000100000000)
  region size 1024K, 38 young (38912K), 3 survivors (3072K)
 Metaspace       used 63003K, capacity 64738K, committed 64816K, reserved 1105920K
  class space    used 8434K, capacity 9017K, committed 9088K, reserved 1048576K
}
Event: 48.062 GC heap after
{Heap after GC invocations=43 (full 0):
 garbage-first heap   total 144384K, used 75346K [0x0000000080000000, 0x0000000100000000)
  region size 1024K, 4 young (4096K), 4 survivors (4096K)
 Metaspace       used 63003K, capacity 64738K, committed 64816K, reserved 1105920K
  class space    used 8434K, capacity 9017K, committed 9088K, reserved 1048576K
}
Event: 50.802 GC heap before
{Heap before GC invocations=43 (full 0):
 garbage-first heap   total 144384K, used 110162K [0x0000000080000000, 0x0000000100000000)
  region size 1024K, 39 young (39936K), 4 survivors (4096K)
 Metaspace       used 63226K, capacity 64945K, committed 65072K, reserved 1105920K
  class space    used 8452K, capacity 9059K, committed 9088K, reserved 1048576K
}
Event: 50.827 GC heap after
{Heap after GC invocations=44 (full 0):
 garbage-first heap   total 144384K, used 77232K [0x0000000080000000, 0x0000000100000000)
  region size 1024K, 4 young (4096K), 4 survivors (4096K)
 Metaspace       used 63226K, capacity 64945K, committed 65072K, reserved 1105920K
  class space    used 8452K, capacity 9059K, committed 9088K, reserved 1048576K
}
Event: 54.618 GC heap before
{Heap before GC invocations=45 (full 0):
 garbage-first heap   total 144384K, used 112048K [0x0000000080000000, 0x0000000100000000)
  region size 1024K, 39 young (39936K), 4 survivors (4096K)
 Metaspace       used 63854K, capacity 65709K, committed 65968K, reserved 1105920K
  class space    used 8551K, capacity 9194K, committed 9216K, reserved 1048576K
}
Event: 54.644 GC heap after
{Heap after GC invocations=46 (full 0):
 garbage-first heap   total 174080K, used 79325K [0x0000000080000000, 0x0000000100000000)
  region size 1024K, 4 young (4096K), 4 survivors (4096K)
 Metaspace       used 63854K, capacity 65709K, committed 65968K, reserved 1105920K
  class space    used 8551K, capacity 9194K, committed 9216K, reserved 1048576K
}

