# JRE version: Java(TM) SE Runtime Environment (13.0.2+8) (build 13.0.2+8)
# Java VM: Java HotSpot(TM) 64-Bit Server VM (13.0.2+8, mixed mode, sharing, tiered, compressed oops, g1 gc, windows-amd64)
Heap:
 garbage-first heap   total 188416K, used 109949K [0x00000000c0000000, 0x0000000100000000)
  region size 1024K, 7 young (7168K), 4 survivors (4096K)
 Metaspace       used 66660K, capacity 68574K, committed 68656K, reserved 1107968K
  class space    used 8954K, capacity 9589K, committed 9600K, reserved 1048576K
GC Heap History (20 events):
Event: 31.665 GC heap before
{Heap before GC invocations=42 (full 0):
 garbage-first heap   total 129024K, used 90664K [0x00000000c0000000, 0x0000000100000000)
  region size 1024K, 32 young (32768K), 2 survivors (2048K)
 Metaspace       used 54662K, capacity 56076K, committed 56240K, reserved 1097728K
  class space    used 7321K, capacity 7819K, committed 7936K, reserved 1048576K
}
Event: 31.686 GC heap after
{Heap after GC invocations=43 (full 0):
 garbage-first heap   total 129024K, used 63083K [0x00000000c0000000, 0x0000000100000000)
  region size 1024K, 4 young (4096K), 4 survivors (4096K)
 Metaspace       used 54662K, capacity 56076K, committed 56240K, reserved 1097728K
  class space    used 7321K, capacity 7819K, committed 7936K, reserved 1048576K
}
Event: 33.269 GC heap before
{Heap before GC invocations=44 (full 0):
 garbage-first heap   total 129024K, used 93803K [0x00000000c0000000, 0x0000000100000000)
  region size 1024K, 34 young (34816K), 4 survivors (4096K)
 Metaspace       used 57733K, capacity 59254K, committed 59568K, reserved 1099776K
  class space    used 7833K, capacity 8331K, committed 8448K, reserved 1048576K
}
Event: 33.297 GC heap after
{Heap after GC invocations=45 (full 0):
 garbage-first heap   total 129024K, used 64974K [0x00000000c0000000, 0x0000000100000000)
  region size 1024K, 2 young (2048K), 2 survivors (2048K)
 Metaspace       used 57733K, capacity 59254K, committed 59568K, reserved 1099776K
  class space    used 7833K, capacity 8331K, committed 8448K, reserved 1048576K
}
Event: 35.582 GC heap before
{Heap before GC invocations=45 (full 0):
 garbage-first heap   total 129024K, used 96718K [0x00000000c0000000, 0x0000000100000000)
  region size 1024K, 33 young (33792K), 2 survivors (2048K)
 Metaspace       used 60031K, capacity 61670K, committed 61872K, reserved 1101824K
  class space    used 8073K, capacity 8601K, committed 8704K, reserved 1048576K
}
Event: 35.606 GC heap after
{Heap after GC invocations=46 (full 0):
 garbage-first heap   total 129024K, used 67903K [0x00000000c0000000, 0x0000000100000000)
  region size 1024K, 5 young (5120K), 5 survivors (5120K)
 Metaspace       used 60031K, capacity 61670K, committed 61872K, reserved 1101824K
  class space    used 8073K, capacity 8601K, committed 8704K, reserved 1048576K
}
Event: 38.084 GC heap before
{Heap before GC invocations=47 (full 0):
 garbage-first heap   total 129024K, used 98623K [0x00000000c0000000, 0x0000000100000000)
  region size 1024K, 35 young (35840K), 5 survivors (5120K)
 Metaspace       used 61728K, capacity 63459K, committed 63664K, reserved 1103872K
  class space    used 8346K, capacity 8919K, committed 8960K, reserved 1048576K
}
Event: 38.122 GC heap after
{Heap after GC invocations=48 (full 0):
 garbage-first heap   total 155648K, used 71764K [0x00000000c0000000, 0x0000000100000000)
  region size 1024K, 4 young (4096K), 4 survivors (4096K)
 Metaspace       used 61728K, capacity 63459K, committed 63664K, reserved 1103872K
  class space    used 8346K, capacity 8919K, committed 8960K, reserved 1048576K
}
Event: 41.232 GC heap before
{Heap before GC invocations=48 (full 0):
 garbage-first heap   total 155648K, used 110676K [0x00000000c0000000, 0x0000000100000000)
  region size 1024K, 43 young (44032K), 4 survivors (4096K)
 Metaspace       used 62105K, capacity 63793K, committed 63920K, reserved 1103872K
  class space    used 8348K, capacity 8919K, committed 8960K, reserved 1048576K
}
Event: 41.255 GC heap after
{Heap after GC invocations=49 (full 0):
 garbage-first heap   total 155648K, used 74066K [0x00000000c0000000, 0x0000000100000000)
  region size 1024K, 3 young (3072K), 3 survivors (3072K)
 Metaspace       used 62105K, capacity 63793K, committed 63920K, reserved 1103872K
  class space    used 8348K, capacity 8919K, committed 8960K, reserved 1048576K
}
Event: 44.209 GC heap before
{Heap before GC invocations=49 (full 0):
 garbage-first heap   total 155648K, used 115026K [0x00000000c0000000, 0x0000000100000000)
  region size 1024K, 43 young (44032K), 3 survivors (3072K)
 Metaspace       used 63011K, capacity 64817K, committed 65072K, reserved 1105920K
  class space    used 8447K, capacity 9050K, committed 9088K, reserved 1048576K
}
Event: 44.229 GC heap after
{Heap after GC invocations=50 (full 0):
 garbage-first heap   total 155648K, used 76270K [0x00000000c0000000, 0x0000000100000000)
  region size 1024K, 5 young (5120K), 5 survivors (5120K)
 Metaspace       used 63011K, capacity 64817K, committed 65072K, reserved 1105920K
  class space    used 8447K, capacity 9050K, committed 9088K, reserved 1048576K
}
Event: 46.897 GC heap before
{Heap before GC invocations=51 (full 0):
 garbage-first heap   total 155648K, used 119278K [0x00000000c0000000, 0x0000000100000000)
  region size 1024K, 48 young (49152K), 5 survivors (5120K)
 Metaspace       used 63588K, capacity 65430K, committed 65712K, reserved 1105920K
  class space    used 8510K, capacity 9132K, committed 9216K, reserved 1048576K
}
Event: 46.926 GC heap after
{Heap after GC invocations=52 (full 0):
 garbage-first heap   total 155648K, used 78827K [0x00000000c0000000, 0x0000000100000000)
  region size 1024K, 5 young (5120K), 5 survivors (5120K)
 Metaspace       used 63588K, capacity 65430K, committed 65712K, reserved 1105920K
  class space    used 8510K, capacity 9132K, committed 9216K, reserved 1048576K
}
Event: 49.723 GC heap before
{Heap before GC invocations=52 (full 0):
 garbage-first heap   total 155648K, used 120811K [0x00000000c0000000, 0x0000000100000000)
  region size 1024K, 47 young (48128K), 5 survivors (5120K)
 Metaspace       used 63897K, capacity 65766K, committed 65968K, reserved 1105920K
  class space    used 8553K, capacity 9191K, committed 9216K, reserved 1048576K
}
Event: 49.750 GC heap after
{Heap after GC invocations=53 (full 0):
 garbage-first heap   total 155648K, used 80677K [0x00000000c0000000, 0x0000000100000000)
  region size 1024K, 5 young (5120K), 5 survivors (5120K)
 Metaspace       used 63897K, capacity 65766K, committed 65968K, reserved 1105920K
  class space    used 8553K, capacity 9191K, committed 9216K, reserved 1048576K
}
Event: 57.179 GC heap before
{Heap before GC invocations=54 (full 0):
 garbage-first heap   total 155648K, used 111397K [0x00000000c0000000, 0x0000000100000000)
  region size 1024K, 37 young (37888K), 5 survivors (5120K)
 Metaspace       used 64968K, capacity 66872K, committed 67120K, reserved 1107968K
  class space    used 8721K, capacity 9339K, committed 9344K, reserved 1048576K
}
Event: 57.219 GC heap after
{Heap after GC invocations=55 (full 0):
 garbage-first heap   total 155648K, used 82651K [0x00000000c0000000, 0x0000000100000000)
  region size 1024K, 4 young (4096K), 4 survivors (4096K)
 Metaspace       used 64968K, capacity 66872K, committed 67120K, reserved 1107968K
  class space    used 8721K, capacity 9339K, committed 9344K, reserved 1048576K
}
Event: 57.917 GC heap before
{Heap before GC invocations=56 (full 0):
 garbage-first heap   total 155648K, used 96987K [0x00000000c0000000, 0x0000000100000000)
  region size 1024K, 12 young (12288K), 4 survivors (4096K)
 Metaspace       used 66415K, capacity 68343K, committed 68400K, reserved 1107968K
  class space    used 8919K, capacity 9555K, committed 9600K, reserved 1048576K
}
Event: 57.935 GC heap after
{Heap after GC invocations=57 (full 0):
 garbage-first heap   total 155648K, used 92541K [0x00000000c0000000, 0x0000000100000000)
  region size 1024K, 4 young (4096K), 4 survivors (4096K)
 Metaspace       used 66415K, capacity 68343K, committed 68400K, reserved 1107968K
  class space    used 8919K, capacity 9555K, committed 9600K, reserved 1048576K
}

