# JRE version: Java(TM) SE Runtime Environment (13.0.2+8) (build 13.0.2+8)
# Java VM: Java HotSpot(TM) 64-Bit Server VM (13.0.2+8, mixed mode, sharing, tiered, compressed oops, g1 gc, windows-amd64)
Heap:
 garbage-first heap   total 76800K, used 18172K [0x00000000c0000000, 0x0000000100000000)
  region size 1024K, 5 young (5120K), 3 survivors (3072K)
 Metaspace       used 13544K, capacity 14019K, committed 14208K, reserved 1060864K
  class space    used 1873K, capacity 2055K, committed 2176K, reserved 1048576K
GC Heap History (12 events):
Event: 0.645 GC heap before
{Heap before GC invocations=0 (full 0):
 garbage-first heap   total 63488K, used 9216K [0x00000000c0000000, 0x0000000100000000)
  region size 1024K, 7 young (7168K), 0 survivors (0K)
 Metaspace       used 788K, capacity 4771K, committed 4864K, reserved 1056768K
  class space    used 72K, capacity 440K, committed 512K, reserved 1048576K
}
Event: 0.650 GC heap after
{Heap after GC invocations=1 (full 0):
 garbage-first heap   total 63488K, used 1339K [0x00000000c0000000, 0x0000000100000000)
  region size 1024K, 1 young (1024K), 1 survivors (1024K)
 Metaspace       used 788K, capacity 4771K, committed 4864K, reserved 1056768K
  class space    used 72K, capacity 440K, committed 512K, reserved 1048576K
}
Event: 2.623 GC heap before
{Heap before GC invocations=1 (full 0):
 garbage-first heap   total 63488K, used 40251K [0x00000000c0000000, 0x0000000100000000)
  region size 1024K, 37 young (37888K), 1 survivors (1024K)
 Metaspace       used 3952K, capacity 6587K, committed 6784K, reserved 1056768K
  class space    used 495K, capacity 770K, committed 896K, reserved 1048576K
}
Event: 2.645 GC heap after
{Heap after GC invocations=2 (full 0):
 garbage-first heap   total 63488K, used 10639K [0x00000000c0000000, 0x0000000100000000)
  region size 1024K, 5 young (5120K), 5 survivors (5120K)
 Metaspace       used 3952K, capacity 6587K, committed 6784K, reserved 1056768K
  class space    used 495K, capacity 770K, committed 896K, reserved 1048576K
}
Event: 2.862 GC heap before
{Heap before GC invocations=2 (full 0):
 garbage-first heap   total 63488K, used 16783K [0x00000000c0000000, 0x0000000100000000)
  region size 1024K, 11 young (11264K), 5 survivors (5120K)
 Metaspace       used 4006K, capacity 6587K, committed 6784K, reserved 1056768K
  class space    used 495K, capacity 770K, committed 896K, reserved 1048576K
}
Event: 2.875 GC heap after
{Heap after GC invocations=3 (full 0):
 garbage-first heap   total 63488K, used 12777K [0x00000000c0000000, 0x0000000100000000)
  region size 1024K, 2 young (2048K), 2 survivors (2048K)
 Metaspace       used 4006K, capacity 6587K, committed 6784K, reserved 1056768K
  class space    used 495K, capacity 770K, committed 896K, reserved 1048576K
}
Event: 4.129 GC heap before
{Heap before GC invocations=3 (full 0):
 garbage-first heap   total 63488K, used 29161K [0x00000000c0000000, 0x0000000100000000)
  region size 1024K, 18 young (18432K), 2 survivors (2048K)
 Metaspace       used 5019K, capacity 7426K, committed 7680K, reserved 1056768K
  class space    used 681K, capacity 943K, committed 1024K, reserved 1048576K
}
Event: 4.143 GC heap after
{Heap after GC invocations=4 (full 0):
 garbage-first heap   total 63488K, used 14787K [0x00000000c0000000, 0x0000000100000000)
  region size 1024K, 2 young (2048K), 2 survivors (2048K)
 Metaspace       used 5019K, capacity 7426K, committed 7680K, reserved 1056768K
  class space    used 681K, capacity 943K, committed 1024K, reserved 1048576K
}
Event: 10.874 GC heap before
{Heap before GC invocations=4 (full 0):
 garbage-first heap   total 63488K, used 34243K [0x00000000c0000000, 0x0000000100000000)
  region size 1024K, 21 young (21504K), 2 survivors (2048K)
 Metaspace       used 9698K, capacity 10136K, committed 10240K, reserved 1058816K
  class space    used 1378K, capacity 1522K, committed 1536K, reserved 1048576K
}
Event: 10.892 GC heap after
{Heap after GC invocations=5 (full 0):
 garbage-first heap   total 76800K, used 16416K [0x00000000c0000000, 0x0000000100000000)
  region size 1024K, 2 young (2048K), 2 survivors (2048K)
 Metaspace       used 9698K, capacity 10136K, committed 10240K, reserved 1058816K
  class space    used 1378K, capacity 1522K, committed 1536K, reserved 1048576K
}
Event: 12.885 GC heap before
{Heap before GC invocations=5 (full 0):
 garbage-first heap   total 76800K, used 39968K [0x00000000c0000000, 0x0000000100000000)
  region size 1024K, 26 young (26624K), 2 survivors (2048K)
 Metaspace       used 13122K, capacity 13495K, committed 13568K, reserved 1060864K
  class space    used 1825K, capacity 1983K, committed 2048K, reserved 1048576K
}
Event: 12.894 GC heap after
{Heap after GC invocations=6 (full 0):
 garbage-first heap   total 76800K, used 17148K [0x00000000c0000000, 0x0000000100000000)
  region size 1024K, 3 young (3072K), 3 survivors (3072K)
 Metaspace       used 13122K, capacity 13495K, committed 13568K, reserved 1060864K
  class space    used 1825K, capacity 1983K, committed 2048K, reserved 1048576K
}

