# JRE version: Java(TM) SE Runtime Environment (13.0.2+8) (build 13.0.2+8)
# Java VM: Java HotSpot(TM) 64-Bit Server VM (13.0.2+8, mixed mode, sharing, tiered, compressed oops, g1 gc, windows-amd64)
Heap:
 garbage-first heap   total 675840K, used 178176K [0x0000000080000000, 0x0000000100000000)
  region size 1024K, 2 young (2048K), 2 survivors (2048K)
 Metaspace       used 69618K, capacity 71522K, committed 71728K, reserved 1112064K
  class space    used 9419K, capacity 10058K, committed 10112K, reserved 1048576K
GC Heap History (20 events):
Event: 50.007 GC heap after
{Heap after GC invocations=48 (full 0):
 garbage-first heap   total 172032K, used 93022K [0x0000000080000000, 0x0000000100000000)
  region size 1024K, 4 young (4096K), 4 survivors (4096K)
 Metaspace       used 66335K, capacity 68202K, committed 68400K, reserved 1107968K
  class space    used 8912K, capacity 9553K, committed 9600K, reserved 1048576K
}
Event: 50.638 GC heap before
{Heap before GC invocations=49 (full 0):
 garbage-first heap   total 186368K, used 124766K [0x0000000080000000, 0x0000000100000000)
  region size 1024K, 21 young (21504K), 4 survivors (4096K)
 Metaspace       used 66598K, capacity 68433K, committed 68656K, reserved 1107968K
  class space    used 8947K, capacity 9587K, committed 9600K, reserved 1048576K
}
Event: 50.702 GC heap after
{Heap after GC invocations=50 (full 0):
 garbage-first heap   total 186368K, used 108485K [0x0000000080000000, 0x0000000100000000)
  region size 1024K, 6 young (6144K), 6 survivors (6144K)
 Metaspace       used 66598K, capacity 68433K, committed 68656K, reserved 1107968K
  class space    used 8947K, capacity 9587K, committed 9600K, reserved 1048576K
}
Event: 51.117 GC heap before
{Heap before GC invocations=51 (full 0):
 garbage-first heap   total 186368K, used 111557K [0x0000000080000000, 0x0000000100000000)
  region size 1024K, 9 young (9216K), 6 survivors (6144K)
 Metaspace       used 66598K, capacity 68433K, committed 68656K, reserved 1107968K
  class space    used 8947K, capacity 9587K, committed 9600K, reserved 1048576K
}
Event: 51.151 GC heap after
{Heap after GC invocations=52 (full 0):
 garbage-first heap   total 224256K, used 111405K [0x0000000080000000, 0x0000000100000000)
  region size 1024K, 2 young (2048K), 2 survivors (2048K)
 Metaspace       used 66598K, capacity 68433K, committed 68656K, reserved 1107968K
  class space    used 8947K, capacity 9587K, committed 9600K, reserved 1048576K
}
Event: 51.852 GC heap before
{Heap before GC invocations=53 (full 0):
 garbage-first heap   total 224256K, used 131885K [0x0000000080000000, 0x0000000100000000)
  region size 1024K, 22 young (22528K), 2 survivors (2048K)
 Metaspace       used 66649K, capacity 68498K, committed 68656K, reserved 1107968K
  class space    used 8949K, capacity 9587K, committed 9600K, reserved 1048576K
}
Event: 51.921 GC heap after
{Heap after GC invocations=54 (full 0):
 garbage-first heap   total 224256K, used 120624K [0x0000000080000000, 0x0000000100000000)
  region size 1024K, 5 young (5120K), 5 survivors (5120K)
 Metaspace       used 66649K, capacity 68498K, committed 68656K, reserved 1107968K
  class space    used 8949K, capacity 9587K, committed 9600K, reserved 1048576K
}
Event: 52.655 GC heap before
{Heap before GC invocations=55 (full 0):
 garbage-first heap   total 224256K, used 130864K [0x0000000080000000, 0x0000000100000000)
  region size 1024K, 14 young (14336K), 5 survivors (5120K)
 Metaspace       used 67418K, capacity 69222K, committed 69424K, reserved 1110016K
  class space    used 9125K, capacity 9766K, committed 9856K, reserved 1048576K
}
Event: 52.738 GC heap after
{Heap after GC invocations=56 (full 0):
 garbage-first heap   total 224256K, used 123904K [0x0000000080000000, 0x0000000100000000)
  region size 1024K, 2 young (2048K), 2 survivors (2048K)
 Metaspace       used 67418K, capacity 69222K, committed 69424K, reserved 1110016K
  class space    used 9125K, capacity 9766K, committed 9856K, reserved 1048576K
}
Event: 53.912 GC heap before
{Heap before GC invocations=56 (full 0):
 garbage-first heap   total 224256K, used 153600K [0x0000000080000000, 0x0000000100000000)
  region size 1024K, 32 young (32768K), 2 survivors (2048K)
 Metaspace       used 68222K, capacity 70062K, committed 70320K, reserved 1110016K
  class space    used 9244K, capacity 9871K, committed 9984K, reserved 1048576K
}
Event: 54.036 GC heap after
{Heap after GC invocations=57 (full 0):
 garbage-first heap   total 224256K, used 141568K [0x0000000080000000, 0x0000000100000000)
  region size 1024K, 4 young (4096K), 4 survivors (4096K)
 Metaspace       used 68222K, capacity 70062K, committed 70320K, reserved 1110016K
  class space    used 9244K, capacity 9871K, committed 9984K, reserved 1048576K
}
Event: 54.837 GC heap before
{Heap before GC invocations=58 (full 0):
 garbage-first heap   total 239616K, used 148736K [0x0000000080000000, 0x0000000100000000)
  region size 1024K, 11 young (11264K), 4 survivors (4096K)
 Metaspace       used 68223K, capacity 70062K, committed 70320K, reserved 1110016K
  class space    used 9244K, capacity 9871K, committed 9984K, reserved 1048576K
}
Event: 54.950 GC heap after
{Heap after GC invocations=59 (full 0):
 garbage-first heap   total 337920K, used 146176K [0x0000000080000000, 0x0000000100000000)
  region size 1024K, 2 young (2048K), 2 survivors (2048K)
 Metaspace       used 68223K, capacity 70062K, committed 70320K, reserved 1110016K
  class space    used 9244K, capacity 9871K, committed 9984K, reserved 1048576K
}
Event: 55.765 GC heap before
{Heap before GC invocations=59 (full 0):
 garbage-first heap   total 337920K, used 177920K [0x0000000080000000, 0x0000000100000000)
  region size 1024K, 31 young (31744K), 2 survivors (2048K)
 Metaspace       used 68256K, capacity 70126K, committed 70320K, reserved 1110016K
  class space    used 9244K, capacity 9871K, committed 9984K, reserved 1048576K
}
Event: 55.851 GC heap after
{Heap after GC invocations=60 (full 0):
 garbage-first heap   total 337920K, used 165888K [0x0000000080000000, 0x0000000100000000)
  region size 1024K, 4 young (4096K), 4 survivors (4096K)
 Metaspace       used 68256K, capacity 70126K, committed 70320K, reserved 1110016K
  class space    used 9244K, capacity 9871K, committed 9984K, reserved 1048576K
}
Event: 56.590 GC heap before
{Heap before GC invocations=60 (full 0):
 garbage-first heap   total 337920K, used 186368K [0x0000000080000000, 0x0000000100000000)
  region size 1024K, 25 young (25600K), 4 survivors (4096K)
 Metaspace       used 69321K, capacity 71161K, committed 71472K, reserved 1110016K
  class space    used 9394K, capacity 10045K, committed 10112K, reserved 1048576K
}
Event: 56.697 GC heap after
{Heap after GC invocations=61 (full 0):
 garbage-first heap   total 337920K, used 174592K [0x0000000080000000, 0x0000000100000000)
  region size 1024K, 4 young (4096K), 4 survivors (4096K)
 Metaspace       used 69321K, capacity 71161K, committed 71472K, reserved 1110016K
  class space    used 9394K, capacity 10045K, committed 10112K, reserved 1048576K
}
Event: 60.010 GC heap before
{Heap before GC invocations=62 (full 0):
 garbage-first heap   total 337920K, used 192000K [0x0000000080000000, 0x0000000100000000)
  region size 1024K, 32 young (32768K), 4 survivors (4096K)
 Metaspace       used 69617K, capacity 71522K, committed 71728K, reserved 1112064K
  class space    used 9419K, capacity 10058K, committed 10112K, reserved 1048576K
}
Event: 60.154 GC heap after
{Heap after GC invocations=63 (full 0):
 garbage-first heap   total 337920K, used 175104K [0x0000000080000000, 0x0000000100000000)
  region size 1024K, 5 young (5120K), 5 survivors (5120K)
 Metaspace       used 69617K, capacity 71522K, committed 71728K, reserved 1112064K
  class space    used 9419K, capacity 10058K, committed 10112K, reserved 1048576K
}
Event: 61.546 GC heap before
{Heap before GC invocations=64 (full 0):
 garbage-first heap   total 337920K, used 180224K [0x0000000080000000, 0x0000000100000000)
  region size 1024K, 10 young (10240K), 5 survivors (5120K)
 Metaspace       used 69618K, capacity 71522K, committed 71728K, reserved 1112064K
  class space    used 9419K, capacity 10058K, committed 10112K, reserved 1048576K
}

