# JRE version: Java(TM) SE Runtime Environment (13.0.2+8) (build 13.0.2+8)
# Java VM: Java HotSpot(TM) 64-Bit Server VM (13.0.2+8, mixed mode, sharing, tiered, compressed oops, g1 gc, windows-amd64)
Heap:
 garbage-first heap   total 92160K, used 66860K [0x00000000c0000000, 0x0000000100000000)
  region size 1024K, 19 young (19456K), 3 survivors (3072K)
 Metaspace       used 44923K, capacity 46054K, committed 46256K, reserved 1089536K
  class space    used 5999K, capacity 6381K, committed 6400K, reserved 1048576K
GC Heap History (20 events):
Event: 16.700 GC heap before
{Heap before GC invocations=11 (full 0):
 garbage-first heap   total 76800K, used 55698K [0x00000000c0000000, 0x0000000100000000)
  region size 1024K, 23 young (23552K), 3 survivors (3072K)
 Metaspace       used 28478K, capacity 29176K, committed 29488K, reserved 1075200K
  class space    used 3853K, capacity 4100K, committed 4224K, reserved 1048576K
}
Event: 16.715 GC heap after
{Heap after GC invocations=12 (full 0):
 garbage-first heap   total 76800K, used 33510K [0x00000000c0000000, 0x0000000100000000)
  region size 1024K, 2 young (2048K), 2 survivors (2048K)
 Metaspace       used 28478K, capacity 29176K, committed 29488K, reserved 1075200K
  class space    used 3853K, capacity 4100K, committed 4224K, reserved 1048576K
}
Event: 18.215 GC heap before
{Heap before GC invocations=12 (full 0):
 garbage-first heap   total 76800K, used 53990K [0x00000000c0000000, 0x0000000100000000)
  region size 1024K, 22 young (22528K), 2 survivors (2048K)
 Metaspace       used 30008K, capacity 30755K, committed 30896K, reserved 1075200K
  class space    used 4077K, capacity 4321K, committed 4352K, reserved 1048576K
}
Event: 18.226 GC heap after
{Heap after GC invocations=13 (full 0):
 garbage-first heap   total 76800K, used 34393K [0x00000000c0000000, 0x0000000100000000)
  region size 1024K, 3 young (3072K), 3 survivors (3072K)
 Metaspace       used 30008K, capacity 30755K, committed 30896K, reserved 1075200K
  class space    used 4077K, capacity 4321K, committed 4352K, reserved 1048576K
}
Event: 18.973 GC heap before
{Heap before GC invocations=13 (full 0):
 garbage-first heap   total 76800K, used 55897K [0x00000000c0000000, 0x0000000100000000)
  region size 1024K, 24 young (24576K), 3 survivors (3072K)
 Metaspace       used 31590K, capacity 32383K, committed 32432K, reserved 1077248K
  class space    used 4342K, capacity 4586K, committed 4608K, reserved 1048576K
}
Event: 18.987 GC heap after
{Heap after GC invocations=14 (full 0):
 garbage-first heap   total 76800K, used 35512K [0x00000000c0000000, 0x0000000100000000)
  region size 1024K, 3 young (3072K), 3 survivors (3072K)
 Metaspace       used 31590K, capacity 32383K, committed 32432K, reserved 1077248K
  class space    used 4342K, capacity 4586K, committed 4608K, reserved 1048576K
}
Event: 20.149 GC heap before
{Heap before GC invocations=14 (full 0):
 garbage-first heap   total 76800K, used 57016K [0x00000000c0000000, 0x0000000100000000)
  region size 1024K, 24 young (24576K), 3 survivors (3072K)
 Metaspace       used 33285K, capacity 34077K, committed 34224K, reserved 1079296K
  class space    used 4540K, capacity 4810K, committed 4864K, reserved 1048576K
}
Event: 20.163 GC heap after
{Heap after GC invocations=15 (full 0):
 garbage-first heap   total 76800K, used 36552K [0x00000000c0000000, 0x0000000100000000)
  region size 1024K, 2 young (2048K), 2 survivors (2048K)
 Metaspace       used 33285K, capacity 34077K, committed 34224K, reserved 1079296K
  class space    used 4540K, capacity 4810K, committed 4864K, reserved 1048576K
}
Event: 21.224 GC heap before
{Heap before GC invocations=15 (full 0):
 garbage-first heap   total 76800K, used 51912K [0x00000000c0000000, 0x0000000100000000)
  region size 1024K, 19 young (19456K), 2 survivors (2048K)
 Metaspace       used 34153K, capacity 35067K, committed 35120K, reserved 1079296K
  class space    used 4664K, capacity 4988K, committed 4992K, reserved 1048576K
}
Event: 21.239 GC heap after
{Heap after GC invocations=16 (full 0):
 garbage-first heap   total 76800K, used 38647K [0x00000000c0000000, 0x0000000100000000)
  region size 1024K, 3 young (3072K), 3 survivors (3072K)
 Metaspace       used 34153K, capacity 35067K, committed 35120K, reserved 1079296K
  class space    used 4664K, capacity 4988K, committed 4992K, reserved 1048576K
}
Event: 21.410 GC heap before
{Heap before GC invocations=17 (full 0):
 garbage-first heap   total 76800K, used 43767K [0x00000000c0000000, 0x0000000100000000)
  region size 1024K, 6 young (6144K), 3 survivors (3072K)
 Metaspace       used 34153K, capacity 35067K, committed 35120K, reserved 1079296K
  class space    used 4664K, capacity 4988K, committed 4992K, reserved 1048576K
}
Event: 21.421 GC heap after
{Heap after GC invocations=18 (full 0):
 garbage-first heap   total 92160K, used 43467K [0x00000000c0000000, 0x0000000100000000)
  region size 1024K, 2 young (2048K), 2 survivors (2048K)
 Metaspace       used 34153K, capacity 35067K, committed 35120K, reserved 1079296K
  class space    used 4664K, capacity 4988K, committed 4992K, reserved 1048576K
}
Event: 23.089 GC heap before
{Heap before GC invocations=19 (full 0):
 garbage-first heap   total 92160K, used 61899K [0x00000000c0000000, 0x0000000100000000)
  region size 1024K, 19 young (19456K), 2 survivors (2048K)
 Metaspace       used 35699K, capacity 36806K, committed 36912K, reserved 1081344K
  class space    used 4896K, capacity 5237K, committed 5248K, reserved 1048576K
}
Event: 23.108 GC heap after
{Heap after GC invocations=20 (full 0):
 garbage-first heap   total 92160K, used 48458K [0x00000000c0000000, 0x0000000100000000)
  region size 1024K, 3 young (3072K), 3 survivors (3072K)
 Metaspace       used 35699K, capacity 36806K, committed 36912K, reserved 1081344K
  class space    used 4896K, capacity 5237K, committed 5248K, reserved 1048576K
}
Event: 23.767 GC heap before
{Heap before GC invocations=20 (full 0):
 garbage-first heap   total 92160K, used 63818K [0x00000000c0000000, 0x0000000100000000)
  region size 1024K, 19 young (19456K), 3 survivors (3072K)
 Metaspace       used 39104K, capacity 40198K, committed 40368K, reserved 1083392K
  class space    used 5289K, capacity 5623K, committed 5632K, reserved 1048576K
}
Event: 23.775 GC heap after
{Heap after GC invocations=21 (full 0):
 garbage-first heap   total 92160K, used 49538K [0x00000000c0000000, 0x0000000100000000)
  region size 1024K, 1 young (1024K), 1 survivors (1024K)
 Metaspace       used 39104K, capacity 40198K, committed 40368K, reserved 1083392K
  class space    used 5289K, capacity 5623K, committed 5632K, reserved 1048576K
}
Event: 24.419 GC heap before
{Heap before GC invocations=22 (full 0):
 garbage-first heap   total 92160K, used 66946K [0x00000000c0000000, 0x0000000100000000)
  region size 1024K, 18 young (18432K), 1 survivors (1024K)
 Metaspace       used 41696K, capacity 42819K, committed 43056K, reserved 1087488K
  class space    used 5582K, capacity 5946K, committed 6016K, reserved 1048576K
}
Event: 24.429 GC heap after
{Heap after GC invocations=23 (full 0):
 garbage-first heap   total 92160K, used 50026K [0x00000000c0000000, 0x0000000100000000)
  region size 1024K, 2 young (2048K), 2 survivors (2048K)
 Metaspace       used 41696K, capacity 42819K, committed 43056K, reserved 1087488K
  class space    used 5582K, capacity 5946K, committed 6016K, reserved 1048576K
}
Event: 25.038 GC heap before
{Heap before GC invocations=23 (full 0):
 garbage-first heap   total 92160K, used 66410K [0x00000000c0000000, 0x0000000100000000)
  region size 1024K, 19 young (19456K), 2 survivors (2048K)
 Metaspace       used 43810K, capacity 44882K, committed 45104K, reserved 1087488K
  class space    used 5857K, capacity 6250K, committed 6272K, reserved 1048576K
}
Event: 25.050 GC heap after
{Heap after GC invocations=24 (full 0):
 garbage-first heap   total 92160K, used 52524K [0x00000000c0000000, 0x0000000100000000)
  region size 1024K, 3 young (3072K), 3 survivors (3072K)
 Metaspace       used 43810K, capacity 44882K, committed 45104K, reserved 1087488K
  class space    used 5857K, capacity 6250K, committed 6272K, reserved 1048576K
}

