# JRE version: Java(TM) SE Runtime Environment (13.0.2+8) (build 13.0.2+8)
# Java VM: Java HotSpot(TM) 64-Bit Server VM (13.0.2+8, mixed mode, sharing, tiered, compressed oops, g1 gc, windows-amd64)
Heap:
 garbage-first heap   total 78848K, used 36858K [0x00000000c0000000, 0x0000000100000000)
  region size 1024K, 2 young (2048K), 2 survivors (2048K)
 Metaspace       used 33778K, capacity 34711K, committed 34864K, reserved 1079296K
  class space    used 4627K, capacity 4936K, committed 4992K, reserved 1048576K
GC Heap History (20 events):
Event: 17.346 GC heap after
{Heap after GC invocations=9 (full 0):
 garbage-first heap   total 63488K, used 30303K [0x00000000c0000000, 0x0000000100000000)
  region size 1024K, 1 young (1024K), 1 survivors (1024K)
 Metaspace       used 20123K, capacity 20808K, committed 21120K, reserved 1067008K
  class space    used 2882K, capacity 3085K, committed 3200K, reserved 1048576K
}
Event: 17.557 GC heap before
{Heap before GC invocations=9 (full 0):
 garbage-first heap   total 63488K, used 33375K [0x00000000c0000000, 0x0000000100000000)
  region size 1024K, 5 young (5120K), 1 survivors (1024K)
 Metaspace       used 20566K, capacity 21175K, committed 21296K, reserved 1067008K
  class space    used 2969K, capacity 3186K, committed 3200K, reserved 1048576K
}
Event: 17.562 GC heap after
{Heap after GC invocations=10 (full 0):
 garbage-first heap   total 63488K, used 30359K [0x00000000c0000000, 0x0000000100000000)
  region size 1024K, 1 young (1024K), 1 survivors (1024K)
 Metaspace       used 20566K, capacity 21175K, committed 21296K, reserved 1067008K
  class space    used 2969K, capacity 3186K, committed 3200K, reserved 1048576K
}
Event: 18.751 GC heap before
{Heap before GC invocations=11 (full 0):
 garbage-first heap   total 63488K, used 44695K [0x00000000c0000000, 0x0000000100000000)
  region size 1024K, 16 young (16384K), 1 survivors (1024K)
 Metaspace       used 24893K, capacity 25542K, committed 25648K, reserved 1071104K
  class space    used 3451K, capacity 3703K, committed 3712K, reserved 1048576K
}
Event: 18.768 GC heap after
{Heap after GC invocations=12 (full 0):
 garbage-first heap   total 63488K, used 32133K [0x00000000c0000000, 0x0000000100000000)
  region size 1024K, 2 young (2048K), 2 survivors (2048K)
 Metaspace       used 24893K, capacity 25542K, committed 25648K, reserved 1071104K
  class space    used 3451K, capacity 3703K, committed 3712K, reserved 1048576K
}
Event: 19.793 GC heap before
{Heap before GC invocations=12 (full 0):
 garbage-first heap   total 63488K, used 40325K [0x00000000c0000000, 0x0000000100000000)
  region size 1024K, 12 young (12288K), 2 survivors (2048K)
 Metaspace       used 26271K, capacity 26983K, committed 27184K, reserved 1073152K
  class space    used 3634K, capacity 3903K, committed 3968K, reserved 1048576K
}
Event: 19.807 GC heap after
{Heap after GC invocations=13 (full 0):
 garbage-first heap   total 63488K, used 33514K [0x00000000c0000000, 0x0000000100000000)
  region size 1024K, 2 young (2048K), 2 survivors (2048K)
 Metaspace       used 26271K, capacity 26983K, committed 27184K, reserved 1073152K
  class space    used 3634K, capacity 3903K, committed 3968K, reserved 1048576K
}
Event: 19.885 GC heap before
{Heap before GC invocations=14 (full 0):
 garbage-first heap   total 63488K, used 34538K [0x00000000c0000000, 0x0000000100000000)
  region size 1024K, 3 young (3072K), 2 survivors (2048K)
 Metaspace       used 26271K, capacity 26983K, committed 27184K, reserved 1073152K
  class space    used 3634K, capacity 3903K, committed 3968K, reserved 1048576K
}
Event: 19.891 GC heap after
{Heap after GC invocations=15 (full 0):
 garbage-first heap   total 63488K, used 34205K [0x00000000c0000000, 0x0000000100000000)
  region size 1024K, 1 young (1024K), 1 survivors (1024K)
 Metaspace       used 26271K, capacity 26983K, committed 27184K, reserved 1073152K
  class space    used 3634K, capacity 3903K, committed 3968K, reserved 1048576K
}
Event: 20.780 GC heap before
{Heap before GC invocations=16 (full 0):
 garbage-first heap   total 65536K, used 47517K [0x00000000c0000000, 0x0000000100000000)
  region size 1024K, 13 young (13312K), 1 survivors (1024K)
 Metaspace       used 28118K, capacity 28816K, committed 29104K, reserved 1075200K
  class space    used 3797K, capacity 4065K, committed 4096K, reserved 1048576K
}
Event: 20.784 GC heap after
{Heap after GC invocations=17 (full 0):
 garbage-first heap   total 65536K, used 33808K [0x00000000c0000000, 0x0000000100000000)
  region size 1024K, 1 young (1024K), 1 survivors (1024K)
 Metaspace       used 28118K, capacity 28816K, committed 29104K, reserved 1075200K
  class space    used 3797K, capacity 4065K, committed 4096K, reserved 1048576K
}
Event: 21.619 GC heap before
{Heap before GC invocations=17 (full 0):
 garbage-first heap   total 65536K, used 48144K [0x00000000c0000000, 0x0000000100000000)
  region size 1024K, 15 young (15360K), 1 survivors (1024K)
 Metaspace       used 29590K, capacity 30302K, committed 30384K, reserved 1075200K
  class space    used 4036K, capacity 4277K, committed 4352K, reserved 1048576K
}
Event: 21.632 GC heap after
{Heap after GC invocations=18 (full 0):
 garbage-first heap   total 65536K, used 34396K [0x00000000c0000000, 0x0000000100000000)
  region size 1024K, 2 young (2048K), 2 survivors (2048K)
 Metaspace       used 29590K, capacity 30302K, committed 30384K, reserved 1075200K
  class space    used 4036K, capacity 4277K, committed 4352K, reserved 1048576K
}
Event: 22.311 GC heap before
{Heap before GC invocations=19 (full 0):
 garbage-first heap   total 65536K, used 48732K [0x00000000c0000000, 0x0000000100000000)
  region size 1024K, 16 young (16384K), 2 survivors (2048K)
 Metaspace       used 30353K, capacity 31212K, committed 31536K, reserved 1077248K
  class space    used 4131K, capacity 4388K, committed 4480K, reserved 1048576K
}
Event: 22.322 GC heap after
{Heap after GC invocations=20 (full 0):
 garbage-first heap   total 65536K, used 35344K [0x00000000c0000000, 0x0000000100000000)
  region size 1024K, 2 young (2048K), 2 survivors (2048K)
 Metaspace       used 30353K, capacity 31212K, committed 31536K, reserved 1077248K
  class space    used 4131K, capacity 4388K, committed 4480K, reserved 1048576K
}
Event: 22.867 GC heap before
{Heap before GC invocations=20 (full 0):
 garbage-first heap   total 65536K, used 50704K [0x00000000c0000000, 0x0000000100000000)
  region size 1024K, 17 young (17408K), 2 survivors (2048K)
 Metaspace       used 31448K, capacity 32248K, committed 32432K, reserved 1077248K
  class space    used 4311K, capacity 4582K, committed 4608K, reserved 1048576K
}
Event: 22.885 GC heap after
{Heap after GC invocations=21 (full 0):
 garbage-first heap   total 65536K, used 35963K [0x00000000c0000000, 0x0000000100000000)
  region size 1024K, 3 young (3072K), 3 survivors (3072K)
 Metaspace       used 31448K, capacity 32248K, committed 32432K, reserved 1077248K
  class space    used 4311K, capacity 4582K, committed 4608K, reserved 1048576K
}
Event: 23.560 GC heap before
{Heap before GC invocations=22 (full 0):
 garbage-first heap   total 65536K, used 51323K [0x00000000c0000000, 0x0000000100000000)
  region size 1024K, 18 young (18432K), 3 survivors (3072K)
 Metaspace       used 32765K, capacity 33644K, committed 33968K, reserved 1079296K
  class space    used 4495K, capacity 4772K, committed 4864K, reserved 1048576K
}
Event: 23.572 GC heap after
{Heap after GC invocations=23 (full 0):
 garbage-first heap   total 65536K, used 36290K [0x00000000c0000000, 0x0000000100000000)
  region size 1024K, 2 young (2048K), 2 survivors (2048K)
 Metaspace       used 32765K, capacity 33644K, committed 33968K, reserved 1079296K
  class space    used 4495K, capacity 4772K, committed 4864K, reserved 1048576K
}
Event: 24.371 GC heap before
{Heap before GC invocations=23 (full 0):
 garbage-first heap   total 65536K, used 51650K [0x00000000c0000000, 0x0000000100000000)
  region size 1024K, 17 young (17408K), 2 survivors (2048K)
 Metaspace       used 33778K, capacity 34711K, committed 34864K, reserved 1079296K
  class space    used 4627K, capacity 4936K, committed 4992K, reserved 1048576K
}

