# JRE version: Java(TM) SE Runtime Environment (13.0.2+8) (build 13.0.2+8)
# Java VM: Java HotSpot(TM) 64-Bit Server VM (13.0.2+8, mixed mode, sharing, tiered, compressed oops, g1 gc, windows-amd64)
Heap:
 garbage-first heap   total 317440K, used 159744K [0x00000000c0000000, 0x0000000100000000)
  region size 1024K, 3 young (3072K), 3 survivors (3072K)
 Metaspace       used 68285K, capacity 70194K, committed 70320K, reserved 1110016K
  class space    used 9242K, capacity 9871K, committed 9984K, reserved 1048576K
GC Heap History (20 events):
Event: 72.873 GC heap after
{Heap after GC invocations=66 (full 0):
 garbage-first heap   total 158720K, used 94050K [0x00000000c0000000, 0x0000000100000000)
  region size 1024K, 2 young (2048K), 2 survivors (2048K)
 Metaspace       used 64976K, capacity 66875K, committed 67120K, reserved 1107968K
  class space    used 8718K, capacity 9341K, committed 9344K, reserved 1048576K
}
Event: 73.915 GC heap before
{Heap before GC invocations=67 (full 0):
 garbage-first heap   total 163840K, used 102242K [0x00000000c0000000, 0x0000000100000000)
  region size 1024K, 10 young (10240K), 2 survivors (2048K)
 Metaspace       used 66370K, capacity 68276K, committed 68400K, reserved 1107968K
  class space    used 8911K, capacity 9555K, committed 9600K, reserved 1048576K
}
Event: 73.929 GC heap after
{Heap after GC invocations=68 (full 0):
 garbage-first heap   total 163840K, used 94762K [0x00000000c0000000, 0x0000000100000000)
  region size 1024K, 3 young (3072K), 3 survivors (3072K)
 Metaspace       used 66370K, capacity 68276K, committed 68400K, reserved 1107968K
  class space    used 8911K, capacity 9555K, committed 9600K, reserved 1048576K
}
Event: 74.869 GC heap before
{Heap before GC invocations=69 (full 0):
 garbage-first heap   total 193536K, used 128554K [0x00000000c0000000, 0x0000000100000000)
  region size 1024K, 20 young (20480K), 3 survivors (3072K)
 Metaspace       used 66656K, capacity 68571K, committed 68656K, reserved 1107968K
  class space    used 8946K, capacity 9589K, committed 9600K, reserved 1048576K
}
Event: 74.915 GC heap after
{Heap after GC invocations=70 (full 0):
 garbage-first heap   total 193536K, used 111422K [0x00000000c0000000, 0x0000000100000000)
  region size 1024K, 5 young (5120K), 5 survivors (5120K)
 Metaspace       used 66656K, capacity 68571K, committed 68656K, reserved 1107968K
  class space    used 8946K, capacity 9589K, committed 9600K, reserved 1048576K
}
Event: 75.420 GC heap before
{Heap before GC invocations=71 (full 0):
 garbage-first heap   total 193536K, used 115518K [0x00000000c0000000, 0x0000000100000000)
  region size 1024K, 9 young (9216K), 5 survivors (5120K)
 Metaspace       used 66656K, capacity 68571K, committed 68656K, reserved 1107968K
  class space    used 8946K, capacity 9589K, committed 9600K, reserved 1048576K
}
Event: 75.452 GC heap after
{Heap after GC invocations=72 (full 0):
 garbage-first heap   total 193536K, used 114493K [0x00000000c0000000, 0x0000000100000000)
  region size 1024K, 2 young (2048K), 2 survivors (2048K)
 Metaspace       used 66656K, capacity 68571K, committed 68656K, reserved 1107968K
  class space    used 8946K, capacity 9589K, committed 9600K, reserved 1048576K
}
Event: 75.913 GC heap before
{Heap before GC invocations=73 (full 0):
 garbage-first heap   total 193536K, used 115517K [0x00000000c0000000, 0x0000000100000000)
  region size 1024K, 3 young (3072K), 2 survivors (2048K)
 Metaspace       used 66656K, capacity 68571K, committed 68656K, reserved 1107968K
  class space    used 8946K, capacity 9589K, committed 9600K, reserved 1048576K
}
Event: 75.931 GC heap after
{Heap after GC invocations=74 (full 0):
 garbage-first heap   total 193536K, used 115334K [0x00000000c0000000, 0x0000000100000000)
  region size 1024K, 1 young (1024K), 1 survivors (1024K)
 Metaspace       used 66656K, capacity 68571K, committed 68656K, reserved 1107968K
  class space    used 8946K, capacity 9589K, committed 9600K, reserved 1048576K
}
Event: 76.534 GC heap before
{Heap before GC invocations=75 (full 0):
 garbage-first heap   total 193536K, used 124550K [0x00000000c0000000, 0x0000000100000000)
  region size 1024K, 9 young (9216K), 1 survivors (1024K)
 Metaspace       used 66667K, capacity 68572K, committed 68656K, reserved 1107968K
  class space    used 8946K, capacity 9589K, committed 9600K, reserved 1048576K
}
Event: 76.553 GC heap after
{Heap after GC invocations=76 (full 0):
 garbage-first heap   total 193536K, used 118366K [0x00000000c0000000, 0x0000000100000000)
  region size 1024K, 2 young (2048K), 2 survivors (2048K)
 Metaspace       used 66667K, capacity 68572K, committed 68656K, reserved 1107968K
  class space    used 8946K, capacity 9589K, committed 9600K, reserved 1048576K
}
Event: 76.726 GC heap before
{Heap before GC invocations=76 (full 0):
 garbage-first heap   total 193536K, used 128606K [0x00000000c0000000, 0x0000000100000000)
  region size 1024K, 13 young (13312K), 2 survivors (2048K)
 Metaspace       used 66688K, capacity 68636K, committed 68656K, reserved 1107968K
  class space    used 8947K, capacity 9589K, committed 9600K, reserved 1048576K
}
Event: 76.778 GC heap after
{Heap after GC invocations=77 (full 0):
 garbage-first heap   total 193536K, used 124883K [0x00000000c0000000, 0x0000000100000000)
  region size 1024K, 2 young (2048K), 2 survivors (2048K)
 Metaspace       used 66688K, capacity 68636K, committed 68656K, reserved 1107968K
  class space    used 8947K, capacity 9589K, committed 9600K, reserved 1048576K
}
Event: 77.505 GC heap before
{Heap before GC invocations=78 (full 0):
 garbage-first heap   total 225280K, used 136147K [0x00000000c0000000, 0x0000000100000000)
  region size 1024K, 13 young (13312K), 2 survivors (2048K)
 Metaspace       used 67606K, capacity 69514K, committed 69680K, reserved 1110016K
  class space    used 9170K, capacity 9798K, committed 9856K, reserved 1048576K
}
Event: 77.578 GC heap after
{Heap after GC invocations=79 (full 0):
 garbage-first heap   total 225280K, used 129394K [0x00000000c0000000, 0x0000000100000000)
  region size 1024K, 2 young (2048K), 2 survivors (2048K)
 Metaspace       used 67606K, capacity 69514K, committed 69680K, reserved 1110016K
  class space    used 9170K, capacity 9798K, committed 9856K, reserved 1048576K
}
Event: 78.417 GC heap before
{Heap before GC invocations=79 (full 0):
 garbage-first heap   total 225280K, used 144754K [0x00000000c0000000, 0x0000000100000000)
  region size 1024K, 17 young (17408K), 2 survivors (2048K)
 Metaspace       used 68218K, capacity 70130K, committed 70320K, reserved 1110016K
  class space    used 9242K, capacity 9871K, committed 9984K, reserved 1048576K
}
Event: 78.492 GC heap after
{Heap after GC invocations=80 (full 0):
 garbage-first heap   total 225280K, used 138562K [0x00000000c0000000, 0x0000000100000000)
  region size 1024K, 3 young (3072K), 3 survivors (3072K)
 Metaspace       used 68218K, capacity 70130K, committed 70320K, reserved 1110016K
  class space    used 9242K, capacity 9871K, committed 9984K, reserved 1048576K
}
Event: 80.904 GC heap before
{Heap before GC invocations=81 (full 0):
 garbage-first heap   total 234496K, used 152898K [0x00000000c0000000, 0x0000000100000000)
  region size 1024K, 18 young (18432K), 3 survivors (3072K)
 Metaspace       used 68280K, capacity 70194K, committed 70320K, reserved 1110016K
  class space    used 9242K, capacity 9871K, committed 9984K, reserved 1048576K
}
Event: 80.963 GC heap after
{Heap after GC invocations=82 (full 0):
 garbage-first heap   total 234496K, used 147968K [0x00000000c0000000, 0x0000000100000000)
  region size 1024K, 3 young (3072K), 3 survivors (3072K)
 Metaspace       used 68280K, capacity 70194K, committed 70320K, reserved 1110016K
  class space    used 9242K, capacity 9871K, committed 9984K, reserved 1048576K
}
Event: 82.289 GC heap before
{Heap before GC invocations=82 (full 0):
 garbage-first heap   total 234496K, used 166400K [0x00000000c0000000, 0x0000000100000000)
  region size 1024K, 22 young (22528K), 3 survivors (3072K)
 Metaspace       used 68285K, capacity 70194K, committed 70320K, reserved 1110016K
  class space    used 9242K, capacity 9871K, committed 9984K, reserved 1048576K
}

