# JRE version: Java(TM) SE Runtime Environment (13.0.2+8) (build 13.0.2+8)
# Java VM: Java HotSpot(TM) 64-Bit Server VM (13.0.2+8, mixed mode, sharing, tiered, compressed oops, g1 gc, windows-amd64)
Heap:
 garbage-first heap   total 304128K, used 180736K [0x00000000c0000000, 0x0000000100000000)
  region size 1024K, 10 young (10240K), 7 survivors (7168K)
 Metaspace       used 110310K, capacity 113343K, committed 114304K, reserved 1148928K
  class space    used 13676K, capacity 14697K, committed 14976K, reserved 1048576K
GC Heap History (20 events):
Event: 816.354 GC heap before
{Heap before GC invocations=102 (full 0):
 garbage-first heap   total 225280K, used 190000K [0x00000000c0000000, 0x0000000100000000)
  region size 1024K, 53 young (54272K), 7 survivors (7168K)
 Metaspace       used 109783K, capacity 113111K, committed 113408K, reserved 1148928K
  class space    used 13643K, capacity 14731K, committed 14848K, reserved 1048576K
}
Event: 816.382 GC heap after
{Heap after GC invocations=103 (full 0):
 garbage-first heap   total 225280K, used 142035K [0x00000000c0000000, 0x0000000100000000)
  region size 1024K, 4 young (4096K), 4 survivors (4096K)
 Metaspace       used 109783K, capacity 113111K, committed 113408K, reserved 1148928K
  class space    used 13643K, capacity 14731K, committed 14848K, reserved 1048576K
}
Event: 818.342 GC heap before
{Heap before GC invocations=104 (full 0):
 garbage-first heap   total 268288K, used 203475K [0x00000000c0000000, 0x0000000100000000)
  region size 1024K, 45 young (46080K), 4 survivors (4096K)
 Metaspace       used 109852K, capacity 113110K, committed 113408K, reserved 1148928K
  class space    used 13647K, capacity 14730K, committed 14848K, reserved 1048576K
}
Event: 818.583 GC heap after
{Heap after GC invocations=105 (full 0):
 garbage-first heap   total 268288K, used 169685K [0x00000000c0000000, 0x0000000100000000)
  region size 1024K, 6 young (6144K), 6 survivors (6144K)
 Metaspace       used 109852K, capacity 113110K, committed 113408K, reserved 1148928K
  class space    used 13647K, capacity 14730K, committed 14848K, reserved 1048576K
}
Event: 919.726 GC heap before
{Heap before GC invocations=105 (full 0):
 garbage-first heap   total 268288K, used 175829K [0x00000000c0000000, 0x0000000100000000)
  region size 1024K, 13 young (13312K), 6 survivors (6144K)
 Metaspace       used 109880K, capacity 113178K, committed 113408K, reserved 1148928K
  class space    used 13649K, capacity 14731K, committed 14848K, reserved 1048576K
}
Event: 919.833 GC heap after
{Heap after GC invocations=106 (full 0):
 garbage-first heap   total 268288K, used 156442K [0x00000000c0000000, 0x0000000100000000)
  region size 1024K, 2 young (2048K), 2 survivors (2048K)
 Metaspace       used 109880K, capacity 113178K, committed 113408K, reserved 1148928K
  class space    used 13649K, capacity 14731K, committed 14848K, reserved 1048576K
}
Event: 959.703 GC heap before
{Heap before GC invocations=106 (full 0):
 garbage-first heap   total 268288K, used 203546K [0x00000000c0000000, 0x0000000100000000)
  region size 1024K, 49 young (50176K), 2 survivors (2048K)
 Metaspace       used 110055K, capacity 113387K, committed 113664K, reserved 1148928K
  class space    used 13660K, capacity 14749K, committed 14848K, reserved 1048576K
}
Event: 959.752 GC heap after
{Heap after GC invocations=107 (full 0):
 garbage-first heap   total 268288K, used 162816K [0x00000000c0000000, 0x0000000100000000)
  region size 1024K, 7 young (7168K), 7 survivors (7168K)
 Metaspace       used 110055K, capacity 113387K, committed 113664K, reserved 1148928K
  class space    used 13660K, capacity 14749K, committed 14848K, reserved 1048576K
}
Event: 963.946 GC heap before
{Heap before GC invocations=107 (full 0):
 garbage-first heap   total 268288K, used 211968K [0x00000000c0000000, 0x0000000100000000)
  region size 1024K, 55 young (56320K), 7 survivors (7168K)
 Metaspace       used 110078K, capacity 113414K, committed 113664K, reserved 1148928K
  class space    used 13663K, capacity 14755K, committed 14848K, reserved 1048576K
}
Event: 963.981 GC heap after
{Heap after GC invocations=108 (full 0):
 garbage-first heap   total 268288K, used 164595K [0x00000000c0000000, 0x0000000100000000)
  region size 1024K, 2 young (2048K), 2 survivors (2048K)
 Metaspace       used 110078K, capacity 113414K, committed 113664K, reserved 1148928K
  class space    used 13663K, capacity 14755K, committed 14848K, reserved 1048576K
}
Event: 966.794 GC heap before
{Heap before GC invocations=108 (full 0):
 garbage-first heap   total 268288K, used 213747K [0x00000000c0000000, 0x0000000100000000)
  region size 1024K, 51 young (52224K), 2 survivors (2048K)
 Metaspace       used 110172K, capacity 113544K, committed 113664K, reserved 1148928K
  class space    used 13674K, capacity 14775K, committed 14848K, reserved 1048576K
}
Event: 966.809 GC heap after
{Heap after GC invocations=109 (full 0):
 garbage-first heap   total 268288K, used 164967K [0x00000000c0000000, 0x0000000100000000)
  region size 1024K, 2 young (2048K), 2 survivors (2048K)
 Metaspace       used 110172K, capacity 113544K, committed 113664K, reserved 1148928K
  class space    used 13674K, capacity 14775K, committed 14848K, reserved 1048576K
}
Event: 968.191 GC heap before
{Heap before GC invocations=110 (full 0):
 garbage-first heap   total 268288K, used 211047K [0x00000000c0000000, 0x0000000100000000)
  region size 1024K, 53 young (54272K), 2 survivors (2048K)
 Metaspace       used 109617K, capacity 112564K, committed 113664K, reserved 1148928K
  class space    used 13555K, capacity 14546K, committed 14848K, reserved 1048576K
}
Event: 968.363 GC heap after
{Heap after GC invocations=111 (full 0):
 garbage-first heap   total 268288K, used 167060K [0x00000000c0000000, 0x0000000100000000)
  region size 1024K, 7 young (7168K), 7 survivors (7168K)
 Metaspace       used 109617K, capacity 112564K, committed 113664K, reserved 1148928K
  class space    used 13555K, capacity 14546K, committed 14848K, reserved 1048576K
}
Event: 968.454 GC heap before
{Heap before GC invocations=111 (full 0):
 garbage-first heap   total 268288K, used 173204K [0x00000000c0000000, 0x0000000100000000)
  region size 1024K, 13 young (13312K), 7 survivors (7168K)
 Metaspace       used 109617K, capacity 112564K, committed 113664K, reserved 1148928K
  class space    used 13555K, capacity 14546K, committed 14848K, reserved 1048576K
}
Event: 968.595 GC heap after
{Heap after GC invocations=112 (full 0):
 garbage-first heap   total 268288K, used 148480K [0x00000000c0000000, 0x0000000100000000)
  region size 1024K, 2 young (2048K), 2 survivors (2048K)
 Metaspace       used 109617K, capacity 112564K, committed 113664K, reserved 1148928K
  class space    used 13555K, capacity 14546K, committed 14848K, reserved 1048576K
}
Event: 969.423 GC heap before
{Heap before GC invocations=112 (full 0):
 garbage-first heap   total 268288K, used 159744K [0x00000000c0000000, 0x0000000100000000)
  region size 1024K, 13 young (13312K), 2 survivors (2048K)
 Metaspace       used 110267K, capacity 113343K, committed 114304K, reserved 1148928K
  class space    used 13676K, capacity 14697K, committed 14976K, reserved 1048576K
}
Event: 969.539 GC heap after
{Heap after GC invocations=113 (full 0):
 garbage-first heap   total 268288K, used 150016K [0x00000000c0000000, 0x0000000100000000)
  region size 1024K, 2 young (2048K), 2 survivors (2048K)
 Metaspace       used 110267K, capacity 113343K, committed 114304K, reserved 1148928K
  class space    used 13676K, capacity 14697K, committed 14976K, reserved 1048576K
}
Event: 970.382 GC heap before
{Heap before GC invocations=113 (full 0):
 garbage-first heap   total 268288K, used 194048K [0x00000000c0000000, 0x0000000100000000)
  region size 1024K, 47 young (48128K), 2 survivors (2048K)
 Metaspace       used 110307K, capacity 113343K, committed 114304K, reserved 1148928K
  class space    used 13676K, capacity 14697K, committed 14976K, reserved 1048576K
}
Event: 970.534 GC heap after
{Heap after GC invocations=114 (full 0):
 garbage-first heap   total 268288K, used 176640K [0x00000000c0000000, 0x0000000100000000)
  region size 1024K, 7 young (7168K), 7 survivors (7168K)
 Metaspace       used 110307K, capacity 113343K, committed 114304K, reserved 1148928K
  class space    used 13676K, capacity 14697K, committed 14976K, reserved 1048576K
}

