# JRE version: Java(TM) SE Runtime Environment (13.0.2+8) (build 13.0.2+8)
# Java VM: Java HotSpot(TM) 64-Bit Server VM (13.0.2+8, mixed mode, sharing, tiered, compressed oops, g1 gc, windows-amd64)
Heap:
 garbage-first heap   total 331776K, used 232240K [0x00000000c0000000, 0x0000000100000000)
  region size 1024K, 41 young (41984K), 2 survivors (2048K)
 Metaspace       used 85066K, capacity 87017K, committed 88960K, reserved 1126400K
  class space    used 10793K, capacity 11445K, committed 11904K, reserved 1048576K
GC Heap History (20 events):
Event: 1496.293 GC heap before
{Heap before GC invocations=179 (full 0):
 garbage-first heap   total 290816K, used 248832K [0x00000000c0000000, 0x0000000100000000)
  region size 1024K, 20 young (20480K), 4 survivors (4096K)
 Metaspace       used 86029K, capacity 88614K, committed 88960K, reserved 1126400K
  class space    used 10993K, capacity 11801K, committed 11904K, reserved 1048576K
}
Event: 1496.305 GC heap after
{Heap after GC invocations=180 (full 0):
 garbage-first heap   total 290816K, used 238080K [0x00000000c0000000, 0x0000000100000000)
  region size 1024K, 3 young (3072K), 3 survivors (3072K)
 Metaspace       used 86029K, capacity 88614K, committed 88960K, reserved 1126400K
  class space    used 10993K, capacity 11801K, committed 11904K, reserved 1048576K
}
Event: 1496.469 GC heap before
{Heap before GC invocations=180 (full 0):
 garbage-first heap   total 290816K, used 250368K [0x00000000c0000000, 0x0000000100000000)
  region size 1024K, 15 young (15360K), 3 survivors (3072K)
 Metaspace       used 86030K, capacity 88614K, committed 88960K, reserved 1126400K
  class space    used 10993K, capacity 11801K, committed 11904K, reserved 1048576K
}
Event: 1496.477 GC heap after
{Heap after GC invocations=181 (full 0):
 garbage-first heap   total 290816K, used 239616K [0x00000000c0000000, 0x0000000100000000)
  region size 1024K, 2 young (2048K), 2 survivors (2048K)
 Metaspace       used 86030K, capacity 88614K, committed 88960K, reserved 1126400K
  class space    used 10993K, capacity 11801K, committed 11904K, reserved 1048576K
}
Event: 1496.632 GC heap before
{Heap before GC invocations=181 (full 0):
 garbage-first heap   total 290816K, used 250880K [0x00000000c0000000, 0x0000000100000000)
  region size 1024K, 14 young (14336K), 2 survivors (2048K)
 Metaspace       used 86042K, capacity 88626K, committed 88960K, reserved 1126400K
  class space    used 10994K, capacity 11803K, committed 11904K, reserved 1048576K
}
Event: 1496.644 GC heap after
{Heap after GC invocations=182 (full 0):
 garbage-first heap   total 290816K, used 241664K [0x00000000c0000000, 0x0000000100000000)
  region size 1024K, 2 young (2048K), 2 survivors (2048K)
 Metaspace       used 86042K, capacity 88626K, committed 88960K, reserved 1126400K
  class space    used 10994K, capacity 11803K, committed 11904K, reserved 1048576K
}
Event: 1496.777 GC heap before
{Heap before GC invocations=182 (full 0):
 garbage-first heap   total 290816K, used 253952K [0x00000000c0000000, 0x0000000100000000)
  region size 1024K, 14 young (14336K), 2 survivors (2048K)
 Metaspace       used 86042K, capacity 88626K, committed 88960K, reserved 1126400K
  class space    used 10994K, capacity 11803K, committed 11904K, reserved 1048576K
}
Event: 1496.791 GC heap after
{Heap after GC invocations=183 (full 0):
 garbage-first heap   total 290816K, used 243669K [0x00000000c0000000, 0x0000000100000000)
  region size 1024K, 2 young (2048K), 2 survivors (2048K)
 Metaspace       used 86042K, capacity 88626K, committed 88960K, reserved 1126400K
  class space    used 10994K, capacity 11803K, committed 11904K, reserved 1048576K
}
Event: 1497.016 GC heap before
{Heap before GC invocations=183 (full 0):
 garbage-first heap   total 290816K, used 254933K [0x00000000c0000000, 0x0000000100000000)
  region size 1024K, 15 young (15360K), 2 survivors (2048K)
 Metaspace       used 86043K, capacity 88626K, committed 88960K, reserved 1126400K
  class space    used 10994K, capacity 11803K, committed 11904K, reserved 1048576K
}
Event: 1497.025 GC heap after
{Heap after GC invocations=184 (full 0):
 garbage-first heap   total 290816K, used 246127K [0x00000000c0000000, 0x0000000100000000)
  region size 1024K, 2 young (2048K), 2 survivors (2048K)
 Metaspace       used 86043K, capacity 88626K, committed 88960K, reserved 1126400K
  class space    used 10994K, capacity 11803K, committed 11904K, reserved 1048576K
}
Event: 1497.151 GC heap before
{Heap before GC invocations=184 (full 0):
 garbage-first heap   total 290816K, used 257391K [0x00000000c0000000, 0x0000000100000000)
  region size 1024K, 14 young (14336K), 2 survivors (2048K)
 Metaspace       used 86043K, capacity 88626K, committed 88960K, reserved 1126400K
  class space    used 10994K, capacity 11803K, committed 11904K, reserved 1048576K
}
Event: 1497.158 GC heap after
{Heap after GC invocations=185 (full 0):
 garbage-first heap   total 290816K, used 249496K [0x00000000c0000000, 0x0000000100000000)
  region size 1024K, 2 young (2048K), 2 survivors (2048K)
 Metaspace       used 86043K, capacity 88626K, committed 88960K, reserved 1126400K
  class space    used 10994K, capacity 11803K, committed 11904K, reserved 1048576K
}
Event: 1497.239 GC heap before
{Heap before GC invocations=185 (full 0):
 garbage-first heap   total 290816K, used 260760K [0x00000000c0000000, 0x0000000100000000)
  region size 1024K, 14 young (14336K), 2 survivors (2048K)
 Metaspace       used 86043K, capacity 88626K, committed 88960K, reserved 1126400K
  class space    used 10994K, capacity 11803K, committed 11904K, reserved 1048576K
}
Event: 1497.247 GC heap after
{Heap after GC invocations=186 (full 0):
 garbage-first heap   total 290816K, used 253952K [0x00000000c0000000, 0x0000000100000000)
  region size 1024K, 2 young (2048K), 2 survivors (2048K)
 Metaspace       used 86043K, capacity 88626K, committed 88960K, reserved 1126400K
  class space    used 10994K, capacity 11803K, committed 11904K, reserved 1048576K
}
Event: 1497.350 GC heap before
{Heap before GC invocations=186 (full 0):
 garbage-first heap   total 290816K, used 266240K [0x00000000c0000000, 0x0000000100000000)
  region size 1024K, 14 young (14336K), 2 survivors (2048K)
 Metaspace       used 86043K, capacity 88626K, committed 88960K, reserved 1126400K
  class space    used 10994K, capacity 11803K, committed 11904K, reserved 1048576K
}
Event: 1497.368 GC heap after
{Heap after GC invocations=187 (full 0):
 garbage-first heap   total 290816K, used 258785K [0x00000000c0000000, 0x0000000100000000)
  region size 1024K, 2 young (2048K), 2 survivors (2048K)
 Metaspace       used 86043K, capacity 88626K, committed 88960K, reserved 1126400K
  class space    used 10994K, capacity 11803K, committed 11904K, reserved 1048576K
}
Event: 1497.677 GC heap before
{Heap before GC invocations=187 (full 0):
 garbage-first heap   total 290816K, used 271073K [0x00000000c0000000, 0x0000000100000000)
  region size 1024K, 14 young (14336K), 2 survivors (2048K)
 Metaspace       used 86071K, capacity 88630K, committed 88960K, reserved 1126400K
  class space    used 10997K, capacity 11803K, committed 11904K, reserved 1048576K
}
Event: 1497.694 GC heap after
{Heap after GC invocations=188 (full 0):
 garbage-first heap   total 290816K, used 261542K [0x00000000c0000000, 0x0000000100000000)
  region size 1024K, 2 young (2048K), 2 survivors (2048K)
 Metaspace       used 86071K, capacity 88630K, committed 88960K, reserved 1126400K
  class space    used 10997K, capacity 11803K, committed 11904K, reserved 1048576K
}
Event: 1499.045 GC heap before
{Heap before GC invocations=188 (full 0):
 garbage-first heap   total 331776K, used 205222K [0x00000000c0000000, 0x0000000100000000)
  region size 1024K, 16 young (16384K), 2 survivors (2048K)
 Metaspace       used 85052K, capacity 87017K, committed 88960K, reserved 1126400K
  class space    used 10791K, capacity 11445K, committed 11904K, reserved 1048576K
}
Event: 1499.067 GC heap after
{Heap after GC invocations=189 (full 0):
 garbage-first heap   total 331776K, used 194352K [0x00000000c0000000, 0x0000000100000000)
  region size 1024K, 2 young (2048K), 2 survivors (2048K)
 Metaspace       used 85052K, capacity 87017K, committed 88960K, reserved 1126400K
  class space    used 10791K, capacity 11445K, committed 11904K, reserved 1048576K
}

