# JRE version: Java(TM) SE Runtime Environment (13.0.2+8) (build 13.0.2+8)
# Java VM: Java HotSpot(TM) 64-Bit Server VM (13.0.2+8, mixed mode, sharing, tiered, compressed oops, g1 gc, windows-amd64)
Heap:
 garbage-first heap   total 444416K, used 283956K [0x00000000c0000000, 0x0000000100000000)
  region size 1024K, 92 young (94208K), 5 survivors (5120K)
 Metaspace       used 129271K, capacity 133686K, committed 133936K, reserved 1165312K
  class space    used 15727K, capacity 17149K, committed 17280K, reserved 1048576K
GC Heap History (20 events):
Event: 7978.656 GC heap before
{Heap before GC invocations=311 (full 0):
 garbage-first heap   total 365568K, used 279533K [0x00000000c0000000, 0x0000000100000000)
  region size 1024K, 82 young (83968K), 10 survivors (10240K)
 Metaspace       used 129224K, capacity 133680K, committed 133936K, reserved 1165312K
  class space    used 15726K, capacity 17148K, committed 17280K, reserved 1048576K
}
Event: 7978.666 GC heap after
{Heap after GC invocations=312 (full 0):
 garbage-first heap   total 365568K, used 205820K [0x00000000c0000000, 0x0000000100000000)
  region size 1024K, 6 young (6144K), 6 survivors (6144K)
 Metaspace       used 129224K, capacity 133680K, committed 133936K, reserved 1165312K
  class space    used 15726K, capacity 17148K, committed 17280K, reserved 1048576K
}
Event: 7979.350 GC heap before
{Heap before GC invocations=312 (full 0):
 garbage-first heap   total 365568K, used 291836K [0x00000000c0000000, 0x0000000100000000)
  region size 1024K, 90 young (92160K), 6 survivors (6144K)
 Metaspace       used 129259K, capacity 133680K, committed 133936K, reserved 1165312K
  class space    used 15726K, capacity 17148K, committed 17280K, reserved 1048576K
}
Event: 7979.357 GC heap after
{Heap after GC invocations=313 (full 0):
 garbage-first heap   total 365568K, used 206332K [0x00000000c0000000, 0x0000000100000000)
  region size 1024K, 6 young (6144K), 6 survivors (6144K)
 Metaspace       used 129259K, capacity 133680K, committed 133936K, reserved 1165312K
  class space    used 15726K, capacity 17148K, committed 17280K, reserved 1048576K
}
Event: 7980.563 GC heap before
{Heap before GC invocations=314 (full 0):
 garbage-first heap   total 398336K, used 293372K [0x00000000c0000000, 0x0000000100000000)
  region size 1024K, 92 young (94208K), 6 survivors (6144K)
 Metaspace       used 129259K, capacity 133680K, committed 133936K, reserved 1165312K
  class space    used 15726K, capacity 17148K, committed 17280K, reserved 1048576K
}
Event: 7980.571 GC heap after
{Heap after GC invocations=315 (full 0):
 garbage-first heap   total 398336K, used 206332K [0x00000000c0000000, 0x0000000100000000)
  region size 1024K, 6 young (6144K), 6 survivors (6144K)
 Metaspace       used 129259K, capacity 133680K, committed 133936K, reserved 1165312K
  class space    used 15726K, capacity 17148K, committed 17280K, reserved 1048576K
}
Event: 7981.047 GC heap before
{Heap before GC invocations=315 (full 0):
 garbage-first heap   total 398336K, used 314876K [0x00000000c0000000, 0x0000000100000000)
  region size 1024K, 112 young (114688K), 6 survivors (6144K)
 Metaspace       used 129267K, capacity 133680K, committed 133936K, reserved 1165312K
  class space    used 15726K, capacity 17148K, committed 17280K, reserved 1048576K
}
Event: 7981.054 GC heap after
{Heap after GC invocations=316 (full 0):
 garbage-first heap   total 398336K, used 205820K [0x00000000c0000000, 0x0000000100000000)
  region size 1024K, 6 young (6144K), 6 survivors (6144K)
 Metaspace       used 129267K, capacity 133680K, committed 133936K, reserved 1165312K
  class space    used 15726K, capacity 17148K, committed 17280K, reserved 1048576K
}
Event: 7981.997 GC heap before
{Heap before GC invocations=317 (full 0):
 garbage-first heap   total 398336K, used 302076K [0x00000000c0000000, 0x0000000100000000)
  region size 1024K, 109 young (111616K), 6 survivors (6144K)
 Metaspace       used 129267K, capacity 133680K, committed 133936K, reserved 1165312K
  class space    used 15726K, capacity 17148K, committed 17280K, reserved 1048576K
}
Event: 7982.005 GC heap after
{Heap after GC invocations=318 (full 0):
 garbage-first heap   total 398336K, used 195580K [0x00000000c0000000, 0x0000000100000000)
  region size 1024K, 5 young (5120K), 5 survivors (5120K)
 Metaspace       used 129267K, capacity 133680K, committed 133936K, reserved 1165312K
  class space    used 15726K, capacity 17148K, committed 17280K, reserved 1048576K
}
Event: 7982.545 GC heap before
{Heap before GC invocations=318 (full 0):
 garbage-first heap   total 398336K, used 314364K [0x00000000c0000000, 0x0000000100000000)
  region size 1024K, 121 young (123904K), 5 survivors (5120K)
 Metaspace       used 129267K, capacity 133680K, committed 133936K, reserved 1165312K
  class space    used 15726K, capacity 17148K, committed 17280K, reserved 1048576K
}
Event: 7982.550 GC heap after
{Heap after GC invocations=319 (full 0):
 garbage-first heap   total 398336K, used 195505K [0x00000000c0000000, 0x0000000100000000)
  region size 1024K, 5 young (5120K), 5 survivors (5120K)
 Metaspace       used 129267K, capacity 133680K, committed 133936K, reserved 1165312K
  class space    used 15726K, capacity 17148K, committed 17280K, reserved 1048576K
}
Event: 7983.691 GC heap before
{Heap before GC invocations=320 (full 0):
 garbage-first heap   total 398336K, used 315313K [0x00000000c0000000, 0x0000000100000000)
  region size 1024K, 122 young (124928K), 5 survivors (5120K)
 Metaspace       used 129267K, capacity 133680K, committed 133936K, reserved 1165312K
  class space    used 15726K, capacity 17148K, committed 17280K, reserved 1048576K
}
Event: 7983.710 GC heap after
{Heap after GC invocations=321 (full 0):
 garbage-first heap   total 398336K, used 195887K [0x00000000c0000000, 0x0000000100000000)
  region size 1024K, 5 young (5120K), 5 survivors (5120K)
 Metaspace       used 129267K, capacity 133680K, committed 133936K, reserved 1165312K
  class space    used 15726K, capacity 17148K, committed 17280K, reserved 1048576K
}
Event: 7984.278 GC heap before
{Heap before GC invocations=321 (full 0):
 garbage-first heap   total 398336K, used 322863K [0x00000000c0000000, 0x0000000100000000)
  region size 1024K, 130 young (133120K), 5 survivors (5120K)
 Metaspace       used 129267K, capacity 133680K, committed 133936K, reserved 1165312K
  class space    used 15726K, capacity 17148K, committed 17280K, reserved 1048576K
}
Event: 7984.286 GC heap after
{Heap after GC invocations=322 (full 0):
 garbage-first heap   total 398336K, used 195891K [0x00000000c0000000, 0x0000000100000000)
  region size 1024K, 5 young (5120K), 5 survivors (5120K)
 Metaspace       used 129267K, capacity 133680K, committed 133936K, reserved 1165312K
  class space    used 15726K, capacity 17148K, committed 17280K, reserved 1048576K
}
Event: 7984.959 GC heap before
{Heap before GC invocations=323 (full 0):
 garbage-first heap   total 398336K, used 327987K [0x00000000c0000000, 0x0000000100000000)
  region size 1024K, 134 young (137216K), 5 survivors (5120K)
 Metaspace       used 129267K, capacity 133680K, committed 133936K, reserved 1165312K
  class space    used 15726K, capacity 17148K, committed 17280K, reserved 1048576K
}
Event: 7984.967 GC heap after
{Heap after GC invocations=324 (full 0):
 garbage-first heap   total 398336K, used 195490K [0x00000000c0000000, 0x0000000100000000)
  region size 1024K, 5 young (5120K), 5 survivors (5120K)
 Metaspace       used 129267K, capacity 133680K, committed 133936K, reserved 1165312K
  class space    used 15726K, capacity 17148K, committed 17280K, reserved 1048576K
}
Event: 7985.250 GC heap before
{Heap before GC invocations=324 (full 0):
 garbage-first heap   total 398336K, used 329634K [0x00000000c0000000, 0x0000000100000000)
  region size 1024K, 137 young (140288K), 5 survivors (5120K)
 Metaspace       used 129271K, capacity 133686K, committed 133936K, reserved 1165312K
  class space    used 15727K, capacity 17149K, committed 17280K, reserved 1048576K
}
Event: 7985.258 GC heap after
{Heap after GC invocations=325 (full 0):
 garbage-first heap   total 398336K, used 195892K [0x00000000c0000000, 0x0000000100000000)
  region size 1024K, 5 young (5120K), 5 survivors (5120K)
 Metaspace       used 129271K, capacity 133686K, committed 133936K, reserved 1165312K
  class space    used 15727K, capacity 17149K, committed 17280K, reserved 1048576K
}

