# JRE version: Java(TM) SE Runtime Environment (13.0.2+8) (build 13.0.2+8)
# Java VM: Java HotSpot(TM) 64-Bit Server VM (13.0.2+8, mixed mode, sharing, tiered, compressed oops, g1 gc, windows-amd64)
Heap:
 garbage-first heap   total 517120K, used 176581K [0x0000000080000000, 0x0000000100000000)
  region size 1024K, 2 young (2048K), 2 survivors (2048K)
 Metaspace       used 73745K, capacity 75804K, committed 76112K, reserved 1116160K
  class space    used 9700K, capacity 10399K, committed 10496K, reserved 1048576K
GC Heap History (20 events):
Event: 72.354 GC heap after
{Heap after GC invocations=50 (full 0):
 garbage-first heap   total 140288K, used 83672K [0x0000000080000000, 0x0000000100000000)
  region size 1024K, 3 young (3072K), 3 survivors (3072K)
 Metaspace       used 68294K, capacity 70154K, committed 70352K, reserved 1110016K
  class space    used 8859K, capacity 9484K, committed 9600K, reserved 1048576K
}
Event: 73.633 GC heap before
{Heap before GC invocations=51 (full 0):
 garbage-first heap   total 145408K, used 104152K [0x0000000080000000, 0x0000000100000000)
  region size 1024K, 25 young (25600K), 3 survivors (3072K)
 Metaspace       used 69326K, capacity 71231K, committed 71504K, reserved 1112064K
  class space    used 9022K, capacity 9665K, committed 9728K, reserved 1048576K
}
Event: 73.654 GC heap after
{Heap after GC invocations=52 (full 0):
 garbage-first heap   total 145408K, used 84795K [0x0000000080000000, 0x0000000100000000)
  region size 1024K, 3 young (3072K), 3 survivors (3072K)
 Metaspace       used 69326K, capacity 71231K, committed 71504K, reserved 1112064K
  class space    used 9022K, capacity 9665K, committed 9728K, reserved 1048576K
}
Event: 74.207 GC heap before
{Heap before GC invocations=53 (full 0):
 garbage-first heap   total 162816K, used 99131K [0x0000000080000000, 0x0000000100000000)
  region size 1024K, 11 young (11264K), 3 survivors (3072K)
 Metaspace       used 70759K, capacity 72763K, committed 73040K, reserved 1112064K
  class space    used 9218K, capacity 9880K, committed 9984K, reserved 1048576K
}
Event: 74.229 GC heap after
{Heap after GC invocations=54 (full 0):
 garbage-first heap   total 195584K, used 94497K [0x0000000080000000, 0x0000000100000000)
  region size 1024K, 3 young (3072K), 3 survivors (3072K)
 Metaspace       used 70759K, capacity 72763K, committed 73040K, reserved 1112064K
  class space    used 9218K, capacity 9880K, committed 9984K, reserved 1048576K
}
Event: 74.989 GC heap before
{Heap before GC invocations=55 (full 0):
 garbage-first heap   total 195584K, used 125217K [0x0000000080000000, 0x0000000100000000)
  region size 1024K, 19 young (19456K), 3 survivors (3072K)
 Metaspace       used 71031K, capacity 72994K, committed 73296K, reserved 1112064K
  class space    used 9253K, capacity 9914K, committed 9984K, reserved 1048576K
}
Event: 75.036 GC heap after
{Heap after GC invocations=56 (full 0):
 garbage-first heap   total 195584K, used 109821K [0x0000000080000000, 0x0000000100000000)
  region size 1024K, 7 young (7168K), 7 survivors (7168K)
 Metaspace       used 71031K, capacity 72994K, committed 73296K, reserved 1112064K
  class space    used 9253K, capacity 9914K, committed 9984K, reserved 1048576K
}
Event: 75.980 GC heap before
{Heap before GC invocations=57 (full 0):
 garbage-first heap   total 195584K, used 113917K [0x0000000080000000, 0x0000000100000000)
  region size 1024K, 10 young (10240K), 7 survivors (7168K)
 Metaspace       used 71031K, capacity 72994K, committed 73296K, reserved 1112064K
  class space    used 9253K, capacity 9914K, committed 9984K, reserved 1048576K
}
Event: 76.031 GC heap after
{Heap after GC invocations=58 (full 0):
 garbage-first heap   total 195584K, used 112995K [0x0000000080000000, 0x0000000100000000)
  region size 1024K, 2 young (2048K), 2 survivors (2048K)
 Metaspace       used 71031K, capacity 72994K, committed 73296K, reserved 1112064K
  class space    used 9253K, capacity 9914K, committed 9984K, reserved 1048576K
}
Event: 77.144 GC heap before
{Heap before GC invocations=59 (full 0):
 garbage-first heap   total 199680K, used 131427K [0x0000000080000000, 0x0000000100000000)
  region size 1024K, 21 young (21504K), 2 survivors (2048K)
 Metaspace       used 71074K, capacity 72995K, committed 73296K, reserved 1112064K
  class space    used 9255K, capacity 9914K, committed 9984K, reserved 1048576K
}
Event: 77.227 GC heap after
{Heap after GC invocations=60 (full 0):
 garbage-first heap   total 199680K, used 121978K [0x0000000080000000, 0x0000000100000000)
  region size 1024K, 4 young (4096K), 4 survivors (4096K)
 Metaspace       used 71074K, capacity 72995K, committed 73296K, reserved 1112064K
  class space    used 9255K, capacity 9914K, committed 9984K, reserved 1048576K
}
Event: 78.474 GC heap before
{Heap before GC invocations=61 (full 0):
 garbage-first heap   total 208896K, used 135290K [0x0000000080000000, 0x0000000100000000)
  region size 1024K, 17 young (17408K), 4 survivors (4096K)
 Metaspace       used 72502K, capacity 74515K, committed 74576K, reserved 1114112K
  class space    used 9549K, capacity 10227K, committed 10240K, reserved 1048576K
}
Event: 78.557 GC heap after
{Heap after GC invocations=62 (full 0):
 garbage-first heap   total 270336K, used 127610K [0x0000000080000000, 0x0000000100000000)
  region size 1024K, 3 young (3072K), 3 survivors (3072K)
 Metaspace       used 72502K, capacity 74515K, committed 74576K, reserved 1114112K
  class space    used 9549K, capacity 10227K, committed 10240K, reserved 1048576K
}
Event: 79.381 GC heap before
{Heap before GC invocations=62 (full 0):
 garbage-first heap   total 270336K, used 156282K [0x0000000080000000, 0x0000000100000000)
  region size 1024K, 32 young (32768K), 3 survivors (3072K)
 Metaspace       used 72619K, capacity 74583K, committed 74832K, reserved 1114112K
  class space    used 9550K, capacity 10227K, committed 10240K, reserved 1048576K
}
Event: 79.470 GC heap after
{Heap after GC invocations=63 (full 0):
 garbage-first heap   total 270336K, used 145011K [0x0000000080000000, 0x0000000100000000)
  region size 1024K, 4 young (4096K), 4 survivors (4096K)
 Metaspace       used 72619K, capacity 74583K, committed 74832K, reserved 1114112K
  class space    used 9550K, capacity 10227K, committed 10240K, reserved 1048576K
}
Event: 80.756 GC heap before
{Heap before GC invocations=64 (full 0):
 garbage-first heap   total 270336K, used 165491K [0x0000000080000000, 0x0000000100000000)
  region size 1024K, 26 young (26624K), 4 survivors (4096K)
 Metaspace       used 72669K, capacity 74647K, committed 74832K, reserved 1114112K
  class space    used 9550K, capacity 10227K, committed 10240K, reserved 1048576K
}
Event: 80.869 GC heap after
{Heap after GC invocations=65 (full 0):
 garbage-first heap   total 270336K, used 158330K [0x0000000080000000, 0x0000000100000000)
  region size 1024K, 5 young (5120K), 5 survivors (5120K)
 Metaspace       used 72669K, capacity 74647K, committed 74832K, reserved 1114112K
  class space    used 9550K, capacity 10227K, committed 10240K, reserved 1048576K
}
Event: 83.238 GC heap before
{Heap before GC invocations=66 (full 0):
 garbage-first heap   total 271360K, used 188026K [0x0000000080000000, 0x0000000100000000)
  region size 1024K, 32 young (32768K), 5 survivors (5120K)
 Metaspace       used 73709K, capacity 75737K, committed 75856K, reserved 1114112K
  class space    used 9696K, capacity 10398K, committed 10496K, reserved 1048576K
}
Event: 83.380 GC heap after
{Heap after GC invocations=67 (full 0):
 garbage-first heap   total 271360K, used 174202K [0x0000000080000000, 0x0000000100000000)
  region size 1024K, 4 young (4096K), 4 survivors (4096K)
 Metaspace       used 73709K, capacity 75737K, committed 75856K, reserved 1114112K
  class space    used 9696K, capacity 10398K, committed 10496K, reserved 1048576K
}
Event: 83.854 GC heap before
{Heap before GC invocations=67 (full 0):
 garbage-first heap   total 271360K, used 178298K [0x0000000080000000, 0x0000000100000000)
  region size 1024K, 9 young (9216K), 4 survivors (4096K)
 Metaspace       used 73745K, capacity 75804K, committed 76112K, reserved 1116160K
  class space    used 9700K, capacity 10399K, committed 10496K, reserved 1048576K
}

