# JRE version: Java(TM) SE Runtime Environment (13.0.2+8) (build 13.0.2+8)
# Java VM: Java HotSpot(TM) 64-Bit Server VM (13.0.2+8, mixed mode, sharing, tiered, compressed oops, g1 gc, windows-amd64)
Heap:
 garbage-first heap   total 317440K, used 168448K [0x0000000080000000, 0x0000000100000000)
  region size 1024K, 4 young (4096K), 4 survivors (4096K)
 Metaspace       used 95795K, capacity 98522K, committed 98608K, reserved 1134592K
  class space    used 12477K, capacity 13373K, committed 13440K, reserved 1048576K
GC Heap History (20 events):
Event: 293.211 GC heap after
{Heap after GC invocations=54 (full 0):
 garbage-first heap   total 196608K, used 103884K [0x0000000080000000, 0x0000000100000000)
  region size 1024K, 4 young (4096K), 4 survivors (4096K)
 Metaspace       used 78771K, capacity 80975K, committed 81328K, reserved 1120256K
  class space    used 10192K, capacity 10907K, committed 11008K, reserved 1048576K
}
Event: 298.756 GC heap before
{Heap before GC invocations=55 (full 0):
 garbage-first heap   total 196608K, used 153036K [0x0000000080000000, 0x0000000100000000)
  region size 1024K, 52 young (53248K), 4 survivors (4096K)
 Metaspace       used 86188K, capacity 88513K, committed 88624K, reserved 1126400K
  class space    used 11097K, capacity 11866K, committed 11904K, reserved 1048576K
}
Event: 298.795 GC heap after
{Heap after GC invocations=56 (full 0):
 garbage-first heap   total 196608K, used 110592K [0x0000000080000000, 0x0000000100000000)
  region size 1024K, 7 young (7168K), 7 survivors (7168K)
 Metaspace       used 86188K, capacity 88513K, committed 88624K, reserved 1126400K
  class space    used 11097K, capacity 11866K, committed 11904K, reserved 1048576K
}
Event: 300.920 GC heap before
{Heap before GC invocations=56 (full 0):
 garbage-first heap   total 196608K, used 112640K [0x0000000080000000, 0x0000000100000000)
  region size 1024K, 9 young (9216K), 7 survivors (7168K)
 Metaspace       used 86193K, capacity 88513K, committed 88624K, reserved 1126400K
  class space    used 11097K, capacity 11866K, committed 11904K, reserved 1048576K
}
Event: 301.029 GC heap after
{Heap after GC invocations=57 (full 0):
 garbage-first heap   total 196608K, used 102879K [0x0000000080000000, 0x0000000100000000)
  region size 1024K, 2 young (2048K), 2 survivors (2048K)
 Metaspace       used 86193K, capacity 88513K, committed 88624K, reserved 1126400K
  class space    used 11097K, capacity 11866K, committed 11904K, reserved 1048576K
}
Event: 307.765 GC heap before
{Heap before GC invocations=57 (full 0):
 garbage-first heap   total 196608K, used 151007K [0x0000000080000000, 0x0000000100000000)
  region size 1024K, 50 young (51200K), 2 survivors (2048K)
 Metaspace       used 92229K, capacity 94843K, committed 94896K, reserved 1132544K
  class space    used 11917K, capacity 12748K, committed 12800K, reserved 1048576K
}
Event: 307.808 GC heap after
{Heap after GC invocations=58 (full 0):
 garbage-first heap   total 196608K, used 109568K [0x0000000080000000, 0x0000000100000000)
  region size 1024K, 7 young (7168K), 7 survivors (7168K)
 Metaspace       used 92229K, capacity 94843K, committed 94896K, reserved 1132544K
  class space    used 11917K, capacity 12748K, committed 12800K, reserved 1048576K
}
Event: 311.296 GC heap before
{Heap before GC invocations=59 (full 0):
 garbage-first heap   total 196608K, used 117760K [0x0000000080000000, 0x0000000100000000)
  region size 1024K, 19 young (19456K), 7 survivors (7168K)
 Metaspace       used 94554K, capacity 97224K, committed 97328K, reserved 1134592K
  class space    used 12283K, capacity 13157K, committed 13184K, reserved 1048576K
}
Event: 311.325 GC heap after
{Heap after GC invocations=60 (full 0):
 garbage-first heap   total 196608K, used 108528K [0x0000000080000000, 0x0000000100000000)
  region size 1024K, 1 young (1024K), 1 survivors (1024K)
 Metaspace       used 94554K, capacity 97224K, committed 97328K, reserved 1134592K
  class space    used 12283K, capacity 13157K, committed 13184K, reserved 1048576K
}
Event: 312.183 GC heap before
{Heap before GC invocations=61 (full 0):
 garbage-first heap   total 198656K, used 150512K [0x0000000080000000, 0x0000000100000000)
  region size 1024K, 20 young (20480K), 1 survivors (1024K)
 Metaspace       used 94738K, capacity 97458K, committed 97712K, reserved 1134592K
  class space    used 12298K, capacity 13192K, committed 13312K, reserved 1048576K
}
Event: 312.218 GC heap after
{Heap after GC invocations=62 (full 0):
 garbage-first heap   total 198656K, used 133632K [0x0000000080000000, 0x0000000100000000)
  region size 1024K, 5 young (5120K), 5 survivors (5120K)
 Metaspace       used 94738K, capacity 97458K, committed 97712K, reserved 1134592K
  class space    used 12298K, capacity 13192K, committed 13312K, reserved 1048576K
}
Event: 313.018 GC heap before
{Heap before GC invocations=63 (full 0):
 garbage-first heap   total 232448K, used 157184K [0x0000000080000000, 0x0000000100000000)
  region size 1024K, 26 young (26624K), 5 survivors (5120K)
 Metaspace       used 94784K, capacity 97459K, committed 97712K, reserved 1134592K
  class space    used 12299K, capacity 13192K, committed 13312K, reserved 1048576K
}
Event: 313.150 GC heap after
{Heap after GC invocations=64 (full 0):
 garbage-first heap   total 232448K, used 144038K [0x0000000080000000, 0x0000000100000000)
  region size 1024K, 4 young (4096K), 4 survivors (4096K)
 Metaspace       used 94784K, capacity 97459K, committed 97712K, reserved 1134592K
  class space    used 12299K, capacity 13192K, committed 13312K, reserved 1048576K
}
Event: 313.239 GC heap before
{Heap before GC invocations=64 (full 0):
 garbage-first heap   total 232448K, used 151206K [0x0000000080000000, 0x0000000100000000)
  region size 1024K, 11 young (11264K), 4 survivors (4096K)
 Metaspace       used 94784K, capacity 97459K, committed 97712K, reserved 1134592K
  class space    used 12299K, capacity 13192K, committed 13312K, reserved 1048576K
}
Event: 313.337 GC heap after
{Heap after GC invocations=65 (full 0):
 garbage-first heap   total 232448K, used 136188K [0x0000000080000000, 0x0000000100000000)
  region size 1024K, 2 young (2048K), 2 survivors (2048K)
 Metaspace       used 94784K, capacity 97459K, committed 97712K, reserved 1134592K
  class space    used 12299K, capacity 13192K, committed 13312K, reserved 1048576K
}
Event: 314.501 GC heap before
{Heap before GC invocations=65 (full 0):
 garbage-first heap   total 232448K, used 167932K [0x0000000080000000, 0x0000000100000000)
  region size 1024K, 34 young (34816K), 2 survivors (2048K)
 Metaspace       used 95744K, capacity 98522K, committed 98608K, reserved 1134592K
  class space    used 12477K, capacity 13373K, committed 13440K, reserved 1048576K
}
Event: 314.638 GC heap after
{Heap after GC invocations=66 (full 0):
 garbage-first heap   total 232448K, used 154624K [0x0000000080000000, 0x0000000100000000)
  region size 1024K, 5 young (5120K), 5 survivors (5120K)
 Metaspace       used 95744K, capacity 98522K, committed 98608K, reserved 1134592K
  class space    used 12477K, capacity 13373K, committed 13440K, reserved 1048576K
}
Event: 315.857 GC heap before
{Heap before GC invocations=67 (full 0):
 garbage-first heap   total 256000K, used 168960K [0x0000000080000000, 0x0000000100000000)
  region size 1024K, 21 young (21504K), 5 survivors (5120K)
 Metaspace       used 95792K, capacity 98522K, committed 98608K, reserved 1134592K
  class space    used 12477K, capacity 13373K, committed 13440K, reserved 1048576K
}
Event: 315.971 GC heap after
{Heap after GC invocations=68 (full 0):
 garbage-first heap   total 256000K, used 162816K [0x0000000080000000, 0x0000000100000000)
  region size 1024K, 3 young (3072K), 3 survivors (3072K)
 Metaspace       used 95792K, capacity 98522K, committed 98608K, reserved 1134592K
  class space    used 12477K, capacity 13373K, committed 13440K, reserved 1048576K
}
Event: 316.107 GC heap before
{Heap before GC invocations=68 (full 0):
 garbage-first heap   total 256000K, used 171008K [0x0000000080000000, 0x0000000100000000)
  region size 1024K, 12 young (12288K), 3 survivors (3072K)
 Metaspace       used 95795K, capacity 98522K, committed 98608K, reserved 1134592K
  class space    used 12477K, capacity 13373K, committed 13440K, reserved 1048576K
}

