# JRE version: Java(TM) SE Runtime Environment (13.0.2+8) (build 13.0.2+8)
# Java VM: Java HotSpot(TM) 64-Bit Server VM (13.0.2+8, mixed mode, sharing, tiered, compressed oops, g1 gc, windows-amd64)
Heap:
 garbage-first heap   total 459776K, used 277504K [0x00000000c0000000, 0x0000000100000000)
  region size 1024K, 4 young (4096K), 4 survivors (4096K)
 Metaspace       used 114456K, capacity 117643K, committed 117888K, reserved 1153024K
  class space    used 14138K, capacity 15134K, committed 15232K, reserved 1048576K
GC Heap History (20 events):
Event: 230.738 GC heap after
{Heap after GC invocations=114 (full 0):
 garbage-first heap   total 348160K, used 207360K [0x00000000c0000000, 0x0000000100000000)
  region size 1024K, 3 young (3072K), 3 survivors (3072K)
 Metaspace       used 114296K, capacity 117507K, committed 117632K, reserved 1150976K
  class space    used 14135K, capacity 15132K, committed 15232K, reserved 1048576K
}
Event: 232.860 GC heap before
{Heap before GC invocations=114 (full 0):
 garbage-first heap   total 348160K, used 248320K [0x00000000c0000000, 0x0000000100000000)
  region size 1024K, 39 young (39936K), 3 survivors (3072K)
 Metaspace       used 114323K, capacity 117511K, committed 117632K, reserved 1150976K
  class space    used 14135K, capacity 15133K, committed 15232K, reserved 1048576K
}
Event: 232.926 GC heap after
{Heap after GC invocations=115 (full 0):
 garbage-first heap   total 348160K, used 216576K [0x00000000c0000000, 0x0000000100000000)
  region size 1024K, 5 young (5120K), 5 survivors (5120K)
 Metaspace       used 114323K, capacity 117511K, committed 117632K, reserved 1150976K
  class space    used 14135K, capacity 15133K, committed 15232K, reserved 1048576K
}
Event: 233.834 GC heap before
{Heap before GC invocations=115 (full 0):
 garbage-first heap   total 348160K, used 237056K [0x00000000c0000000, 0x0000000100000000)
  region size 1024K, 18 young (18432K), 5 survivors (5120K)
 Metaspace       used 114325K, capacity 117511K, committed 117632K, reserved 1150976K
  class space    used 14135K, capacity 15133K, committed 15232K, reserved 1048576K
}
Event: 233.871 GC heap after
{Heap after GC invocations=116 (full 0):
 garbage-first heap   total 376832K, used 229888K [0x00000000c0000000, 0x0000000100000000)
  region size 1024K, 5 young (5120K), 5 survivors (5120K)
 Metaspace       used 114325K, capacity 117511K, committed 117632K, reserved 1150976K
  class space    used 14135K, capacity 15133K, committed 15232K, reserved 1048576K
}
Event: 235.871 GC heap before
{Heap before GC invocations=117 (full 0):
 garbage-first heap   total 384000K, used 280064K [0x00000000c0000000, 0x0000000100000000)
  region size 1024K, 49 young (50176K), 5 survivors (5120K)
 Metaspace       used 114331K, capacity 117512K, committed 117632K, reserved 1150976K
  class space    used 14135K, capacity 15133K, committed 15232K, reserved 1048576K
}
Event: 235.898 GC heap after
{Heap after GC invocations=118 (full 0):
 garbage-first heap   total 384000K, used 239872K [0x00000000c0000000, 0x0000000100000000)
  region size 1024K, 7 young (7168K), 7 survivors (7168K)
 Metaspace       used 114331K, capacity 117512K, committed 117632K, reserved 1150976K
  class space    used 14135K, capacity 15133K, committed 15232K, reserved 1048576K
}
Event: 237.255 GC heap before
{Heap before GC invocations=118 (full 0):
 garbage-first heap   total 384000K, used 299264K [0x00000000c0000000, 0x0000000100000000)
  region size 1024K, 53 young (54272K), 7 survivors (7168K)
 Metaspace       used 114402K, capacity 117576K, committed 117888K, reserved 1153024K
  class space    used 14135K, capacity 15133K, committed 15232K, reserved 1048576K
}
Event: 237.287 GC heap after
{Heap after GC invocations=119 (full 0):
 garbage-first heap   total 384000K, used 255351K [0x00000000c0000000, 0x0000000100000000)
  region size 1024K, 3 young (3072K), 3 survivors (3072K)
 Metaspace       used 114402K, capacity 117576K, committed 117888K, reserved 1153024K
  class space    used 14135K, capacity 15133K, committed 15232K, reserved 1048576K
}
Event: 239.095 GC heap before
{Heap before GC invocations=119 (full 0):
 garbage-first heap   total 384000K, used 262519K [0x00000000c0000000, 0x0000000100000000)
  region size 1024K, 11 young (11264K), 3 survivors (3072K)
 Metaspace       used 114429K, capacity 117643K, committed 117888K, reserved 1153024K
  class space    used 14137K, capacity 15134K, committed 15232K, reserved 1048576K
}
Event: 239.105 GC heap after
{Heap after GC invocations=120 (full 0):
 garbage-first heap   total 384000K, used 245590K [0x00000000c0000000, 0x0000000100000000)
  region size 1024K, 4 young (4096K), 4 survivors (4096K)
 Metaspace       used 114429K, capacity 117643K, committed 117888K, reserved 1153024K
  class space    used 14137K, capacity 15134K, committed 15232K, reserved 1048576K
}
Event: 241.063 GC heap before
{Heap before GC invocations=121 (full 0):
 garbage-first heap   total 384000K, used 297814K [0x00000000c0000000, 0x0000000100000000)
  region size 1024K, 52 young (53248K), 4 survivors (4096K)
 Metaspace       used 114446K, capacity 117643K, committed 117888K, reserved 1153024K
  class space    used 14137K, capacity 15134K, committed 15232K, reserved 1048576K
}
Event: 241.176 GC heap after
{Heap after GC invocations=122 (full 0):
 garbage-first heap   total 384000K, used 256515K [0x00000000c0000000, 0x0000000100000000)
  region size 1024K, 7 young (7168K), 7 survivors (7168K)
 Metaspace       used 114446K, capacity 117643K, committed 117888K, reserved 1153024K
  class space    used 14137K, capacity 15134K, committed 15232K, reserved 1048576K
}
Event: 241.424 GC heap before
{Heap before GC invocations=122 (full 0):
 garbage-first heap   total 384000K, used 267779K [0x00000000c0000000, 0x0000000100000000)
  region size 1024K, 18 young (18432K), 7 survivors (7168K)
 Metaspace       used 114453K, capacity 117643K, committed 117888K, reserved 1153024K
  class space    used 14138K, capacity 15134K, committed 15232K, reserved 1048576K
}
Event: 241.588 GC heap after
{Heap after GC invocations=123 (full 0):
 garbage-first heap   total 384000K, used 238592K [0x00000000c0000000, 0x0000000100000000)
  region size 1024K, 3 young (3072K), 3 survivors (3072K)
 Metaspace       used 114453K, capacity 117643K, committed 117888K, reserved 1153024K
  class space    used 14138K, capacity 15134K, committed 15232K, reserved 1048576K
}
Event: 242.110 GC heap before
{Heap before GC invocations=123 (full 0):
 garbage-first heap   total 384000K, used 252928K [0x00000000c0000000, 0x0000000100000000)
  region size 1024K, 18 young (18432K), 3 survivors (3072K)
 Metaspace       used 114454K, capacity 117643K, committed 117888K, reserved 1153024K
  class space    used 14138K, capacity 15134K, committed 15232K, reserved 1048576K
}
Event: 242.244 GC heap after
{Heap after GC invocations=124 (full 0):
 garbage-first heap   total 384000K, used 240128K [0x00000000c0000000, 0x0000000100000000)
  region size 1024K, 3 young (3072K), 3 survivors (3072K)
 Metaspace       used 114454K, capacity 117643K, committed 117888K, reserved 1153024K
  class space    used 14138K, capacity 15134K, committed 15232K, reserved 1048576K
}
Event: 243.760 GC heap before
{Heap before GC invocations=124 (full 0):
 garbage-first heap   total 384000K, used 285184K [0x00000000c0000000, 0x0000000100000000)
  region size 1024K, 46 young (47104K), 3 survivors (3072K)
 Metaspace       used 114456K, capacity 117643K, committed 117888K, reserved 1153024K
  class space    used 14138K, capacity 15134K, committed 15232K, reserved 1048576K
}
Event: 243.930 GC heap after
{Heap after GC invocations=125 (full 0):
 garbage-first heap   total 384000K, used 267264K [0x00000000c0000000, 0x0000000100000000)
  region size 1024K, 6 young (6144K), 6 survivors (6144K)
 Metaspace       used 114456K, capacity 117643K, committed 117888K, reserved 1153024K
  class space    used 14138K, capacity 15134K, committed 15232K, reserved 1048576K
}
Event: 244.563 GC heap before
{Heap before GC invocations=125 (full 0):
 garbage-first heap   total 384000K, used 286720K [0x00000000c0000000, 0x0000000100000000)
  region size 1024K, 26 young (26624K), 6 survivors (6144K)
 Metaspace       used 114456K, capacity 117643K, committed 117888K, reserved 1153024K
  class space    used 14138K, capacity 15134K, committed 15232K, reserved 1048576K
}

