# JRE version: Java(TM) SE Runtime Environment (13.0.2+8) (build 13.0.2+8)
# Java VM: Java HotSpot(TM) 64-Bit Server VM (13.0.2+8, mixed mode, sharing, tiered, compressed oops, g1 gc, windows-amd64)
Heap:
 garbage-first heap   total 128000K, used 80958K [0x00000000c0000000, 0x0000000100000000)
  region size 1024K, 9 young (9216K), 4 survivors (4096K)
 Metaspace       used 62557K, capacity 64314K, committed 64640K, reserved 1105920K
  class space    used 8466K, capacity 9011K, committed 9088K, reserved 1048576K
GC Heap History (20 events):
Event: 36.471 GC heap before
{Heap before GC invocations=34 (full 0):
 garbage-first heap   total 111616K, used 69174K [0x00000000c0000000, 0x0000000100000000)
  region size 1024K, 11 young (11264K), 2 survivors (2048K)
 Metaspace       used 46940K, capacity 48318K, committed 48512K, reserved 1091584K
  class space    used 6280K, capacity 6679K, committed 6784K, reserved 1048576K
}
Event: 36.479 GC heap after
{Heap after GC invocations=35 (full 0):
 garbage-first heap   total 111616K, used 62376K [0x00000000c0000000, 0x0000000100000000)
  region size 1024K, 2 young (2048K), 2 survivors (2048K)
 Metaspace       used 46940K, capacity 48318K, committed 48512K, reserved 1091584K
  class space    used 6280K, capacity 6679K, committed 6784K, reserved 1048576K
}
Event: 38.515 GC heap before
{Heap before GC invocations=36 (full 0):
 garbage-first heap   total 111616K, used 83880K [0x00000000c0000000, 0x0000000100000000)
  region size 1024K, 22 young (22528K), 2 survivors (2048K)
 Metaspace       used 50140K, capacity 51529K, committed 51712K, reserved 1093632K
  class space    used 6612K, capacity 7047K, committed 7168K, reserved 1048576K
}
Event: 38.528 GC heap after
{Heap after GC invocations=37 (full 0):
 garbage-first heap   total 111616K, used 63544K [0x00000000c0000000, 0x0000000100000000)
  region size 1024K, 2 young (2048K), 2 survivors (2048K)
 Metaspace       used 50140K, capacity 51529K, committed 51712K, reserved 1093632K
  class space    used 6612K, capacity 7047K, committed 7168K, reserved 1048576K
}
Event: 39.214 GC heap before
{Heap before GC invocations=37 (full 0):
 garbage-first heap   total 111616K, used 85048K [0x00000000c0000000, 0x0000000100000000)
  region size 1024K, 23 young (23552K), 2 survivors (2048K)
 Metaspace       used 50692K, capacity 52270K, committed 52608K, reserved 1095680K
  class space    used 6699K, capacity 7188K, committed 7296K, reserved 1048576K
}
Event: 39.231 GC heap after
{Heap after GC invocations=38 (full 0):
 garbage-first heap   total 111616K, used 65744K [0x00000000c0000000, 0x0000000100000000)
  region size 1024K, 3 young (3072K), 3 survivors (3072K)
 Metaspace       used 50692K, capacity 52270K, committed 52608K, reserved 1095680K
  class space    used 6699K, capacity 7188K, committed 7296K, reserved 1048576K
}
Event: 40.915 GC heap before
{Heap before GC invocations=39 (full 0):
 garbage-first heap   total 112640K, used 86224K [0x00000000c0000000, 0x0000000100000000)
  region size 1024K, 23 young (23552K), 3 survivors (3072K)
 Metaspace       used 53962K, capacity 55573K, committed 55680K, reserved 1097728K
  class space    used 7223K, capacity 7762K, committed 7808K, reserved 1048576K
}
Event: 40.937 GC heap after
{Heap after GC invocations=40 (full 0):
 garbage-first heap   total 112640K, used 67417K [0x00000000c0000000, 0x0000000100000000)
  region size 1024K, 2 young (2048K), 2 survivors (2048K)
 Metaspace       used 53962K, capacity 55573K, committed 55680K, reserved 1097728K
  class space    used 7223K, capacity 7762K, committed 7808K, reserved 1048576K
}
Event: 41.776 GC heap before
{Heap before GC invocations=40 (full 0):
 garbage-first heap   total 112640K, used 87897K [0x00000000c0000000, 0x0000000100000000)
  region size 1024K, 22 young (22528K), 2 survivors (2048K)
 Metaspace       used 54856K, capacity 56428K, committed 56576K, reserved 1097728K
  class space    used 7351K, capacity 7855K, committed 7936K, reserved 1048576K
}
Event: 41.796 GC heap after
{Heap after GC invocations=41 (full 0):
 garbage-first heap   total 112640K, used 69632K [0x00000000c0000000, 0x0000000100000000)
  region size 1024K, 3 young (3072K), 3 survivors (3072K)
 Metaspace       used 54856K, capacity 56428K, committed 56576K, reserved 1097728K
  class space    used 7351K, capacity 7855K, committed 7936K, reserved 1048576K
}
Event: 43.143 GC heap before
{Heap before GC invocations=42 (full 0):
 garbage-first heap   total 117760K, used 90112K [0x00000000c0000000, 0x0000000100000000)
  region size 1024K, 23 young (23552K), 3 survivors (3072K)
 Metaspace       used 56023K, capacity 57727K, committed 57856K, reserved 1099776K
  class space    used 7538K, capacity 8072K, committed 8192K, reserved 1048576K
}
Event: 43.163 GC heap after
{Heap after GC invocations=43 (full 0):
 garbage-first heap   total 117760K, used 71027K [0x00000000c0000000, 0x0000000100000000)
  region size 1024K, 2 young (2048K), 2 survivors (2048K)
 Metaspace       used 56023K, capacity 57727K, committed 57856K, reserved 1099776K
  class space    used 7538K, capacity 8072K, committed 8192K, reserved 1048576K
}
Event: 44.413 GC heap before
{Heap before GC invocations=43 (full 0):
 garbage-first heap   total 117760K, used 92531K [0x00000000c0000000, 0x0000000100000000)
  region size 1024K, 23 young (23552K), 2 survivors (2048K)
 Metaspace       used 57482K, capacity 59133K, committed 59264K, reserved 1099776K
  class space    used 7762K, capacity 8250K, committed 8320K, reserved 1048576K
}
Event: 44.427 GC heap after
{Heap after GC invocations=44 (full 0):
 garbage-first heap   total 117760K, used 71745K [0x00000000c0000000, 0x0000000100000000)
  region size 1024K, 2 young (2048K), 2 survivors (2048K)
 Metaspace       used 57482K, capacity 59133K, committed 59264K, reserved 1099776K
  class space    used 7762K, capacity 8250K, committed 8320K, reserved 1048576K
}
Event: 46.795 GC heap before
{Heap before GC invocations=45 (full 0):
 garbage-first heap   total 122880K, used 94273K [0x00000000c0000000, 0x0000000100000000)
  region size 1024K, 24 young (24576K), 2 survivors (2048K)
 Metaspace       used 59168K, capacity 60950K, committed 61056K, reserved 1101824K
  class space    used 7954K, capacity 8512K, committed 8576K, reserved 1048576K
}
Event: 46.811 GC heap after
{Heap after GC invocations=46 (full 0):
 garbage-first heap   total 122880K, used 73015K [0x00000000c0000000, 0x0000000100000000)
  region size 1024K, 3 young (3072K), 3 survivors (3072K)
 Metaspace       used 59168K, capacity 60950K, committed 61056K, reserved 1101824K
  class space    used 7954K, capacity 8512K, committed 8576K, reserved 1048576K
}
Event: 48.020 GC heap before
{Heap before GC invocations=46 (full 0):
 garbage-first heap   total 122880K, used 96567K [0x00000000c0000000, 0x0000000100000000)
  region size 1024K, 26 young (26624K), 3 survivors (3072K)
 Metaspace       used 60686K, capacity 62419K, committed 62592K, reserved 1103872K
  class space    used 8199K, capacity 8752K, committed 8832K, reserved 1048576K
}
Event: 48.039 GC heap after
{Heap after GC invocations=47 (full 0):
 garbage-first heap   total 122880K, used 74909K [0x00000000c0000000, 0x0000000100000000)
  region size 1024K, 3 young (3072K), 3 survivors (3072K)
 Metaspace       used 60686K, capacity 62419K, committed 62592K, reserved 1103872K
  class space    used 8199K, capacity 8752K, committed 8832K, reserved 1048576K
}
Event: 49.462 GC heap before
{Heap before GC invocations=48 (full 0):
 garbage-first heap   total 128000K, used 98461K [0x00000000c0000000, 0x0000000100000000)
  region size 1024K, 26 young (26624K), 3 survivors (3072K)
 Metaspace       used 62116K, capacity 63929K, committed 64000K, reserved 1103872K
  class space    used 8410K, capacity 8947K, committed 8960K, reserved 1048576K
}
Event: 49.484 GC heap after
{Heap after GC invocations=49 (full 0):
 garbage-first heap   total 128000K, used 76862K [0x00000000c0000000, 0x0000000100000000)
  region size 1024K, 4 young (4096K), 4 survivors (4096K)
 Metaspace       used 62116K, capacity 63929K, committed 64000K, reserved 1103872K
  class space    used 8410K, capacity 8947K, committed 8960K, reserved 1048576K
}

