# JRE version: Java(TM) SE Runtime Environment (13.0.2+8) (build 13.0.2+8)
# Java VM: Java HotSpot(TM) 64-Bit Server VM (13.0.2+8, mixed mode, sharing, tiered, compressed oops, g1 gc, windows-amd64)
Heap:
 garbage-first heap   total 421888K, used 250618K [0x00000000c0000000, 0x0000000100000000)
  region size 1024K, 28 young (28672K), 6 survivors (6144K)
 Metaspace       used 97389K, capacity 100157K, committed 100400K, reserved 1136640K
  class space    used 12457K, capacity 13410K, committed 13440K, reserved 1048576K
GC Heap History (20 events):
Event: 979.435 GC heap before
{Heap before GC invocations=122 (full 0):
 garbage-first heap   total 416768K, used 193949K [0x00000000c0000000, 0x0000000100000000)
  region size 1024K, 20 young (20480K), 10 survivors (10240K)
 Metaspace       used 97383K, capacity 100157K, committed 100400K, reserved 1136640K
  class space    used 12457K, capacity 13410K, committed 13440K, reserved 1048576K
}
Event: 979.627 GC heap after
{Heap after GC invocations=123 (full 0):
 garbage-first heap   total 416768K, used 171008K [0x00000000c0000000, 0x0000000100000000)
  region size 1024K, 3 young (3072K), 3 survivors (3072K)
 Metaspace       used 97383K, capacity 100157K, committed 100400K, reserved 1136640K
  class space    used 12457K, capacity 13410K, committed 13440K, reserved 1048576K
}
Event: 980.176 GC heap before
{Heap before GC invocations=123 (full 0):
 garbage-first heap   total 416768K, used 206848K [0x00000000c0000000, 0x0000000100000000)
  region size 1024K, 39 young (39936K), 3 survivors (3072K)
 Metaspace       used 97383K, capacity 100157K, committed 100400K, reserved 1136640K
  class space    used 12457K, capacity 13410K, committed 13440K, reserved 1048576K
}
Event: 980.293 GC heap after
{Heap after GC invocations=124 (full 0):
 garbage-first heap   total 416768K, used 190464K [0x00000000c0000000, 0x0000000100000000)
  region size 1024K, 7 young (7168K), 7 survivors (7168K)
 Metaspace       used 97383K, capacity 100157K, committed 100400K, reserved 1136640K
  class space    used 12457K, capacity 13410K, committed 13440K, reserved 1048576K
}
Event: 981.355 GC heap before
{Heap before GC invocations=125 (full 0):
 garbage-first heap   total 416768K, used 200704K [0x00000000c0000000, 0x0000000100000000)
  region size 1024K, 28 young (28672K), 7 survivors (7168K)
 Metaspace       used 97384K, capacity 100157K, committed 100400K, reserved 1136640K
  class space    used 12457K, capacity 13410K, committed 13440K, reserved 1048576K
}
Event: 981.473 GC heap after
{Heap after GC invocations=126 (full 0):
 garbage-first heap   total 416768K, used 188416K [0x00000000c0000000, 0x0000000100000000)
  region size 1024K, 4 young (4096K), 4 survivors (4096K)
 Metaspace       used 97384K, capacity 100157K, committed 100400K, reserved 1136640K
  class space    used 12457K, capacity 13410K, committed 13440K, reserved 1048576K
}
Event: 981.557 GC heap before
{Heap before GC invocations=126 (full 0):
 garbage-first heap   total 416768K, used 191488K [0x00000000c0000000, 0x0000000100000000)
  region size 1024K, 8 young (8192K), 4 survivors (4096K)
 Metaspace       used 97386K, capacity 100157K, committed 100400K, reserved 1136640K
  class space    used 12457K, capacity 13410K, committed 13440K, reserved 1048576K
}
Event: 981.615 GC heap after
{Heap after GC invocations=127 (full 0):
 garbage-first heap   total 416768K, used 190976K [0x00000000c0000000, 0x0000000100000000)
  region size 1024K, 2 young (2048K), 2 survivors (2048K)
 Metaspace       used 97386K, capacity 100157K, committed 100400K, reserved 1136640K
  class space    used 12457K, capacity 13410K, committed 13440K, reserved 1048576K
}
Event: 982.965 GC heap before
{Heap before GC invocations=128 (full 0):
 garbage-first heap   total 416768K, used 220672K [0x00000000c0000000, 0x0000000100000000)
  region size 1024K, 23 young (23552K), 2 survivors (2048K)
 Metaspace       used 97388K, capacity 100157K, committed 100400K, reserved 1136640K
  class space    used 12457K, capacity 13410K, committed 13440K, reserved 1048576K
}
Event: 983.050 GC heap after
{Heap after GC invocations=129 (full 0):
 garbage-first heap   total 416768K, used 205824K [0x00000000c0000000, 0x0000000100000000)
  region size 1024K, 3 young (3072K), 3 survivors (3072K)
 Metaspace       used 97388K, capacity 100157K, committed 100400K, reserved 1136640K
  class space    used 12457K, capacity 13410K, committed 13440K, reserved 1048576K
}
Event: 983.240 GC heap before
{Heap before GC invocations=129 (full 0):
 garbage-first heap   total 416768K, used 206848K [0x00000000c0000000, 0x0000000100000000)
  region size 1024K, 6 young (6144K), 3 survivors (3072K)
 Metaspace       used 97388K, capacity 100157K, committed 100400K, reserved 1136640K
  class space    used 12457K, capacity 13410K, committed 13440K, reserved 1048576K
}
Event: 983.268 GC heap after
{Heap after GC invocations=130 (full 0):
 garbage-first heap   total 416768K, used 206686K [0x00000000c0000000, 0x0000000100000000)
  region size 1024K, 4 young (4096K), 4 survivors (4096K)
 Metaspace       used 97388K, capacity 100157K, committed 100400K, reserved 1136640K
  class space    used 12457K, capacity 13410K, committed 13440K, reserved 1048576K
}
Event: 985.316 GC heap before
{Heap before GC invocations=131 (full 0):
 garbage-first heap   total 416768K, used 264030K [0x00000000c0000000, 0x0000000100000000)
  region size 1024K, 44 young (45056K), 4 survivors (4096K)
 Metaspace       used 97388K, capacity 100157K, committed 100400K, reserved 1136640K
  class space    used 12457K, capacity 13410K, committed 13440K, reserved 1048576K
}
Event: 985.379 GC heap after
{Heap after GC invocations=132 (full 0):
 garbage-first heap   total 416768K, used 230620K [0x00000000c0000000, 0x0000000100000000)
  region size 1024K, 6 young (6144K), 6 survivors (6144K)
 Metaspace       used 97388K, capacity 100157K, committed 100400K, reserved 1136640K
  class space    used 12457K, capacity 13410K, committed 13440K, reserved 1048576K
}
Event: 985.444 GC heap before
{Heap before GC invocations=132 (full 0):
 garbage-first heap   total 416768K, used 245980K [0x00000000c0000000, 0x0000000100000000)
  region size 1024K, 20 young (20480K), 6 survivors (6144K)
 Metaspace       used 97388K, capacity 100157K, committed 100400K, reserved 1136640K
  class space    used 12457K, capacity 13410K, committed 13440K, reserved 1048576K
}
Event: 985.607 GC heap after
{Heap after GC invocations=133 (full 0):
 garbage-first heap   total 416768K, used 218922K [0x00000000c0000000, 0x0000000100000000)
  region size 1024K, 3 young (3072K), 3 survivors (3072K)
 Metaspace       used 97388K, capacity 100157K, committed 100400K, reserved 1136640K
  class space    used 12457K, capacity 13410K, committed 13440K, reserved 1048576K
}
Event: 985.767 GC heap before
{Heap before GC invocations=133 (full 0):
 garbage-first heap   total 416768K, used 234282K [0x00000000c0000000, 0x0000000100000000)
  region size 1024K, 19 young (19456K), 3 survivors (3072K)
 Metaspace       used 97388K, capacity 100157K, committed 100400K, reserved 1136640K
  class space    used 12457K, capacity 13410K, committed 13440K, reserved 1048576K
}
Event: 985.805 GC heap after
{Heap after GC invocations=134 (full 0):
 garbage-first heap   total 416768K, used 221160K [0x00000000c0000000, 0x0000000100000000)
  region size 1024K, 5 young (5120K), 5 survivors (5120K)
 Metaspace       used 97388K, capacity 100157K, committed 100400K, reserved 1136640K
  class space    used 12457K, capacity 13410K, committed 13440K, reserved 1048576K
}
Event: 987.309 GC heap before
{Heap before GC invocations=135 (full 0):
 garbage-first heap   total 416768K, used 226280K [0x00000000c0000000, 0x0000000100000000)
  region size 1024K, 10 young (10240K), 5 survivors (5120K)
 Metaspace       used 97388K, capacity 100157K, committed 100400K, reserved 1136640K
  class space    used 12457K, capacity 13410K, committed 13440K, reserved 1048576K
}
Event: 987.325 GC heap after
{Heap after GC invocations=136 (full 0):
 garbage-first heap   total 416768K, used 222970K [0x00000000c0000000, 0x0000000100000000)
  region size 1024K, 6 young (6144K), 6 survivors (6144K)
 Metaspace       used 97388K, capacity 100157K, committed 100400K, reserved 1136640K
  class space    used 12457K, capacity 13410K, committed 13440K, reserved 1048576K
}

