# JRE version: Java(TM) SE Runtime Environment (13.0.2+8) (build 13.0.2+8)
# Java VM: Java HotSpot(TM) 64-Bit Server VM (13.0.2+8, mixed mode, sharing, tiered, compressed oops, g1 gc, windows-amd64)
Heap:
 garbage-first heap   total 513024K, used 225691K [0x00000000c0000000, 0x0000000100000000)
  region size 1024K, 9 young (9216K), 4 survivors (4096K)
 Metaspace       used 96394K, capacity 98998K, committed 99120K, reserved 1134592K
  class space    used 12261K, capacity 13127K, committed 13184K, reserved 1048576K
GC Heap History (20 events):
Event: 1526.780 GC heap before
{Heap before GC invocations=122 (full 0):
 garbage-first heap   total 378880K, used 175035K [0x00000000c0000000, 0x0000000100000000)
  region size 1024K, 18 young (18432K), 3 survivors (3072K)
 Metaspace       used 96375K, capacity 98998K, committed 99120K, reserved 1134592K
  class space    used 12261K, capacity 13127K, committed 13184K, reserved 1048576K
}
Event: 1526.899 GC heap after
{Heap after GC invocations=123 (full 0):
 garbage-first heap   total 378880K, used 160699K [0x00000000c0000000, 0x0000000100000000)
  region size 1024K, 3 young (3072K), 3 survivors (3072K)
 Metaspace       used 96375K, capacity 98998K, committed 99120K, reserved 1134592K
  class space    used 12261K, capacity 13127K, committed 13184K, reserved 1048576K
}
Event: 1527.118 GC heap before
{Heap before GC invocations=123 (full 0):
 garbage-first heap   total 378880K, used 176059K [0x00000000c0000000, 0x0000000100000000)
  region size 1024K, 18 young (18432K), 3 survivors (3072K)
 Metaspace       used 96375K, capacity 98998K, committed 99120K, reserved 1134592K
  class space    used 12261K, capacity 13127K, committed 13184K, reserved 1048576K
}
Event: 1527.183 GC heap after
{Heap after GC invocations=124 (full 0):
 garbage-first heap   total 378880K, used 169915K [0x00000000c0000000, 0x0000000100000000)
  region size 1024K, 3 young (3072K), 3 survivors (3072K)
 Metaspace       used 96375K, capacity 98998K, committed 99120K, reserved 1134592K
  class space    used 12261K, capacity 13127K, committed 13184K, reserved 1048576K
}
Event: 1528.324 GC heap before
{Heap before GC invocations=125 (full 0):
 garbage-first heap   total 378880K, used 186299K [0x00000000c0000000, 0x0000000100000000)
  region size 1024K, 18 young (18432K), 3 survivors (3072K)
 Metaspace       used 96379K, capacity 98998K, committed 99120K, reserved 1134592K
  class space    used 12261K, capacity 13127K, committed 13184K, reserved 1048576K
}
Event: 1528.415 GC heap after
{Heap after GC invocations=126 (full 0):
 garbage-first heap   total 378880K, used 180667K [0x00000000c0000000, 0x0000000100000000)
  region size 1024K, 3 young (3072K), 3 survivors (3072K)
 Metaspace       used 96379K, capacity 98998K, committed 99120K, reserved 1134592K
  class space    used 12261K, capacity 13127K, committed 13184K, reserved 1048576K
}
Event: 1528.616 GC heap before
{Heap before GC invocations=126 (full 0):
 garbage-first heap   total 378880K, used 196027K [0x00000000c0000000, 0x0000000100000000)
  region size 1024K, 18 young (18432K), 3 survivors (3072K)
 Metaspace       used 96379K, capacity 98998K, committed 99120K, reserved 1134592K
  class space    used 12261K, capacity 13127K, committed 13184K, reserved 1048576K
}
Event: 1528.792 GC heap after
{Heap after GC invocations=127 (full 0):
 garbage-first heap   total 378880K, used 185275K [0x00000000c0000000, 0x0000000100000000)
  region size 1024K, 3 young (3072K), 3 survivors (3072K)
 Metaspace       used 96379K, capacity 98998K, committed 99120K, reserved 1134592K
  class space    used 12261K, capacity 13127K, committed 13184K, reserved 1048576K
}
Event: 1529.293 GC heap before
{Heap before GC invocations=127 (full 0):
 garbage-first heap   total 378880K, used 200635K [0x00000000c0000000, 0x0000000100000000)
  region size 1024K, 18 young (18432K), 3 survivors (3072K)
 Metaspace       used 96379K, capacity 98998K, committed 99120K, reserved 1134592K
  class space    used 12261K, capacity 13127K, committed 13184K, reserved 1048576K
}
Event: 1529.386 GC heap after
{Heap after GC invocations=128 (full 0):
 garbage-first heap   total 378880K, used 193979K [0x00000000c0000000, 0x0000000100000000)
  region size 1024K, 3 young (3072K), 3 survivors (3072K)
 Metaspace       used 96379K, capacity 98998K, committed 99120K, reserved 1134592K
  class space    used 12261K, capacity 13127K, committed 13184K, reserved 1048576K
}
Event: 1530.947 GC heap before
{Heap before GC invocations=129 (full 0):
 garbage-first heap   total 378880K, used 199099K [0x00000000c0000000, 0x0000000100000000)
  region size 1024K, 18 young (18432K), 3 survivors (3072K)
 Metaspace       used 96388K, capacity 98998K, committed 99120K, reserved 1134592K
  class space    used 12261K, capacity 13127K, committed 13184K, reserved 1048576K
}
Event: 1531.066 GC heap after
{Heap after GC invocations=130 (full 0):
 garbage-first heap   total 378880K, used 189883K [0x00000000c0000000, 0x0000000100000000)
  region size 1024K, 3 young (3072K), 3 survivors (3072K)
 Metaspace       used 96388K, capacity 98998K, committed 99120K, reserved 1134592K
  class space    used 12261K, capacity 13127K, committed 13184K, reserved 1048576K
}
Event: 1531.477 GC heap before
{Heap before GC invocations=130 (full 0):
 garbage-first heap   total 378880K, used 206267K [0x00000000c0000000, 0x0000000100000000)
  region size 1024K, 18 young (18432K), 3 survivors (3072K)
 Metaspace       used 96392K, capacity 98998K, committed 99120K, reserved 1134592K
  class space    used 12261K, capacity 13127K, committed 13184K, reserved 1048576K
}
Event: 1531.644 GC heap after
{Heap after GC invocations=131 (full 0):
 garbage-first heap   total 513024K, used 192443K [0x00000000c0000000, 0x0000000100000000)
  region size 1024K, 3 young (3072K), 3 survivors (3072K)
 Metaspace       used 96392K, capacity 98998K, committed 99120K, reserved 1134592K
  class space    used 12261K, capacity 13127K, committed 13184K, reserved 1048576K
}
Event: 1531.694 GC heap before
{Heap before GC invocations=131 (full 0):
 garbage-first heap   total 513024K, used 192443K [0x00000000c0000000, 0x0000000100000000)
  region size 1024K, 4 young (4096K), 3 survivors (3072K)
 Metaspace       used 96393K, capacity 98998K, committed 99120K, reserved 1134592K
  class space    used 12261K, capacity 13127K, committed 13184K, reserved 1048576K
}
Event: 1531.761 GC heap after
{Heap after GC invocations=132 (full 0):
 garbage-first heap   total 513024K, used 193564K [0x00000000c0000000, 0x0000000100000000)
  region size 1024K, 1 young (1024K), 1 survivors (1024K)
 Metaspace       used 96393K, capacity 98998K, committed 99120K, reserved 1134592K
  class space    used 12261K, capacity 13127K, committed 13184K, reserved 1048576K
}
Event: 1533.257 GC heap before
{Heap before GC invocations=133 (full 0):
 garbage-first heap   total 513024K, used 222236K [0x00000000c0000000, 0x0000000100000000)
  region size 1024K, 23 young (23552K), 1 survivors (1024K)
 Metaspace       used 96394K, capacity 98998K, committed 99120K, reserved 1134592K
  class space    used 12261K, capacity 13127K, committed 13184K, reserved 1048576K
}
Event: 1533.314 GC heap after
{Heap after GC invocations=134 (full 0):
 garbage-first heap   total 513024K, used 205883K [0x00000000c0000000, 0x0000000100000000)
  region size 1024K, 4 young (4096K), 4 survivors (4096K)
 Metaspace       used 96394K, capacity 98998K, committed 99120K, reserved 1134592K
  class space    used 12261K, capacity 13127K, committed 13184K, reserved 1048576K
}
Event: 1534.474 GC heap before
{Heap before GC invocations=135 (full 0):
 garbage-first heap   total 513024K, used 217147K [0x00000000c0000000, 0x0000000100000000)
  region size 1024K, 10 young (10240K), 4 survivors (4096K)
 Metaspace       used 96394K, capacity 98998K, committed 99120K, reserved 1134592K
  class space    used 12261K, capacity 13127K, committed 13184K, reserved 1048576K
}
Event: 1534.531 GC heap after
{Heap after GC invocations=136 (full 0):
 garbage-first heap   total 513024K, used 214267K [0x00000000c0000000, 0x0000000100000000)
  region size 1024K, 2 young (2048K), 2 survivors (2048K)
 Metaspace       used 96394K, capacity 98998K, committed 99120K, reserved 1134592K
  class space    used 12261K, capacity 13127K, committed 13184K, reserved 1048576K
}

