# JRE version: Java(TM) SE Runtime Environment (13.0.2+8) (build 13.0.2+8)
# Java VM: Java HotSpot(TM) 64-Bit Server VM (13.0.2+8, mixed mode, sharing, tiered, compressed oops, g1 gc, windows-amd64)
Heap:
 garbage-first heap   total 78848K, used 38912K [0x00000000c0000000, 0x0000000100000000)
  region size 1024K, 2 young (2048K), 2 survivors (2048K)
 Metaspace       used 34123K, capacity 35065K, committed 35120K, reserved 1079296K
  class space    used 4665K, capacity 4988K, committed 4992K, reserved 1048576K
GC Heap History (20 events):
Event: 15.529 GC heap after
{Heap after GC invocations=9 (full 0):
 garbage-first heap   total 63488K, used 30118K [0x00000000c0000000, 0x0000000100000000)
  region size 1024K, 1 young (1024K), 1 survivors (1024K)
 Metaspace       used 20105K, capacity 20744K, committed 20864K, reserved 1067008K
  class space    used 2882K, capacity 3085K, committed 3200K, reserved 1048576K
}
Event: 15.659 GC heap before
{Heap before GC invocations=9 (full 0):
 garbage-first heap   total 63488K, used 33190K [0x00000000c0000000, 0x0000000100000000)
  region size 1024K, 5 young (5120K), 1 survivors (1024K)
 Metaspace       used 20529K, capacity 21175K, committed 21296K, reserved 1067008K
  class space    used 2964K, capacity 3186K, committed 3200K, reserved 1048576K
}
Event: 15.664 GC heap after
{Heap after GC invocations=10 (full 0):
 garbage-first heap   total 63488K, used 30127K [0x00000000c0000000, 0x0000000100000000)
  region size 1024K, 1 young (1024K), 1 survivors (1024K)
 Metaspace       used 20529K, capacity 21175K, committed 21296K, reserved 1067008K
  class space    used 2964K, capacity 3186K, committed 3200K, reserved 1048576K
}
Event: 16.931 GC heap before
{Heap before GC invocations=11 (full 0):
 garbage-first heap   total 63488K, used 44463K [0x00000000c0000000, 0x0000000100000000)
  region size 1024K, 16 young (16384K), 1 survivors (1024K)
 Metaspace       used 24730K, capacity 25414K, committed 25648K, reserved 1071104K
  class space    used 3437K, capacity 3703K, committed 3712K, reserved 1048576K
}
Event: 16.947 GC heap after
{Heap after GC invocations=12 (full 0):
 garbage-first heap   total 63488K, used 31774K [0x00000000c0000000, 0x0000000100000000)
  region size 1024K, 2 young (2048K), 2 survivors (2048K)
 Metaspace       used 24730K, capacity 25414K, committed 25648K, reserved 1071104K
  class space    used 3437K, capacity 3703K, committed 3712K, reserved 1048576K
}
Event: 17.743 GC heap before
{Heap before GC invocations=12 (full 0):
 garbage-first heap   total 63488K, used 40990K [0x00000000c0000000, 0x0000000100000000)
  region size 1024K, 13 young (13312K), 2 survivors (2048K)
 Metaspace       used 26240K, capacity 26983K, committed 27184K, reserved 1073152K
  class space    used 3634K, capacity 3903K, committed 3968K, reserved 1048576K
}
Event: 17.756 GC heap after
{Heap after GC invocations=13 (full 0):
 garbage-first heap   total 63488K, used 33294K [0x00000000c0000000, 0x0000000100000000)
  region size 1024K, 2 young (2048K), 2 survivors (2048K)
 Metaspace       used 26240K, capacity 26983K, committed 27184K, reserved 1073152K
  class space    used 3634K, capacity 3903K, committed 3968K, reserved 1048576K
}
Event: 18.382 GC heap before
{Heap before GC invocations=14 (full 0):
 garbage-first heap   total 65536K, used 47630K [0x00000000c0000000, 0x0000000100000000)
  region size 1024K, 14 young (14336K), 2 survivors (2048K)
 Metaspace       used 28112K, capacity 28816K, committed 29104K, reserved 1075200K
  class space    used 3795K, capacity 4065K, committed 4096K, reserved 1048576K
}
Event: 18.392 GC heap after
{Heap after GC invocations=15 (full 0):
 garbage-first heap   total 65536K, used 33546K [0x00000000c0000000, 0x0000000100000000)
  region size 1024K, 1 young (1024K), 1 survivors (1024K)
 Metaspace       used 28112K, capacity 28816K, committed 29104K, reserved 1075200K
  class space    used 3795K, capacity 4065K, committed 4096K, reserved 1048576K
}
Event: 19.178 GC heap before
{Heap before GC invocations=15 (full 0):
 garbage-first heap   total 65536K, used 47882K [0x00000000c0000000, 0x0000000100000000)
  region size 1024K, 15 young (15360K), 1 survivors (1024K)
 Metaspace       used 29537K, capacity 30247K, committed 30384K, reserved 1075200K
  class space    used 4029K, capacity 4279K, committed 4352K, reserved 1048576K
}
Event: 19.188 GC heap after
{Heap after GC invocations=16 (full 0):
 garbage-first heap   total 65536K, used 34115K [0x00000000c0000000, 0x0000000100000000)
  region size 1024K, 2 young (2048K), 2 survivors (2048K)
 Metaspace       used 29537K, capacity 30247K, committed 30384K, reserved 1075200K
  class space    used 4029K, capacity 4279K, committed 4352K, reserved 1048576K
}
Event: 19.893 GC heap before
{Heap before GC invocations=17 (full 0):
 garbage-first heap   total 65536K, used 48451K [0x00000000c0000000, 0x0000000100000000)
  region size 1024K, 16 young (16384K), 2 survivors (2048K)
 Metaspace       used 30373K, capacity 31144K, committed 31280K, reserved 1077248K
  class space    used 4147K, capacity 4388K, committed 4480K, reserved 1048576K
}
Event: 19.915 GC heap after
{Heap after GC invocations=18 (full 0):
 garbage-first heap   total 65536K, used 35141K [0x00000000c0000000, 0x0000000100000000)
  region size 1024K, 2 young (2048K), 2 survivors (2048K)
 Metaspace       used 30373K, capacity 31144K, committed 31280K, reserved 1077248K
  class space    used 4147K, capacity 4388K, committed 4480K, reserved 1048576K
}
Event: 20.451 GC heap before
{Heap before GC invocations=18 (full 0):
 garbage-first heap   total 65536K, used 49477K [0x00000000c0000000, 0x0000000100000000)
  region size 1024K, 16 young (16384K), 2 survivors (2048K)
 Metaspace       used 31437K, capacity 32255K, committed 32432K, reserved 1077248K
  class space    used 4319K, capacity 4586K, committed 4608K, reserved 1048576K
}
Event: 20.463 GC heap after
{Heap after GC invocations=19 (full 0):
 garbage-first heap   total 65536K, used 35553K [0x00000000c0000000, 0x0000000100000000)
  region size 1024K, 2 young (2048K), 2 survivors (2048K)
 Metaspace       used 31437K, capacity 32255K, committed 32432K, reserved 1077248K
  class space    used 4319K, capacity 4586K, committed 4608K, reserved 1048576K
}
Event: 21.151 GC heap before
{Heap before GC invocations=20 (full 0):
 garbage-first heap   total 65536K, used 49889K [0x00000000c0000000, 0x0000000100000000)
  region size 1024K, 16 young (16384K), 2 survivors (2048K)
 Metaspace       used 32787K, capacity 33640K, committed 33968K, reserved 1079296K
  class space    used 4501K, capacity 4772K, committed 4864K, reserved 1048576K
}
Event: 21.161 GC heap after
{Heap after GC invocations=21 (full 0):
 garbage-first heap   total 65536K, used 36025K [0x00000000c0000000, 0x0000000100000000)
  region size 1024K, 1 young (1024K), 1 survivors (1024K)
 Metaspace       used 32787K, capacity 33640K, committed 33968K, reserved 1079296K
  class space    used 4501K, capacity 4772K, committed 4864K, reserved 1048576K
}
Event: 22.848 GC heap before
{Heap before GC invocations=21 (full 0):
 garbage-first heap   total 65536K, used 51385K [0x00000000c0000000, 0x0000000100000000)
  region size 1024K, 16 young (16384K), 1 survivors (1024K)
 Metaspace       used 33819K, capacity 34708K, committed 34864K, reserved 1079296K
  class space    used 4628K, capacity 4936K, committed 4992K, reserved 1048576K
}
Event: 22.870 GC heap after
{Heap after GC invocations=22 (full 0):
 garbage-first heap   total 65536K, used 36623K [0x00000000c0000000, 0x0000000100000000)
  region size 1024K, 2 young (2048K), 2 survivors (2048K)
 Metaspace       used 33819K, capacity 34708K, committed 34864K, reserved 1079296K
  class space    used 4628K, capacity 4936K, committed 4992K, reserved 1048576K
}
Event: 24.109 GC heap before
{Heap before GC invocations=23 (full 0):
 garbage-first heap   total 65536K, used 43791K [0x00000000c0000000, 0x0000000100000000)
  region size 1024K, 11 young (11264K), 2 survivors (2048K)
 Metaspace       used 34123K, capacity 35065K, committed 35120K, reserved 1079296K
  class space    used 4665K, capacity 4988K, committed 4992K, reserved 1048576K
}

