# JRE version: Java(TM) SE Runtime Environment (13.0.2+8) (build 13.0.2+8)
# Java VM: Java HotSpot(TM) 64-Bit Server VM (13.0.2+8, mixed mode, sharing, tiered, compressed oops, g1 gc, windows-amd64)
Heap:
 garbage-first heap   total 162816K, used 110959K [0x00000000c0000000, 0x0000000100000000)
  region size 1024K, 17 young (17408K), 2 survivors (2048K)
 Metaspace       used 83754K, capacity 85772K, committed 85808K, reserved 1124352K
  class space    used 10940K, capacity 11632K, committed 11648K, reserved 1048576K
GC Heap History (20 events):
Event: 75.699 GC heap before
{Heap before GC invocations=56 (full 0):
 garbage-first heap   total 133120K, used 98390K [0x00000000c0000000, 0x0000000100000000)
  region size 1024K, 23 young (23552K), 2 survivors (2048K)
 Metaspace       used 68213K, capacity 69977K, committed 70064K, reserved 1110016K
  class space    used 9110K, capacity 9694K, committed 9728K, reserved 1048576K
}
Event: 75.718 GC heap after
{Heap after GC invocations=57 (full 0):
 garbage-first heap   total 133120K, used 78750K [0x00000000c0000000, 0x0000000100000000)
  region size 1024K, 3 young (3072K), 3 survivors (3072K)
 Metaspace       used 68213K, capacity 69977K, committed 70064K, reserved 1110016K
  class space    used 9110K, capacity 9694K, committed 9728K, reserved 1048576K
}
Event: 79.417 GC heap before
{Heap before GC invocations=57 (full 0):
 garbage-first heap   total 133120K, used 103326K [0x00000000c0000000, 0x0000000100000000)
  region size 1024K, 27 young (27648K), 3 survivors (3072K)
 Metaspace       used 68311K, capacity 70044K, committed 70320K, reserved 1110016K
  class space    used 9111K, capacity 9694K, committed 9728K, reserved 1048576K
}
Event: 79.434 GC heap after
{Heap after GC invocations=58 (full 0):
 garbage-first heap   total 133120K, used 80276K [0x00000000c0000000, 0x0000000100000000)
  region size 1024K, 3 young (3072K), 3 survivors (3072K)
 Metaspace       used 68311K, capacity 70044K, committed 70320K, reserved 1110016K
  class space    used 9111K, capacity 9694K, committed 9728K, reserved 1048576K
}
Event: 83.215 GC heap before
{Heap before GC invocations=59 (full 0):
 garbage-first heap   total 138240K, used 104852K [0x00000000c0000000, 0x0000000100000000)
  region size 1024K, 28 young (28672K), 3 survivors (3072K)
 Metaspace       used 69204K, capacity 70981K, committed 71216K, reserved 1110016K
  class space    used 9206K, capacity 9792K, committed 9856K, reserved 1048576K
}
Event: 83.232 GC heap after
{Heap after GC invocations=60 (full 0):
 garbage-first heap   total 138240K, used 81778K [0x00000000c0000000, 0x0000000100000000)
  region size 1024K, 3 young (3072K), 3 survivors (3072K)
 Metaspace       used 69204K, capacity 70981K, committed 71216K, reserved 1110016K
  class space    used 9206K, capacity 9792K, committed 9856K, reserved 1048576K
}
Event: 86.940 GC heap before
{Heap before GC invocations=60 (full 0):
 garbage-first heap   total 138240K, used 108402K [0x00000000c0000000, 0x0000000100000000)
  region size 1024K, 30 young (30720K), 3 survivors (3072K)
 Metaspace       used 69291K, capacity 71074K, committed 71216K, reserved 1110016K
  class space    used 9211K, capacity 9795K, committed 9856K, reserved 1048576K
}
Event: 86.971 GC heap after
{Heap after GC invocations=61 (full 0):
 garbage-first heap   total 138240K, used 83442K [0x00000000c0000000, 0x0000000100000000)
  region size 1024K, 4 young (4096K), 4 survivors (4096K)
 Metaspace       used 69291K, capacity 71074K, committed 71216K, reserved 1110016K
  class space    used 9211K, capacity 9795K, committed 9856K, reserved 1048576K
}
Event: 90.164 GC heap before
{Heap before GC invocations=62 (full 0):
 garbage-first heap   total 143360K, used 109042K [0x00000000c0000000, 0x0000000100000000)
  region size 1024K, 30 young (30720K), 4 survivors (4096K)
 Metaspace       used 70397K, capacity 72277K, committed 72368K, reserved 1112064K
  class space    used 9359K, capacity 9956K, committed 9984K, reserved 1048576K
}
Event: 90.185 GC heap after
{Heap after GC invocations=63 (full 0):
 garbage-first heap   total 143360K, used 84883K [0x00000000c0000000, 0x0000000100000000)
  region size 1024K, 3 young (3072K), 3 survivors (3072K)
 Metaspace       used 70397K, capacity 72277K, committed 72368K, reserved 1112064K
  class space    used 9359K, capacity 9956K, committed 9984K, reserved 1048576K
}
Event: 93.660 GC heap before
{Heap before GC invocations=63 (full 0):
 garbage-first heap   total 143360K, used 113555K [0x00000000c0000000, 0x0000000100000000)
  region size 1024K, 32 young (32768K), 3 survivors (3072K)
 Metaspace       used 71831K, capacity 73750K, committed 73776K, reserved 1114112K
  class space    used 9501K, capacity 10096K, committed 10112K, reserved 1048576K
}
Event: 93.676 GC heap after
{Heap after GC invocations=64 (full 0):
 garbage-first heap   total 143360K, used 85452K [0x00000000c0000000, 0x0000000100000000)
  region size 1024K, 2 young (2048K), 2 survivors (2048K)
 Metaspace       used 71831K, capacity 73750K, committed 73776K, reserved 1114112K
  class space    used 9501K, capacity 10096K, committed 10112K, reserved 1048576K
}
Event: 95.437 GC heap before
{Heap before GC invocations=65 (full 0):
 garbage-first heap   total 145408K, used 114124K [0x00000000c0000000, 0x0000000100000000)
  region size 1024K, 31 young (31744K), 2 survivors (2048K)
 Metaspace       used 74324K, capacity 76290K, committed 76464K, reserved 1116160K
  class space    used 9819K, capacity 10451K, committed 10496K, reserved 1048576K
}
Event: 95.461 GC heap after
{Heap after GC invocations=66 (full 0):
 garbage-first heap   total 145408K, used 87314K [0x00000000c0000000, 0x0000000100000000)
  region size 1024K, 4 young (4096K), 4 survivors (4096K)
 Metaspace       used 74324K, capacity 76290K, committed 76464K, reserved 1116160K
  class space    used 9819K, capacity 10451K, committed 10496K, reserved 1048576K
}
Event: 122.291 GC heap before
{Heap before GC invocations=66 (full 0):
 garbage-first heap   total 145408K, used 115986K [0x00000000c0000000, 0x0000000100000000)
  region size 1024K, 33 young (33792K), 4 survivors (4096K)
 Metaspace       used 75481K, capacity 77525K, committed 77616K, reserved 1116160K
  class space    used 9949K, capacity 10588K, committed 10624K, reserved 1048576K
}
Event: 122.340 GC heap after
{Heap after GC invocations=67 (full 0):
 garbage-first heap   total 145408K, used 91639K [0x00000000c0000000, 0x0000000100000000)
  region size 1024K, 5 young (5120K), 5 survivors (5120K)
 Metaspace       used 75481K, capacity 77525K, committed 77616K, reserved 1116160K
  class space    used 9949K, capacity 10588K, committed 10624K, reserved 1048576K
}
Event: 123.323 GC heap before
{Heap before GC invocations=68 (full 0):
 garbage-first heap   total 155648K, used 117239K [0x00000000c0000000, 0x0000000100000000)
  region size 1024K, 31 young (31744K), 5 survivors (5120K)
 Metaspace       used 75972K, capacity 78005K, committed 78128K, reserved 1116160K
  class space    used 9980K, capacity 10620K, committed 10624K, reserved 1048576K
}
Event: 123.352 GC heap after
{Heap after GC invocations=69 (full 0):
 garbage-first heap   total 155648K, used 91277K [0x00000000c0000000, 0x0000000100000000)
  region size 1024K, 2 young (2048K), 2 survivors (2048K)
 Metaspace       used 75972K, capacity 78005K, committed 78128K, reserved 1116160K
  class space    used 9980K, capacity 10620K, committed 10624K, reserved 1048576K
}
Event: 126.047 GC heap before
{Heap before GC invocations=69 (full 0):
 garbage-first heap   total 155648K, used 120973K [0x00000000c0000000, 0x0000000100000000)
  region size 1024K, 32 young (32768K), 2 survivors (2048K)
 Metaspace       used 77008K, capacity 79000K, committed 79152K, reserved 1118208K
  class space    used 10129K, capacity 10778K, committed 10880K, reserved 1048576K
}
Event: 126.094 GC heap after
{Heap after GC invocations=70 (full 0):
 garbage-first heap   total 155648K, used 95851K [0x00000000c0000000, 0x0000000100000000)
  region size 1024K, 4 young (4096K), 4 survivors (4096K)
 Metaspace       used 77008K, capacity 79000K, committed 79152K, reserved 1118208K
  class space    used 10129K, capacity 10778K, committed 10880K, reserved 1048576K
}

