# JRE version: Java(TM) SE Runtime Environment (13.0.2+8) (build 13.0.2+8)
# Java VM: Java HotSpot(TM) 64-Bit Server VM (13.0.2+8, mixed mode, sharing, tiered, compressed oops, g1 gc, windows-amd64)
Heap:
 garbage-first heap   total 367616K, used 124416K [0x00000000c0000000, 0x0000000100000000)
  region size 1024K, 5 young (5120K), 5 survivors (5120K)
 Metaspace       used 63502K, capacity 65233K, committed 65328K, reserved 1105920K
  class space    used 8441K, capacity 9049K, committed 9088K, reserved 1048576K
GC Heap History (20 events):
Event: 55.584 GC heap after
{Heap after GC invocations=57 (full 0):
 garbage-first heap   total 158720K, used 93184K [0x00000000c0000000, 0x0000000100000000)
  region size 1024K, 3 young (3072K), 3 survivors (3072K)
 Metaspace       used 62601K, capacity 64364K, committed 64560K, reserved 1105920K
  class space    used 8385K, capacity 9001K, committed 9088K, reserved 1048576K
}
Event: 56.200 GC heap before
{Heap before GC invocations=57 (full 0):
 garbage-first heap   total 158720K, used 119808K [0x00000000c0000000, 0x0000000100000000)
  region size 1024K, 29 young (29696K), 3 survivors (3072K)
 Metaspace       used 63067K, capacity 64812K, committed 65072K, reserved 1105920K
  class space    used 8410K, capacity 9001K, committed 9088K, reserved 1048576K
}
Event: 56.213 GC heap after
{Heap after GC invocations=58 (full 0):
 garbage-first heap   total 158720K, used 98166K [0x00000000c0000000, 0x0000000100000000)
  region size 1024K, 4 young (4096K), 4 survivors (4096K)
 Metaspace       used 63067K, capacity 64812K, committed 65072K, reserved 1105920K
  class space    used 8410K, capacity 9001K, committed 9088K, reserved 1048576K
}
Event: 56.943 GC heap before
{Heap before GC invocations=59 (full 0):
 garbage-first heap   total 163840K, used 121718K [0x00000000c0000000, 0x0000000100000000)
  region size 1024K, 28 young (28672K), 4 survivors (4096K)
 Metaspace       used 63221K, capacity 64987K, committed 65072K, reserved 1105920K
  class space    used 8423K, capacity 9038K, committed 9088K, reserved 1048576K
}
Event: 56.952 GC heap after
{Heap after GC invocations=60 (full 0):
 garbage-first heap   total 163840K, used 97892K [0x00000000c0000000, 0x0000000100000000)
  region size 1024K, 4 young (4096K), 4 survivors (4096K)
 Metaspace       used 63221K, capacity 64987K, committed 65072K, reserved 1105920K
  class space    used 8423K, capacity 9038K, committed 9088K, reserved 1048576K
}
Event: 57.089 GC heap before
{Heap before GC invocations=60 (full 0):
 garbage-first heap   total 163840K, used 100964K [0x00000000c0000000, 0x0000000100000000)
  region size 1024K, 8 young (8192K), 4 survivors (4096K)
 Metaspace       used 63252K, capacity 64996K, committed 65072K, reserved 1105920K
  class space    used 8428K, capacity 9041K, committed 9088K, reserved 1048576K
}
Event: 57.125 GC heap after
{Heap after GC invocations=61 (full 0):
 garbage-first heap   total 163840K, used 84525K [0x00000000c0000000, 0x0000000100000000)
  region size 1024K, 1 young (1024K), 1 survivors (1024K)
 Metaspace       used 63252K, capacity 64996K, committed 65072K, reserved 1105920K
  class space    used 8428K, capacity 9041K, committed 9088K, reserved 1048576K
}
Event: 57.808 GC heap before
{Heap before GC invocations=61 (full 0):
 garbage-first heap   total 163840K, used 117293K [0x00000000c0000000, 0x0000000100000000)
  region size 1024K, 34 young (34816K), 1 survivors (1024K)
 Metaspace       used 63288K, capacity 64996K, committed 65072K, reserved 1105920K
  class space    used 8429K, capacity 9041K, committed 9088K, reserved 1048576K
}
Event: 57.827 GC heap after
{Heap after GC invocations=62 (full 0):
 garbage-first heap   total 163840K, used 93184K [0x00000000c0000000, 0x0000000100000000)
  region size 1024K, 5 young (5120K), 5 survivors (5120K)
 Metaspace       used 63288K, capacity 64996K, committed 65072K, reserved 1105920K
  class space    used 8429K, capacity 9041K, committed 9088K, reserved 1048576K
}
Event: 58.458 GC heap before
{Heap before GC invocations=63 (full 0):
 garbage-first heap   total 167936K, used 122880K [0x00000000c0000000, 0x0000000100000000)
  region size 1024K, 34 young (34816K), 5 survivors (5120K)
 Metaspace       used 63298K, capacity 64996K, committed 65072K, reserved 1105920K
  class space    used 8429K, capacity 9041K, committed 9088K, reserved 1048576K
}
Event: 58.471 GC heap after
{Heap after GC invocations=64 (full 0):
 garbage-first heap   total 167936K, used 98100K [0x00000000c0000000, 0x0000000100000000)
  region size 1024K, 5 young (5120K), 5 survivors (5120K)
 Metaspace       used 63298K, capacity 64996K, committed 65072K, reserved 1105920K
  class space    used 8429K, capacity 9041K, committed 9088K, reserved 1048576K
}
Event: 58.979 GC heap before
{Heap before GC invocations=64 (full 0):
 garbage-first heap   total 167936K, used 126772K [0x00000000c0000000, 0x0000000100000000)
  region size 1024K, 34 young (34816K), 5 survivors (5120K)
 Metaspace       used 63475K, capacity 65226K, committed 65328K, reserved 1105920K
  class space    used 8441K, capacity 9048K, committed 9088K, reserved 1048576K
}
Event: 59.002 GC heap after
{Heap after GC invocations=65 (full 0):
 garbage-first heap   total 167936K, used 107978K [0x00000000c0000000, 0x0000000100000000)
  region size 1024K, 5 young (5120K), 5 survivors (5120K)
 Metaspace       used 63475K, capacity 65226K, committed 65328K, reserved 1105920K
  class space    used 8441K, capacity 9048K, committed 9088K, reserved 1048576K
}
Event: 59.366 GC heap before
{Heap before GC invocations=66 (full 0):
 garbage-first heap   total 204800K, used 130506K [0x00000000c0000000, 0x0000000100000000)
  region size 1024K, 28 young (28672K), 5 survivors (5120K)
 Metaspace       used 63481K, capacity 65227K, committed 65328K, reserved 1105920K
  class space    used 8441K, capacity 9048K, committed 9088K, reserved 1048576K
}
Event: 59.387 GC heap after
{Heap after GC invocations=67 (full 0):
 garbage-first heap   total 204800K, used 116224K [0x00000000c0000000, 0x0000000100000000)
  region size 1024K, 4 young (4096K), 4 survivors (4096K)
 Metaspace       used 63481K, capacity 65227K, committed 65328K, reserved 1105920K
  class space    used 8441K, capacity 9048K, committed 9088K, reserved 1048576K
}
Event: 59.500 GC heap before
{Heap before GC invocations=67 (full 0):
 garbage-first heap   total 204800K, used 122368K [0x00000000c0000000, 0x0000000100000000)
  region size 1024K, 10 young (10240K), 4 survivors (4096K)
 Metaspace       used 63486K, capacity 65233K, committed 65328K, reserved 1105920K
  class space    used 8441K, capacity 9049K, committed 9088K, reserved 1048576K
}
Event: 59.626 GC heap after
{Heap after GC invocations=68 (full 0):
 garbage-first heap   total 204800K, used 107355K [0x00000000c0000000, 0x0000000100000000)
  region size 1024K, 2 young (2048K), 2 survivors (2048K)
 Metaspace       used 63486K, capacity 65233K, committed 65328K, reserved 1105920K
  class space    used 8441K, capacity 9049K, committed 9088K, reserved 1048576K
}
Event: 60.033 GC heap before
{Heap before GC invocations=68 (full 0):
 garbage-first heap   total 204800K, used 130907K [0x00000000c0000000, 0x0000000100000000)
  region size 1024K, 26 young (26624K), 2 survivors (2048K)
 Metaspace       used 63489K, capacity 65233K, committed 65328K, reserved 1105920K
  class space    used 8441K, capacity 9049K, committed 9088K, reserved 1048576K
}
Event: 60.060 GC heap after
{Heap after GC invocations=69 (full 0):
 garbage-first heap   total 204800K, used 113664K [0x00000000c0000000, 0x0000000100000000)
  region size 1024K, 5 young (5120K), 5 survivors (5120K)
 Metaspace       used 63489K, capacity 65233K, committed 65328K, reserved 1105920K
  class space    used 8441K, capacity 9049K, committed 9088K, reserved 1048576K
}
Event: 60.488 GC heap before
{Heap before GC invocations=70 (full 0):
 garbage-first heap   total 217088K, used 152576K [0x00000000c0000000, 0x0000000100000000)
  region size 1024K, 39 young (39936K), 5 survivors (5120K)
 Metaspace       used 63502K, capacity 65233K, committed 65328K, reserved 1105920K
  class space    used 8441K, capacity 9049K, committed 9088K, reserved 1048576K
}

