# JRE version: Java(TM) SE Runtime Environment (13.0.2+8) (build 13.0.2+8)
# Java VM: Java HotSpot(TM) 64-Bit Server VM (13.0.2+8, mixed mode, sharing, tiered, compressed oops, g1 gc, windows-amd64)
Heap:
 garbage-first heap   total 222208K, used 129873K [0x00000000c0000000, 0x0000000100000000)
  region size 1024K, 5 young (5120K), 2 survivors (2048K)
 Metaspace       used 84334K, capacity 86902K, committed 87088K, reserved 1124352K
  class space    used 11043K, capacity 11866K, committed 11904K, reserved 1048576K
GC Heap History (20 events):
Event: 81.540 GC heap before
{Heap before GC invocations=52 (full 0):
 garbage-first heap   total 158720K, used 129536K [0x00000000c0000000, 0x0000000100000000)
  region size 1024K, 44 young (45056K), 6 survivors (6144K)
 Metaspace       used 80027K, capacity 82506K, committed 82608K, reserved 1120256K
  class space    used 10442K, capacity 11217K, committed 11264K, reserved 1048576K
}
Event: 81.580 GC heap after
{Heap after GC invocations=53 (full 0):
 garbage-first heap   total 158720K, used 94720K [0x00000000c0000000, 0x0000000100000000)
  region size 1024K, 4 young (4096K), 4 survivors (4096K)
 Metaspace       used 80027K, capacity 82506K, committed 82608K, reserved 1120256K
  class space    used 10442K, capacity 11217K, committed 11264K, reserved 1048576K
}
Event: 83.322 GC heap before
{Heap before GC invocations=53 (full 0):
 garbage-first heap   total 158720K, used 129536K [0x00000000c0000000, 0x0000000100000000)
  region size 1024K, 39 young (39936K), 4 survivors (4096K)
 Metaspace       used 80481K, capacity 82891K, committed 83120K, reserved 1122304K
  class space    used 10491K, capacity 11236K, committed 11264K, reserved 1048576K
}
Event: 83.353 GC heap after
{Heap after GC invocations=54 (full 0):
 garbage-first heap   total 158720K, used 99135K [0x00000000c0000000, 0x0000000100000000)
  region size 1024K, 5 young (5120K), 5 survivors (5120K)
 Metaspace       used 80481K, capacity 82891K, committed 83120K, reserved 1122304K
  class space    used 10491K, capacity 11236K, committed 11264K, reserved 1048576K
}
Event: 85.854 GC heap before
{Heap before GC invocations=55 (full 0):
 garbage-first heap   total 174080K, used 128831K [0x00000000c0000000, 0x0000000100000000)
  region size 1024K, 35 young (35840K), 5 survivors (5120K)
 Metaspace       used 81124K, capacity 83611K, committed 83760K, reserved 1122304K
  class space    used 10566K, capacity 11355K, committed 11392K, reserved 1048576K
}
Event: 85.877 GC heap after
{Heap after GC invocations=56 (full 0):
 garbage-first heap   total 174080K, used 101149K [0x00000000c0000000, 0x0000000100000000)
  region size 1024K, 2 young (2048K), 2 survivors (2048K)
 Metaspace       used 81124K, capacity 83611K, committed 83760K, reserved 1122304K
  class space    used 10566K, capacity 11355K, committed 11392K, reserved 1048576K
}
Event: 87.751 GC heap before
{Heap before GC invocations=56 (full 0):
 garbage-first heap   total 174080K, used 142109K [0x00000000c0000000, 0x0000000100000000)
  region size 1024K, 43 young (44032K), 2 survivors (2048K)
 Metaspace       used 81220K, capacity 83696K, committed 83760K, reserved 1122304K
  class space    used 10572K, capacity 11359K, committed 11392K, reserved 1048576K
}
Event: 87.789 GC heap after
{Heap after GC invocations=57 (full 0):
 garbage-first heap   total 174080K, used 103253K [0x00000000c0000000, 0x0000000100000000)
  region size 1024K, 4 young (4096K), 4 survivors (4096K)
 Metaspace       used 81220K, capacity 83696K, committed 83760K, reserved 1122304K
  class space    used 10572K, capacity 11359K, committed 11392K, reserved 1048576K
}
Event: 90.728 GC heap before
{Heap before GC invocations=58 (full 0):
 garbage-first heap   total 179200K, used 143189K [0x00000000c0000000, 0x0000000100000000)
  region size 1024K, 44 young (45056K), 4 survivors (4096K)
 Metaspace       used 81642K, capacity 84074K, committed 84400K, reserved 1122304K
  class space    used 10650K, capacity 11439K, committed 11520K, reserved 1048576K
}
Event: 90.769 GC heap after
{Heap after GC invocations=59 (full 0):
 garbage-first heap   total 179200K, used 105718K [0x00000000c0000000, 0x0000000100000000)
  region size 1024K, 5 young (5120K), 5 survivors (5120K)
 Metaspace       used 81642K, capacity 84074K, committed 84400K, reserved 1122304K
  class space    used 10650K, capacity 11439K, committed 11520K, reserved 1048576K
}
Event: 91.153 GC heap before
{Heap before GC invocations=59 (full 0):
 garbage-first heap   total 179200K, used 107766K [0x00000000c0000000, 0x0000000100000000)
  region size 1024K, 8 young (8192K), 5 survivors (5120K)
 Metaspace       used 81643K, capacity 84074K, committed 84400K, reserved 1122304K
  class space    used 10650K, capacity 11439K, committed 11520K, reserved 1048576K
}
Event: 91.214 GC heap after
{Heap after GC invocations=60 (full 0):
 garbage-first heap   total 179200K, used 98261K [0x00000000c0000000, 0x0000000100000000)
  region size 1024K, 1 young (1024K), 1 survivors (1024K)
 Metaspace       used 81643K, capacity 84074K, committed 84400K, reserved 1122304K
  class space    used 10650K, capacity 11439K, committed 11520K, reserved 1048576K
}
Event: 93.555 GC heap before
{Heap before GC invocations=60 (full 0):
 garbage-first heap   total 179200K, used 142293K [0x00000000c0000000, 0x0000000100000000)
  region size 1024K, 45 young (46080K), 1 survivors (1024K)
 Metaspace       used 82423K, capacity 84965K, committed 85040K, reserved 1122304K
  class space    used 10769K, capacity 11580K, committed 11648K, reserved 1048576K
}
Event: 93.577 GC heap after
{Heap after GC invocations=61 (full 0):
 garbage-first heap   total 179200K, used 99462K [0x00000000c0000000, 0x0000000100000000)
  region size 1024K, 2 young (2048K), 2 survivors (2048K)
 Metaspace       used 82423K, capacity 84965K, committed 85040K, reserved 1122304K
  class space    used 10769K, capacity 11580K, committed 11648K, reserved 1048576K
}
Event: 94.271 GC heap before
{Heap before GC invocations=62 (full 0):
 garbage-first heap   total 179200K, used 102534K [0x00000000c0000000, 0x0000000100000000)
  region size 1024K, 6 young (6144K), 2 survivors (2048K)
 Metaspace       used 82690K, capacity 85204K, committed 85296K, reserved 1122304K
  class space    used 10814K, capacity 11617K, committed 11648K, reserved 1048576K
}
Event: 94.286 GC heap after
{Heap after GC invocations=63 (full 0):
 garbage-first heap   total 179200K, used 99996K [0x00000000c0000000, 0x0000000100000000)
  region size 1024K, 3 young (3072K), 3 survivors (3072K)
 Metaspace       used 82690K, capacity 85204K, committed 85296K, reserved 1122304K
  class space    used 10814K, capacity 11617K, committed 11648K, reserved 1048576K
}
Event: 94.870 GC heap before
{Heap before GC invocations=64 (full 0):
 garbage-first heap   total 179200K, used 109212K [0x00000000c0000000, 0x0000000100000000)
  region size 1024K, 4 young (4096K), 3 survivors (3072K)
 Metaspace       used 82724K, capacity 85207K, committed 85296K, reserved 1122304K
  class space    used 10818K, capacity 11618K, committed 11648K, reserved 1048576K
}
Event: 94.884 GC heap after
{Heap after GC invocations=65 (full 0):
 garbage-first heap   total 179200K, used 109816K [0x00000000c0000000, 0x0000000100000000)
  region size 1024K, 2 young (2048K), 2 survivors (2048K)
 Metaspace       used 82724K, capacity 85207K, committed 85296K, reserved 1122304K
  class space    used 10818K, capacity 11618K, committed 11648K, reserved 1048576K
}
Event: 95.631 GC heap before
{Heap before GC invocations=66 (full 0):
 garbage-first heap   total 189440K, used 116984K [0x00000000c0000000, 0x0000000100000000)
  region size 1024K, 10 young (10240K), 2 survivors (2048K)
 Metaspace       used 84118K, capacity 86640K, committed 86832K, reserved 1124352K
  class space    used 11008K, capacity 11800K, committed 11904K, reserved 1048576K
}
Event: 95.640 GC heap after
{Heap after GC invocations=67 (full 0):
 garbage-first heap   total 189440K, used 110417K [0x00000000c0000000, 0x0000000100000000)
  region size 1024K, 2 young (2048K), 2 survivors (2048K)
 Metaspace       used 84118K, capacity 86640K, committed 86832K, reserved 1124352K
  class space    used 11008K, capacity 11800K, committed 11904K, reserved 1048576K
}

