# JRE version: Java(TM) SE Runtime Environment (13.0.2+8) (build 13.0.2+8)
# Java VM: Java HotSpot(TM) 64-Bit Server VM (13.0.2+8, mixed mode, sharing, tiered, compressed oops, g1 gc, windows-amd64)
Heap:
 garbage-first heap   total 176128K, used 122526K [0x00000000c0000000, 0x0000000100000000)
  region size 1024K, 25 young (25600K), 4 survivors (4096K)
 Metaspace       used 81485K, capacity 83972K, committed 84096K, reserved 1122304K
  class space    used 10607K, capacity 11386K, committed 11392K, reserved 1048576K
GC Heap History (20 events):
Event: 65.588 GC heap before
{Heap before GC invocations=58 (full 0):
 garbage-first heap   total 137216K, used 104022K [0x00000000c0000000, 0x0000000100000000)
  region size 1024K, 29 young (29696K), 4 survivors (4096K)
 Metaspace       used 67856K, capacity 69811K, committed 70016K, reserved 1110016K
  class space    used 9190K, capacity 9819K, committed 9856K, reserved 1048576K
}
Event: 65.622 GC heap after
{Heap after GC invocations=59 (full 0):
 garbage-first heap   total 137216K, used 81000K [0x00000000c0000000, 0x0000000100000000)
  region size 1024K, 4 young (4096K), 4 survivors (4096K)
 Metaspace       used 67856K, capacity 69811K, committed 70016K, reserved 1110016K
  class space    used 9190K, capacity 9819K, committed 9856K, reserved 1048576K
}
Event: 69.218 GC heap before
{Heap before GC invocations=59 (full 0):
 garbage-first heap   total 137216K, used 109672K [0x00000000c0000000, 0x0000000100000000)
  region size 1024K, 33 young (33792K), 4 survivors (4096K)
 Metaspace       used 68137K, capacity 70147K, committed 70272K, reserved 1110016K
  class space    used 9191K, capacity 9820K, committed 9856K, reserved 1048576K
}
Event: 69.241 GC heap after
{Heap after GC invocations=60 (full 0):
 garbage-first heap   total 137216K, used 82721K [0x00000000c0000000, 0x0000000100000000)
  region size 1024K, 4 young (4096K), 4 survivors (4096K)
 Metaspace       used 68137K, capacity 70147K, committed 70272K, reserved 1110016K
  class space    used 9191K, capacity 9820K, committed 9856K, reserved 1048576K
}
Event: 71.949 GC heap before
{Heap before GC invocations=61 (full 0):
 garbage-first heap   total 143360K, used 110369K [0x00000000c0000000, 0x0000000100000000)
  region size 1024K, 32 young (32768K), 4 survivors (4096K)
 Metaspace       used 68924K, capacity 70902K, committed 71168K, reserved 1110016K
  class space    used 9278K, capacity 9934K, committed 9984K, reserved 1048576K
}
Event: 71.970 GC heap after
{Heap after GC invocations=62 (full 0):
 garbage-first heap   total 143360K, used 83965K [0x00000000c0000000, 0x0000000100000000)
  region size 1024K, 3 young (3072K), 3 survivors (3072K)
 Metaspace       used 68924K, capacity 70902K, committed 71168K, reserved 1110016K
  class space    used 9278K, capacity 9934K, committed 9984K, reserved 1048576K
}
Event: 73.857 GC heap before
{Heap before GC invocations=62 (full 0):
 garbage-first heap   total 143360K, used 116733K [0x00000000c0000000, 0x0000000100000000)
  region size 1024K, 35 young (35840K), 3 survivors (3072K)
 Metaspace       used 71754K, capacity 73700K, committed 73856K, reserved 1112064K
  class space    used 9629K, capacity 10290K, committed 10368K, reserved 1048576K
}
Event: 73.882 GC heap after
{Heap after GC invocations=63 (full 0):
 garbage-first heap   total 143360K, used 86981K [0x00000000c0000000, 0x0000000100000000)
  region size 1024K, 5 young (5120K), 5 survivors (5120K)
 Metaspace       used 71754K, capacity 73700K, committed 73856K, reserved 1112064K
  class space    used 9629K, capacity 10290K, committed 10368K, reserved 1048576K
}
Event: 77.987 GC heap before
{Heap before GC invocations=64 (full 0):
 garbage-first heap   total 150528K, used 116677K [0x00000000c0000000, 0x0000000100000000)
  region size 1024K, 35 young (35840K), 5 survivors (5120K)
 Metaspace       used 72956K, capacity 74990K, committed 75264K, reserved 1114112K
  class space    used 9736K, capacity 10432K, committed 10496K, reserved 1048576K
}
Event: 78.030 GC heap after
{Heap after GC invocations=65 (full 0):
 garbage-first heap   total 150528K, used 88975K [0x00000000c0000000, 0x0000000100000000)
  region size 1024K, 5 young (5120K), 5 survivors (5120K)
 Metaspace       used 72956K, capacity 74990K, committed 75264K, reserved 1114112K
  class space    used 9736K, capacity 10432K, committed 10496K, reserved 1048576K
}
Event: 82.435 GC heap before
{Heap before GC invocations=65 (full 0):
 garbage-first heap   total 150528K, used 121743K [0x00000000c0000000, 0x0000000100000000)
  region size 1024K, 38 young (38912K), 5 survivors (5120K)
 Metaspace       used 77193K, capacity 79503K, committed 79616K, reserved 1118208K
  class space    used 10189K, capacity 10896K, committed 11008K, reserved 1048576K
}
Event: 82.465 GC heap after
{Heap after GC invocations=66 (full 0):
 garbage-first heap   total 150528K, used 91085K [0x00000000c0000000, 0x0000000100000000)
  region size 1024K, 5 young (5120K), 5 survivors (5120K)
 Metaspace       used 77193K, capacity 79503K, committed 79616K, reserved 1118208K
  class space    used 10189K, capacity 10896K, committed 11008K, reserved 1048576K
}
Event: 240.646 GC heap before
{Heap before GC invocations=67 (full 0):
 garbage-first heap   total 155648K, used 122829K [0x00000000c0000000, 0x0000000100000000)
  region size 1024K, 37 young (37888K), 5 survivors (5120K)
 Metaspace       used 79989K, capacity 82332K, committed 82432K, reserved 1120256K
  class space    used 10426K, capacity 11183K, committed 11264K, reserved 1048576K
}
Event: 240.689 GC heap after
{Heap after GC invocations=68 (full 0):
 garbage-first heap   total 155648K, used 93729K [0x00000000c0000000, 0x0000000100000000)
  region size 1024K, 5 young (5120K), 5 survivors (5120K)
 Metaspace       used 79989K, capacity 82332K, committed 82432K, reserved 1120256K
  class space    used 10426K, capacity 11183K, committed 11264K, reserved 1048576K
}
Event: 244.870 GC heap before
{Heap before GC invocations=68 (full 0):
 garbage-first heap   total 155648K, used 126497K [0x00000000c0000000, 0x0000000100000000)
  region size 1024K, 38 young (38912K), 5 survivors (5120K)
 Metaspace       used 80522K, capacity 82942K, committed 83200K, reserved 1122304K
  class space    used 10484K, capacity 11235K, committed 11264K, reserved 1048576K
}
Event: 244.912 GC heap after
{Heap after GC invocations=69 (full 0):
 garbage-first heap   total 155648K, used 97901K [0x00000000c0000000, 0x0000000100000000)
  region size 1024K, 5 young (5120K), 5 survivors (5120K)
 Metaspace       used 80522K, capacity 82942K, committed 83200K, reserved 1122304K
  class space    used 10484K, capacity 11235K, committed 11264K, reserved 1048576K
}
Event: 248.580 GC heap before
{Heap before GC invocations=70 (full 0):
 garbage-first heap   total 167936K, used 126573K [0x00000000c0000000, 0x0000000100000000)
  region size 1024K, 34 young (34816K), 5 survivors (5120K)
 Metaspace       used 80933K, capacity 83325K, committed 83584K, reserved 1122304K
  class space    used 10518K, capacity 11306K, committed 11392K, reserved 1048576K
}
Event: 248.612 GC heap after
{Heap after GC invocations=71 (full 0):
 garbage-first heap   total 167936K, used 99829K [0x00000000c0000000, 0x0000000100000000)
  region size 1024K, 2 young (2048K), 2 survivors (2048K)
 Metaspace       used 80933K, capacity 83325K, committed 83584K, reserved 1122304K
  class space    used 10518K, capacity 11306K, committed 11392K, reserved 1048576K
}
Event: 251.272 GC heap before
{Heap before GC invocations=71 (full 0):
 garbage-first heap   total 167936K, used 132597K [0x00000000c0000000, 0x0000000100000000)
  region size 1024K, 35 young (35840K), 2 survivors (2048K)
 Metaspace       used 81297K, capacity 83763K, committed 83840K, reserved 1122304K
  class space    used 10569K, capacity 11360K, committed 11392K, reserved 1048576K
}
Event: 251.316 GC heap after
{Heap after GC invocations=72 (full 0):
 garbage-first heap   total 167936K, used 102046K [0x00000000c0000000, 0x0000000100000000)
  region size 1024K, 4 young (4096K), 4 survivors (4096K)
 Metaspace       used 81297K, capacity 83763K, committed 83840K, reserved 1122304K
  class space    used 10569K, capacity 11360K, committed 11392K, reserved 1048576K
}

