# JRE version: Java(TM) SE Runtime Environment (13.0.2+8) (build 13.0.2+8)
# Java VM: Java HotSpot(TM) 64-Bit Server VM (13.0.2+8, mixed mode, sharing, tiered, compressed oops, g1 gc, windows-amd64)
Heap:
 garbage-first heap   total 463872K, used 196608K [0x0000000080000000, 0x0000000100000000)
  region size 1024K, 2 young (2048K), 2 survivors (2048K)
 Metaspace       used 87226K, capacity 89781K, committed 89984K, reserved 1126400K
  class space    used 11490K, capacity 12292K, committed 12416K, reserved 1048576K
GC Heap History (20 events):
Event: 99.266 GC heap after
{Heap after GC invocations=50 (full 0):
 garbage-first heap   total 192512K, used 103080K [0x0000000080000000, 0x0000000100000000)
  region size 1024K, 6 young (6144K), 6 survivors (6144K)
 Metaspace       used 81524K, capacity 83998K, committed 84224K, reserved 1122304K
  class space    used 10630K, capacity 11397K, committed 11520K, reserved 1048576K
}
Event: 101.025 GC heap before
{Heap before GC invocations=50 (full 0):
 garbage-first heap   total 192512K, used 143016K [0x0000000080000000, 0x0000000100000000)
  region size 1024K, 46 young (47104K), 6 survivors (6144K)
 Metaspace       used 82556K, capacity 85062K, committed 85376K, reserved 1122304K
  class space    used 10791K, capacity 11574K, committed 11648K, reserved 1048576K
}
Event: 101.059 GC heap after
{Heap after GC invocations=51 (full 0):
 garbage-first heap   total 192512K, used 105412K [0x0000000080000000, 0x0000000100000000)
  region size 1024K, 5 young (5120K), 5 survivors (5120K)
 Metaspace       used 82556K, capacity 85062K, committed 85376K, reserved 1122304K
  class space    used 10791K, capacity 11574K, committed 11648K, reserved 1048576K
}
Event: 103.126 GC heap before
{Heap before GC invocations=52 (full 0):
 garbage-first heap   total 194560K, used 182212K [0x0000000080000000, 0x0000000100000000)
  region size 1024K, 53 young (54272K), 5 survivors (5120K)
 Metaspace       used 84292K, capacity 86826K, committed 86912K, reserved 1124352K
  class space    used 11022K, capacity 11823K, committed 11904K, reserved 1048576K
}
Event: 103.271 GC heap after
{Heap after GC invocations=53 (full 0):
 garbage-first heap   total 206848K, used 142336K [0x0000000080000000, 0x0000000100000000)
  region size 1024K, 7 young (7168K), 7 survivors (7168K)
 Metaspace       used 84292K, capacity 86826K, committed 86912K, reserved 1124352K
  class space    used 11022K, capacity 11823K, committed 11904K, reserved 1048576K
}
Event: 103.328 GC heap before
{Heap before GC invocations=53 (full 0):
 garbage-first heap   total 206848K, used 144384K [0x0000000080000000, 0x0000000100000000)
  region size 1024K, 10 young (10240K), 7 survivors (7168K)
 Metaspace       used 84293K, capacity 86826K, committed 86912K, reserved 1124352K
  class space    used 11022K, capacity 11823K, committed 11904K, reserved 1048576K
}
Event: 103.416 GC heap after
{Heap after GC invocations=54 (full 0):
 garbage-first heap   total 206848K, used 144896K [0x0000000080000000, 0x0000000100000000)
  region size 1024K, 2 young (2048K), 2 survivors (2048K)
 Metaspace       used 84293K, capacity 86826K, committed 86912K, reserved 1124352K
  class space    used 11022K, capacity 11823K, committed 11904K, reserved 1048576K
}
Event: 104.648 GC heap before
{Heap before GC invocations=54 (full 0):
 garbage-first heap   total 206848K, used 169472K [0x0000000080000000, 0x0000000100000000)
  region size 1024K, 27 young (27648K), 2 survivors (2048K)
 Metaspace       used 85852K, capacity 88381K, committed 88448K, reserved 1126400K
  class space    used 11316K, capacity 12104K, committed 12160K, reserved 1048576K
}
Event: 104.716 GC heap after
{Heap after GC invocations=55 (full 0):
 garbage-first heap   total 206848K, used 157696K [0x0000000080000000, 0x0000000100000000)
  region size 1024K, 4 young (4096K), 4 survivors (4096K)
 Metaspace       used 85852K, capacity 88381K, committed 88448K, reserved 1126400K
  class space    used 11316K, capacity 12104K, committed 12160K, reserved 1048576K
}
Event: 105.766 GC heap before
{Heap before GC invocations=56 (full 0):
 garbage-first heap   total 265216K, used 168960K [0x0000000080000000, 0x0000000100000000)
  region size 1024K, 15 young (15360K), 4 survivors (4096K)
 Metaspace       used 85872K, capacity 88445K, committed 88704K, reserved 1126400K
  class space    used 11316K, capacity 12104K, committed 12160K, reserved 1048576K
}
Event: 105.877 GC heap after
{Heap after GC invocations=57 (full 0):
 garbage-first heap   total 265216K, used 164864K [0x0000000080000000, 0x0000000100000000)
  region size 1024K, 2 young (2048K), 2 survivors (2048K)
 Metaspace       used 85872K, capacity 88445K, committed 88704K, reserved 1126400K
  class space    used 11316K, capacity 12104K, committed 12160K, reserved 1048576K
}
Event: 106.328 GC heap before
{Heap before GC invocations=57 (full 0):
 garbage-first heap   total 265216K, used 186368K [0x0000000080000000, 0x0000000100000000)
  region size 1024K, 25 young (25600K), 2 survivors (2048K)
 Metaspace       used 85877K, capacity 88445K, committed 88704K, reserved 1126400K
  class space    used 11316K, capacity 12104K, committed 12160K, reserved 1048576K
}
Event: 106.404 GC heap after
{Heap after GC invocations=58 (full 0):
 garbage-first heap   total 265216K, used 178688K [0x0000000080000000, 0x0000000100000000)
  region size 1024K, 5 young (5120K), 5 survivors (5120K)
 Metaspace       used 85877K, capacity 88445K, committed 88704K, reserved 1126400K
  class space    used 11316K, capacity 12104K, committed 12160K, reserved 1048576K
}
Event: 108.123 GC heap before
{Heap before GC invocations=59 (full 0):
 garbage-first heap   total 306176K, used 204288K [0x0000000080000000, 0x0000000100000000)
  region size 1024K, 28 young (28672K), 5 survivors (5120K)
 Metaspace       used 86906K, capacity 89475K, committed 89600K, reserved 1126400K
  class space    used 11461K, capacity 12276K, committed 12288K, reserved 1048576K
}
Event: 108.242 GC heap after
{Heap after GC invocations=60 (full 0):
 garbage-first heap   total 306176K, used 192512K [0x0000000080000000, 0x0000000100000000)
  region size 1024K, 4 young (4096K), 4 survivors (4096K)
 Metaspace       used 86906K, capacity 89475K, committed 89600K, reserved 1126400K
  class space    used 11461K, capacity 12276K, committed 12288K, reserved 1048576K
}
Event: 108.525 GC heap before
{Heap before GC invocations=60 (full 0):
 garbage-first heap   total 306176K, used 200704K [0x0000000080000000, 0x0000000100000000)
  region size 1024K, 13 young (13312K), 4 survivors (4096K)
 Metaspace       used 86942K, capacity 89478K, committed 89600K, reserved 1126400K
  class space    used 11465K, capacity 12277K, committed 12288K, reserved 1048576K
}
Event: 108.616 GC heap after
{Heap after GC invocations=61 (full 0):
 garbage-first heap   total 306176K, used 196504K [0x0000000080000000, 0x0000000100000000)
  region size 1024K, 4 young (4096K), 4 survivors (4096K)
 Metaspace       used 86942K, capacity 89478K, committed 89600K, reserved 1126400K
  class space    used 11465K, capacity 12277K, committed 12288K, reserved 1048576K
}
Event: 110.378 GC heap before
{Heap before GC invocations=62 (full 0):
 garbage-first heap   total 316416K, used 208792K [0x0000000080000000, 0x0000000100000000)
  region size 1024K, 25 young (25600K), 4 survivors (4096K)
 Metaspace       used 87222K, capacity 89781K, committed 89984K, reserved 1126400K
  class space    used 11490K, capacity 12292K, committed 12416K, reserved 1048576K
}
Event: 110.508 GC heap after
{Heap after GC invocations=63 (full 0):
 garbage-first heap   total 316416K, used 195072K [0x0000000080000000, 0x0000000100000000)
  region size 1024K, 4 young (4096K), 4 survivors (4096K)
 Metaspace       used 87222K, capacity 89781K, committed 89984K, reserved 1126400K
  class space    used 11490K, capacity 12292K, committed 12416K, reserved 1048576K
}
Event: 111.001 GC heap before
{Heap before GC invocations=63 (full 0):
 garbage-first heap   total 316416K, used 208384K [0x0000000080000000, 0x0000000100000000)
  region size 1024K, 15 young (15360K), 4 survivors (4096K)
 Metaspace       used 87226K, capacity 89781K, committed 89984K, reserved 1126400K
  class space    used 11490K, capacity 12292K, committed 12416K, reserved 1048576K
}

