# JRE version: Java(TM) SE Runtime Environment (13.0.2+8) (build 13.0.2+8)
# Java VM: Java HotSpot(TM) 64-Bit Server VM (13.0.2+8, mixed mode, sharing, tiered, compressed oops, g1 gc, windows-amd64)
Heap:
 garbage-first heap   total 194560K, used 114511K [0x00000000c0000000, 0x0000000100000000)
  region size 1024K, 5 young (5120K), 2 survivors (2048K)
 Metaspace       used 66593K, capacity 68497K, committed 68656K, reserved 1107968K
  class space    used 8944K, capacity 9587K, committed 9600K, reserved 1048576K
GC Heap History (20 events):
Event: 36.468 GC heap before
{Heap before GC invocations=44 (full 0):
 garbage-first heap   total 138240K, used 103356K [0x00000000c0000000, 0x0000000100000000)
  region size 1024K, 39 young (39936K), 5 survivors (5120K)
 Metaspace       used 61933K, capacity 63678K, committed 63920K, reserved 1103872K
  class space    used 8344K, capacity 8926K, committed 8960K, reserved 1048576K
}
Event: 36.501 GC heap after
{Heap after GC invocations=45 (full 0):
 garbage-first heap   total 138240K, used 73156K [0x00000000c0000000, 0x0000000100000000)
  region size 1024K, 4 young (4096K), 4 survivors (4096K)
 Metaspace       used 61933K, capacity 63678K, committed 63920K, reserved 1103872K
  class space    used 8344K, capacity 8926K, committed 8960K, reserved 1048576K
}
Event: 38.406 GC heap before
{Heap before GC invocations=45 (full 0):
 garbage-first heap   total 138240K, used 105924K [0x00000000c0000000, 0x0000000100000000)
  region size 1024K, 37 young (37888K), 4 survivors (4096K)
 Metaspace       used 62105K, capacity 63809K, committed 63920K, reserved 1103872K
  class space    used 8346K, capacity 8926K, committed 8960K, reserved 1048576K
}
Event: 38.426 GC heap after
{Heap after GC invocations=46 (full 0):
 garbage-first heap   total 138240K, used 75172K [0x00000000c0000000, 0x0000000100000000)
  region size 1024K, 2 young (2048K), 2 survivors (2048K)
 Metaspace       used 62105K, capacity 63809K, committed 63920K, reserved 1103872K
  class space    used 8346K, capacity 8926K, committed 8960K, reserved 1048576K
}
Event: 40.589 GC heap before
{Heap before GC invocations=47 (full 0):
 garbage-first heap   total 138240K, used 107940K [0x00000000c0000000, 0x0000000100000000)
  region size 1024K, 35 young (35840K), 2 survivors (2048K)
 Metaspace       used 63111K, capacity 64932K, committed 65072K, reserved 1105920K
  class space    used 8445K, capacity 9057K, committed 9088K, reserved 1048576K
}
Event: 40.606 GC heap after
{Heap after GC invocations=48 (full 0):
 garbage-first heap   total 138240K, used 77084K [0x00000000c0000000, 0x0000000100000000)
  region size 1024K, 4 young (4096K), 4 survivors (4096K)
 Metaspace       used 63111K, capacity 64932K, committed 65072K, reserved 1105920K
  class space    used 8445K, capacity 9057K, committed 9088K, reserved 1048576K
}
Event: 41.654 GC heap before
{Heap before GC invocations=48 (full 0):
 garbage-first heap   total 138240K, used 105756K [0x00000000c0000000, 0x0000000100000000)
  region size 1024K, 33 young (33792K), 4 survivors (4096K)
 Metaspace       used 63324K, capacity 65084K, committed 65200K, reserved 1105920K
  class space    used 8481K, capacity 9110K, committed 9216K, reserved 1048576K
}
Event: 41.676 GC heap after
{Heap after GC invocations=49 (full 0):
 garbage-first heap   total 138240K, used 78669K [0x00000000c0000000, 0x0000000100000000)
  region size 1024K, 4 young (4096K), 4 survivors (4096K)
 Metaspace       used 63324K, capacity 65084K, committed 65200K, reserved 1105920K
  class space    used 8481K, capacity 9110K, committed 9216K, reserved 1048576K
}
Event: 43.901 GC heap before
{Heap before GC invocations=50 (full 0):
 garbage-first heap   total 138240K, used 111437K [0x00000000c0000000, 0x0000000100000000)
  region size 1024K, 36 young (36864K), 4 survivors (4096K)
 Metaspace       used 63784K, capacity 65590K, committed 65712K, reserved 1105920K
  class space    used 8543K, capacity 9156K, committed 9216K, reserved 1048576K
}
Event: 43.927 GC heap after
{Heap after GC invocations=51 (full 0):
 garbage-first heap   total 138240K, used 80709K [0x00000000c0000000, 0x0000000100000000)
  region size 1024K, 4 young (4096K), 4 survivors (4096K)
 Metaspace       used 63784K, capacity 65590K, committed 65712K, reserved 1105920K
  class space    used 8543K, capacity 9156K, committed 9216K, reserved 1048576K
}
Event: 45.293 GC heap before
{Heap before GC invocations=51 (full 0):
 garbage-first heap   total 138240K, used 111429K [0x00000000c0000000, 0x0000000100000000)
  region size 1024K, 35 young (35840K), 4 survivors (4096K)
 Metaspace       used 63834K, capacity 65692K, committed 65968K, reserved 1105920K
  class space    used 8545K, capacity 9190K, committed 9216K, reserved 1048576K
}
Event: 45.312 GC heap after
{Heap after GC invocations=52 (full 0):
 garbage-first heap   total 138240K, used 82506K [0x00000000c0000000, 0x0000000100000000)
  region size 1024K, 4 young (4096K), 4 survivors (4096K)
 Metaspace       used 63834K, capacity 65692K, committed 65968K, reserved 1105920K
  class space    used 8545K, capacity 9190K, committed 9216K, reserved 1048576K
}
Event: 47.007 GC heap before
{Heap before GC invocations=53 (full 0):
 garbage-first heap   total 140288K, used 114250K [0x00000000c0000000, 0x0000000100000000)
  region size 1024K, 35 young (35840K), 4 survivors (4096K)
 Metaspace       used 64869K, capacity 66731K, committed 66864K, reserved 1107968K
  class space    used 8705K, capacity 9337K, committed 9344K, reserved 1048576K
}
Event: 47.029 GC heap after
{Heap after GC invocations=54 (full 0):
 garbage-first heap   total 140288K, used 83876K [0x00000000c0000000, 0x0000000100000000)
  region size 1024K, 3 young (3072K), 3 survivors (3072K)
 Metaspace       used 64869K, capacity 66731K, committed 66864K, reserved 1107968K
  class space    used 8705K, capacity 9337K, committed 9344K, reserved 1048576K
}
Event: 47.310 GC heap before
{Heap before GC invocations=54 (full 0):
 garbage-first heap   total 140288K, used 87972K [0x00000000c0000000, 0x0000000100000000)
  region size 1024K, 8 young (8192K), 3 survivors (3072K)
 Metaspace       used 64911K, capacity 66798K, committed 66864K, reserved 1107968K
  class space    used 8712K, capacity 9338K, committed 9344K, reserved 1048576K
}
Event: 47.325 GC heap after
{Heap after GC invocations=55 (full 0):
 garbage-first heap   total 140288K, used 84506K [0x00000000c0000000, 0x0000000100000000)
  region size 1024K, 2 young (2048K), 2 survivors (2048K)
 Metaspace       used 64911K, capacity 66798K, committed 66864K, reserved 1107968K
  class space    used 8712K, capacity 9338K, committed 9344K, reserved 1048576K
}
Event: 47.795 GC heap before
{Heap before GC invocations=56 (full 0):
 garbage-first heap   total 142336K, used 93722K [0x00000000c0000000, 0x0000000100000000)
  region size 1024K, 3 young (3072K), 2 survivors (2048K)
 Metaspace       used 64941K, capacity 66801K, committed 66864K, reserved 1107968K
  class space    used 8716K, capacity 9339K, committed 9344K, reserved 1048576K
}
Event: 47.809 GC heap after
{Heap after GC invocations=57 (full 0):
 garbage-first heap   total 142336K, used 94371K [0x00000000c0000000, 0x0000000100000000)
  region size 1024K, 3 young (3072K), 3 survivors (3072K)
 Metaspace       used 64941K, capacity 66801K, committed 66864K, reserved 1107968K
  class space    used 8716K, capacity 9339K, committed 9344K, reserved 1048576K
}
Event: 48.301 GC heap before
{Heap before GC invocations=58 (full 0):
 garbage-first heap   total 165888K, used 101539K [0x00000000c0000000, 0x0000000100000000)
  region size 1024K, 11 young (11264K), 3 survivors (3072K)
 Metaspace       used 66350K, capacity 68266K, committed 68400K, reserved 1107968K
  class space    used 8909K, capacity 9553K, committed 9600K, reserved 1048576K
}
Event: 48.319 GC heap after
{Heap after GC invocations=59 (full 0):
 garbage-first heap   total 165888K, used 95055K [0x00000000c0000000, 0x0000000100000000)
  region size 1024K, 2 young (2048K), 2 survivors (2048K)
 Metaspace       used 66350K, capacity 68266K, committed 68400K, reserved 1107968K
  class space    used 8909K, capacity 9553K, committed 9600K, reserved 1048576K
}

