# JRE version: Java(TM) SE Runtime Environment (13.0.2+8) (build 13.0.2+8)
# Java VM: Java HotSpot(TM) 64-Bit Server VM (13.0.2+8, mixed mode, sharing, tiered, compressed oops, g1 gc, windows-amd64)
Heap:
 garbage-first heap   total 140288K, used 71000K [0x00000000c0000000, 0x0000000100000000)
  region size 1024K, 4 young (4096K), 3 survivors (3072K)
 Metaspace       used 58767K, capacity 60470K, committed 60592K, reserved 1101824K
  class space    used 7875K, capacity 8443K, committed 8448K, reserved 1048576K
GC Heap History (20 events):
Event: 20.937 GC heap before
{Heap before GC invocations=24 (full 0):
 garbage-first heap   total 92160K, used 52636K [0x00000000c0000000, 0x0000000100000000)
  region size 1024K, 7 young (7168K), 4 survivors (4096K)
 Metaspace       used 36075K, capacity 37298K, committed 37552K, reserved 1081344K
  class space    used 4922K, capacity 5291K, committed 5376K, reserved 1048576K
}
Event: 20.950 GC heap after
{Heap after GC invocations=25 (full 0):
 garbage-first heap   total 110592K, used 51610K [0x00000000c0000000, 0x0000000100000000)
  region size 1024K, 2 young (2048K), 2 survivors (2048K)
 Metaspace       used 36075K, capacity 37298K, committed 37552K, reserved 1081344K
  class space    used 4922K, capacity 5291K, committed 5376K, reserved 1048576K
}
Event: 22.554 GC heap before
{Heap before GC invocations=26 (full 0):
 garbage-first heap   total 110592K, used 82330K [0x00000000c0000000, 0x0000000100000000)
  region size 1024K, 30 young (30720K), 2 survivors (2048K)
 Metaspace       used 40596K, capacity 41969K, committed 42288K, reserved 1085440K
  class space    used 5470K, capacity 5889K, committed 6016K, reserved 1048576K
}
Event: 22.565 GC heap after
{Heap after GC invocations=27 (full 0):
 garbage-first heap   total 110592K, used 56600K [0x00000000c0000000, 0x0000000100000000)
  region size 1024K, 4 young (4096K), 4 survivors (4096K)
 Metaspace       used 40596K, capacity 41969K, committed 42288K, reserved 1085440K
  class space    used 5470K, capacity 5889K, committed 6016K, reserved 1048576K
}
Event: 23.818 GC heap before
{Heap before GC invocations=27 (full 0):
 garbage-first heap   total 110592K, used 82200K [0x00000000c0000000, 0x0000000100000000)
  region size 1024K, 30 young (30720K), 4 survivors (4096K)
 Metaspace       used 44639K, capacity 45949K, committed 46000K, reserved 1089536K
  class space    used 5973K, capacity 6387K, committed 6400K, reserved 1048576K
}
Event: 23.840 GC heap after
{Heap after GC invocations=28 (full 0):
 garbage-first heap   total 110592K, used 58475K [0x00000000c0000000, 0x0000000100000000)
  region size 1024K, 2 young (2048K), 2 survivors (2048K)
 Metaspace       used 44639K, capacity 45949K, committed 46000K, reserved 1089536K
  class space    used 5973K, capacity 6387K, committed 6400K, reserved 1048576K
}
Event: 24.867 GC heap before
{Heap before GC invocations=29 (full 0):
 garbage-first heap   total 110592K, used 84075K [0x00000000c0000000, 0x0000000100000000)
  region size 1024K, 28 young (28672K), 2 survivors (2048K)
 Metaspace       used 46434K, capacity 47803K, committed 48048K, reserved 1091584K
  class space    used 6204K, capacity 6615K, committed 6656K, reserved 1048576K
}
Event: 24.879 GC heap after
{Heap after GC invocations=30 (full 0):
 garbage-first heap   total 110592K, used 60434K [0x00000000c0000000, 0x0000000100000000)
  region size 1024K, 4 young (4096K), 4 survivors (4096K)
 Metaspace       used 46434K, capacity 47803K, committed 48048K, reserved 1091584K
  class space    used 6204K, capacity 6615K, committed 6656K, reserved 1048576K
}
Event: 24.992 GC heap before
{Heap before GC invocations=30 (full 0):
 garbage-first heap   total 110592K, used 64530K [0x00000000c0000000, 0x0000000100000000)
  region size 1024K, 9 young (9216K), 4 survivors (4096K)
 Metaspace       used 46977K, capacity 48315K, committed 48432K, reserved 1091584K
  class space    used 6278K, capacity 6679K, committed 6784K, reserved 1048576K
}
Event: 25.012 GC heap after
{Heap after GC invocations=31 (full 0):
 garbage-first heap   total 110592K, used 60926K [0x00000000c0000000, 0x0000000100000000)
  region size 1024K, 1 young (1024K), 1 survivors (1024K)
 Metaspace       used 46977K, capacity 48315K, committed 48432K, reserved 1091584K
  class space    used 6278K, capacity 6679K, committed 6784K, reserved 1048576K
}
Event: 26.221 GC heap before
{Heap before GC invocations=32 (full 0):
 garbage-first heap   total 110592K, used 83454K [0x00000000c0000000, 0x0000000100000000)
  region size 1024K, 22 young (22528K), 1 survivors (1024K)
 Metaspace       used 50201K, capacity 51654K, committed 51888K, reserved 1093632K
  class space    used 6611K, capacity 7047K, committed 7168K, reserved 1048576K
}
Event: 26.230 GC heap after
{Heap after GC invocations=33 (full 0):
 garbage-first heap   total 110592K, used 61958K [0x00000000c0000000, 0x0000000100000000)
  region size 1024K, 2 young (2048K), 2 survivors (2048K)
 Metaspace       used 50201K, capacity 51654K, committed 51888K, reserved 1093632K
  class space    used 6611K, capacity 7047K, committed 7168K, reserved 1048576K
}
Event: 26.717 GC heap before
{Heap before GC invocations=33 (full 0):
 garbage-first heap   total 110592K, used 84486K [0x00000000c0000000, 0x0000000100000000)
  region size 1024K, 24 young (24576K), 2 survivors (2048K)
 Metaspace       used 51160K, capacity 52791K, committed 53040K, reserved 1095680K
  class space    used 6747K, capacity 7233K, committed 7296K, reserved 1048576K
}
Event: 26.731 GC heap after
{Heap after GC invocations=34 (full 0):
 garbage-first heap   total 110592K, used 64118K [0x00000000c0000000, 0x0000000100000000)
  region size 1024K, 3 young (3072K), 3 survivors (3072K)
 Metaspace       used 51160K, capacity 52791K, committed 53040K, reserved 1095680K
  class space    used 6747K, capacity 7233K, committed 7296K, reserved 1048576K
}
Event: 28.194 GC heap before
{Heap before GC invocations=35 (full 0):
 garbage-first heap   total 110592K, used 86646K [0x00000000c0000000, 0x0000000100000000)
  region size 1024K, 25 young (25600K), 3 survivors (3072K)
 Metaspace       used 54465K, capacity 56094K, committed 56240K, reserved 1097728K
  class space    used 7281K, capacity 7828K, committed 7936K, reserved 1048576K
}
Event: 28.219 GC heap after
{Heap after GC invocations=36 (full 0):
 garbage-first heap   total 110592K, used 65778K [0x00000000c0000000, 0x0000000100000000)
  region size 1024K, 4 young (4096K), 4 survivors (4096K)
 Metaspace       used 54465K, capacity 56094K, committed 56240K, reserved 1097728K
  class space    used 7281K, capacity 7828K, committed 7936K, reserved 1048576K
}
Event: 28.685 GC heap before
{Heap before GC invocations=36 (full 0):
 garbage-first heap   total 110592K, used 87282K [0x00000000c0000000, 0x0000000100000000)
  region size 1024K, 25 young (25600K), 4 survivors (4096K)
 Metaspace       used 54989K, capacity 56597K, committed 56752K, reserved 1097728K
  class space    used 7364K, capacity 7891K, committed 7936K, reserved 1048576K
}
Event: 28.710 GC heap after
{Heap after GC invocations=37 (full 0):
 garbage-first heap   total 110592K, used 68382K [0x00000000c0000000, 0x0000000100000000)
  region size 1024K, 4 young (4096K), 4 survivors (4096K)
 Metaspace       used 54989K, capacity 56597K, committed 56752K, reserved 1097728K
  class space    used 7364K, capacity 7891K, committed 7936K, reserved 1048576K
}
Event: 30.195 GC heap before
{Heap before GC invocations=38 (full 0):
 garbage-first heap   total 116736K, used 88862K [0x00000000c0000000, 0x0000000100000000)
  region size 1024K, 24 young (24576K), 4 survivors (4096K)
 Metaspace       used 56593K, capacity 58241K, committed 58544K, reserved 1099776K
  class space    used 7620K, capacity 8136K, committed 8192K, reserved 1048576K
}
Event: 30.217 GC heap after
{Heap after GC invocations=39 (full 0):
 garbage-first heap   total 140288K, used 69552K [0x00000000c0000000, 0x0000000100000000)
  region size 1024K, 1 young (1024K), 1 survivors (1024K)
 Metaspace       used 56593K, capacity 58241K, committed 58544K, reserved 1099776K
  class space    used 7620K, capacity 8136K, committed 8192K, reserved 1048576K
}

