# JRE version: Java(TM) SE Runtime Environment (13.0.2+8) (build 13.0.2+8)
# Java VM: Java HotSpot(TM) 64-Bit Server VM (13.0.2+8, mixed mode, sharing, tiered, compressed oops, g1 gc, windows-amd64)
Heap:
 garbage-first heap   total 321536K, used 153856K [0x0000000080000000, 0x0000000100000000)
  region size 1024K, 3 young (3072K), 3 survivors (3072K)
 Metaspace       used 68293K, capacity 70157K, committed 70320K, reserved 1110016K
  class space    used 9251K, capacity 9880K, committed 9984K, reserved 1048576K
GC Heap History (20 events):
Event: 62.128 GC heap after
{Heap after GC invocations=49 (full 0):
 garbage-first heap   total 133120K, used 79448K [0x0000000080000000, 0x0000000100000000)
  region size 1024K, 4 young (4096K), 4 survivors (4096K)
 Metaspace       used 63825K, capacity 65660K, committed 65712K, reserved 1105920K
  class space    used 8557K, capacity 9179K, committed 9216K, reserved 1048576K
}
Event: 64.087 GC heap before
{Heap before GC invocations=50 (full 0):
 garbage-first heap   total 138240K, used 108120K [0x0000000080000000, 0x0000000100000000)
  region size 1024K, 33 young (33792K), 4 survivors (4096K)
 Metaspace       used 63815K, capacity 65600K, committed 65712K, reserved 1105920K
  class space    used 8546K, capacity 9158K, committed 9216K, reserved 1048576K
}
Event: 64.108 GC heap after
{Heap after GC invocations=51 (full 0):
 garbage-first heap   total 138240K, used 80723K [0x0000000080000000, 0x0000000100000000)
  region size 1024K, 4 young (4096K), 4 survivors (4096K)
 Metaspace       used 63815K, capacity 65600K, committed 65712K, reserved 1105920K
  class space    used 8546K, capacity 9158K, committed 9216K, reserved 1048576K
}
Event: 66.194 GC heap before
{Heap before GC invocations=51 (full 0):
 garbage-first heap   total 138240K, used 111443K [0x0000000080000000, 0x0000000100000000)
  region size 1024K, 35 young (35840K), 4 survivors (4096K)
 Metaspace       used 64838K, capacity 66592K, committed 66864K, reserved 1107968K
  class space    used 8700K, capacity 9332K, committed 9344K, reserved 1048576K
}
Event: 66.216 GC heap after
{Heap after GC invocations=52 (full 0):
 garbage-first heap   total 138240K, used 82144K [0x0000000080000000, 0x0000000100000000)
  region size 1024K, 3 young (3072K), 3 survivors (3072K)
 Metaspace       used 64838K, capacity 66592K, committed 66864K, reserved 1107968K
  class space    used 8700K, capacity 9332K, committed 9344K, reserved 1048576K
}
Event: 70.998 GC heap before
{Heap before GC invocations=53 (full 0):
 garbage-first heap   total 142336K, used 87264K [0x0000000080000000, 0x0000000100000000)
  region size 1024K, 9 young (9216K), 3 survivors (3072K)
 Metaspace       used 64922K, capacity 66744K, committed 66864K, reserved 1107968K
  class space    used 8717K, capacity 9340K, committed 9344K, reserved 1048576K
}
Event: 71.017 GC heap after
{Heap after GC invocations=54 (full 0):
 garbage-first heap   total 142336K, used 82587K [0x0000000080000000, 0x0000000100000000)
  region size 1024K, 2 young (2048K), 2 survivors (2048K)
 Metaspace       used 64922K, capacity 66744K, committed 66864K, reserved 1107968K
  class space    used 8717K, capacity 9340K, committed 9344K, reserved 1048576K
}
Event: 71.976 GC heap before
{Heap before GC invocations=55 (full 0):
 garbage-first heap   total 153600K, used 96923K [0x0000000080000000, 0x0000000100000000)
  region size 1024K, 10 young (10240K), 2 survivors (2048K)
 Metaspace       used 66368K, capacity 68212K, committed 68400K, reserved 1107968K
  class space    used 8914K, capacity 9555K, committed 9600K, reserved 1048576K
}
Event: 72.001 GC heap after
{Heap after GC invocations=56 (full 0):
 garbage-first heap   total 153600K, used 92014K [0x0000000080000000, 0x0000000100000000)
  region size 1024K, 4 young (4096K), 4 survivors (4096K)
 Metaspace       used 66368K, capacity 68212K, committed 68400K, reserved 1107968K
  class space    used 8914K, capacity 9555K, committed 9600K, reserved 1048576K
}
Event: 73.435 GC heap before
{Heap before GC invocations=57 (full 0):
 garbage-first heap   total 188416K, used 122734K [0x0000000080000000, 0x0000000100000000)
  region size 1024K, 20 young (20480K), 4 survivors (4096K)
 Metaspace       used 66639K, capacity 68443K, committed 68656K, reserved 1107968K
  class space    used 8950K, capacity 9589K, committed 9600K, reserved 1048576K
}
Event: 73.487 GC heap after
{Heap after GC invocations=58 (full 0):
 garbage-first heap   total 188416K, used 107428K [0x0000000080000000, 0x0000000100000000)
  region size 1024K, 4 young (4096K), 4 survivors (4096K)
 Metaspace       used 66639K, capacity 68443K, committed 68656K, reserved 1107968K
  class space    used 8950K, capacity 9589K, committed 9600K, reserved 1048576K
}
Event: 73.947 GC heap before
{Heap before GC invocations=59 (full 0):
 garbage-first heap   total 188416K, used 111524K [0x0000000080000000, 0x0000000100000000)
  region size 1024K, 8 young (8192K), 4 survivors (4096K)
 Metaspace       used 66639K, capacity 68443K, committed 68656K, reserved 1107968K
  class space    used 8950K, capacity 9589K, committed 9600K, reserved 1048576K
}
Event: 73.972 GC heap after
{Heap after GC invocations=60 (full 0):
 garbage-first heap   total 188416K, used 110464K [0x0000000080000000, 0x0000000100000000)
  region size 1024K, 4 young (4096K), 4 survivors (4096K)
 Metaspace       used 66639K, capacity 68443K, committed 68656K, reserved 1107968K
  class space    used 8950K, capacity 9589K, committed 9600K, reserved 1048576K
}
Event: 74.725 GC heap before
{Heap before GC invocations=61 (full 0):
 garbage-first heap   total 193536K, used 128896K [0x0000000080000000, 0x0000000100000000)
  region size 1024K, 23 young (23552K), 4 survivors (4096K)
 Metaspace       used 66677K, capacity 68508K, committed 68656K, reserved 1107968K
  class space    used 8951K, capacity 9589K, committed 9600K, reserved 1048576K
}
Event: 74.797 GC heap after
{Heap after GC invocations=62 (full 0):
 garbage-first heap   total 193536K, used 118378K [0x0000000080000000, 0x0000000100000000)
  region size 1024K, 4 young (4096K), 4 survivors (4096K)
 Metaspace       used 66677K, capacity 68508K, committed 68656K, reserved 1107968K
  class space    used 8951K, capacity 9589K, committed 9600K, reserved 1048576K
}
Event: 76.758 GC heap before
{Heap before GC invocations=63 (full 0):
 garbage-first heap   total 204800K, used 141930K [0x0000000080000000, 0x0000000100000000)
  region size 1024K, 26 young (26624K), 4 survivors (4096K)
 Metaspace       used 68247K, capacity 70092K, committed 70320K, reserved 1110016K
  class space    used 9250K, capacity 9880K, committed 9984K, reserved 1048576K
}
Event: 76.856 GC heap after
{Heap after GC invocations=64 (full 0):
 garbage-first heap   total 204800K, used 129664K [0x0000000080000000, 0x0000000100000000)
  region size 1024K, 4 young (4096K), 4 survivors (4096K)
 Metaspace       used 68247K, capacity 70092K, committed 70320K, reserved 1110016K
  class space    used 9250K, capacity 9880K, committed 9984K, reserved 1048576K
}
Event: 77.293 GC heap before
{Heap before GC invocations=64 (full 0):
 garbage-first heap   total 204800K, used 152192K [0x0000000080000000, 0x0000000100000000)
  region size 1024K, 27 young (27648K), 4 survivors (4096K)
 Metaspace       used 68266K, capacity 70093K, committed 70320K, reserved 1110016K
  class space    used 9251K, capacity 9880K, committed 9984K, reserved 1048576K
}
Event: 77.399 GC heap after
{Heap after GC invocations=65 (full 0):
 garbage-first heap   total 204800K, used 143616K [0x0000000080000000, 0x0000000100000000)
  region size 1024K, 4 young (4096K), 4 survivors (4096K)
 Metaspace       used 68266K, capacity 70093K, committed 70320K, reserved 1110016K
  class space    used 9251K, capacity 9880K, committed 9984K, reserved 1048576K
}
Event: 78.542 GC heap before
{Heap before GC invocations=66 (full 0):
 garbage-first heap   total 242688K, used 160000K [0x0000000080000000, 0x0000000100000000)
  region size 1024K, 21 young (21504K), 4 survivors (4096K)
 Metaspace       used 68293K, capacity 70157K, committed 70320K, reserved 1110016K
  class space    used 9251K, capacity 9880K, committed 9984K, reserved 1048576K
}

