# JRE version: Java(TM) SE Runtime Environment (13.0.2+8) (build 13.0.2+8)
# Java VM: Java HotSpot(TM) 64-Bit Server VM (13.0.2+8, mixed mode, sharing, tiered, compressed oops, g1 gc, windows-amd64)
Heap:
 garbage-first heap   total 119808K, used 81474K [0x0000000080000000, 0x0000000100000000)
  region size 1024K, 20 young (20480K), 3 survivors (3072K)
 Metaspace       used 55656K, capacity 57232K, committed 57472K, reserved 1099776K
  class space    used 7188K, capacity 7699K, committed 7808K, reserved 1048576K
GC Heap History (20 events):
Event: 68.457 GC heap before
{Heap before GC invocations=27 (full 0):
 garbage-first heap   total 81920K, used 65187K [0x0000000080000000, 0x0000000100000000)
  region size 1024K, 19 young (19456K), 2 survivors (2048K)
 Metaspace       used 40351K, capacity 41608K, committed 41856K, reserved 1085440K
  class space    used 5361K, capacity 5756K, committed 5760K, reserved 1048576K
}
Event: 68.474 GC heap after
{Heap after GC invocations=28 (full 0):
 garbage-first heap   total 81920K, used 48752K [0x0000000080000000, 0x0000000100000000)
  region size 1024K, 3 young (3072K), 3 survivors (3072K)
 Metaspace       used 40351K, capacity 41608K, committed 41856K, reserved 1085440K
  class space    used 5361K, capacity 5756K, committed 5760K, reserved 1048576K
}
Event: 69.160 GC heap before
{Heap before GC invocations=28 (full 0):
 garbage-first heap   total 81920K, used 53872K [0x0000000080000000, 0x0000000100000000)
  region size 1024K, 9 young (9216K), 3 survivors (3072K)
 Metaspace       used 40466K, capacity 41677K, committed 41856K, reserved 1085440K
  class space    used 5361K, capacity 5756K, committed 5760K, reserved 1048576K
}
Event: 69.172 GC heap after
{Heap after GC invocations=29 (full 0):
 garbage-first heap   total 81920K, used 50190K [0x0000000080000000, 0x0000000100000000)
  region size 1024K, 3 young (3072K), 3 survivors (3072K)
 Metaspace       used 40466K, capacity 41677K, committed 41856K, reserved 1085440K
  class space    used 5361K, capacity 5756K, committed 5760K, reserved 1048576K
}
Event: 69.392 GC heap before
{Heap before GC invocations=30 (full 0):
 garbage-first heap   total 92160K, used 54286K [0x0000000080000000, 0x0000000100000000)
  region size 1024K, 6 young (6144K), 3 survivors (3072K)
 Metaspace       used 40467K, capacity 41677K, committed 41856K, reserved 1085440K
  class space    used 5361K, capacity 5756K, committed 5760K, reserved 1048576K
}
Event: 69.400 GC heap after
{Heap after GC invocations=31 (full 0):
 garbage-first heap   total 92160K, used 53590K [0x0000000080000000, 0x0000000100000000)
  region size 1024K, 2 young (2048K), 2 survivors (2048K)
 Metaspace       used 40467K, capacity 41677K, committed 41856K, reserved 1085440K
  class space    used 5361K, capacity 5756K, committed 5760K, reserved 1048576K
}
Event: 72.802 GC heap before
{Heap before GC invocations=32 (full 0):
 garbage-first heap   total 96256K, used 72022K [0x0000000080000000, 0x0000000100000000)
  region size 1024K, 18 young (18432K), 2 survivors (2048K)
 Metaspace       used 41391K, capacity 42723K, committed 42880K, reserved 1085440K
  class space    used 5487K, capacity 5911K, committed 6016K, reserved 1048576K
}
Event: 72.812 GC heap after
{Heap after GC invocations=33 (full 0):
 garbage-first heap   total 96256K, used 58557K [0x0000000080000000, 0x0000000100000000)
  region size 1024K, 3 young (3072K), 3 survivors (3072K)
 Metaspace       used 41391K, capacity 42723K, committed 42880K, reserved 1085440K
  class space    used 5487K, capacity 5911K, committed 6016K, reserved 1048576K
}
Event: 74.246 GC heap before
{Heap before GC invocations=33 (full 0):
 garbage-first heap   total 96256K, used 73917K [0x0000000080000000, 0x0000000100000000)
  region size 1024K, 18 young (18432K), 3 survivors (3072K)
 Metaspace       used 44380K, capacity 45747K, committed 46080K, reserved 1089536K
  class space    used 5872K, capacity 6302K, committed 6400K, reserved 1048576K
}
Event: 74.258 GC heap after
{Heap after GC invocations=34 (full 0):
 garbage-first heap   total 96256K, used 59314K [0x0000000080000000, 0x0000000100000000)
  region size 1024K, 1 young (1024K), 1 survivors (1024K)
 Metaspace       used 44380K, capacity 45747K, committed 46080K, reserved 1089536K
  class space    used 5872K, capacity 6302K, committed 6400K, reserved 1048576K
}
Event: 75.852 GC heap before
{Heap before GC invocations=35 (full 0):
 garbage-first heap   total 104448K, used 74674K [0x0000000080000000, 0x0000000100000000)
  region size 1024K, 16 young (16384K), 1 survivors (1024K)
 Metaspace       used 46836K, capacity 48224K, committed 48384K, reserved 1091584K
  class space    used 6114K, capacity 6532K, committed 6656K, reserved 1048576K
}
Event: 75.861 GC heap after
{Heap after GC invocations=36 (full 0):
 garbage-first heap   total 104448K, used 59791K [0x0000000080000000, 0x0000000100000000)
  region size 1024K, 2 young (2048K), 2 survivors (2048K)
 Metaspace       used 46836K, capacity 48224K, committed 48384K, reserved 1091584K
  class space    used 6114K, capacity 6532K, committed 6656K, reserved 1048576K
}
Event: 81.018 GC heap before
{Heap before GC invocations=36 (full 0):
 garbage-first heap   total 104448K, used 77199K [0x0000000080000000, 0x0000000100000000)
  region size 1024K, 20 young (20480K), 2 survivors (2048K)
 Metaspace       used 49791K, capacity 51241K, committed 51328K, reserved 1093632K
  class space    used 6499K, capacity 6964K, committed 7040K, reserved 1048576K
}
Event: 81.038 GC heap after
{Heap after GC invocations=37 (full 0):
 garbage-first heap   total 104448K, used 61156K [0x0000000080000000, 0x0000000100000000)
  region size 1024K, 3 young (3072K), 3 survivors (3072K)
 Metaspace       used 49791K, capacity 51241K, committed 51328K, reserved 1093632K
  class space    used 6499K, capacity 6964K, committed 7040K, reserved 1048576K
}
Event: 82.610 GC heap before
{Heap before GC invocations=38 (full 0):
 garbage-first heap   total 119808K, used 78564K [0x0000000080000000, 0x0000000100000000)
  region size 1024K, 21 young (21504K), 3 survivors (3072K)
 Metaspace       used 50644K, capacity 52035K, committed 52224K, reserved 1093632K
  class space    used 6610K, capacity 7056K, committed 7168K, reserved 1048576K
}
Event: 82.632 GC heap after
{Heap after GC invocations=39 (full 0):
 garbage-first heap   total 119808K, used 62592K [0x0000000080000000, 0x0000000100000000)
  region size 1024K, 3 young (3072K), 3 survivors (3072K)
 Metaspace       used 50644K, capacity 52035K, committed 52224K, reserved 1093632K
  class space    used 6610K, capacity 7056K, committed 7168K, reserved 1048576K
}
Event: 84.581 GC heap before
{Heap before GC invocations=39 (full 0):
 garbage-first heap   total 119808K, used 73856K [0x0000000080000000, 0x0000000100000000)
  region size 1024K, 16 young (16384K), 3 survivors (3072K)
 Metaspace       used 51947K, capacity 53401K, committed 53632K, reserved 1095680K
  class space    used 6780K, capacity 7251K, committed 7296K, reserved 1048576K
}
Event: 84.596 GC heap after
{Heap after GC invocations=40 (full 0):
 garbage-first heap   total 119808K, used 63843K [0x0000000080000000, 0x0000000100000000)
  region size 1024K, 3 young (3072K), 3 survivors (3072K)
 Metaspace       used 51947K, capacity 53401K, committed 53632K, reserved 1095680K
  class space    used 6780K, capacity 7251K, committed 7296K, reserved 1048576K
}
Event: 87.731 GC heap before
{Heap before GC invocations=41 (full 0):
 garbage-first heap   total 119808K, used 87395K [0x0000000080000000, 0x0000000100000000)
  region size 1024K, 25 young (25600K), 3 survivors (3072K)
 Metaspace       used 55294K, capacity 56892K, committed 57088K, reserved 1099776K
  class space    used 7133K, capacity 7627K, committed 7680K, reserved 1048576K
}
Event: 87.749 GC heap after
{Heap after GC invocations=42 (full 0):
 garbage-first heap   total 119808K, used 65090K [0x0000000080000000, 0x0000000100000000)
  region size 1024K, 3 young (3072K), 3 survivors (3072K)
 Metaspace       used 55294K, capacity 56892K, committed 57088K, reserved 1099776K
  class space    used 7133K, capacity 7627K, committed 7680K, reserved 1048576K
}

