# JRE version: Java(TM) SE Runtime Environment (13.0.2+8) (build 13.0.2+8)
# Java VM: Java HotSpot(TM) 64-Bit Server VM (13.0.2+8, mixed mode, sharing, tiered, compressed oops, g1 gc, windows-amd64)
Heap:
 garbage-first heap   total 321536K, used 190776K [0x00000000c0000000, 0x0000000100000000)
  region size 1024K, 12 young (12288K), 4 survivors (4096K)
 Metaspace       used 87487K, capacity 89853K, committed 90032K, reserved 1126400K
  class space    used 11650K, capacity 12451K, committed 12544K, reserved 1048576K
GC Heap History (20 events):
Event: 115.628 GC heap before
{Heap before GC invocations=75 (full 0):
 garbage-first heap   total 178176K, used 163910K [0x00000000c0000000, 0x0000000100000000)
  region size 1024K, 35 young (35840K), 3 survivors (3072K)
 Metaspace       used 86149K, capacity 88483K, committed 88752K, reserved 1126400K
  class space    used 11453K, capacity 12237K, committed 12288K, reserved 1048576K
}
Event: 115.653 GC heap after
{Heap after GC invocations=76 (full 0):
 garbage-first heap   total 178176K, used 124836K [0x00000000c0000000, 0x0000000100000000)
  region size 1024K, 5 young (5120K), 5 survivors (5120K)
 Metaspace       used 86149K, capacity 88483K, committed 88752K, reserved 1126400K
  class space    used 11453K, capacity 12237K, committed 12288K, reserved 1048576K
}
Event: 115.830 GC heap before
{Heap before GC invocations=76 (full 0):
 garbage-first heap   total 178176K, used 126884K [0x00000000c0000000, 0x0000000100000000)
  region size 1024K, 8 young (8192K), 5 survivors (5120K)
 Metaspace       used 86240K, capacity 88618K, committed 88752K, reserved 1126400K
  class space    used 11459K, capacity 12239K, committed 12288K, reserved 1048576K
}
Event: 115.885 GC heap after
{Heap after GC invocations=77 (full 0):
 garbage-first heap   total 178176K, used 115659K [0x00000000c0000000, 0x0000000100000000)
  region size 1024K, 1 young (1024K), 1 survivors (1024K)
 Metaspace       used 86240K, capacity 88618K, committed 88752K, reserved 1126400K
  class space    used 11459K, capacity 12239K, committed 12288K, reserved 1048576K
}
Event: 116.345 GC heap before
{Heap before GC invocations=77 (full 0):
 garbage-first heap   total 178176K, used 126923K [0x00000000c0000000, 0x0000000100000000)
  region size 1024K, 14 young (14336K), 1 survivors (1024K)
 Metaspace       used 86255K, capacity 88618K, committed 88752K, reserved 1126400K
  class space    used 11459K, capacity 12239K, committed 12288K, reserved 1048576K
}
Event: 116.395 GC heap after
{Heap after GC invocations=78 (full 0):
 garbage-first heap   total 178176K, used 121856K [0x00000000c0000000, 0x0000000100000000)
  region size 1024K, 4 young (4096K), 4 survivors (4096K)
 Metaspace       used 86255K, capacity 88618K, committed 88752K, reserved 1126400K
  class space    used 11459K, capacity 12239K, committed 12288K, reserved 1048576K
}
Event: 116.959 GC heap before
{Heap before GC invocations=79 (full 0):
 garbage-first heap   total 204800K, used 123904K [0x00000000c0000000, 0x0000000100000000)
  region size 1024K, 8 young (8192K), 4 survivors (4096K)
 Metaspace       used 86255K, capacity 88618K, committed 88752K, reserved 1126400K
  class space    used 11459K, capacity 12239K, committed 12288K, reserved 1048576K
}
Event: 116.999 GC heap after
{Heap after GC invocations=80 (full 0):
 garbage-first heap   total 204800K, used 123179K [0x00000000c0000000, 0x0000000100000000)
  region size 1024K, 3 young (3072K), 3 survivors (3072K)
 Metaspace       used 86255K, capacity 88618K, committed 88752K, reserved 1126400K
  class space    used 11459K, capacity 12239K, committed 12288K, reserved 1048576K
}
Event: 117.937 GC heap before
{Heap before GC invocations=81 (full 0):
 garbage-first heap   total 217088K, used 144683K [0x00000000c0000000, 0x0000000100000000)
  region size 1024K, 24 young (24576K), 3 survivors (3072K)
 Metaspace       used 86271K, capacity 88619K, committed 88752K, reserved 1126400K
  class space    used 11459K, capacity 12239K, committed 12288K, reserved 1048576K
}
Event: 118.017 GC heap after
{Heap after GC invocations=82 (full 0):
 garbage-first heap   total 217088K, used 133120K [0x00000000c0000000, 0x0000000100000000)
  region size 1024K, 4 young (4096K), 4 survivors (4096K)
 Metaspace       used 86271K, capacity 88619K, committed 88752K, reserved 1126400K
  class space    used 11459K, capacity 12239K, committed 12288K, reserved 1048576K
}
Event: 120.288 GC heap before
{Heap before GC invocations=83 (full 0):
 garbage-first heap   total 240640K, used 159744K [0x00000000c0000000, 0x0000000100000000)
  region size 1024K, 29 young (29696K), 4 survivors (4096K)
 Metaspace       used 87270K, capacity 89639K, committed 89776K, reserved 1126400K
  class space    used 11647K, capacity 12448K, committed 12544K, reserved 1048576K
}
Event: 120.441 GC heap after
{Heap after GC invocations=84 (full 0):
 garbage-first heap   total 240640K, used 146944K [0x00000000c0000000, 0x0000000100000000)
  region size 1024K, 4 young (4096K), 4 survivors (4096K)
 Metaspace       used 87270K, capacity 89639K, committed 89776K, reserved 1126400K
  class space    used 11647K, capacity 12448K, committed 12544K, reserved 1048576K
}
Event: 121.584 GC heap before
{Heap before GC invocations=84 (full 0):
 garbage-first heap   total 240640K, used 176640K [0x00000000c0000000, 0x0000000100000000)
  region size 1024K, 33 young (33792K), 4 survivors (4096K)
 Metaspace       used 87333K, capacity 89703K, committed 90032K, reserved 1126400K
  class space    used 11647K, capacity 12448K, committed 12544K, reserved 1048576K
}
Event: 121.746 GC heap after
{Heap after GC invocations=85 (full 0):
 garbage-first heap   total 240640K, used 164352K [0x00000000c0000000, 0x0000000100000000)
  region size 1024K, 5 young (5120K), 5 survivors (5120K)
 Metaspace       used 87333K, capacity 89703K, committed 90032K, reserved 1126400K
  class space    used 11647K, capacity 12448K, committed 12544K, reserved 1048576K
}
Event: 126.452 GC heap before
{Heap before GC invocations=86 (full 0):
 garbage-first heap   total 276480K, used 172544K [0x00000000c0000000, 0x0000000100000000)
  region size 1024K, 14 young (14336K), 5 survivors (5120K)
 Metaspace       used 87346K, capacity 89715K, committed 90032K, reserved 1126400K
  class space    used 11648K, capacity 12450K, committed 12544K, reserved 1048576K
}
Event: 126.535 GC heap after
{Heap after GC invocations=87 (full 0):
 garbage-first heap   total 276480K, used 170496K [0x00000000c0000000, 0x0000000100000000)
  region size 1024K, 4 young (4096K), 4 survivors (4096K)
 Metaspace       used 87346K, capacity 89715K, committed 90032K, reserved 1126400K
  class space    used 11648K, capacity 12450K, committed 12544K, reserved 1048576K
}
Event: 130.377 GC heap before
{Heap before GC invocations=88 (full 0):
 garbage-first heap   total 290816K, used 200192K [0x00000000c0000000, 0x0000000100000000)
  region size 1024K, 32 young (32768K), 4 survivors (4096K)
 Metaspace       used 87419K, capacity 89784K, committed 90032K, reserved 1126400K
  class space    used 11649K, capacity 12450K, committed 12544K, reserved 1048576K
}
Event: 130.506 GC heap after
{Heap after GC invocations=89 (full 0):
 garbage-first heap   total 290816K, used 189440K [0x00000000c0000000, 0x0000000100000000)
  region size 1024K, 4 young (4096K), 4 survivors (4096K)
 Metaspace       used 87419K, capacity 89784K, committed 90032K, reserved 1126400K
  class space    used 11649K, capacity 12450K, committed 12544K, reserved 1048576K
}
Event: 130.906 GC heap before
{Heap before GC invocations=89 (full 0):
 garbage-first heap   total 290816K, used 198656K [0x00000000c0000000, 0x0000000100000000)
  region size 1024K, 14 young (14336K), 4 survivors (4096K)
 Metaspace       used 87420K, capacity 89784K, committed 90032K, reserved 1126400K
  class space    used 11649K, capacity 12450K, committed 12544K, reserved 1048576K
}
Event: 130.991 GC heap after
{Heap after GC invocations=90 (full 0):
 garbage-first heap   total 290816K, used 193848K [0x00000000c0000000, 0x0000000100000000)
  region size 1024K, 4 young (4096K), 4 survivors (4096K)
 Metaspace       used 87420K, capacity 89784K, committed 90032K, reserved 1126400K
  class space    used 11649K, capacity 12450K, committed 12544K, reserved 1048576K
}

