# JRE version: Java(TM) SE Runtime Environment (13.0.2+8) (build 13.0.2+8)
# Java VM: Java HotSpot(TM) 64-Bit Server VM (13.0.2+8, mixed mode, sharing, tiered, compressed oops, g1 gc, windows-amd64)
Heap:
 garbage-first heap   total 551936K, used 218983K [0x00000000c0000000, 0x0000000100000000)
  region size 1024K, 7 young (7168K), 7 survivors (7168K)
 Metaspace       used 109121K, capacity 112904K, committed 113072K, reserved 1146880K
  class space    used 13543K, capacity 14848K, committed 14848K, reserved 1048576K
GC Heap History (20 events):
Event: 18318.441 GC heap after
{Heap after GC invocations=463 (full 0):
 garbage-first heap   total 400384K, used 192762K [0x00000000c0000000, 0x0000000100000000)
  region size 1024K, 2 young (2048K), 2 survivors (2048K)
 Metaspace       used 108610K, capacity 112195K, committed 112816K, reserved 1146880K
  class space    used 13472K, capacity 14719K, committed 14848K, reserved 1048576K
}
Event: 18320.251 GC heap before
{Heap before GC invocations=464 (full 0):
 garbage-first heap   total 400384K, used 206074K [0x00000000c0000000, 0x0000000100000000)
  region size 1024K, 26 young (26624K), 2 survivors (2048K)
 Metaspace       used 108610K, capacity 112195K, committed 112816K, reserved 1146880K
  class space    used 13472K, capacity 14719K, committed 14848K, reserved 1048576K
}
Event: 18320.377 GC heap after
{Heap after GC invocations=465 (full 0):
 garbage-first heap   total 400384K, used 192307K [0x00000000c0000000, 0x0000000100000000)
  region size 1024K, 5 young (5120K), 5 survivors (5120K)
 Metaspace       used 108610K, capacity 112195K, committed 112816K, reserved 1146880K
  class space    used 13472K, capacity 14719K, committed 14848K, reserved 1048576K
}
Event: 18321.611 GC heap before
{Heap before GC invocations=465 (full 0):
 garbage-first heap   total 400384K, used 214835K [0x00000000c0000000, 0x0000000100000000)
  region size 1024K, 19 young (19456K), 5 survivors (5120K)
 Metaspace       used 108610K, capacity 112195K, committed 112816K, reserved 1146880K
  class space    used 13472K, capacity 14719K, committed 14848K, reserved 1048576K
}
Event: 18321.946 GC heap after
{Heap after GC invocations=466 (full 0):
 garbage-first heap   total 400384K, used 206586K [0x00000000c0000000, 0x0000000100000000)
  region size 1024K, 3 young (3072K), 3 survivors (3072K)
 Metaspace       used 108610K, capacity 112195K, committed 112816K, reserved 1146880K
  class space    used 13472K, capacity 14719K, committed 14848K, reserved 1048576K
}
Event: 18322.929 GC heap before
{Heap before GC invocations=467 (full 0):
 garbage-first heap   total 400384K, used 231162K [0x00000000c0000000, 0x0000000100000000)
  region size 1024K, 19 young (19456K), 3 survivors (3072K)
 Metaspace       used 108610K, capacity 112195K, committed 112816K, reserved 1146880K
  class space    used 13472K, capacity 14719K, committed 14848K, reserved 1048576K
}
Event: 18322.995 GC heap after
{Heap after GC invocations=468 (full 0):
 garbage-first heap   total 400384K, used 220155K [0x00000000c0000000, 0x0000000100000000)
  region size 1024K, 3 young (3072K), 3 survivors (3072K)
 Metaspace       used 108610K, capacity 112195K, committed 112816K, reserved 1146880K
  class space    used 13472K, capacity 14719K, committed 14848K, reserved 1048576K
}
Event: 18323.343 GC heap before
{Heap before GC invocations=468 (full 0):
 garbage-first heap   total 400384K, used 242683K [0x00000000c0000000, 0x0000000100000000)
  region size 1024K, 19 young (19456K), 3 survivors (3072K)
 Metaspace       used 108610K, capacity 112195K, committed 112816K, reserved 1146880K
  class space    used 13472K, capacity 14719K, committed 14848K, reserved 1048576K
}
Event: 18323.398 GC heap after
{Heap after GC invocations=469 (full 0):
 garbage-first heap   total 400384K, used 223834K [0x00000000c0000000, 0x0000000100000000)
  region size 1024K, 3 young (3072K), 3 survivors (3072K)
 Metaspace       used 108610K, capacity 112195K, committed 112816K, reserved 1146880K
  class space    used 13472K, capacity 14719K, committed 14848K, reserved 1048576K
}
Event: 18323.446 GC heap before
{Heap before GC invocations=469 (full 0):
 garbage-first heap   total 400384K, used 243290K [0x00000000c0000000, 0x0000000100000000)
  region size 1024K, 22 young (22528K), 3 survivors (3072K)
 Metaspace       used 108610K, capacity 112195K, committed 112816K, reserved 1146880K
  class space    used 13472K, capacity 14719K, committed 14848K, reserved 1048576K
}
Event: 18323.481 GC heap after
{Heap after GC invocations=470 (full 0):
 garbage-first heap   total 400384K, used 226986K [0x00000000c0000000, 0x0000000100000000)
  region size 1024K, 3 young (3072K), 3 survivors (3072K)
 Metaspace       used 108610K, capacity 112195K, committed 112816K, reserved 1146880K
  class space    used 13472K, capacity 14719K, committed 14848K, reserved 1048576K
}
Event: 18323.551 GC heap before
{Heap before GC invocations=470 (full 0):
 garbage-first heap   total 400384K, used 243370K [0x00000000c0000000, 0x0000000100000000)
  region size 1024K, 19 young (19456K), 3 survivors (3072K)
 Metaspace       used 108610K, capacity 112195K, committed 112816K, reserved 1146880K
  class space    used 13472K, capacity 14719K, committed 14848K, reserved 1048576K
}
Event: 18323.581 GC heap after
{Heap after GC invocations=471 (full 0):
 garbage-first heap   total 400384K, used 230529K [0x00000000c0000000, 0x0000000100000000)
  region size 1024K, 3 young (3072K), 3 survivors (3072K)
 Metaspace       used 108610K, capacity 112195K, committed 112816K, reserved 1146880K
  class space    used 13472K, capacity 14719K, committed 14848K, reserved 1048576K
}
Event: 18323.866 GC heap before
{Heap before GC invocations=471 (full 0):
 garbage-first heap   total 400384K, used 263297K [0x00000000c0000000, 0x0000000100000000)
  region size 1024K, 23 young (23552K), 3 survivors (3072K)
 Metaspace       used 108610K, capacity 112195K, committed 112816K, reserved 1146880K
  class space    used 13472K, capacity 14719K, committed 14848K, reserved 1048576K
}
Event: 18323.887 GC heap after
{Heap after GC invocations=472 (full 0):
 garbage-first heap   total 400384K, used 244612K [0x00000000c0000000, 0x0000000100000000)
  region size 1024K, 2 young (2048K), 2 survivors (2048K)
 Metaspace       used 108610K, capacity 112195K, committed 112816K, reserved 1146880K
  class space    used 13472K, capacity 14719K, committed 14848K, reserved 1048576K
}
Event: 18326.254 GC heap before
{Heap before GC invocations=473 (full 0):
 garbage-first heap   total 427008K, used 266116K [0x00000000c0000000, 0x0000000100000000)
  region size 1024K, 27 young (27648K), 2 survivors (2048K)
 Metaspace       used 108744K, capacity 112399K, committed 112816K, reserved 1146880K
  class space    used 13496K, capacity 14762K, committed 14848K, reserved 1048576K
}
Event: 18326.279 GC heap after
{Heap after GC invocations=474 (full 0):
 garbage-first heap   total 427008K, used 230418K [0x00000000c0000000, 0x0000000100000000)
  region size 1024K, 2 young (2048K), 2 survivors (2048K)
 Metaspace       used 108744K, capacity 112399K, committed 112816K, reserved 1146880K
  class space    used 13496K, capacity 14762K, committed 14848K, reserved 1048576K
}
Event: 18328.345 GC heap before
{Heap before GC invocations=474 (full 0):
 garbage-first heap   total 427008K, used 266258K [0x00000000c0000000, 0x0000000100000000)
  region size 1024K, 20 young (20480K), 2 survivors (2048K)
 Metaspace       used 108912K, capacity 112657K, committed 112816K, reserved 1146880K
  class space    used 13520K, capacity 14805K, committed 14848K, reserved 1048576K
}
Event: 18328.527 GC heap after
{Heap after GC invocations=475 (full 0):
 garbage-first heap   total 427008K, used 212676K [0x00000000c0000000, 0x0000000100000000)
  region size 1024K, 1 young (1024K), 1 survivors (1024K)
 Metaspace       used 108912K, capacity 112657K, committed 112816K, reserved 1146880K
  class space    used 13520K, capacity 14805K, committed 14848K, reserved 1048576K
}
Event: 18674.329 GC heap before
{Heap before GC invocations=475 (full 0):
 garbage-first heap   total 427008K, used 263876K [0x00000000c0000000, 0x0000000100000000)
  region size 1024K, 51 young (52224K), 1 survivors (1024K)
 Metaspace       used 109121K, capacity 112904K, committed 113072K, reserved 1146880K
  class space    used 13543K, capacity 14848K, committed 14848K, reserved 1048576K
}

