# JRE version: Java(TM) SE Runtime Environment (13.0.2+8) (build 13.0.2+8)
# Java VM: Java HotSpot(TM) 64-Bit Server VM (13.0.2+8, mixed mode, sharing, tiered, compressed oops, g1 gc, windows-amd64)
Heap:
 garbage-first heap   total 229376K, used 135392K [0x00000000c0000000, 0x0000000100000000)
  region size 1024K, 11 young (11264K), 3 survivors (3072K)
 Metaspace       used 80943K, capacity 83168K, committed 83248K, reserved 1120256K
  class space    used 10811K, capacity 11585K, committed 11648K, reserved 1048576K
GC Heap History (20 events):
Event: 44.207 GC heap before
{Heap before GC invocations=54 (full 0):
 garbage-first heap   total 144384K, used 95086K [0x00000000c0000000, 0x0000000100000000)
  region size 1024K, 19 young (19456K), 5 survivors (5120K)
 Metaspace       used 71042K, capacity 73007K, committed 73136K, reserved 1112064K
  class space    used 9470K, capacity 10118K, committed 10240K, reserved 1048576K
}
Event: 44.253 GC heap after
{Heap after GC invocations=55 (full 0):
 garbage-first heap   total 144384K, used 84936K [0x00000000c0000000, 0x0000000100000000)
  region size 1024K, 3 young (3072K), 3 survivors (3072K)
 Metaspace       used 71042K, capacity 73007K, committed 73136K, reserved 1112064K
  class space    used 9470K, capacity 10118K, committed 10240K, reserved 1048576K
}
Event: 46.766 GC heap before
{Heap before GC invocations=56 (full 0):
 garbage-first heap   total 150528K, used 110536K [0x00000000c0000000, 0x0000000100000000)
  region size 1024K, 27 young (27648K), 3 survivors (3072K)
 Metaspace       used 71803K, capacity 73740K, committed 73904K, reserved 1114112K
  class space    used 9536K, capacity 10191K, committed 10240K, reserved 1048576K
}
Event: 46.797 GC heap after
{Heap after GC invocations=57 (full 0):
 garbage-first heap   total 150528K, used 93182K [0x00000000c0000000, 0x0000000100000000)
  region size 1024K, 4 young (4096K), 4 survivors (4096K)
 Metaspace       used 71803K, capacity 73740K, committed 73904K, reserved 1114112K
  class space    used 9536K, capacity 10191K, committed 10240K, reserved 1048576K
}
Event: 49.203 GC heap before
{Heap before GC invocations=57 (full 0):
 garbage-first heap   total 150528K, used 115710K [0x00000000c0000000, 0x0000000100000000)
  region size 1024K, 27 young (27648K), 4 survivors (4096K)
 Metaspace       used 73015K, capacity 75019K, committed 75056K, reserved 1114112K
  class space    used 9671K, capacity 10334K, committed 10368K, reserved 1048576K
}
Event: 49.232 GC heap after
{Heap after GC invocations=58 (full 0):
 garbage-first heap   total 150528K, used 95974K [0x00000000c0000000, 0x0000000100000000)
  region size 1024K, 3 young (3072K), 3 survivors (3072K)
 Metaspace       used 73015K, capacity 75019K, committed 75056K, reserved 1114112K
  class space    used 9671K, capacity 10334K, committed 10368K, reserved 1048576K
}
Event: 50.629 GC heap before
{Heap before GC invocations=59 (full 0):
 garbage-first heap   total 165888K, used 117478K [0x00000000c0000000, 0x0000000100000000)
  region size 1024K, 25 young (25600K), 3 survivors (3072K)
 Metaspace       used 73512K, capacity 75527K, committed 75696K, reserved 1114112K
  class space    used 9740K, capacity 10438K, committed 10496K, reserved 1048576K
}
Event: 50.654 GC heap after
{Heap after GC invocations=60 (full 0):
 garbage-first heap   total 165888K, used 96935K [0x00000000c0000000, 0x0000000100000000)
  region size 1024K, 2 young (2048K), 2 survivors (2048K)
 Metaspace       used 73512K, capacity 75527K, committed 75696K, reserved 1114112K
  class space    used 9740K, capacity 10438K, committed 10496K, reserved 1048576K
}
Event: 53.344 GC heap before
{Heap before GC invocations=60 (full 0):
 garbage-first heap   total 165888K, used 124583K [0x00000000c0000000, 0x0000000100000000)
  region size 1024K, 30 young (30720K), 2 survivors (2048K)
 Metaspace       used 80319K, capacity 82593K, committed 82736K, reserved 1120256K
  class space    used 10737K, capacity 11528K, committed 11648K, reserved 1048576K
}
Event: 53.359 GC heap after
{Heap after GC invocations=61 (full 0):
 garbage-first heap   total 165888K, used 97694K [0x00000000c0000000, 0x0000000100000000)
  region size 1024K, 2 young (2048K), 2 survivors (2048K)
 Metaspace       used 80319K, capacity 82593K, committed 82736K, reserved 1120256K
  class space    used 10737K, capacity 11528K, committed 11648K, reserved 1048576K
}
Event: 55.095 GC heap before
{Heap before GC invocations=62 (full 0):
 garbage-first heap   total 165888K, used 137630K [0x00000000c0000000, 0x0000000100000000)
  region size 1024K, 32 young (32768K), 2 survivors (2048K)
 Metaspace       used 80718K, capacity 82936K, committed 83248K, reserved 1120256K
  class space    used 10790K, capacity 11571K, committed 11648K, reserved 1048576K
}
Event: 55.118 GC heap after
{Heap after GC invocations=63 (full 0):
 garbage-first heap   total 165888K, used 108831K [0x00000000c0000000, 0x0000000100000000)
  region size 1024K, 4 young (4096K), 4 survivors (4096K)
 Metaspace       used 80718K, capacity 82936K, committed 83248K, reserved 1120256K
  class space    used 10790K, capacity 11571K, committed 11648K, reserved 1048576K
}
Event: 55.245 GC heap before
{Heap before GC invocations=63 (full 0):
 garbage-first heap   total 165888K, used 130335K [0x00000000c0000000, 0x0000000100000000)
  region size 1024K, 8 young (8192K), 4 survivors (4096K)
 Metaspace       used 80752K, capacity 82936K, committed 83248K, reserved 1120256K
  class space    used 10793K, capacity 11571K, committed 11648K, reserved 1048576K
}
Event: 55.305 GC heap after
{Heap after GC invocations=64 (full 0):
 garbage-first heap   total 165888K, used 110723K [0x00000000c0000000, 0x0000000100000000)
  region size 1024K, 1 young (1024K), 1 survivors (1024K)
 Metaspace       used 80752K, capacity 82936K, committed 83248K, reserved 1120256K
  class space    used 10793K, capacity 11571K, committed 11648K, reserved 1048576K
}
Event: 55.777 GC heap before
{Heap before GC invocations=64 (full 0):
 garbage-first heap   total 165888K, used 125059K [0x00000000c0000000, 0x0000000100000000)
  region size 1024K, 17 young (17408K), 1 survivors (1024K)
 Metaspace       used 80849K, capacity 83135K, committed 83248K, reserved 1120256K
  class space    used 10799K, capacity 11573K, committed 11648K, reserved 1048576K
}
Event: 55.812 GC heap after
{Heap after GC invocations=65 (full 0):
 garbage-first heap   total 165888K, used 117760K [0x00000000c0000000, 0x0000000100000000)
  region size 1024K, 4 young (4096K), 4 survivors (4096K)
 Metaspace       used 80849K, capacity 83135K, committed 83248K, reserved 1120256K
  class space    used 10799K, capacity 11573K, committed 11648K, reserved 1048576K
}
Event: 56.301 GC heap before
{Heap before GC invocations=66 (full 0):
 garbage-first heap   total 191488K, used 117760K [0x00000000c0000000, 0x0000000100000000)
  region size 1024K, 8 young (8192K), 4 survivors (4096K)
 Metaspace       used 80849K, capacity 83135K, committed 83248K, reserved 1120256K
  class space    used 10799K, capacity 11573K, committed 11648K, reserved 1048576K
}
Event: 56.328 GC heap after
{Heap after GC invocations=67 (full 0):
 garbage-first heap   total 191488K, used 117654K [0x00000000c0000000, 0x0000000100000000)
  region size 1024K, 2 young (2048K), 2 survivors (2048K)
 Metaspace       used 80849K, capacity 83135K, committed 83248K, reserved 1120256K
  class space    used 10799K, capacity 11573K, committed 11648K, reserved 1048576K
}
Event: 57.147 GC heap before
{Heap before GC invocations=68 (full 0):
 garbage-first heap   total 201728K, used 138134K [0x00000000c0000000, 0x0000000100000000)
  region size 1024K, 22 young (22528K), 2 survivors (2048K)
 Metaspace       used 80899K, capacity 83136K, committed 83248K, reserved 1120256K
  class space    used 10800K, capacity 11573K, committed 11648K, reserved 1048576K
}
Event: 57.227 GC heap after
{Heap after GC invocations=69 (full 0):
 garbage-first heap   total 201728K, used 127200K [0x00000000c0000000, 0x0000000100000000)
  region size 1024K, 3 young (3072K), 3 survivors (3072K)
 Metaspace       used 80899K, capacity 83136K, committed 83248K, reserved 1120256K
  class space    used 10800K, capacity 11573K, committed 11648K, reserved 1048576K
}

