# JRE version: Java(TM) SE Runtime Environment (13.0.2+8) (build 13.0.2+8)
# Java VM: Java HotSpot(TM) 64-Bit Server VM (13.0.2+8, mixed mode, sharing, tiered, compressed oops, g1 gc, windows-amd64)
Heap:
 garbage-first heap   total 244736K, used 145330K [0x00000000c0000000, 0x0000000100000000)
  region size 1024K, 4 young (4096K), 3 survivors (3072K)
 Metaspace       used 72634K, capacity 74607K, committed 74832K, reserved 1114112K
  class space    used 9556K, capacity 10237K, committed 10240K, reserved 1048576K
GC Heap History (20 events):
Event: 91.419 GC heap before
{Heap before GC invocations=53 (full 0):
 garbage-first heap   total 143360K, used 114985K [0x00000000c0000000, 0x0000000100000000)
  region size 1024K, 34 young (34816K), 4 survivors (4096K)
 Metaspace       used 68830K, capacity 70692K, committed 70864K, reserved 1110016K
  class space    used 8944K, capacity 9594K, committed 9600K, reserved 1048576K
}
Event: 91.444 GC heap after
{Heap after GC invocations=54 (full 0):
 garbage-first heap   total 143360K, used 85232K [0x00000000c0000000, 0x0000000100000000)
  region size 1024K, 3 young (3072K), 3 survivors (3072K)
 Metaspace       used 68830K, capacity 70692K, committed 70864K, reserved 1110016K
  class space    used 8944K, capacity 9594K, committed 9600K, reserved 1048576K
}
Event: 93.456 GC heap before
{Heap before GC invocations=54 (full 0):
 garbage-first heap   total 143360K, used 97520K [0x00000000c0000000, 0x0000000100000000)
  region size 1024K, 16 young (16384K), 3 survivors (3072K)
 Metaspace       used 69327K, capacity 71228K, committed 71504K, reserved 1112064K
  class space    used 9024K, capacity 9666K, committed 9728K, reserved 1048576K
}
Event: 93.477 GC heap after
{Heap after GC invocations=55 (full 0):
 garbage-first heap   total 143360K, used 86282K [0x00000000c0000000, 0x0000000100000000)
  region size 1024K, 3 young (3072K), 3 survivors (3072K)
 Metaspace       used 69327K, capacity 71228K, committed 71504K, reserved 1112064K
  class space    used 9024K, capacity 9666K, committed 9728K, reserved 1048576K
}
Event: 93.983 GC heap before
{Heap before GC invocations=56 (full 0):
 garbage-first heap   total 162816K, used 95498K [0x00000000c0000000, 0x0000000100000000)
  region size 1024K, 4 young (4096K), 3 survivors (3072K)
 Metaspace       used 69359K, capacity 71295K, committed 71504K, reserved 1112064K
  class space    used 9028K, capacity 9667K, committed 9728K, reserved 1048576K
}
Event: 94.011 GC heap after
{Heap after GC invocations=57 (full 0):
 garbage-first heap   total 162816K, used 96651K [0x00000000c0000000, 0x0000000100000000)
  region size 1024K, 2 young (2048K), 2 survivors (2048K)
 Metaspace       used 69359K, capacity 71295K, committed 71504K, reserved 1112064K
  class space    used 9028K, capacity 9667K, committed 9728K, reserved 1048576K
}
Event: 95.258 GC heap before
{Heap before GC invocations=58 (full 0):
 garbage-first heap   total 167936K, used 103819K [0x00000000c0000000, 0x0000000100000000)
  region size 1024K, 10 young (10240K), 2 survivors (2048K)
 Metaspace       used 70760K, capacity 72632K, committed 72784K, reserved 1112064K
  class space    used 9219K, capacity 9881K, committed 9984K, reserved 1048576K
}
Event: 95.270 GC heap after
{Heap after GC invocations=59 (full 0):
 garbage-first heap   total 167936K, used 97168K [0x00000000c0000000, 0x0000000100000000)
  region size 1024K, 3 young (3072K), 3 survivors (3072K)
 Metaspace       used 70760K, capacity 72632K, committed 72784K, reserved 1112064K
  class space    used 9219K, capacity 9881K, committed 9984K, reserved 1048576K
}
Event: 96.282 GC heap before
{Heap before GC invocations=60 (full 0):
 garbage-first heap   total 198656K, used 130960K [0x00000000c0000000, 0x0000000100000000)
  region size 1024K, 20 young (20480K), 3 survivors (3072K)
 Metaspace       used 71043K, capacity 72927K, committed 73040K, reserved 1112064K
  class space    used 9254K, capacity 9915K, committed 9984K, reserved 1048576K
}
Event: 96.325 GC heap after
{Heap after GC invocations=61 (full 0):
 garbage-first heap   total 198656K, used 113888K [0x00000000c0000000, 0x0000000100000000)
  region size 1024K, 5 young (5120K), 5 survivors (5120K)
 Metaspace       used 71043K, capacity 72927K, committed 73040K, reserved 1112064K
  class space    used 9254K, capacity 9915K, committed 9984K, reserved 1048576K
}
Event: 96.942 GC heap before
{Heap before GC invocations=62 (full 0):
 garbage-first heap   total 198656K, used 116960K [0x00000000c0000000, 0x0000000100000000)
  region size 1024K, 9 young (9216K), 5 survivors (5120K)
 Metaspace       used 71043K, capacity 72927K, committed 73040K, reserved 1112064K
  class space    used 9254K, capacity 9915K, committed 9984K, reserved 1048576K
}
Event: 96.974 GC heap after
{Heap after GC invocations=63 (full 0):
 garbage-first heap   total 198656K, used 116970K [0x00000000c0000000, 0x0000000100000000)
  region size 1024K, 3 young (3072K), 3 survivors (3072K)
 Metaspace       used 71043K, capacity 72927K, committed 73040K, reserved 1112064K
  class space    used 9254K, capacity 9915K, committed 9984K, reserved 1048576K
}
Event: 98.401 GC heap before
{Heap before GC invocations=64 (full 0):
 garbage-first heap   total 204800K, used 132330K [0x00000000c0000000, 0x0000000100000000)
  region size 1024K, 17 young (17408K), 3 survivors (3072K)
 Metaspace       used 71073K, capacity 72992K, committed 73296K, reserved 1112064K
  class space    used 9256K, capacity 9915K, committed 9984K, reserved 1048576K
}
Event: 98.459 GC heap after
{Heap after GC invocations=65 (full 0):
 garbage-first heap   total 204800K, used 123798K [0x00000000c0000000, 0x0000000100000000)
  region size 1024K, 3 young (3072K), 3 survivors (3072K)
 Metaspace       used 71073K, capacity 72992K, committed 73296K, reserved 1112064K
  class space    used 9256K, capacity 9915K, committed 9984K, reserved 1048576K
}
Event: 99.126 GC heap before
{Heap before GC invocations=65 (full 0):
 garbage-first heap   total 204800K, used 128918K [0x00000000c0000000, 0x0000000100000000)
  region size 1024K, 9 young (9216K), 3 survivors (3072K)
 Metaspace       used 71075K, capacity 72992K, committed 73296K, reserved 1112064K
  class space    used 9256K, capacity 9915K, committed 9984K, reserved 1048576K
}
Event: 99.165 GC heap after
{Heap after GC invocations=66 (full 0):
 garbage-first heap   total 204800K, used 126973K [0x00000000c0000000, 0x0000000100000000)
  region size 1024K, 3 young (3072K), 3 survivors (3072K)
 Metaspace       used 71075K, capacity 72992K, committed 73296K, reserved 1112064K
  class space    used 9256K, capacity 9915K, committed 9984K, reserved 1048576K
}
Event: 101.013 GC heap before
{Heap before GC invocations=67 (full 0):
 garbage-first heap   total 220160K, used 143357K [0x00000000c0000000, 0x0000000100000000)
  region size 1024K, 18 young (18432K), 3 survivors (3072K)
 Metaspace       used 72551K, capacity 74478K, committed 74576K, reserved 1114112K
  class space    used 9555K, capacity 10237K, committed 10240K, reserved 1048576K
}
Event: 101.090 GC heap after
{Heap after GC invocations=68 (full 0):
 garbage-first heap   total 220160K, used 133408K [0x00000000c0000000, 0x0000000100000000)
  region size 1024K, 3 young (3072K), 3 survivors (3072K)
 Metaspace       used 72551K, capacity 74478K, committed 74576K, reserved 1114112K
  class space    used 9555K, capacity 10237K, committed 10240K, reserved 1048576K
}
Event: 101.620 GC heap before
{Heap before GC invocations=68 (full 0):
 garbage-first heap   total 220160K, used 152864K [0x00000000c0000000, 0x0000000100000000)
  region size 1024K, 22 young (22528K), 3 survivors (3072K)
 Metaspace       used 72634K, capacity 74607K, committed 74832K, reserved 1114112K
  class space    used 9556K, capacity 10237K, committed 10240K, reserved 1048576K
}
Event: 101.699 GC heap after
{Heap after GC invocations=69 (full 0):
 garbage-first heap   total 220160K, used 145330K [0x00000000c0000000, 0x0000000100000000)
  region size 1024K, 3 young (3072K), 3 survivors (3072K)
 Metaspace       used 72634K, capacity 74607K, committed 74832K, reserved 1114112K
  class space    used 9556K, capacity 10237K, committed 10240K, reserved 1048576K
}

