# JRE version: Java(TM) SE Runtime Environment (13.0.2+8) (build 13.0.2+8)
# Java VM: Java HotSpot(TM) 64-Bit Server VM (13.0.2+8, mixed mode, sharing, tiered, compressed oops, g1 gc, windows-amd64)
Heap:
 garbage-first heap   total 106496K, used 72056K [0x00000000c0000000, 0x0000000100000000)
  region size 1024K, 18 young (18432K), 3 survivors (3072K)
 Metaspace       used 51097K, capacity 52387K, committed 52528K, reserved 1095680K
  class space    used 6753K, capacity 7185K, committed 7296K, reserved 1048576K
GC Heap History (20 events):
Event: 21.369 GC heap before
{Heap before GC invocations=25 (full 0):
 garbage-first heap   total 78848K, used 44649K [0x00000000c0000000, 0x0000000100000000)
  region size 1024K, 6 young (6144K), 3 survivors (3072K)
 Metaspace       used 34127K, capacity 35064K, committed 35120K, reserved 1079296K
  class space    used 4663K, capacity 4988K, committed 4992K, reserved 1048576K
}
Event: 21.385 GC heap after
{Heap after GC invocations=26 (full 0):
 garbage-first heap   total 78848K, used 43922K [0x00000000c0000000, 0x0000000100000000)
  region size 1024K, 2 young (2048K), 2 survivors (2048K)
 Metaspace       used 34127K, capacity 35064K, committed 35120K, reserved 1079296K
  class space    used 4663K, capacity 4988K, committed 4992K, reserved 1048576K
}
Event: 23.886 GC heap before
{Heap before GC invocations=27 (full 0):
 garbage-first heap   total 80896K, used 57234K [0x00000000c0000000, 0x0000000100000000)
  region size 1024K, 13 young (13312K), 2 survivors (2048K)
 Metaspace       used 34864K, capacity 35888K, committed 36016K, reserved 1081344K
  class space    used 4775K, capacity 5097K, committed 5120K, reserved 1048576K
}
Event: 23.922 GC heap after
{Heap after GC invocations=28 (full 0):
 garbage-first heap   total 80896K, used 49288K [0x00000000c0000000, 0x0000000100000000)
  region size 1024K, 2 young (2048K), 2 survivors (2048K)
 Metaspace       used 34864K, capacity 35888K, committed 36016K, reserved 1081344K
  class space    used 4775K, capacity 5097K, committed 5120K, reserved 1048576K
}
Event: 25.678 GC heap before
{Heap before GC invocations=28 (full 0):
 garbage-first heap   total 80896K, used 59528K [0x00000000c0000000, 0x0000000100000000)
  region size 1024K, 12 young (12288K), 2 survivors (2048K)
 Metaspace       used 37025K, capacity 38099K, committed 38320K, reserved 1083392K
  class space    used 5038K, capacity 5349K, committed 5376K, reserved 1048576K
}
Event: 25.687 GC heap after
{Heap after GC invocations=29 (full 0):
 garbage-first heap   total 80896K, used 49927K [0x00000000c0000000, 0x0000000100000000)
  region size 1024K, 1 young (1024K), 1 survivors (1024K)
 Metaspace       used 37025K, capacity 38099K, committed 38320K, reserved 1083392K
  class space    used 5038K, capacity 5349K, committed 5376K, reserved 1048576K
}
Event: 27.068 GC heap before
{Heap before GC invocations=30 (full 0):
 garbage-first heap   total 87040K, used 60167K [0x00000000c0000000, 0x0000000100000000)
  region size 1024K, 11 young (11264K), 1 survivors (1024K)
 Metaspace       used 38622K, capacity 39718K, committed 39856K, reserved 1083392K
  class space    used 5250K, capacity 5591K, committed 5632K, reserved 1048576K
}
Event: 27.094 GC heap after
{Heap after GC invocations=31 (full 0):
 garbage-first heap   total 87040K, used 50343K [0x00000000c0000000, 0x0000000100000000)
  region size 1024K, 1 young (1024K), 1 survivors (1024K)
 Metaspace       used 38622K, capacity 39718K, committed 39856K, reserved 1083392K
  class space    used 5250K, capacity 5591K, committed 5632K, reserved 1048576K
}
Event: 28.318 GC heap before
{Heap before GC invocations=31 (full 0):
 garbage-first heap   total 87040K, used 62631K [0x00000000c0000000, 0x0000000100000000)
  region size 1024K, 14 young (14336K), 1 survivors (1024K)
 Metaspace       used 40828K, capacity 41969K, committed 42160K, reserved 1085440K
  class space    used 5465K, capacity 5851K, committed 5888K, reserved 1048576K
}
Event: 28.332 GC heap after
{Heap after GC invocations=32 (full 0):
 garbage-first heap   total 106496K, used 50735K [0x00000000c0000000, 0x0000000100000000)
  region size 1024K, 2 young (2048K), 2 survivors (2048K)
 Metaspace       used 40828K, capacity 41969K, committed 42160K, reserved 1085440K
  class space    used 5465K, capacity 5851K, committed 5888K, reserved 1048576K
}
Event: 31.017 GC heap before
{Heap before GC invocations=33 (full 0):
 garbage-first heap   total 106496K, used 70191K [0x00000000c0000000, 0x0000000100000000)
  region size 1024K, 22 young (22528K), 2 survivors (2048K)
 Metaspace       used 43800K, capacity 44946K, committed 45104K, reserved 1087488K
  class space    used 5856K, capacity 6250K, committed 6272K, reserved 1048576K
}
Event: 31.029 GC heap after
{Heap after GC invocations=34 (full 0):
 garbage-first heap   total 106496K, used 52161K [0x00000000c0000000, 0x0000000100000000)
  region size 1024K, 3 young (3072K), 3 survivors (3072K)
 Metaspace       used 43800K, capacity 44946K, committed 45104K, reserved 1087488K
  class space    used 5856K, capacity 6250K, committed 6272K, reserved 1048576K
}
Event: 34.873 GC heap before
{Heap before GC invocations=34 (full 0):
 garbage-first heap   total 106496K, used 72641K [0x00000000c0000000, 0x0000000100000000)
  region size 1024K, 24 young (24576K), 3 survivors (3072K)
 Metaspace       used 45166K, capacity 46435K, committed 46640K, reserved 1089536K
  class space    used 6027K, capacity 6417K, committed 6528K, reserved 1048576K
}
Event: 34.895 GC heap after
{Heap after GC invocations=35 (full 0):
 garbage-first heap   total 106496K, used 54111K [0x00000000c0000000, 0x0000000100000000)
  region size 1024K, 3 young (3072K), 3 survivors (3072K)
 Metaspace       used 45166K, capacity 46435K, committed 46640K, reserved 1089536K
  class space    used 6027K, capacity 6417K, committed 6528K, reserved 1048576K
}
Event: 36.398 GC heap before
{Heap before GC invocations=36 (full 0):
 garbage-first heap   total 106496K, used 60255K [0x00000000c0000000, 0x0000000100000000)
  region size 1024K, 10 young (10240K), 3 survivors (3072K)
 Metaspace       used 45956K, capacity 47171K, committed 47408K, reserved 1089536K
  class space    used 6136K, capacity 6513K, committed 6528K, reserved 1048576K
}
Event: 36.421 GC heap after
{Heap after GC invocations=37 (full 0):
 garbage-first heap   total 106496K, used 55017K [0x00000000c0000000, 0x0000000100000000)
  region size 1024K, 1 young (1024K), 1 survivors (1024K)
 Metaspace       used 45956K, capacity 47171K, committed 47408K, reserved 1089536K
  class space    used 6136K, capacity 6513K, committed 6528K, reserved 1048576K
}
Event: 39.164 GC heap before
{Heap before GC invocations=38 (full 0):
 garbage-first heap   total 106496K, used 74473K [0x00000000c0000000, 0x0000000100000000)
  region size 1024K, 19 young (19456K), 1 survivors (1024K)
 Metaspace       used 49124K, capacity 50282K, committed 50352K, reserved 1093632K
  class space    used 6469K, capacity 6847K, committed 6912K, reserved 1048576K
}
Event: 39.173 GC heap after
{Heap after GC invocations=39 (full 0):
 garbage-first heap   total 106496K, used 55812K [0x00000000c0000000, 0x0000000100000000)
  region size 1024K, 2 young (2048K), 2 survivors (2048K)
 Metaspace       used 49124K, capacity 50282K, committed 50352K, reserved 1093632K
  class space    used 6469K, capacity 6847K, committed 6912K, reserved 1048576K
}
Event: 39.897 GC heap before
{Heap before GC invocations=39 (full 0):
 garbage-first heap   total 106496K, used 75268K [0x00000000c0000000, 0x0000000100000000)
  region size 1024K, 21 young (21504K), 2 survivors (2048K)
 Metaspace       used 49507K, capacity 50762K, committed 50992K, reserved 1093632K
  class space    used 6533K, capacity 6923K, committed 7040K, reserved 1048576K
}
Event: 39.913 GC heap after
{Heap after GC invocations=40 (full 0):
 garbage-first heap   total 106496K, used 57720K [0x00000000c0000000, 0x0000000100000000)
  region size 1024K, 3 young (3072K), 3 survivors (3072K)
 Metaspace       used 49507K, capacity 50762K, committed 50992K, reserved 1093632K
  class space    used 6533K, capacity 6923K, committed 7040K, reserved 1048576K
}

