# JRE version: Java(TM) SE Runtime Environment (13.0.2+8) (build 13.0.2+8)
# Java VM: Java HotSpot(TM) 64-Bit Server VM (13.0.2+8, mixed mode, sharing, tiered, compressed oops, g1 gc, windows-amd64)
Heap:
 garbage-first heap   total 242688K, used 143292K [0x00000000c0000000, 0x0000000100000000)
  region size 1024K, 7 young (7168K), 2 survivors (2048K)
 Metaspace       used 93358K, capacity 95928K, committed 96048K, reserved 1132544K
  class space    used 12121K, capacity 13066K, committed 13184K, reserved 1048576K
GC Heap History (20 events):
Event: 224.003 GC heap before
{Heap before GC invocations=60 (full 0):
 garbage-first heap   total 160768K, used 122654K [0x00000000c0000000, 0x0000000100000000)
  region size 1024K, 36 young (36864K), 5 survivors (5120K)
 Metaspace       used 76231K, capacity 78442K, committed 78768K, reserved 1118208K
  class space    used 9938K, capacity 10650K, committed 10752K, reserved 1048576K
}
Event: 224.038 GC heap after
{Heap after GC invocations=61 (full 0):
 garbage-first heap   total 160768K, used 96497K [0x00000000c0000000, 0x0000000100000000)
  region size 1024K, 5 young (5120K), 5 survivors (5120K)
 Metaspace       used 76231K, capacity 78442K, committed 78768K, reserved 1118208K
  class space    used 9938K, capacity 10650K, committed 10752K, reserved 1048576K
}
Event: 226.236 GC heap before
{Heap before GC invocations=62 (full 0):
 garbage-first heap   total 163840K, used 125169K [0x00000000c0000000, 0x0000000100000000)
  region size 1024K, 34 young (34816K), 5 survivors (5120K)
 Metaspace       used 76240K, capacity 78442K, committed 78768K, reserved 1118208K
  class space    used 9938K, capacity 10650K, committed 10752K, reserved 1048576K
}
Event: 226.250 GC heap after
{Heap after GC invocations=63 (full 0):
 garbage-first heap   total 163840K, used 96256K [0x00000000c0000000, 0x0000000100000000)
  region size 1024K, 1 young (1024K), 1 survivors (1024K)
 Metaspace       used 76240K, capacity 78442K, committed 78768K, reserved 1118208K
  class space    used 9938K, capacity 10650K, committed 10752K, reserved 1048576K
}
Event: 228.388 GC heap before
{Heap before GC invocations=63 (full 0):
 garbage-first heap   total 163840K, used 128000K [0x00000000c0000000, 0x0000000100000000)
  region size 1024K, 33 young (33792K), 1 survivors (1024K)
 Metaspace       used 76777K, capacity 78984K, committed 79024K, reserved 1118208K
  class space    used 10021K, capacity 10724K, committed 10752K, reserved 1048576K
}
Event: 228.426 GC heap after
{Heap after GC invocations=64 (full 0):
 garbage-first heap   total 163840K, used 98606K [0x00000000c0000000, 0x0000000100000000)
  region size 1024K, 4 young (4096K), 4 survivors (4096K)
 Metaspace       used 76777K, capacity 78984K, committed 79024K, reserved 1118208K
  class space    used 10021K, capacity 10724K, committed 10752K, reserved 1048576K
}
Event: 237.643 GC heap before
{Heap before GC invocations=65 (full 0):
 garbage-first heap   total 167936K, used 132398K [0x00000000c0000000, 0x0000000100000000)
  region size 1024K, 35 young (35840K), 4 survivors (4096K)
 Metaspace       used 83748K, capacity 85931K, committed 86064K, reserved 1124352K
  class space    used 10863K, capacity 11615K, committed 11648K, reserved 1048576K
}
Event: 237.682 GC heap after
{Heap after GC invocations=66 (full 0):
 garbage-first heap   total 167936K, used 108257K [0x00000000c0000000, 0x0000000100000000)
  region size 1024K, 5 young (5120K), 5 survivors (5120K)
 Metaspace       used 83748K, capacity 85931K, committed 86064K, reserved 1124352K
  class space    used 10863K, capacity 11615K, committed 11648K, reserved 1048576K
}
Event: 238.793 GC heap before
{Heap before GC invocations=66 (full 0):
 garbage-first heap   total 167936K, used 111329K [0x00000000c0000000, 0x0000000100000000)
  region size 1024K, 8 young (8192K), 5 survivors (5120K)
 Metaspace       used 83883K, capacity 86149K, committed 86320K, reserved 1124352K
  class space    used 10880K, capacity 11624K, committed 11648K, reserved 1048576K
}
Event: 238.856 GC heap after
{Heap after GC invocations=67 (full 0):
 garbage-first heap   total 167936K, used 101160K [0x00000000c0000000, 0x0000000100000000)
  region size 1024K, 1 young (1024K), 1 survivors (1024K)
 Metaspace       used 83883K, capacity 86149K, committed 86320K, reserved 1124352K
  class space    used 10880K, capacity 11624K, committed 11648K, reserved 1048576K
}
Event: 242.131 GC heap before
{Heap before GC invocations=67 (full 0):
 garbage-first heap   total 167936K, used 131880K [0x00000000c0000000, 0x0000000100000000)
  region size 1024K, 32 young (32768K), 1 survivors (1024K)
 Metaspace       used 85608K, capacity 87935K, committed 88112K, reserved 1126400K
  class space    used 11042K, capacity 11848K, committed 11904K, reserved 1048576K
}
Event: 242.171 GC heap after
{Heap after GC invocations=68 (full 0):
 garbage-first heap   total 167936K, used 107520K [0x00000000c0000000, 0x0000000100000000)
  region size 1024K, 4 young (4096K), 4 survivors (4096K)
 Metaspace       used 85608K, capacity 87935K, committed 88112K, reserved 1126400K
  class space    used 11042K, capacity 11848K, committed 11904K, reserved 1048576K
}
Event: 244.703 GC heap before
{Heap before GC invocations=69 (full 0):
 garbage-first heap   total 181248K, used 134144K [0x00000000c0000000, 0x0000000100000000)
  region size 1024K, 31 young (31744K), 4 survivors (4096K)
 Metaspace       used 85972K, capacity 88299K, committed 88368K, reserved 1126400K
  class space    used 11055K, capacity 11859K, committed 11904K, reserved 1048576K
}
Event: 244.741 GC heap after
{Heap after GC invocations=70 (full 0):
 garbage-first heap   total 181248K, used 109702K [0x00000000c0000000, 0x0000000100000000)
  region size 1024K, 2 young (2048K), 2 survivors (2048K)
 Metaspace       used 85972K, capacity 88299K, committed 88368K, reserved 1126400K
  class space    used 11055K, capacity 11859K, committed 11904K, reserved 1048576K
}
Event: 246.769 GC heap before
{Heap before GC invocations=70 (full 0):
 garbage-first heap   total 181248K, used 140422K [0x00000000c0000000, 0x0000000100000000)
  region size 1024K, 33 young (33792K), 2 survivors (2048K)
 Metaspace       used 90576K, capacity 93022K, committed 93232K, reserved 1130496K
  class space    used 11754K, capacity 12574K, committed 12672K, reserved 1048576K
}
Event: 246.790 GC heap after
{Heap after GC invocations=71 (full 0):
 garbage-first heap   total 181248K, used 110818K [0x00000000c0000000, 0x0000000100000000)
  region size 1024K, 3 young (3072K), 3 survivors (3072K)
 Metaspace       used 90576K, capacity 93022K, committed 93232K, reserved 1130496K
  class space    used 11754K, capacity 12574K, committed 12672K, reserved 1048576K
}
Event: 249.472 GC heap before
{Heap before GC invocations=72 (full 0):
 garbage-first heap   total 193536K, used 142562K [0x00000000c0000000, 0x0000000100000000)
  region size 1024K, 35 young (35840K), 3 survivors (3072K)
 Metaspace       used 93212K, capacity 95820K, committed 95920K, reserved 1132544K
  class space    used 12105K, capacity 13030K, committed 13056K, reserved 1048576K
}
Event: 249.503 GC heap after
{Heap after GC invocations=73 (full 0):
 garbage-first heap   total 193536K, used 111372K [0x00000000c0000000, 0x0000000100000000)
  region size 1024K, 2 young (2048K), 2 survivors (2048K)
 Metaspace       used 93212K, capacity 95820K, committed 95920K, reserved 1132544K
  class space    used 12105K, capacity 13030K, committed 13056K, reserved 1048576K
}
Event: 251.591 GC heap before
{Heap before GC invocations=73 (full 0):
 garbage-first heap   total 193536K, used 112396K [0x00000000c0000000, 0x0000000100000000)
  region size 1024K, 4 young (4096K), 2 survivors (2048K)
 Metaspace       used 93222K, capacity 95823K, committed 95920K, reserved 1132544K
  class space    used 12106K, capacity 13031K, committed 13056K, reserved 1048576K
}
Event: 251.601 GC heap after
{Heap after GC invocations=74 (full 0):
 garbage-first heap   total 193536K, used 111548K [0x00000000c0000000, 0x0000000100000000)
  region size 1024K, 2 young (2048K), 2 survivors (2048K)
 Metaspace       used 93222K, capacity 95823K, committed 95920K, reserved 1132544K
  class space    used 12106K, capacity 13031K, committed 13056K, reserved 1048576K
}

