# JRE version: Java(TM) SE Runtime Environment (13.0.2+8) (build 13.0.2+8)
# Java VM: Java HotSpot(TM) 64-Bit Server VM (13.0.2+8, mixed mode, sharing, tiered, compressed oops, g1 gc, windows-amd64)
Heap:
 garbage-first heap   total 553984K, used 197551K [0x00000000c0000000, 0x0000000100000000)
  region size 1024K, 1 young (1024K), 1 survivors (1024K)
 Metaspace       used 107174K, capacity 109673K, committed 110384K, reserved 1144832K
  class space    used 13379K, capacity 14259K, committed 14464K, reserved 1048576K
GC Heap History (20 events):
Event: 1260.114 GC heap after
{Heap after GC invocations=145 (full 0):
 garbage-first heap   total 430080K, used 129270K [0x00000000c0000000, 0x0000000100000000)
  region size 1024K, 3 young (3072K), 3 survivors (3072K)
 Metaspace       used 107148K, capacity 109605K, committed 110384K, reserved 1144832K
  class space    used 13378K, capacity 14259K, committed 14464K, reserved 1048576K
}
Event: 1260.213 GC heap before
{Heap before GC invocations=146 (full 0):
 garbage-first heap   total 430080K, used 140534K [0x00000000c0000000, 0x0000000100000000)
  region size 1024K, 15 young (15360K), 3 survivors (3072K)
 Metaspace       used 107148K, capacity 109605K, committed 110384K, reserved 1144832K
  class space    used 13378K, capacity 14259K, committed 14464K, reserved 1048576K
}
Event: 1260.279 GC heap after
{Heap after GC invocations=147 (full 0):
 garbage-first heap   total 430080K, used 135680K [0x00000000c0000000, 0x0000000100000000)
  region size 1024K, 3 young (3072K), 3 survivors (3072K)
 Metaspace       used 107148K, capacity 109605K, committed 110384K, reserved 1144832K
  class space    used 13378K, capacity 14259K, committed 14464K, reserved 1048576K
}
Event: 1261.078 GC heap before
{Heap before GC invocations=148 (full 0):
 garbage-first heap   total 430080K, used 154112K [0x00000000c0000000, 0x0000000100000000)
  region size 1024K, 21 young (21504K), 3 survivors (3072K)
 Metaspace       used 107156K, capacity 109609K, committed 110384K, reserved 1144832K
  class space    used 13378K, capacity 14259K, committed 14464K, reserved 1048576K
}
Event: 1261.204 GC heap after
{Heap after GC invocations=149 (full 0):
 garbage-first heap   total 430080K, used 146432K [0x00000000c0000000, 0x0000000100000000)
  region size 1024K, 3 young (3072K), 3 survivors (3072K)
 Metaspace       used 107156K, capacity 109609K, committed 110384K, reserved 1144832K
  class space    used 13378K, capacity 14259K, committed 14464K, reserved 1048576K
}
Event: 1261.475 GC heap before
{Heap before GC invocations=149 (full 0):
 garbage-first heap   total 430080K, used 163840K [0x00000000c0000000, 0x0000000100000000)
  region size 1024K, 21 young (21504K), 3 survivors (3072K)
 Metaspace       used 107157K, capacity 109609K, committed 110384K, reserved 1144832K
  class space    used 13378K, capacity 14259K, committed 14464K, reserved 1048576K
}
Event: 1261.609 GC heap after
{Heap after GC invocations=150 (full 0):
 garbage-first heap   total 430080K, used 157696K [0x00000000c0000000, 0x0000000100000000)
  region size 1024K, 3 young (3072K), 3 survivors (3072K)
 Metaspace       used 107157K, capacity 109609K, committed 110384K, reserved 1144832K
  class space    used 13378K, capacity 14259K, committed 14464K, reserved 1048576K
}
Event: 1262.769 GC heap before
{Heap before GC invocations=151 (full 0):
 garbage-first heap   total 430080K, used 175104K [0x00000000c0000000, 0x0000000100000000)
  region size 1024K, 21 young (21504K), 3 survivors (3072K)
 Metaspace       used 107158K, capacity 109609K, committed 110384K, reserved 1144832K
  class space    used 13378K, capacity 14259K, committed 14464K, reserved 1048576K
}
Event: 1262.863 GC heap after
{Heap after GC invocations=152 (full 0):
 garbage-first heap   total 430080K, used 168704K [0x00000000c0000000, 0x0000000100000000)
  region size 1024K, 3 young (3072K), 3 survivors (3072K)
 Metaspace       used 107158K, capacity 109609K, committed 110384K, reserved 1144832K
  class space    used 13378K, capacity 14259K, committed 14464K, reserved 1048576K
}
Event: 1262.990 GC heap before
{Heap before GC invocations=152 (full 0):
 garbage-first heap   total 430080K, used 173824K [0x00000000c0000000, 0x0000000100000000)
  region size 1024K, 9 young (9216K), 3 survivors (3072K)
 Metaspace       used 107158K, capacity 109609K, committed 110384K, reserved 1144832K
  class space    used 13378K, capacity 14259K, committed 14464K, reserved 1048576K
}
Event: 1263.033 GC heap after
{Heap after GC invocations=153 (full 0):
 garbage-first heap   total 430080K, used 172544K [0x00000000c0000000, 0x0000000100000000)
  region size 1024K, 3 young (3072K), 3 survivors (3072K)
 Metaspace       used 107158K, capacity 109609K, committed 110384K, reserved 1144832K
  class space    used 13378K, capacity 14259K, committed 14464K, reserved 1048576K
}
Event: 1264.396 GC heap before
{Heap before GC invocations=154 (full 0):
 garbage-first heap   total 430080K, used 193024K [0x00000000c0000000, 0x0000000100000000)
  region size 1024K, 21 young (21504K), 3 survivors (3072K)
 Metaspace       used 107158K, capacity 109609K, committed 110384K, reserved 1144832K
  class space    used 13378K, capacity 14259K, committed 14464K, reserved 1048576K
}
Event: 1264.481 GC heap after
{Heap after GC invocations=155 (full 0):
 garbage-first heap   total 430080K, used 185840K [0x00000000c0000000, 0x0000000100000000)
  region size 1024K, 3 young (3072K), 3 survivors (3072K)
 Metaspace       used 107158K, capacity 109609K, committed 110384K, reserved 1144832K
  class space    used 13378K, capacity 14259K, committed 14464K, reserved 1048576K
}
Event: 1264.891 GC heap before
{Heap before GC invocations=155 (full 0):
 garbage-first heap   total 430080K, used 203248K [0x00000000c0000000, 0x0000000100000000)
  region size 1024K, 21 young (21504K), 3 survivors (3072K)
 Metaspace       used 107166K, capacity 109609K, committed 110384K, reserved 1144832K
  class space    used 13378K, capacity 14259K, committed 14464K, reserved 1048576K
}
Event: 1264.993 GC heap after
{Heap after GC invocations=156 (full 0):
 garbage-first heap   total 430080K, used 195072K [0x00000000c0000000, 0x0000000100000000)
  region size 1024K, 3 young (3072K), 3 survivors (3072K)
 Metaspace       used 107166K, capacity 109609K, committed 110384K, reserved 1144832K
  class space    used 13378K, capacity 14259K, committed 14464K, reserved 1048576K
}
Event: 1267.042 GC heap before
{Heap before GC invocations=157 (full 0):
 garbage-first heap   total 430080K, used 202240K [0x00000000c0000000, 0x0000000100000000)
  region size 1024K, 21 young (21504K), 3 survivors (3072K)
 Metaspace       used 107169K, capacity 109609K, committed 110384K, reserved 1144832K
  class space    used 13379K, capacity 14259K, committed 14464K, reserved 1048576K
}
Event: 1267.144 GC heap after
{Heap after GC invocations=158 (full 0):
 garbage-first heap   total 430080K, used 192512K [0x00000000c0000000, 0x0000000100000000)
  region size 1024K, 3 young (3072K), 3 survivors (3072K)
 Metaspace       used 107169K, capacity 109609K, committed 110384K, reserved 1144832K
  class space    used 13379K, capacity 14259K, committed 14464K, reserved 1048576K
}
Event: 1268.254 GC heap before
{Heap before GC invocations=158 (full 0):
 garbage-first heap   total 430080K, used 211968K [0x00000000c0000000, 0x0000000100000000)
  region size 1024K, 21 young (21504K), 3 survivors (3072K)
 Metaspace       used 107174K, capacity 109673K, committed 110384K, reserved 1144832K
  class space    used 13379K, capacity 14259K, committed 14464K, reserved 1048576K
}
Event: 1268.433 GC heap after
{Heap after GC invocations=159 (full 0):
 garbage-first heap   total 430080K, used 196608K [0x00000000c0000000, 0x0000000100000000)
  region size 1024K, 3 young (3072K), 3 survivors (3072K)
 Metaspace       used 107174K, capacity 109673K, committed 110384K, reserved 1144832K
  class space    used 13379K, capacity 14259K, committed 14464K, reserved 1048576K
}
Event: 1268.564 GC heap before
{Heap before GC invocations=159 (full 0):
 garbage-first heap   total 430080K, used 196608K [0x00000000c0000000, 0x0000000100000000)
  region size 1024K, 4 young (4096K), 3 survivors (3072K)
 Metaspace       used 107174K, capacity 109673K, committed 110384K, reserved 1144832K
  class space    used 13379K, capacity 14259K, committed 14464K, reserved 1048576K
}

