# JRE version: Java(TM) SE Runtime Environment (13.0.2+8) (build 13.0.2+8)
# Java VM: Java HotSpot(TM) 64-Bit Server VM (13.0.2+8, mixed mode, sharing, tiered, compressed oops, g1 gc, windows-amd64)
Heap:
 garbage-first heap   total 133120K, used 62440K [0x00000000a0000000, 0x0000000100000000)
  region size 1024K, 4 young (4096K), 4 survivors (4096K)
 Metaspace       used 46145K, capacity 47514K, committed 47616K, reserved 1097728K
  class space    used 6168K, capacity 6583K, committed 6656K, reserved 1048576K
GC Heap History (20 events):
Event: 16.074 GC heap before
{Heap before GC invocations=14 (full 0):
 garbage-first heap   total 92160K, used 60916K [0x00000000a0000000, 0x0000000100000000)
  region size 1024K, 24 young (24576K), 2 survivors (2048K)
 Metaspace       used 30294K, capacity 31120K, committed 31360K, reserved 1077248K
  class space    used 4103K, capacity 4396K, committed 4480K, reserved 1048576K
}
Event: 16.091 GC heap after
{Heap after GC invocations=15 (full 0):
 garbage-first heap   total 92160K, used 41421K [0x00000000a0000000, 0x0000000100000000)
  region size 1024K, 3 young (3072K), 3 survivors (3072K)
 Metaspace       used 30294K, capacity 31120K, committed 31360K, reserved 1077248K
  class space    used 4103K, capacity 4396K, committed 4480K, reserved 1048576K
}
Event: 17.159 GC heap before
{Heap before GC invocations=15 (full 0):
 garbage-first heap   total 92160K, used 63949K [0x00000000a0000000, 0x0000000100000000)
  region size 1024K, 25 young (25600K), 3 survivors (3072K)
 Metaspace       used 31963K, capacity 32914K, committed 33152K, reserved 1077248K
  class space    used 4330K, capacity 4647K, committed 4736K, reserved 1048576K
}
Event: 17.176 GC heap after
{Heap after GC invocations=16 (full 0):
 garbage-first heap   total 92160K, used 43281K [0x00000000a0000000, 0x0000000100000000)
  region size 1024K, 4 young (4096K), 4 survivors (4096K)
 Metaspace       used 31963K, capacity 32914K, committed 33152K, reserved 1077248K
  class space    used 4330K, capacity 4647K, committed 4736K, reserved 1048576K
}
Event: 18.215 GC heap before
{Heap before GC invocations=16 (full 0):
 garbage-first heap   total 92160K, used 66833K [0x00000000a0000000, 0x0000000100000000)
  region size 1024K, 27 young (27648K), 4 survivors (4096K)
 Metaspace       used 33650K, capacity 34717K, committed 34944K, reserved 1079296K
  class space    used 4596K, capacity 4901K, committed 4992K, reserved 1048576K
}
Event: 18.235 GC heap after
{Heap after GC invocations=17 (full 0):
 garbage-first heap   total 92160K, used 45289K [0x00000000a0000000, 0x0000000100000000)
  region size 1024K, 4 young (4096K), 4 survivors (4096K)
 Metaspace       used 33650K, capacity 34717K, committed 34944K, reserved 1079296K
  class space    used 4596K, capacity 4901K, committed 4992K, reserved 1048576K
}
Event: 19.250 GC heap before
{Heap before GC invocations=17 (full 0):
 garbage-first heap   total 92160K, used 68841K [0x00000000a0000000, 0x0000000100000000)
  region size 1024K, 27 young (27648K), 4 survivors (4096K)
 Metaspace       used 35182K, capacity 36319K, committed 36480K, reserved 1081344K
  class space    used 4813K, capacity 5181K, committed 5248K, reserved 1048576K
}
Event: 19.275 GC heap after
{Heap after GC invocations=18 (full 0):
 garbage-first heap   total 92160K, used 46762K [0x00000000a0000000, 0x0000000100000000)
  region size 1024K, 4 young (4096K), 4 survivors (4096K)
 Metaspace       used 35182K, capacity 36319K, committed 36480K, reserved 1081344K
  class space    used 4813K, capacity 5181K, committed 5248K, reserved 1048576K
}
Event: 20.390 GC heap before
{Heap before GC invocations=19 (full 0):
 garbage-first heap   total 92160K, used 61098K [0x00000000a0000000, 0x0000000100000000)
  region size 1024K, 20 young (20480K), 4 survivors (4096K)
 Metaspace       used 36027K, capacity 37231K, committed 37376K, reserved 1081344K
  class space    used 4922K, capacity 5290K, committed 5376K, reserved 1048576K
}
Event: 20.413 GC heap after
{Heap after GC invocations=20 (full 0):
 garbage-first heap   total 110592K, used 48933K [0x00000000a0000000, 0x0000000100000000)
  region size 1024K, 4 young (4096K), 4 survivors (4096K)
 Metaspace       used 36027K, capacity 37231K, committed 37376K, reserved 1081344K
  class space    used 4922K, capacity 5290K, committed 5376K, reserved 1048576K
}
Event: 20.570 GC heap before
{Heap before GC invocations=21 (full 0):
 garbage-first heap   total 110592K, used 54053K [0x00000000a0000000, 0x0000000100000000)
  region size 1024K, 8 young (8192K), 4 survivors (4096K)
 Metaspace       used 36027K, capacity 37231K, committed 37376K, reserved 1081344K
  class space    used 4922K, capacity 5290K, committed 5376K, reserved 1048576K
}
Event: 20.588 GC heap after
{Heap after GC invocations=22 (full 0):
 garbage-first heap   total 110592K, used 53702K [0x00000000a0000000, 0x0000000100000000)
  region size 1024K, 4 young (4096K), 4 survivors (4096K)
 Metaspace       used 36027K, capacity 37231K, committed 37376K, reserved 1081344K
  class space    used 4922K, capacity 5290K, committed 5376K, reserved 1048576K
}
Event: 21.872 GC heap before
{Heap before GC invocations=23 (full 0):
 garbage-first heap   total 110592K, used 81350K [0x00000000a0000000, 0x0000000100000000)
  region size 1024K, 29 young (29696K), 4 survivors (4096K)
 Metaspace       used 39946K, capacity 41255K, committed 41472K, reserved 1085440K
  class space    used 5421K, capacity 5822K, committed 5888K, reserved 1048576K
}
Event: 21.888 GC heap after
{Heap after GC invocations=24 (full 0):
 garbage-first heap   total 110592K, used 58176K [0x00000000a0000000, 0x0000000100000000)
  region size 1024K, 4 young (4096K), 4 survivors (4096K)
 Metaspace       used 39946K, capacity 41255K, committed 41472K, reserved 1085440K
  class space    used 5421K, capacity 5822K, committed 5888K, reserved 1048576K
}
Event: 22.993 GC heap before
{Heap before GC invocations=24 (full 0):
 garbage-first heap   total 110592K, used 81728K [0x00000000a0000000, 0x0000000100000000)
  region size 1024K, 28 young (28672K), 4 survivors (4096K)
 Metaspace       used 43322K, capacity 44616K, committed 44672K, reserved 1087488K
  class space    used 5829K, capacity 6221K, committed 6272K, reserved 1048576K
}
Event: 23.008 GC heap after
{Heap after GC invocations=25 (full 0):
 garbage-first heap   total 110592K, used 59105K [0x00000000a0000000, 0x0000000100000000)
  region size 1024K, 1 young (1024K), 1 survivors (1024K)
 Metaspace       used 43322K, capacity 44616K, committed 44672K, reserved 1087488K
  class space    used 5829K, capacity 6221K, committed 6272K, reserved 1048576K
}
Event: 23.822 GC heap before
{Heap before GC invocations=26 (full 0):
 garbage-first heap   total 110592K, used 83681K [0x00000000a0000000, 0x0000000100000000)
  region size 1024K, 26 young (26624K), 1 survivors (1024K)
 Metaspace       used 45876K, capacity 47207K, committed 47360K, reserved 1089536K
  class space    used 6134K, capacity 6548K, committed 6656K, reserved 1048576K
}
Event: 23.833 GC heap after
{Heap after GC invocations=27 (full 0):
 garbage-first heap   total 133120K, used 61773K [0x00000000a0000000, 0x0000000100000000)
  region size 1024K, 4 young (4096K), 4 survivors (4096K)
 Metaspace       used 45876K, capacity 47207K, committed 47360K, reserved 1089536K
  class space    used 6134K, capacity 6548K, committed 6656K, reserved 1048576K
}
Event: 23.974 GC heap before
{Heap before GC invocations=27 (full 0):
 garbage-first heap   total 133120K, used 64845K [0x00000000a0000000, 0x0000000100000000)
  region size 1024K, 8 young (8192K), 4 survivors (4096K)
 Metaspace       used 46145K, capacity 47514K, committed 47616K, reserved 1095680K
  class space    used 6168K, capacity 6583K, committed 6656K, reserved 1048576K
}
Event: 23.988 GC heap after
{Heap after GC invocations=28 (full 0):
 garbage-first heap   total 133120K, used 62440K [0x00000000a0000000, 0x0000000100000000)
  region size 1024K, 4 young (4096K), 4 survivors (4096K)
 Metaspace       used 46145K, capacity 47514K, committed 47616K, reserved 1095680K
  class space    used 6168K, capacity 6583K, committed 6656K, reserved 1048576K
}

