# JRE version: Java(TM) SE Runtime Environment (13.0.2+8) (build 13.0.2+8)
# Java VM: Java HotSpot(TM) 64-Bit Server VM (13.0.2+8, mixed mode, sharing, tiered, compressed oops, g1 gc, windows-amd64)
Heap:
 garbage-first heap   total 116736K, used 76906K [0x0000000080000000, 0x0000000100000000)
  region size 1024K, 14 young (14336K), 3 survivors (3072K)
 Metaspace       used 55329K, capacity 56867K, committed 57008K, reserved 1099776K
  class space    used 7148K, capacity 7659K, committed 7680K, reserved 1048576K
GC Heap History (20 events):
Event: 68.115 GC heap before
{Heap before GC invocations=29 (full 0):
 garbage-first heap   total 83968K, used 65931K [0x0000000080000000, 0x0000000100000000)
  region size 1024K, 19 young (19456K), 2 survivors (2048K)
 Metaspace       used 40046K, capacity 41210K, committed 41520K, reserved 1085440K
  class space    used 5326K, capacity 5685K, committed 5760K, reserved 1048576K
}
Event: 68.134 GC heap after
{Heap after GC invocations=30 (full 0):
 garbage-first heap   total 83968K, used 49605K [0x0000000080000000, 0x0000000100000000)
  region size 1024K, 2 young (2048K), 2 survivors (2048K)
 Metaspace       used 40046K, capacity 41210K, committed 41520K, reserved 1085440K
  class space    used 5326K, capacity 5685K, committed 5760K, reserved 1048576K
}
Event: 71.307 GC heap before
{Heap before GC invocations=31 (full 0):
 garbage-first heap   total 86016K, used 64965K [0x0000000080000000, 0x0000000100000000)
  region size 1024K, 19 young (19456K), 2 survivors (2048K)
 Metaspace       used 40504K, capacity 41784K, committed 42160K, reserved 1085440K
  class space    used 5379K, capacity 5766K, committed 5888K, reserved 1048576K
}
Event: 71.324 GC heap after
{Heap after GC invocations=32 (full 0):
 garbage-first heap   total 86016K, used 51566K [0x0000000080000000, 0x0000000100000000)
  region size 1024K, 3 young (3072K), 3 survivors (3072K)
 Metaspace       used 40504K, capacity 41784K, committed 42160K, reserved 1085440K
  class space    used 5379K, capacity 5766K, committed 5888K, reserved 1048576K
}
Event: 71.593 GC heap before
{Heap before GC invocations=33 (full 0):
 garbage-first heap   total 87040K, used 56686K [0x0000000080000000, 0x0000000100000000)
  region size 1024K, 6 young (6144K), 3 survivors (3072K)
 Metaspace       used 40488K, capacity 41766K, committed 42160K, reserved 1085440K
  class space    used 5374K, capacity 5760K, committed 5888K, reserved 1048576K
}
Event: 71.603 GC heap after
{Heap after GC invocations=34 (full 0):
 garbage-first heap   total 87040K, used 55711K [0x0000000080000000, 0x0000000100000000)
  region size 1024K, 2 young (2048K), 2 survivors (2048K)
 Metaspace       used 40488K, capacity 41766K, committed 42160K, reserved 1085440K
  class space    used 5374K, capacity 5760K, committed 5888K, reserved 1048576K
}
Event: 72.685 GC heap before
{Heap before GC invocations=35 (full 0):
 garbage-first heap   total 99328K, used 69023K [0x0000000080000000, 0x0000000100000000)
  region size 1024K, 13 young (13312K), 2 survivors (2048K)
 Metaspace       used 40856K, capacity 42234K, committed 42416K, reserved 1085440K
  class space    used 5413K, capacity 5806K, committed 5888K, reserved 1048576K
}
Event: 72.697 GC heap after
{Heap after GC invocations=36 (full 0):
 garbage-first heap   total 99328K, used 60416K [0x0000000080000000, 0x0000000100000000)
  region size 1024K, 2 young (2048K), 2 survivors (2048K)
 Metaspace       used 40856K, capacity 42234K, committed 42416K, reserved 1085440K
  class space    used 5413K, capacity 5806K, committed 5888K, reserved 1048576K
}
Event: 74.161 GC heap before
{Heap before GC invocations=36 (full 0):
 garbage-first heap   total 99328K, used 74752K [0x0000000080000000, 0x0000000100000000)
  region size 1024K, 17 young (17408K), 2 survivors (2048K)
 Metaspace       used 43871K, capacity 45268K, committed 45360K, reserved 1089536K
  class space    used 5799K, capacity 6203K, committed 6272K, reserved 1048576K
}
Event: 74.171 GC heap after
{Heap after GC invocations=37 (full 0):
 garbage-first heap   total 99328K, used 61301K [0x0000000080000000, 0x0000000100000000)
  region size 1024K, 1 young (1024K), 1 survivors (1024K)
 Metaspace       used 43871K, capacity 45268K, committed 45360K, reserved 1089536K
  class space    used 5799K, capacity 6203K, committed 6272K, reserved 1048576K
}
Event: 75.728 GC heap before
{Heap before GC invocations=38 (full 0):
 garbage-first heap   total 106496K, used 75637K [0x0000000080000000, 0x0000000100000000)
  region size 1024K, 15 young (15360K), 1 survivors (1024K)
 Metaspace       used 46070K, capacity 47487K, committed 47664K, reserved 1091584K
  class space    used 6033K, capacity 6431K, committed 6528K, reserved 1048576K
}
Event: 75.737 GC heap after
{Heap after GC invocations=39 (full 0):
 garbage-first heap   total 106496K, used 61661K [0x0000000080000000, 0x0000000100000000)
  region size 1024K, 2 young (2048K), 2 survivors (2048K)
 Metaspace       used 46070K, capacity 47487K, committed 47664K, reserved 1091584K
  class space    used 6033K, capacity 6431K, committed 6528K, reserved 1048576K
}
Event: 79.430 GC heap before
{Heap before GC invocations=39 (full 0):
 garbage-first heap   total 106496K, used 78045K [0x0000000080000000, 0x0000000100000000)
  region size 1024K, 19 young (19456K), 2 survivors (2048K)
 Metaspace       used 48222K, capacity 49707K, committed 49968K, reserved 1093632K
  class space    used 6328K, capacity 6769K, committed 6784K, reserved 1048576K
}
Event: 79.442 GC heap after
{Heap after GC invocations=40 (full 0):
 garbage-first heap   total 106496K, used 62163K [0x0000000080000000, 0x0000000100000000)
  region size 1024K, 2 young (2048K), 2 survivors (2048K)
 Metaspace       used 48222K, capacity 49707K, committed 49968K, reserved 1093632K
  class space    used 6328K, capacity 6769K, committed 6784K, reserved 1048576K
}
Event: 82.138 GC heap before
{Heap before GC invocations=41 (full 0):
 garbage-first heap   total 106496K, used 79571K [0x0000000080000000, 0x0000000100000000)
  region size 1024K, 20 young (20480K), 2 survivors (2048K)
 Metaspace       used 49980K, capacity 51451K, committed 51760K, reserved 1093632K
  class space    used 6525K, capacity 6988K, committed 7040K, reserved 1048576K
}
Event: 82.159 GC heap after
{Heap after GC invocations=42 (full 0):
 garbage-first heap   total 106496K, used 64304K [0x0000000080000000, 0x0000000100000000)
  region size 1024K, 3 young (3072K), 3 survivors (3072K)
 Metaspace       used 49980K, capacity 51451K, committed 51760K, reserved 1093632K
  class space    used 6525K, capacity 6988K, committed 7040K, reserved 1048576K
}
Event: 84.590 GC heap before
{Heap before GC invocations=42 (full 0):
 garbage-first heap   total 106496K, used 81712K [0x0000000080000000, 0x0000000100000000)
  region size 1024K, 21 young (21504K), 3 survivors (3072K)
 Metaspace       used 51727K, capacity 53181K, committed 53296K, reserved 1095680K
  class space    used 6755K, capacity 7217K, committed 7296K, reserved 1048576K
}
Event: 84.608 GC heap after
{Heap after GC invocations=43 (full 0):
 garbage-first heap   total 106496K, used 65854K [0x0000000080000000, 0x0000000100000000)
  region size 1024K, 2 young (2048K), 2 survivors (2048K)
 Metaspace       used 51727K, capacity 53181K, committed 53296K, reserved 1095680K
  class space    used 6755K, capacity 7217K, committed 7296K, reserved 1048576K
}
Event: 87.779 GC heap before
{Heap before GC invocations=44 (full 0):
 garbage-first heap   total 116736K, used 85310K [0x0000000080000000, 0x0000000100000000)
  region size 1024K, 20 young (20480K), 2 survivors (2048K)
 Metaspace       used 54979K, capacity 56491K, committed 56752K, reserved 1097728K
  class space    used 7097K, capacity 7555K, committed 7680K, reserved 1048576K
}
Event: 87.794 GC heap after
{Heap after GC invocations=45 (full 0):
 garbage-first heap   total 116736K, used 66666K [0x0000000080000000, 0x0000000100000000)
  region size 1024K, 3 young (3072K), 3 survivors (3072K)
 Metaspace       used 54979K, capacity 56491K, committed 56752K, reserved 1097728K
  class space    used 7097K, capacity 7555K, committed 7680K, reserved 1048576K
}

