# JRE version: Java(TM) SE Runtime Environment (13.0.2+8) (build 13.0.2+8)
# Java VM: Java HotSpot(TM) 64-Bit Server VM (13.0.2+8, mixed mode, sharing, tiered, compressed oops, g1 gc, windows-amd64)
Heap:
 garbage-first heap   total 407552K, used 182462K [0x00000000c0000000, 0x0000000100000000)
  region size 1024K, 8 young (8192K), 6 survivors (6144K)
 Metaspace       used 85495K, capacity 87958K, committed 88240K, reserved 1132544K
  class space    used 11183K, capacity 12003K, committed 12032K, reserved 1048576K
GC Heap History (20 events):
Event: 82.776 GC heap before
{Heap before GC invocations=92 (full 0):
 garbage-first heap   total 407552K, used 236046K [0x00000000c0000000, 0x0000000100000000)
  region size 1024K, 19 young (19456K), 7 survivors (7168K)
 Metaspace       used 70444K, capacity 72432K, committed 72624K, reserved 1112064K
  class space    used 9491K, capacity 10184K, committed 10240K, reserved 1048576K
}
Event: 82.916 GC heap after
{Heap after GC invocations=93 (full 0):
 garbage-first heap   total 407552K, used 210340K [0x00000000c0000000, 0x0000000100000000)
  region size 1024K, 3 young (3072K), 3 survivors (3072K)
 Metaspace       used 70444K, capacity 72432K, committed 72624K, reserved 1112064K
  class space    used 9491K, capacity 10184K, committed 10240K, reserved 1048576K
}
Event: 82.976 GC heap before
{Heap before GC invocations=93 (full 0):
 garbage-first heap   total 407552K, used 211364K [0x00000000c0000000, 0x0000000100000000)
  region size 1024K, 5 young (5120K), 3 survivors (3072K)
 Metaspace       used 70444K, capacity 72432K, committed 72624K, reserved 1112064K
  class space    used 9491K, capacity 10184K, committed 10240K, reserved 1048576K
}
Event: 82.995 GC heap after
{Heap after GC invocations=94 (full 0):
 garbage-first heap   total 407552K, used 210238K [0x00000000c0000000, 0x0000000100000000)
  region size 1024K, 3 young (3072K), 3 survivors (3072K)
 Metaspace       used 70444K, capacity 72432K, committed 72624K, reserved 1112064K
  class space    used 9491K, capacity 10184K, committed 10240K, reserved 1048576K
}
Event: 89.219 GC heap before
{Heap before GC invocations=95 (full 0):
 garbage-first heap   total 407552K, used 294206K [0x00000000c0000000, 0x0000000100000000)
  region size 1024K, 74 young (75776K), 3 survivors (3072K)
 Metaspace       used 73907K, capacity 76036K, committed 76208K, reserved 1114112K
  class space    used 9933K, capacity 10654K, committed 10752K, reserved 1048576K
}
Event: 89.248 GC heap after
{Heap after GC invocations=96 (full 0):
 garbage-first heap   total 407552K, used 213883K [0x00000000c0000000, 0x0000000100000000)
  region size 1024K, 5 young (5120K), 5 survivors (5120K)
 Metaspace       used 73907K, capacity 76036K, committed 76208K, reserved 1114112K
  class space    used 9933K, capacity 10654K, committed 10752K, reserved 1048576K
}
Event: 90.406 GC heap before
{Heap before GC invocations=96 (full 0):
 garbage-first heap   total 407552K, used 233339K [0x00000000c0000000, 0x0000000100000000)
  region size 1024K, 25 young (25600K), 5 survivors (5120K)
 Metaspace       used 75389K, capacity 77497K, committed 77616K, reserved 1116160K
  class space    used 10117K, capacity 10837K, committed 10880K, reserved 1048576K
}
Event: 90.425 GC heap after
{Heap after GC invocations=97 (full 0):
 garbage-first heap   total 407552K, used 215131K [0x00000000c0000000, 0x0000000100000000)
  region size 1024K, 6 young (6144K), 6 survivors (6144K)
 Metaspace       used 75389K, capacity 77497K, committed 77616K, reserved 1116160K
  class space    used 10117K, capacity 10837K, committed 10880K, reserved 1048576K
}
Event: 1370.573 GC heap before
{Heap before GC invocations=98 (full 0):
 garbage-first heap   total 407552K, used 284763K [0x00000000c0000000, 0x0000000100000000)
  region size 1024K, 88 young (90112K), 6 survivors (6144K)
 Metaspace       used 81948K, capacity 84287K, committed 84528K, reserved 1122304K
  class space    used 10823K, capacity 11615K, committed 11648K, reserved 1048576K
}
Event: 1371.631 GC heap after
{Heap after GC invocations=99 (full 0):
 garbage-first heap   total 407552K, used 180859K [0x00000000c0000000, 0x0000000100000000)
  region size 1024K, 6 young (6144K), 6 survivors (6144K)
 Metaspace       used 81948K, capacity 84287K, committed 84528K, reserved 1122304K
  class space    used 10823K, capacity 11615K, committed 11648K, reserved 1048576K
}
Event: 1999.170 GC heap before
{Heap before GC invocations=99 (full 0):
 garbage-first heap   total 407552K, used 194171K [0x00000000c0000000, 0x0000000100000000)
  region size 1024K, 19 young (19456K), 6 survivors (6144K)
 Metaspace       used 81972K, capacity 84287K, committed 84528K, reserved 1122304K
  class space    used 10823K, capacity 11615K, committed 11648K, reserved 1048576K
}
Event: 1999.349 GC heap after
{Heap after GC invocations=100 (full 0):
 garbage-first heap   total 407552K, used 176586K [0x00000000c0000000, 0x0000000100000000)
  region size 1024K, 1 young (1024K), 1 survivors (1024K)
 Metaspace       used 81972K, capacity 84287K, committed 84528K, reserved 1122304K
  class space    used 10823K, capacity 11615K, committed 11648K, reserved 1048576K
}
Event: 2917.530 GC heap before
{Heap before GC invocations=100 (full 0):
 garbage-first heap   total 407552K, used 195018K [0x00000000c0000000, 0x0000000100000000)
  region size 1024K, 19 young (19456K), 1 survivors (1024K)
 Metaspace       used 81993K, capacity 84287K, committed 84528K, reserved 1122304K
  class space    used 10823K, capacity 11615K, committed 11648K, reserved 1048576K
}
Event: 2917.561 GC heap after
{Heap after GC invocations=101 (full 0):
 garbage-first heap   total 407552K, used 175831K [0x00000000c0000000, 0x0000000100000000)
  region size 1024K, 1 young (1024K), 1 survivors (1024K)
 Metaspace       used 81993K, capacity 84287K, committed 84528K, reserved 1122304K
  class space    used 10823K, capacity 11615K, committed 11648K, reserved 1048576K
}
Event: 3835.527 GC heap before
{Heap before GC invocations=101 (full 0):
 garbage-first heap   total 407552K, used 193239K [0x00000000c0000000, 0x0000000100000000)
  region size 1024K, 19 young (19456K), 1 survivors (1024K)
 Metaspace       used 81993K, capacity 84287K, committed 84528K, reserved 1122304K
  class space    used 10823K, capacity 11615K, committed 11648K, reserved 1048576K
}
Event: 3835.530 GC heap after
{Heap after GC invocations=102 (full 0):
 garbage-first heap   total 407552K, used 175596K [0x00000000c0000000, 0x0000000100000000)
  region size 1024K, 1 young (1024K), 1 survivors (1024K)
 Metaspace       used 81993K, capacity 84287K, committed 84528K, reserved 1122304K
  class space    used 10823K, capacity 11615K, committed 11648K, reserved 1048576K
}
Event: 4700.207 GC heap before
{Heap before GC invocations=102 (full 0):
 garbage-first heap   total 407552K, used 213484K [0x00000000c0000000, 0x0000000100000000)
  region size 1024K, 38 young (38912K), 1 survivors (1024K)
 Metaspace       used 82636K, capacity 84935K, committed 85040K, reserved 1122304K
  class space    used 10846K, capacity 11630K, committed 11648K, reserved 1048576K
}
Event: 4700.262 GC heap after
{Heap after GC invocations=103 (full 0):
 garbage-first heap   total 407552K, used 178306K [0x00000000c0000000, 0x0000000100000000)
  region size 1024K, 3 young (3072K), 3 survivors (3072K)
 Metaspace       used 82636K, capacity 84935K, committed 85040K, reserved 1122304K
  class space    used 10846K, capacity 11630K, committed 11648K, reserved 1048576K
}
Event: 4736.058 GC heap before
{Heap before GC invocations=103 (full 0):
 garbage-first heap   total 407552K, used 243842K [0x00000000c0000000, 0x0000000100000000)
  region size 1024K, 68 young (69632K), 3 survivors (3072K)
 Metaspace       used 85489K, capacity 87954K, committed 87984K, reserved 1132544K
  class space    used 11183K, capacity 12003K, committed 12032K, reserved 1048576K
}
Event: 4736.213 GC heap after
{Heap after GC invocations=104 (full 0):
 garbage-first heap   total 407552K, used 181438K [0x00000000c0000000, 0x0000000100000000)
  region size 1024K, 6 young (6144K), 6 survivors (6144K)
 Metaspace       used 85489K, capacity 87954K, committed 87984K, reserved 1132544K
  class space    used 11183K, capacity 12003K, committed 12032K, reserved 1048576K
}

