# JRE version: Java(TM) SE Runtime Environment (13.0.2+8) (build 13.0.2+8)
# Java VM: Java HotSpot(TM) 64-Bit Server VM (13.0.2+8, mixed mode, sharing, tiered, compressed oops, g1 gc, windows-amd64)
Heap:
 garbage-first heap   total 544768K, used 219136K [0x00000000c0000000, 0x0000000100000000)
  region size 1024K, 25 young (25600K), 5 survivors (5120K)
 Metaspace       used 125906K, capacity 129630K, committed 129920K, reserved 1163264K
  class space    used 15328K, capacity 16629K, committed 16768K, reserved 1048576K
GC Heap History (20 events):
Event: 8617.506 GC heap before
{Heap before GC invocations=296 (full 0):
 garbage-first heap   total 440320K, used 230400K [0x00000000c0000000, 0x0000000100000000)
  region size 1024K, 13 young (13312K), 3 survivors (3072K)
 Metaspace       used 125743K, capacity 129423K, committed 129920K, reserved 1163264K
  class space    used 15316K, capacity 16608K, committed 16768K, reserved 1048576K
}
Event: 8617.547 GC heap after
{Heap after GC invocations=297 (full 0):
 garbage-first heap   total 440320K, used 223360K [0x00000000c0000000, 0x0000000100000000)
  region size 1024K, 5 young (5120K), 5 survivors (5120K)
 Metaspace       used 125743K, capacity 129423K, committed 129920K, reserved 1163264K
  class space    used 15316K, capacity 16608K, committed 16768K, reserved 1048576K
}
Event: 8618.961 GC heap before
{Heap before GC invocations=298 (full 0):
 garbage-first heap   total 440320K, used 282752K [0x00000000c0000000, 0x0000000100000000)
  region size 1024K, 47 young (48128K), 5 survivors (5120K)
 Metaspace       used 125744K, capacity 129423K, committed 129920K, reserved 1163264K
  class space    used 15316K, capacity 16608K, committed 16768K, reserved 1048576K
}
Event: 8619.015 GC heap after
{Heap after GC invocations=299 (full 0):
 garbage-first heap   total 440320K, used 247703K [0x00000000c0000000, 0x0000000100000000)
  region size 1024K, 6 young (6144K), 6 survivors (6144K)
 Metaspace       used 125744K, capacity 129423K, committed 129920K, reserved 1163264K
  class space    used 15316K, capacity 16608K, committed 16768K, reserved 1048576K
}
Event: 8619.049 GC heap before
{Heap before GC invocations=299 (full 0):
 garbage-first heap   total 440320K, used 264087K [0x00000000c0000000, 0x0000000100000000)
  region size 1024K, 21 young (21504K), 6 survivors (6144K)
 Metaspace       used 125744K, capacity 129423K, committed 129920K, reserved 1163264K
  class space    used 15316K, capacity 16608K, committed 16768K, reserved 1048576K
}
Event: 8619.141 GC heap after
{Heap after GC invocations=300 (full 0):
 garbage-first heap   total 440320K, used 230684K [0x00000000c0000000, 0x0000000100000000)
  region size 1024K, 3 young (3072K), 3 survivors (3072K)
 Metaspace       used 125744K, capacity 129423K, committed 129920K, reserved 1163264K
  class space    used 15316K, capacity 16608K, committed 16768K, reserved 1048576K
}
Event: 8619.166 GC heap before
{Heap before GC invocations=300 (full 0):
 garbage-first heap   total 440320K, used 242972K [0x00000000c0000000, 0x0000000100000000)
  region size 1024K, 16 young (16384K), 3 survivors (3072K)
 Metaspace       used 125744K, capacity 129423K, committed 129920K, reserved 1163264K
  class space    used 15316K, capacity 16608K, committed 16768K, reserved 1048576K
}
Event: 8619.204 GC heap after
{Heap after GC invocations=301 (full 0):
 garbage-first heap   total 440320K, used 232633K [0x00000000c0000000, 0x0000000100000000)
  region size 1024K, 5 young (5120K), 5 survivors (5120K)
 Metaspace       used 125744K, capacity 129423K, committed 129920K, reserved 1163264K
  class space    used 15316K, capacity 16608K, committed 16768K, reserved 1048576K
}
Event: 8620.556 GC heap before
{Heap before GC invocations=302 (full 0):
 garbage-first heap   total 462848K, used 295097K [0x00000000c0000000, 0x0000000100000000)
  region size 1024K, 58 young (59392K), 5 survivors (5120K)
 Metaspace       used 125787K, capacity 129547K, committed 129920K, reserved 1163264K
  class space    used 15326K, capacity 16626K, committed 16768K, reserved 1048576K
}
Event: 8620.579 GC heap after
{Heap after GC invocations=303 (full 0):
 garbage-first heap   total 462848K, used 232794K [0x00000000c0000000, 0x0000000100000000)
  region size 1024K, 6 young (6144K), 6 survivors (6144K)
 Metaspace       used 125787K, capacity 129547K, committed 129920K, reserved 1163264K
  class space    used 15326K, capacity 16626K, committed 16768K, reserved 1048576K
}
Event: 8767.847 GC heap before
{Heap before GC invocations=304 (full 0):
 garbage-first heap   total 462848K, used 303450K [0x00000000c0000000, 0x0000000100000000)
  region size 1024K, 90 young (92160K), 6 survivors (6144K)
 Metaspace       used 125871K, capacity 129630K, committed 129920K, reserved 1163264K
  class space    used 15328K, capacity 16629K, committed 16768K, reserved 1048576K
}
Event: 8767.880 GC heap after
{Heap after GC invocations=305 (full 0):
 garbage-first heap   total 462848K, used 199577K [0x00000000c0000000, 0x0000000100000000)
  region size 1024K, 8 young (8192K), 8 survivors (8192K)
 Metaspace       used 125871K, capacity 129630K, committed 129920K, reserved 1163264K
  class space    used 15328K, capacity 16629K, committed 16768K, reserved 1048576K
}
Event: 8771.219 GC heap before
{Heap before GC invocations=305 (full 0):
 garbage-first heap   total 462848K, used 233369K [0x00000000c0000000, 0x0000000100000000)
  region size 1024K, 42 young (43008K), 8 survivors (8192K)
 Metaspace       used 125899K, capacity 129630K, committed 129920K, reserved 1163264K
  class space    used 15328K, capacity 16629K, committed 16768K, reserved 1048576K
}
Event: 8771.251 GC heap after
{Heap after GC invocations=306 (full 0):
 garbage-first heap   total 462848K, used 201216K [0x00000000c0000000, 0x0000000100000000)
  region size 1024K, 10 young (10240K), 10 survivors (10240K)
 Metaspace       used 125899K, capacity 129630K, committed 129920K, reserved 1163264K
  class space    used 15328K, capacity 16629K, committed 16768K, reserved 1048576K
}
Event: 8779.537 GC heap before
{Heap before GC invocations=307 (full 0):
 garbage-first heap   total 462848K, used 296448K [0x00000000c0000000, 0x0000000100000000)
  region size 1024K, 102 young (104448K), 10 survivors (10240K)
 Metaspace       used 125906K, capacity 129630K, committed 129920K, reserved 1163264K
  class space    used 15328K, capacity 16629K, committed 16768K, reserved 1048576K
}
Event: 8779.582 GC heap after
{Heap after GC invocations=308 (full 0):
 garbage-first heap   total 462848K, used 206775K [0x00000000c0000000, 0x0000000100000000)
  region size 1024K, 6 young (6144K), 6 survivors (6144K)
 Metaspace       used 125906K, capacity 129630K, committed 129920K, reserved 1163264K
  class space    used 15328K, capacity 16629K, committed 16768K, reserved 1048576K
}
Event: 8780.723 GC heap before
{Heap before GC invocations=308 (full 0):
 garbage-first heap   total 544768K, used 366519K [0x00000000c0000000, 0x0000000100000000)
  region size 1024K, 129 young (132096K), 6 survivors (6144K)
 Metaspace       used 125906K, capacity 129630K, committed 129920K, reserved 1163264K
  class space    used 15328K, capacity 16629K, committed 16768K, reserved 1048576K
}
Event: 8781.167 GC heap after
{Heap after GC invocations=309 (full 0):
 garbage-first heap   total 544768K, used 276275K [0x00000000c0000000, 0x0000000100000000)
  region size 1024K, 17 young (17408K), 17 survivors (17408K)
 Metaspace       used 125906K, capacity 129630K, committed 129920K, reserved 1163264K
  class space    used 15328K, capacity 16629K, committed 16768K, reserved 1048576K
}
Event: 8781.424 GC heap before
{Heap before GC invocations=310 (full 0):
 garbage-first heap   total 544768K, used 283443K [0x00000000c0000000, 0x0000000100000000)
  region size 1024K, 25 young (25600K), 17 survivors (17408K)
 Metaspace       used 125906K, capacity 129630K, committed 129920K, reserved 1163264K
  class space    used 15328K, capacity 16629K, committed 16768K, reserved 1048576K
}
Event: 8781.841 GC heap after
{Heap after GC invocations=311 (full 0):
 garbage-first heap   total 544768K, used 281600K [0x00000000c0000000, 0x0000000100000000)
  region size 1024K, 5 young (5120K), 5 survivors (5120K)
 Metaspace       used 125906K, capacity 129630K, committed 129920K, reserved 1163264K
  class space    used 15328K, capacity 16629K, committed 16768K, reserved 1048576K
}

