# JRE version: Java(TM) SE Runtime Environment (13.0.2+8) (build 13.0.2+8)
# Java VM: Java HotSpot(TM) 64-Bit Server VM (13.0.2+8, mixed mode, sharing, tiered, compressed oops, g1 gc, windows-amd64)
Heap:
 garbage-first heap   total 376832K, used 180224K [0x00000000c0000000, 0x0000000100000000)
  region size 1024K, 8 young (8192K), 4 survivors (4096K)
 Metaspace       used 69349K, capacity 71274K, committed 71472K, reserved 1114112K
  class space    used 9386K, capacity 10039K, committed 10112K, reserved 1048576K
GC Heap History (20 events):
Event: 68.521 GC heap before
{Heap before GC invocations=64 (full 0):
 garbage-first heap   total 157696K, used 92345K [0x00000000c0000000, 0x0000000100000000)
  region size 1024K, 6 young (6144K), 4 survivors (4096K)
 Metaspace       used 64988K, capacity 66866K, committed 67120K, reserved 1107968K
  class space    used 8717K, capacity 9339K, committed 9344K, reserved 1048576K
}
Event: 68.543 GC heap after
{Heap after GC invocations=65 (full 0):
 garbage-first heap   total 157696K, used 92919K [0x00000000c0000000, 0x0000000100000000)
  region size 1024K, 4 young (4096K), 4 survivors (4096K)
 Metaspace       used 64988K, capacity 66866K, committed 67120K, reserved 1107968K
  class space    used 8717K, capacity 9339K, committed 9344K, reserved 1048576K
}
Event: 69.673 GC heap before
{Heap before GC invocations=66 (full 0):
 garbage-first heap   total 158720K, used 101111K [0x00000000c0000000, 0x0000000100000000)
  region size 1024K, 12 young (12288K), 4 survivors (4096K)
 Metaspace       used 66410K, capacity 68267K, committed 68400K, reserved 1107968K
  class space    used 8910K, capacity 9553K, committed 9600K, reserved 1048576K
}
Event: 69.697 GC heap after
{Heap after GC invocations=67 (full 0):
 garbage-first heap   total 158720K, used 93906K [0x00000000c0000000, 0x0000000100000000)
  region size 1024K, 4 young (4096K), 4 survivors (4096K)
 Metaspace       used 66410K, capacity 68267K, committed 68400K, reserved 1107968K
  class space    used 8910K, capacity 9553K, committed 9600K, reserved 1048576K
}
Event: 70.308 GC heap before
{Heap before GC invocations=68 (full 0):
 garbage-first heap   total 194560K, used 127698K [0x00000000c0000000, 0x0000000100000000)
  region size 1024K, 21 young (21504K), 4 survivors (4096K)
 Metaspace       used 66681K, capacity 68562K, committed 68656K, reserved 1107968K
  class space    used 8946K, capacity 9587K, committed 9600K, reserved 1048576K
}
Event: 70.343 GC heap after
{Heap after GC invocations=69 (full 0):
 garbage-first heap   total 194560K, used 110109K [0x00000000c0000000, 0x0000000100000000)
  region size 1024K, 5 young (5120K), 5 survivors (5120K)
 Metaspace       used 66681K, capacity 68562K, committed 68656K, reserved 1107968K
  class space    used 8946K, capacity 9587K, committed 9600K, reserved 1048576K
}
Event: 70.724 GC heap before
{Heap before GC invocations=70 (full 0):
 garbage-first heap   total 194560K, used 113181K [0x00000000c0000000, 0x0000000100000000)
  region size 1024K, 9 young (9216K), 5 survivors (5120K)
 Metaspace       used 66681K, capacity 68562K, committed 68656K, reserved 1107968K
  class space    used 8946K, capacity 9587K, committed 9600K, reserved 1048576K
}
Event: 70.752 GC heap after
{Heap after GC invocations=71 (full 0):
 garbage-first heap   total 194560K, used 113814K [0x00000000c0000000, 0x0000000100000000)
  region size 1024K, 3 young (3072K), 3 survivors (3072K)
 Metaspace       used 66681K, capacity 68562K, committed 68656K, reserved 1107968K
  class space    used 8946K, capacity 9587K, committed 9600K, reserved 1048576K
}
Event: 71.161 GC heap before
{Heap before GC invocations=72 (full 0):
 garbage-first heap   total 194560K, used 114838K [0x00000000c0000000, 0x0000000100000000)
  region size 1024K, 4 young (4096K), 3 survivors (3072K)
 Metaspace       used 66681K, capacity 68562K, committed 68656K, reserved 1107968K
  class space    used 8946K, capacity 9587K, committed 9600K, reserved 1048576K
}
Event: 71.178 GC heap after
{Heap after GC invocations=73 (full 0):
 garbage-first heap   total 194560K, used 113985K [0x00000000c0000000, 0x0000000100000000)
  region size 1024K, 3 young (3072K), 3 survivors (3072K)
 Metaspace       used 66681K, capacity 68562K, committed 68656K, reserved 1107968K
  class space    used 8946K, capacity 9587K, committed 9600K, reserved 1048576K
}
Event: 71.832 GC heap before
{Heap before GC invocations=74 (full 0):
 garbage-first heap   total 194560K, used 133441K [0x00000000c0000000, 0x0000000100000000)
  region size 1024K, 23 young (23552K), 3 survivors (3072K)
 Metaspace       used 66719K, capacity 68630K, committed 68656K, reserved 1107968K
  class space    used 8947K, capacity 9588K, committed 9600K, reserved 1048576K
}
Event: 71.921 GC heap after
{Heap after GC invocations=75 (full 0):
 garbage-first heap   total 194560K, used 123333K [0x00000000c0000000, 0x0000000100000000)
  region size 1024K, 4 young (4096K), 4 survivors (4096K)
 Metaspace       used 66719K, capacity 68630K, committed 68656K, reserved 1107968K
  class space    used 8947K, capacity 9588K, committed 9600K, reserved 1048576K
}
Event: 72.966 GC heap before
{Heap before GC invocations=76 (full 0):
 garbage-first heap   total 222208K, used 145861K [0x00000000c0000000, 0x0000000100000000)
  region size 1024K, 26 young (26624K), 4 survivors (4096K)
 Metaspace       used 68236K, capacity 70119K, committed 70320K, reserved 1110016K
  class space    used 9241K, capacity 9868K, committed 9984K, reserved 1048576K
}
Event: 73.079 GC heap after
{Heap after GC invocations=77 (full 0):
 garbage-first heap   total 222208K, used 133696K [0x00000000c0000000, 0x0000000100000000)
  region size 1024K, 4 young (4096K), 4 survivors (4096K)
 Metaspace       used 68236K, capacity 70119K, committed 70320K, reserved 1110016K
  class space    used 9241K, capacity 9868K, committed 9984K, reserved 1048576K
}
Event: 73.671 GC heap before
{Heap before GC invocations=77 (full 0):
 garbage-first heap   total 222208K, used 164416K [0x00000000c0000000, 0x0000000100000000)
  region size 1024K, 34 young (34816K), 4 survivors (4096K)
 Metaspace       used 68267K, capacity 70119K, committed 70320K, reserved 1110016K
  class space    used 9241K, capacity 9868K, committed 9984K, reserved 1048576K
}
Event: 73.798 GC heap after
{Heap after GC invocations=78 (full 0):
 garbage-first heap   total 222208K, used 152064K [0x00000000c0000000, 0x0000000100000000)
  region size 1024K, 5 young (5120K), 5 survivors (5120K)
 Metaspace       used 68267K, capacity 70119K, committed 70320K, reserved 1110016K
  class space    used 9241K, capacity 9868K, committed 9984K, reserved 1048576K
}
Event: 75.538 GC heap before
{Heap before GC invocations=79 (full 0):
 garbage-first heap   total 260096K, used 163328K [0x00000000c0000000, 0x0000000100000000)
  region size 1024K, 17 young (17408K), 5 survivors (5120K)
 Metaspace       used 68313K, capacity 70183K, committed 70320K, reserved 1110016K
  class space    used 9241K, capacity 9868K, committed 9984K, reserved 1048576K
}
Event: 75.598 GC heap after
{Heap after GC invocations=80 (full 0):
 garbage-first heap   total 260096K, used 159744K [0x00000000c0000000, 0x0000000100000000)
  region size 1024K, 4 young (4096K), 4 survivors (4096K)
 Metaspace       used 68313K, capacity 70183K, committed 70320K, reserved 1110016K
  class space    used 9241K, capacity 9868K, committed 9984K, reserved 1048576K
}
Event: 77.134 GC heap before
{Heap before GC invocations=81 (full 0):
 garbage-first heap   total 273408K, used 190464K [0x00000000c0000000, 0x0000000100000000)
  region size 1024K, 32 young (32768K), 4 survivors (4096K)
 Metaspace       used 68937K, capacity 70862K, committed 71088K, reserved 1110016K
  class space    used 9333K, capacity 9966K, committed 9984K, reserved 1048576K
}
Event: 77.230 GC heap after
{Heap after GC invocations=82 (full 0):
 garbage-first heap   total 376832K, used 177152K [0x00000000c0000000, 0x0000000100000000)
  region size 1024K, 4 young (4096K), 4 survivors (4096K)
 Metaspace       used 68937K, capacity 70862K, committed 71088K, reserved 1110016K
  class space    used 9333K, capacity 9966K, committed 9984K, reserved 1048576K
}

