# JRE version: Java(TM) SE Runtime Environment (13.0.2+8) (build 13.0.2+8)
# Java VM: Java HotSpot(TM) 64-Bit Server VM (13.0.2+8, mixed mode, sharing, tiered, compressed oops, g1 gc, windows-amd64)
Heap:
 garbage-first heap   total 589824K, used 242543K [0x00000000c0000000, 0x0000000100000000)
  region size 1024K, 4 young (4096K), 4 survivors (4096K)
 Metaspace       used 99069K, capacity 101588K, committed 102576K, reserved 1138688K
  class space    used 12466K, capacity 13338K, committed 13568K, reserved 1048576K
GC Heap History (20 events):
Event: 1879.105 GC heap after
{Heap after GC invocations=160 (full 0):
 garbage-first heap   total 352256K, used 179055K [0x00000000c0000000, 0x0000000100000000)
  region size 1024K, 6 young (6144K), 6 survivors (6144K)
 Metaspace       used 99533K, capacity 102327K, committed 102576K, reserved 1138688K
  class space    used 12558K, capacity 13499K, committed 13568K, reserved 1048576K
}
Event: 1879.159 GC heap before
{Heap before GC invocations=160 (full 0):
 garbage-first heap   total 352256K, used 187247K [0x00000000c0000000, 0x0000000100000000)
  region size 1024K, 15 young (15360K), 6 survivors (6144K)
 Metaspace       used 99533K, capacity 102327K, committed 102576K, reserved 1138688K
  class space    used 12558K, capacity 13499K, committed 13568K, reserved 1048576K
}
Event: 1879.277 GC heap after
{Heap after GC invocations=161 (full 0):
 garbage-first heap   total 352256K, used 184687K [0x00000000c0000000, 0x0000000100000000)
  region size 1024K, 3 young (3072K), 3 survivors (3072K)
 Metaspace       used 99533K, capacity 102327K, committed 102576K, reserved 1138688K
  class space    used 12558K, capacity 13499K, committed 13568K, reserved 1048576K
}
Event: 1879.955 GC heap before
{Heap before GC invocations=161 (full 0):
 garbage-first heap   total 352256K, used 209263K [0x00000000c0000000, 0x0000000100000000)
  region size 1024K, 25 young (25600K), 3 survivors (3072K)
 Metaspace       used 99533K, capacity 102327K, committed 102576K, reserved 1138688K
  class space    used 12558K, capacity 13499K, committed 13568K, reserved 1048576K
}
Event: 1880.161 GC heap after
{Heap after GC invocations=162 (full 0):
 garbage-first heap   total 352256K, used 200559K [0x00000000c0000000, 0x0000000100000000)
  region size 1024K, 4 young (4096K), 4 survivors (4096K)
 Metaspace       used 99533K, capacity 102327K, committed 102576K, reserved 1138688K
  class space    used 12558K, capacity 13499K, committed 13568K, reserved 1048576K
}
Event: 1880.782 GC heap before
{Heap before GC invocations=163 (full 0):
 garbage-first heap   total 352256K, used 214895K [0x00000000c0000000, 0x0000000100000000)
  region size 1024K, 18 young (18432K), 4 survivors (4096K)
 Metaspace       used 99533K, capacity 102327K, committed 102576K, reserved 1138688K
  class space    used 12558K, capacity 13499K, committed 13568K, reserved 1048576K
}
Event: 1880.885 GC heap after
{Heap after GC invocations=164 (full 0):
 garbage-first heap   total 352256K, used 207727K [0x00000000c0000000, 0x0000000100000000)
  region size 1024K, 3 young (3072K), 3 survivors (3072K)
 Metaspace       used 99533K, capacity 102327K, committed 102576K, reserved 1138688K
  class space    used 12558K, capacity 13499K, committed 13568K, reserved 1048576K
}
Event: 1881.163 GC heap before
{Heap before GC invocations=164 (full 0):
 garbage-first heap   total 352256K, used 222063K [0x00000000c0000000, 0x0000000100000000)
  region size 1024K, 17 young (17408K), 3 survivors (3072K)
 Metaspace       used 99534K, capacity 102327K, committed 102576K, reserved 1138688K
  class space    used 12558K, capacity 13499K, committed 13568K, reserved 1048576K
}
Event: 1881.299 GC heap after
{Heap after GC invocations=165 (full 0):
 garbage-first heap   total 352256K, used 207727K [0x00000000c0000000, 0x0000000100000000)
  region size 1024K, 3 young (3072K), 3 survivors (3072K)
 Metaspace       used 99534K, capacity 102327K, committed 102576K, reserved 1138688K
  class space    used 12558K, capacity 13499K, committed 13568K, reserved 1048576K
}
Event: 1881.376 GC heap before
{Heap before GC invocations=165 (full 0):
 garbage-first heap   total 352256K, used 210799K [0x00000000c0000000, 0x0000000100000000)
  region size 1024K, 7 young (7168K), 3 survivors (3072K)
 Metaspace       used 99535K, capacity 102327K, committed 102576K, reserved 1138688K
  class space    used 12558K, capacity 13499K, committed 13568K, reserved 1048576K
}
Event: 1881.430 GC heap after
{Heap after GC invocations=166 (full 0):
 garbage-first heap   total 352256K, used 210201K [0x00000000c0000000, 0x0000000100000000)
  region size 1024K, 2 young (2048K), 2 survivors (2048K)
 Metaspace       used 99535K, capacity 102327K, committed 102576K, reserved 1138688K
  class space    used 12558K, capacity 13499K, committed 13568K, reserved 1048576K
}
Event: 1882.046 GC heap before
{Heap before GC invocations=166 (full 0):
 garbage-first heap   total 352256K, used 234777K [0x00000000c0000000, 0x0000000100000000)
  region size 1024K, 17 young (17408K), 2 survivors (2048K)
 Metaspace       used 99537K, capacity 102327K, committed 102576K, reserved 1138688K
  class space    used 12558K, capacity 13499K, committed 13568K, reserved 1048576K
}
Event: 1882.159 GC heap after
{Heap after GC invocations=167 (full 0):
 garbage-first heap   total 478208K, used 225750K [0x00000000c0000000, 0x0000000100000000)
  region size 1024K, 3 young (3072K), 3 survivors (3072K)
 Metaspace       used 99537K, capacity 102327K, committed 102576K, reserved 1138688K
  class space    used 12558K, capacity 13499K, committed 13568K, reserved 1048576K
}
Event: 1883.658 GC heap before
{Heap before GC invocations=168 (full 0):
 garbage-first heap   total 478208K, used 244182K [0x00000000c0000000, 0x0000000100000000)
  region size 1024K, 23 young (23552K), 3 survivors (3072K)
 Metaspace       used 99069K, capacity 101588K, committed 102576K, reserved 1138688K
  class space    used 12466K, capacity 13338K, committed 13568K, reserved 1048576K
}
Event: 1883.756 GC heap after
{Heap after GC invocations=169 (full 0):
 garbage-first heap   total 478208K, used 228720K [0x00000000c0000000, 0x0000000100000000)
  region size 1024K, 3 young (3072K), 3 survivors (3072K)
 Metaspace       used 99069K, capacity 101588K, committed 102576K, reserved 1138688K
  class space    used 12466K, capacity 13338K, committed 13568K, reserved 1048576K
}
Event: 1883.897 GC heap before
{Heap before GC invocations=169 (full 0):
 garbage-first heap   total 478208K, used 248176K [0x00000000c0000000, 0x0000000100000000)
  region size 1024K, 23 young (23552K), 3 survivors (3072K)
 Metaspace       used 99069K, capacity 101588K, committed 102576K, reserved 1138688K
  class space    used 12466K, capacity 13338K, committed 13568K, reserved 1048576K
}
Event: 1883.956 GC heap after
{Heap after GC invocations=170 (full 0):
 garbage-first heap   total 478208K, used 223663K [0x00000000c0000000, 0x0000000100000000)
  region size 1024K, 3 young (3072K), 3 survivors (3072K)
 Metaspace       used 99069K, capacity 101588K, committed 102576K, reserved 1138688K
  class space    used 12466K, capacity 13338K, committed 13568K, reserved 1048576K
}
Event: 1884.009 GC heap before
{Heap before GC invocations=170 (full 0):
 garbage-first heap   total 478208K, used 234927K [0x00000000c0000000, 0x0000000100000000)
  region size 1024K, 15 young (15360K), 3 survivors (3072K)
 Metaspace       used 99069K, capacity 101588K, committed 102576K, reserved 1138688K
  class space    used 12466K, capacity 13338K, committed 13568K, reserved 1048576K
}
Event: 1884.054 GC heap after
{Heap after GC invocations=171 (full 0):
 garbage-first heap   total 478208K, used 225984K [0x00000000c0000000, 0x0000000100000000)
  region size 1024K, 3 young (3072K), 3 survivors (3072K)
 Metaspace       used 99069K, capacity 101588K, committed 102576K, reserved 1138688K
  class space    used 12466K, capacity 13338K, committed 13568K, reserved 1048576K
}
Event: 1884.606 GC heap before
{Heap before GC invocations=171 (full 0):
 garbage-first heap   total 478208K, used 264896K [0x00000000c0000000, 0x0000000100000000)
  region size 1024K, 29 young (29696K), 3 survivors (3072K)
 Metaspace       used 99069K, capacity 101588K, committed 102576K, reserved 1138688K
  class space    used 12466K, capacity 13338K, committed 13568K, reserved 1048576K
}

