# JRE version: Java(TM) SE Runtime Environment (13.0.2+8) (build 13.0.2+8)
# Java VM: Java HotSpot(TM) 64-Bit Server VM (13.0.2+8, mixed mode, sharing, tiered, compressed oops, g1 gc, windows-amd64)
Heap:
 garbage-first heap   total 219136K, used 130048K [0x00000000c0000000, 0x0000000100000000)
  region size 1024K, 6 young (6144K), 4 survivors (4096K)
 Metaspace       used 81452K, capacity 83748K, committed 84016K, reserved 1122304K
  class space    used 10806K, capacity 11580K, committed 11648K, reserved 1048576K
GC Heap History (20 events):
Event: 50.101 GC heap before
{Heap before GC invocations=47 (full 0):
 garbage-first heap   total 158720K, used 90383K [0x00000000c0000000, 0x0000000100000000)
  region size 1024K, 14 young (14336K), 6 survivors (6144K)
 Metaspace       used 71144K, capacity 73128K, committed 73392K, reserved 1112064K
  class space    used 9470K, capacity 10118K, committed 10240K, reserved 1048576K
}
Event: 50.147 GC heap after
{Heap after GC invocations=48 (full 0):
 garbage-first heap   total 158720K, used 85603K [0x00000000c0000000, 0x0000000100000000)
  region size 1024K, 2 young (2048K), 2 survivors (2048K)
 Metaspace       used 71144K, capacity 73128K, committed 73392K, reserved 1112064K
  class space    used 9470K, capacity 10118K, committed 10240K, reserved 1048576K
}
Event: 55.712 GC heap before
{Heap before GC invocations=49 (full 0):
 garbage-first heap   total 158720K, used 114275K [0x00000000c0000000, 0x0000000100000000)
  region size 1024K, 29 young (29696K), 2 survivors (2048K)
 Metaspace       used 71902K, capacity 73864K, committed 74160K, reserved 1114112K
  class space    used 9537K, capacity 10191K, committed 10240K, reserved 1048576K
}
Event: 55.743 GC heap after
{Heap after GC invocations=50 (full 0):
 garbage-first heap   total 158720K, used 94720K [0x00000000c0000000, 0x0000000100000000)
  region size 1024K, 4 young (4096K), 4 survivors (4096K)
 Metaspace       used 71902K, capacity 73864K, committed 74160K, reserved 1114112K
  class space    used 9537K, capacity 10191K, committed 10240K, reserved 1048576K
}
Event: 59.908 GC heap before
{Heap before GC invocations=50 (full 0):
 garbage-first heap   total 158720K, used 119296K [0x00000000c0000000, 0x0000000100000000)
  region size 1024K, 28 young (28672K), 4 survivors (4096K)
 Metaspace       used 73432K, capacity 75446K, committed 75568K, reserved 1114112K
  class space    used 9660K, capacity 10325K, committed 10368K, reserved 1048576K
}
Event: 59.954 GC heap after
{Heap after GC invocations=51 (full 0):
 garbage-first heap   total 158720K, used 99819K [0x00000000c0000000, 0x0000000100000000)
  region size 1024K, 4 young (4096K), 4 survivors (4096K)
 Metaspace       used 73432K, capacity 75446K, committed 75568K, reserved 1114112K
  class space    used 9660K, capacity 10325K, committed 10368K, reserved 1048576K
}
Event: 63.146 GC heap before
{Heap before GC invocations=52 (full 0):
 garbage-first heap   total 168960K, used 121323K [0x00000000c0000000, 0x0000000100000000)
  region size 1024K, 26 young (26624K), 4 survivors (4096K)
 Metaspace       used 73604K, capacity 75622K, committed 75824K, reserved 1114112K
  class space    used 9676K, capacity 10338K, committed 10368K, reserved 1048576K
}
Event: 63.177 GC heap after
{Heap after GC invocations=53 (full 0):
 garbage-first heap   total 168960K, used 101161K [0x00000000c0000000, 0x0000000100000000)
  region size 1024K, 2 young (2048K), 2 survivors (2048K)
 Metaspace       used 73604K, capacity 75622K, committed 75824K, reserved 1114112K
  class space    used 9676K, capacity 10338K, committed 10368K, reserved 1048576K
}
Event: 65.140 GC heap before
{Heap before GC invocations=53 (full 0):
 garbage-first heap   total 168960K, used 126761K [0x00000000c0000000, 0x0000000100000000)
  region size 1024K, 28 young (28672K), 2 survivors (2048K)
 Metaspace       used 75434K, capacity 77498K, committed 77744K, reserved 1116160K
  class space    used 9948K, capacity 10633K, committed 10752K, reserved 1048576K
}
Event: 65.155 GC heap after
{Heap after GC invocations=54 (full 0):
 garbage-first heap   total 168960K, used 102142K [0x00000000c0000000, 0x0000000100000000)
  region size 1024K, 3 young (3072K), 3 survivors (3072K)
 Metaspace       used 75434K, capacity 77498K, committed 77744K, reserved 1116160K
  class space    used 9948K, capacity 10633K, committed 10752K, reserved 1048576K
}
Event: 68.279 GC heap before
{Heap before GC invocations=55 (full 0):
 garbage-first heap   total 174080K, used 128766K [0x00000000c0000000, 0x0000000100000000)
  region size 1024K, 30 young (30720K), 3 survivors (3072K)
 Metaspace       used 80867K, capacity 83141K, committed 83504K, reserved 1122304K
  class space    used 10743K, capacity 11535K, committed 11648K, reserved 1048576K
}
Event: 68.304 GC heap after
{Heap after GC invocations=56 (full 0):
 garbage-first heap   total 174080K, used 102886K [0x00000000c0000000, 0x0000000100000000)
  region size 1024K, 2 young (2048K), 2 survivors (2048K)
 Metaspace       used 80867K, capacity 83141K, committed 83504K, reserved 1122304K
  class space    used 10743K, capacity 11535K, committed 11648K, reserved 1048576K
}
Event: 72.515 GC heap before
{Heap before GC invocations=56 (full 0):
 garbage-first heap   total 174080K, used 126438K [0x00000000c0000000, 0x0000000100000000)
  region size 1024K, 27 young (27648K), 2 survivors (2048K)
 Metaspace       used 81217K, capacity 83545K, committed 83760K, reserved 1122304K
  class space    used 10787K, capacity 11577K, committed 11648K, reserved 1048576K
}
Event: 72.544 GC heap after
{Heap after GC invocations=57 (full 0):
 garbage-first heap   total 174080K, used 104290K [0x00000000c0000000, 0x0000000100000000)
  region size 1024K, 4 young (4096K), 4 survivors (4096K)
 Metaspace       used 81217K, capacity 83545K, committed 83760K, reserved 1122304K
  class space    used 10787K, capacity 11577K, committed 11648K, reserved 1048576K
}
Event: 73.512 GC heap before
{Heap before GC invocations=58 (full 0):
 garbage-first heap   total 191488K, used 162658K [0x00000000c0000000, 0x0000000100000000)
  region size 1024K, 34 young (34816K), 4 survivors (4096K)
 Metaspace       used 81435K, capacity 83748K, committed 84016K, reserved 1122304K
  class space    used 10805K, capacity 11580K, committed 11648K, reserved 1048576K
}
Event: 73.596 GC heap after
{Heap after GC invocations=59 (full 0):
 garbage-first heap   total 191488K, used 133638K [0x00000000c0000000, 0x0000000100000000)
  region size 1024K, 5 young (5120K), 5 survivors (5120K)
 Metaspace       used 81435K, capacity 83748K, committed 84016K, reserved 1122304K
  class space    used 10805K, capacity 11580K, committed 11648K, reserved 1048576K
}
Event: 73.746 GC heap before
{Heap before GC invocations=59 (full 0):
 garbage-first heap   total 191488K, used 136710K [0x00000000c0000000, 0x0000000100000000)
  region size 1024K, 9 young (9216K), 5 survivors (5120K)
 Metaspace       used 81452K, capacity 83748K, committed 84016K, reserved 1122304K
  class space    used 10806K, capacity 11580K, committed 11648K, reserved 1048576K
}
Event: 73.851 GC heap after
{Heap after GC invocations=60 (full 0):
 garbage-first heap   total 191488K, used 123904K [0x00000000c0000000, 0x0000000100000000)
  region size 1024K, 2 young (2048K), 2 survivors (2048K)
 Metaspace       used 81452K, capacity 83748K, committed 84016K, reserved 1122304K
  class space    used 10806K, capacity 11580K, committed 11648K, reserved 1048576K
}
Event: 73.929 GC heap before
{Heap before GC invocations=60 (full 0):
 garbage-first heap   total 191488K, used 131072K [0x00000000c0000000, 0x0000000100000000)
  region size 1024K, 10 young (10240K), 2 survivors (2048K)
 Metaspace       used 81452K, capacity 83748K, committed 84016K, reserved 1122304K
  class space    used 10806K, capacity 11580K, committed 11648K, reserved 1048576K
}
Event: 73.978 GC heap after
{Heap after GC invocations=61 (full 0):
 garbage-first heap   total 191488K, used 128000K [0x00000000c0000000, 0x0000000100000000)
  region size 1024K, 4 young (4096K), 4 survivors (4096K)
 Metaspace       used 81452K, capacity 83748K, committed 84016K, reserved 1122304K
  class space    used 10806K, capacity 11580K, committed 11648K, reserved 1048576K
}

