# JRE version: Java(TM) SE Runtime Environment (13.0.2+8) (build 13.0.2+8)
# Java VM: Java HotSpot(TM) 64-Bit Server VM (13.0.2+8, mixed mode, sharing, tiered, compressed oops, g1 gc, windows-amd64)
Heap:
 garbage-first heap   total 239616K, used 142336K [0x00000000c0000000, 0x0000000100000000)
  region size 1024K, 5 young (5120K), 4 survivors (4096K)
 Metaspace       used 68283K, capacity 70219K, committed 70320K, reserved 1110016K
  class space    used 9249K, capacity 9900K, committed 9984K, reserved 1048576K
GC Heap History (20 events):
Event: 41.483 GC heap before
{Heap before GC invocations=41 (full 0):
 garbage-first heap   total 139264K, used 109086K [0x00000000c0000000, 0x0000000100000000)
  region size 1024K, 38 young (38912K), 5 survivors (5120K)
 Metaspace       used 63560K, capacity 65295K, committed 65456K, reserved 1105920K
  class space    used 8507K, capacity 9131K, committed 9216K, reserved 1048576K
}
Event: 41.506 GC heap after
{Heap after GC invocations=42 (full 0):
 garbage-first heap   total 139264K, used 77989K [0x00000000c0000000, 0x0000000100000000)
  region size 1024K, 4 young (4096K), 4 survivors (4096K)
 Metaspace       used 63560K, capacity 65295K, committed 65456K, reserved 1105920K
  class space    used 8507K, capacity 9131K, committed 9216K, reserved 1048576K
}
Event: 43.856 GC heap before
{Heap before GC invocations=43 (full 0):
 garbage-first heap   total 139264K, used 111781K [0x00000000c0000000, 0x0000000100000000)
  region size 1024K, 38 young (38912K), 4 survivors (4096K)
 Metaspace       used 63875K, capacity 65757K, committed 65968K, reserved 1105920K
  class space    used 8550K, capacity 9189K, committed 9216K, reserved 1048576K
}
Event: 43.880 GC heap after
{Heap after GC invocations=44 (full 0):
 garbage-first heap   total 139264K, used 79974K [0x00000000c0000000, 0x0000000100000000)
  region size 1024K, 4 young (4096K), 4 survivors (4096K)
 Metaspace       used 63875K, capacity 65757K, committed 65968K, reserved 1105920K
  class space    used 8550K, capacity 9189K, committed 9216K, reserved 1048576K
}
Event: 45.442 GC heap before
{Heap before GC invocations=44 (full 0):
 garbage-first heap   total 139264K, used 112742K [0x00000000c0000000, 0x0000000100000000)
  region size 1024K, 37 young (37888K), 4 survivors (4096K)
 Metaspace       used 64384K, capacity 66170K, committed 66352K, reserved 1105920K
  class space    used 8623K, capacity 9234K, committed 9344K, reserved 1048576K
}
Event: 45.464 GC heap after
{Heap after GC invocations=45 (full 0):
 garbage-first heap   total 139264K, used 81452K [0x00000000c0000000, 0x0000000100000000)
  region size 1024K, 4 young (4096K), 4 survivors (4096K)
 Metaspace       used 64384K, capacity 66170K, committed 66352K, reserved 1105920K
  class space    used 8623K, capacity 9234K, committed 9344K, reserved 1048576K
}
Event: 46.243 GC heap before
{Heap before GC invocations=46 (full 0):
 garbage-first heap   total 140288K, used 90668K [0x00000000c0000000, 0x0000000100000000)
  region size 1024K, 15 young (15360K), 4 survivors (4096K)
 Metaspace       used 64981K, capacity 66866K, committed 67120K, reserved 1107968K
  class space    used 8720K, capacity 9338K, committed 9344K, reserved 1048576K
}
Event: 46.264 GC heap after
{Heap after GC invocations=47 (full 0):
 garbage-first heap   total 140288K, used 82106K [0x00000000c0000000, 0x0000000100000000)
  region size 1024K, 3 young (3072K), 3 survivors (3072K)
 Metaspace       used 64981K, capacity 66866K, committed 67120K, reserved 1107968K
  class space    used 8720K, capacity 9338K, committed 9344K, reserved 1048576K
}
Event: 46.924 GC heap before
{Heap before GC invocations=48 (full 0):
 garbage-first heap   total 163840K, used 101562K [0x00000000c0000000, 0x0000000100000000)
  region size 1024K, 14 young (14336K), 3 survivors (3072K)
 Metaspace       used 66419K, capacity 68334K, committed 68400K, reserved 1107968K
  class space    used 8918K, capacity 9553K, committed 9600K, reserved 1048576K
}
Event: 46.946 GC heap after
{Heap after GC invocations=49 (full 0):
 garbage-first heap   total 163840K, used 92503K [0x00000000c0000000, 0x0000000100000000)
  region size 1024K, 4 young (4096K), 4 survivors (4096K)
 Metaspace       used 66419K, capacity 68334K, committed 68400K, reserved 1107968K
  class space    used 8918K, capacity 9553K, committed 9600K, reserved 1048576K
}
Event: 47.595 GC heap before
{Heap before GC invocations=50 (full 0):
 garbage-first heap   total 193536K, used 126295K [0x00000000c0000000, 0x0000000100000000)
  region size 1024K, 21 young (21504K), 4 survivors (4096K)
 Metaspace       used 66692K, capacity 68565K, committed 68656K, reserved 1107968K
  class space    used 8953K, capacity 9587K, committed 9600K, reserved 1048576K
}
Event: 47.654 GC heap after
{Heap after GC invocations=51 (full 0):
 garbage-first heap   total 193536K, used 108998K [0x00000000c0000000, 0x0000000100000000)
  region size 1024K, 6 young (6144K), 6 survivors (6144K)
 Metaspace       used 66692K, capacity 68565K, committed 68656K, reserved 1107968K
  class space    used 8953K, capacity 9587K, committed 9600K, reserved 1048576K
}
Event: 48.131 GC heap before
{Heap before GC invocations=52 (full 0):
 garbage-first heap   total 193536K, used 112070K [0x00000000c0000000, 0x0000000100000000)
  region size 1024K, 10 young (10240K), 6 survivors (6144K)
 Metaspace       used 66692K, capacity 68565K, committed 68656K, reserved 1107968K
  class space    used 8953K, capacity 9587K, committed 9600K, reserved 1048576K
}
Event: 48.166 GC heap after
{Heap after GC invocations=53 (full 0):
 garbage-first heap   total 193536K, used 111955K [0x00000000c0000000, 0x0000000100000000)
  region size 1024K, 2 young (2048K), 2 survivors (2048K)
 Metaspace       used 66692K, capacity 68565K, committed 68656K, reserved 1107968K
  class space    used 8953K, capacity 9587K, committed 9600K, reserved 1048576K
}
Event: 48.994 GC heap before
{Heap before GC invocations=54 (full 0):
 garbage-first heap   total 196608K, used 133459K [0x00000000c0000000, 0x0000000100000000)
  region size 1024K, 23 young (23552K), 2 survivors (2048K)
 Metaspace       used 66735K, capacity 68630K, committed 68656K, reserved 1107968K
  class space    used 8954K, capacity 9587K, committed 9600K, reserved 1048576K
}
Event: 49.066 GC heap after
{Heap after GC invocations=55 (full 0):
 garbage-first heap   total 196608K, used 121265K [0x00000000c0000000, 0x0000000100000000)
  region size 1024K, 3 young (3072K), 3 survivors (3072K)
 Metaspace       used 66735K, capacity 68630K, committed 68656K, reserved 1107968K
  class space    used 8954K, capacity 9587K, committed 9600K, reserved 1048576K
}
Event: 50.205 GC heap before
{Heap before GC invocations=56 (full 0):
 garbage-first heap   total 203776K, used 136625K [0x00000000c0000000, 0x0000000100000000)
  region size 1024K, 18 young (18432K), 3 survivors (3072K)
 Metaspace       used 68202K, capacity 70154K, committed 70320K, reserved 1110016K
  class space    used 9247K, capacity 9900K, committed 9984K, reserved 1048576K
}
Event: 50.282 GC heap after
{Heap after GC invocations=57 (full 0):
 garbage-first heap   total 203776K, used 128000K [0x00000000c0000000, 0x0000000100000000)
  region size 1024K, 3 young (3072K), 3 survivors (3072K)
 Metaspace       used 68202K, capacity 70154K, committed 70320K, reserved 1110016K
  class space    used 9247K, capacity 9900K, committed 9984K, reserved 1048576K
}
Event: 50.837 GC heap before
{Heap before GC invocations=57 (full 0):
 garbage-first heap   total 203776K, used 150528K [0x00000000c0000000, 0x0000000100000000)
  region size 1024K, 26 young (26624K), 3 survivors (3072K)
 Metaspace       used 68283K, capacity 70219K, committed 70320K, reserved 1110016K
  class space    used 9249K, capacity 9900K, committed 9984K, reserved 1048576K
}
Event: 50.940 GC heap after
{Heap after GC invocations=58 (full 0):
 garbage-first heap   total 203776K, used 142336K [0x00000000c0000000, 0x0000000100000000)
  region size 1024K, 4 young (4096K), 4 survivors (4096K)
 Metaspace       used 68283K, capacity 70219K, committed 70320K, reserved 1110016K
  class space    used 9249K, capacity 9900K, committed 9984K, reserved 1048576K
}

