# JRE version: Java(TM) SE Runtime Environment (13.0.2+8) (build 13.0.2+8)
# Java VM: Java HotSpot(TM) 64-Bit Server VM (13.0.2+8, mixed mode, sharing, tiered, compressed oops, g1 gc, windows-amd64)
Heap:
 garbage-first heap   total 128000K, used 69172K [0x00000000c0000000, 0x0000000100000000)
  region size 1024K, 8 young (8192K), 2 survivors (2048K)
 Metaspace       used 47587K, capacity 48932K, committed 49024K, reserved 1091584K
  class space    used 6329K, capacity 6713K, committed 6784K, reserved 1048576K
GC Heap History (20 events):
Event: 21.346 GC heap before
{Heap before GC invocations=18 (full 0):
 garbage-first heap   total 76800K, used 61401K [0x00000000c0000000, 0x0000000100000000)
  region size 1024K, 20 young (20480K), 2 survivors (2048K)
 Metaspace       used 33252K, capacity 34221K, committed 34304K, reserved 1079296K
  class space    used 4516K, capacity 4823K, committed 4864K, reserved 1048576K
}
Event: 21.363 GC heap after
{Heap after GC invocations=19 (full 0):
 garbage-first heap   total 92160K, used 44221K [0x00000000c0000000, 0x0000000100000000)
  region size 1024K, 3 young (3072K), 3 survivors (3072K)
 Metaspace       used 33252K, capacity 34221K, committed 34304K, reserved 1079296K
  class space    used 4516K, capacity 4823K, committed 4864K, reserved 1048576K
}
Event: 22.331 GC heap before
{Heap before GC invocations=20 (full 0):
 garbage-first heap   total 92160K, used 67773K [0x00000000c0000000, 0x0000000100000000)
  region size 1024K, 26 young (26624K), 3 survivors (3072K)
 Metaspace       used 34662K, capacity 35786K, committed 35840K, reserved 1079296K
  class space    used 4755K, capacity 5109K, committed 5120K, reserved 1048576K
}
Event: 22.349 GC heap after
{Heap after GC invocations=21 (full 0):
 garbage-first heap   total 92160K, used 45691K [0x00000000c0000000, 0x0000000100000000)
  region size 1024K, 3 young (3072K), 3 survivors (3072K)
 Metaspace       used 34662K, capacity 35786K, committed 35840K, reserved 1079296K
  class space    used 4755K, capacity 5109K, committed 5120K, reserved 1048576K
}
Event: 24.049 GC heap before
{Heap before GC invocations=21 (full 0):
 garbage-first heap   total 92160K, used 67195K [0x00000000c0000000, 0x0000000100000000)
  region size 1024K, 26 young (26624K), 3 survivors (3072K)
 Metaspace       used 36127K, capacity 37359K, committed 37632K, reserved 1081344K
  class space    used 4927K, capacity 5290K, committed 5376K, reserved 1048576K
}
Event: 24.070 GC heap after
{Heap after GC invocations=22 (full 0):
 garbage-first heap   total 92160K, used 48275K [0x00000000c0000000, 0x0000000100000000)
  region size 1024K, 4 young (4096K), 4 survivors (4096K)
 Metaspace       used 36127K, capacity 37359K, committed 37632K, reserved 1081344K
  class space    used 4927K, capacity 5290K, committed 5376K, reserved 1048576K
}
Event: 24.217 GC heap before
{Heap before GC invocations=23 (full 0):
 garbage-first heap   total 92160K, used 52371K [0x00000000c0000000, 0x0000000100000000)
  region size 1024K, 7 young (7168K), 4 survivors (4096K)
 Metaspace       used 36127K, capacity 37359K, committed 37632K, reserved 1081344K
  class space    used 4927K, capacity 5290K, committed 5376K, reserved 1048576K
}
Event: 24.231 GC heap after
{Heap after GC invocations=24 (full 0):
 garbage-first heap   total 92160K, used 53042K [0x00000000c0000000, 0x0000000100000000)
  region size 1024K, 2 young (2048K), 2 survivors (2048K)
 Metaspace       used 36127K, capacity 37359K, committed 37632K, reserved 1081344K
  class space    used 4927K, capacity 5290K, committed 5376K, reserved 1048576K
}
Event: 24.924 GC heap before
{Heap before GC invocations=25 (full 0):
 garbage-first heap   total 96256K, used 69426K [0x00000000c0000000, 0x0000000100000000)
  region size 1024K, 16 young (16384K), 2 survivors (2048K)
 Metaspace       used 38242K, capacity 39578K, committed 39680K, reserved 1083392K
  class space    used 5196K, capacity 5582K, committed 5632K, reserved 1048576K
}
Event: 24.931 GC heap after
{Heap after GC invocations=26 (full 0):
 garbage-first heap   total 96256K, used 57324K [0x00000000c0000000, 0x0000000100000000)
  region size 1024K, 2 young (2048K), 2 survivors (2048K)
 Metaspace       used 38242K, capacity 39578K, committed 39680K, reserved 1083392K
  class space    used 5196K, capacity 5582K, committed 5632K, reserved 1048576K
}
Event: 25.519 GC heap before
{Heap before GC invocations=26 (full 0):
 garbage-first heap   total 96256K, used 72684K [0x00000000c0000000, 0x0000000100000000)
  region size 1024K, 17 young (17408K), 2 survivors (2048K)
 Metaspace       used 40844K, capacity 42157K, committed 42240K, reserved 1085440K
  class space    used 5506K, capacity 5888K, committed 5888K, reserved 1048576K
}
Event: 25.528 GC heap after
{Heap after GC invocations=27 (full 0):
 garbage-first heap   total 96256K, used 58238K [0x00000000c0000000, 0x0000000100000000)
  region size 1024K, 1 young (1024K), 1 survivors (1024K)
 Metaspace       used 40844K, capacity 42157K, committed 42240K, reserved 1085440K
  class space    used 5506K, capacity 5888K, committed 5888K, reserved 1048576K
}
Event: 26.196 GC heap before
{Heap before GC invocations=28 (full 0):
 garbage-first heap   total 101376K, used 73598K [0x00000000c0000000, 0x0000000100000000)
  region size 1024K, 16 young (16384K), 1 survivors (1024K)
 Metaspace       used 42921K, capacity 44252K, committed 44416K, reserved 1087488K
  class space    used 5753K, capacity 6185K, committed 6272K, reserved 1048576K
}
Event: 26.207 GC heap after
{Heap after GC invocations=29 (full 0):
 garbage-first heap   total 101376K, used 58757K [0x00000000c0000000, 0x0000000100000000)
  region size 1024K, 2 young (2048K), 2 survivors (2048K)
 Metaspace       used 42921K, capacity 44252K, committed 44416K, reserved 1087488K
  class space    used 5753K, capacity 6185K, committed 6272K, reserved 1048576K
}
Event: 26.783 GC heap before
{Heap before GC invocations=29 (full 0):
 garbage-first heap   total 101376K, used 75141K [0x00000000c0000000, 0x0000000100000000)
  region size 1024K, 19 young (19456K), 2 survivors (2048K)
 Metaspace       used 44893K, capacity 46233K, committed 46464K, reserved 1089536K
  class space    used 6004K, capacity 6418K, committed 6528K, reserved 1048576K
}
Event: 26.796 GC heap after
{Heap after GC invocations=30 (full 0):
 garbage-first heap   total 101376K, used 62112K [0x00000000c0000000, 0x0000000100000000)
  region size 1024K, 3 young (3072K), 3 survivors (3072K)
 Metaspace       used 44893K, capacity 46233K, committed 46464K, reserved 1089536K
  class space    used 6004K, capacity 6418K, committed 6528K, reserved 1048576K
}
Event: 27.603 GC heap before
{Heap before GC invocations=31 (full 0):
 garbage-first heap   total 106496K, used 78496K [0x00000000c0000000, 0x0000000100000000)
  region size 1024K, 19 young (19456K), 3 survivors (3072K)
 Metaspace       used 46246K, capacity 47578K, committed 47872K, reserved 1091584K
  class space    used 6176K, capacity 6583K, committed 6656K, reserved 1048576K
}
Event: 27.618 GC heap after
{Heap after GC invocations=32 (full 0):
 garbage-first heap   total 106496K, used 62676K [0x00000000c0000000, 0x0000000100000000)
  region size 1024K, 2 young (2048K), 2 survivors (2048K)
 Metaspace       used 46246K, capacity 47578K, committed 47872K, reserved 1091584K
  class space    used 6176K, capacity 6583K, committed 6656K, reserved 1048576K
}
Event: 27.797 GC heap before
{Heap before GC invocations=32 (full 0):
 garbage-first heap   total 106496K, used 68820K [0x00000000c0000000, 0x0000000100000000)
  region size 1024K, 9 young (9216K), 2 survivors (2048K)
 Metaspace       used 47018K, capacity 48378K, committed 48512K, reserved 1091584K
  class space    used 6282K, capacity 6679K, committed 6784K, reserved 1048576K
}
Event: 27.804 GC heap after
{Heap after GC invocations=33 (full 0):
 garbage-first heap   total 128000K, used 63028K [0x00000000c0000000, 0x0000000100000000)
  region size 1024K, 2 young (2048K), 2 survivors (2048K)
 Metaspace       used 47018K, capacity 48378K, committed 48512K, reserved 1091584K
  class space    used 6282K, capacity 6679K, committed 6784K, reserved 1048576K
}

