# JRE version: Java(TM) SE Runtime Environment (13.0.2+8) (build 13.0.2+8)
# Java VM: Java HotSpot(TM) 64-Bit Server VM (13.0.2+8, mixed mode, sharing, tiered, compressed oops, g1 gc, windows-amd64)
Heap:
 garbage-first heap   total 159744K, used 88488K [0x0000000080000000, 0x0000000100000000)
  region size 1024K, 6 young (6144K), 5 survivors (5120K)
 Metaspace       used 75463K, capacity 77604K, committed 77616K, reserved 1116160K
  class space    used 9921K, capacity 10617K, committed 10624K, reserved 1048576K
GC Heap History (20 events):
Event: 96.730 GC heap before
{Heap before GC invocations=40 (full 0):
 garbage-first heap   total 116736K, used 88321K [0x0000000080000000, 0x0000000100000000)
  region size 1024K, 23 young (23552K), 3 survivors (3072K)
 Metaspace       used 58220K, capacity 60077K, committed 60336K, reserved 1101824K
  class space    used 7553K, capacity 8138K, committed 8192K, reserved 1048576K
}
Event: 96.753 GC heap after
{Heap after GC invocations=41 (full 0):
 garbage-first heap   total 116736K, used 69537K [0x0000000080000000, 0x0000000100000000)
  region size 1024K, 2 young (2048K), 2 survivors (2048K)
 Metaspace       used 58220K, capacity 60077K, committed 60336K, reserved 1101824K
  class space    used 7553K, capacity 8138K, committed 8192K, reserved 1048576K
}
Event: 98.137 GC heap before
{Heap before GC invocations=41 (full 0):
 garbage-first heap   total 116736K, used 91041K [0x0000000080000000, 0x0000000100000000)
  region size 1024K, 23 young (23552K), 2 survivors (2048K)
 Metaspace       used 59092K, capacity 60868K, committed 60976K, reserved 1101824K
  class space    used 7678K, capacity 8231K, committed 8320K, reserved 1048576K
}
Event: 98.155 GC heap after
{Heap after GC invocations=42 (full 0):
 garbage-first heap   total 116736K, used 71680K [0x0000000080000000, 0x0000000100000000)
  region size 1024K, 3 young (3072K), 3 survivors (3072K)
 Metaspace       used 59092K, capacity 60868K, committed 60976K, reserved 1101824K
  class space    used 7678K, capacity 8231K, committed 8320K, reserved 1048576K
}
Event: 100.266 GC heap before
{Heap before GC invocations=43 (full 0):
 garbage-first heap   total 121856K, used 93184K [0x0000000080000000, 0x0000000100000000)
  region size 1024K, 24 young (24576K), 3 survivors (3072K)
 Metaspace       used 60559K, capacity 62398K, committed 62512K, reserved 1103872K
  class space    used 7916K, capacity 8480K, committed 8576K, reserved 1048576K
}
Event: 100.294 GC heap after
{Heap after GC invocations=44 (full 0):
 garbage-first heap   total 121856K, used 73081K [0x0000000080000000, 0x0000000100000000)
  region size 1024K, 2 young (2048K), 2 survivors (2048K)
 Metaspace       used 60559K, capacity 62398K, committed 62512K, reserved 1103872K
  class space    used 7916K, capacity 8480K, committed 8576K, reserved 1048576K
}
Event: 103.474 GC heap before
{Heap before GC invocations=44 (full 0):
 garbage-first heap   total 121856K, used 95609K [0x0000000080000000, 0x0000000100000000)
  region size 1024K, 24 young (24576K), 2 survivors (2048K)
 Metaspace       used 62266K, capacity 64127K, committed 64176K, reserved 1105920K
  class space    used 8126K, capacity 8687K, committed 8704K, reserved 1048576K
}
Event: 103.488 GC heap after
{Heap after GC invocations=45 (full 0):
 garbage-first heap   total 121856K, used 74126K [0x0000000080000000, 0x0000000100000000)
  region size 1024K, 3 young (3072K), 3 survivors (3072K)
 Metaspace       used 62266K, capacity 64127K, committed 64176K, reserved 1105920K
  class space    used 8126K, capacity 8687K, committed 8704K, reserved 1048576K
}
Event: 105.009 GC heap before
{Heap before GC invocations=46 (full 0):
 garbage-first heap   total 130048K, used 96654K [0x0000000080000000, 0x0000000100000000)
  region size 1024K, 25 young (25600K), 3 survivors (3072K)
 Metaspace       used 63476K, capacity 65360K, committed 65456K, reserved 1105920K
  class space    used 8297K, capacity 8920K, committed 8960K, reserved 1048576K
}
Event: 105.028 GC heap after
{Heap after GC invocations=47 (full 0):
 garbage-first heap   total 130048K, used 75857K [0x0000000080000000, 0x0000000100000000)
  region size 1024K, 3 young (3072K), 3 survivors (3072K)
 Metaspace       used 63476K, capacity 65360K, committed 65456K, reserved 1105920K
  class space    used 8297K, capacity 8920K, committed 8960K, reserved 1048576K
}
Event: 106.071 GC heap before
{Heap before GC invocations=47 (full 0):
 garbage-first heap   total 130048K, used 102481K [0x0000000080000000, 0x0000000100000000)
  region size 1024K, 29 young (29696K), 3 survivors (3072K)
 Metaspace       used 64874K, capacity 66823K, committed 66992K, reserved 1107968K
  class space    used 8520K, capacity 9156K, committed 9216K, reserved 1048576K
}
Event: 106.091 GC heap after
{Heap after GC invocations=48 (full 0):
 garbage-first heap   total 130048K, used 77584K [0x0000000080000000, 0x0000000100000000)
  region size 1024K, 4 young (4096K), 4 survivors (4096K)
 Metaspace       used 64874K, capacity 66823K, committed 66992K, reserved 1107968K
  class space    used 8520K, capacity 9156K, committed 9216K, reserved 1048576K
}
Event: 107.792 GC heap before
{Heap before GC invocations=49 (full 0):
 garbage-first heap   total 133120K, used 103184K [0x0000000080000000, 0x0000000100000000)
  region size 1024K, 29 young (29696K), 4 survivors (4096K)
 Metaspace       used 66690K, capacity 68736K, committed 68784K, reserved 1107968K
  class space    used 8779K, capacity 9424K, committed 9472K, reserved 1048576K
}
Event: 107.817 GC heap after
{Heap after GC invocations=50 (full 0):
 garbage-first heap   total 133120K, used 79593K [0x0000000080000000, 0x0000000100000000)
  region size 1024K, 4 young (4096K), 4 survivors (4096K)
 Metaspace       used 66690K, capacity 68736K, committed 68784K, reserved 1107968K
  class space    used 8779K, capacity 9424K, committed 9472K, reserved 1048576K
}
Event: 109.829 GC heap before
{Heap before GC invocations=50 (full 0):
 garbage-first heap   total 133120K, used 107241K [0x0000000080000000, 0x0000000100000000)
  region size 1024K, 31 young (31744K), 4 survivors (4096K)
 Metaspace       used 69837K, capacity 71845K, committed 72112K, reserved 1112064K
  class space    used 9254K, capacity 9896K, committed 9984K, reserved 1048576K
}
Event: 109.854 GC heap after
{Heap after GC invocations=51 (full 0):
 garbage-first heap   total 159744K, used 80894K [0x0000000080000000, 0x0000000100000000)
  region size 1024K, 4 young (4096K), 4 survivors (4096K)
 Metaspace       used 69837K, capacity 71845K, committed 72112K, reserved 1112064K
  class space    used 9254K, capacity 9896K, committed 9984K, reserved 1048576K
}
Event: 114.980 GC heap before
{Heap before GC invocations=52 (full 0):
 garbage-first heap   total 159744K, used 118782K [0x0000000080000000, 0x0000000100000000)
  region size 1024K, 42 young (43008K), 4 survivors (4096K)
 Metaspace       used 71899K, capacity 74146K, committed 74416K, reserved 1114112K
  class space    used 9503K, capacity 10223K, committed 10240K, reserved 1048576K
}
Event: 115.010 GC heap after
{Heap after GC invocations=53 (full 0):
 garbage-first heap   total 159744K, used 83612K [0x0000000080000000, 0x0000000100000000)
  region size 1024K, 6 young (6144K), 6 survivors (6144K)
 Metaspace       used 71899K, capacity 74146K, committed 74416K, reserved 1114112K
  class space    used 9503K, capacity 10223K, committed 10240K, reserved 1048576K
}
Event: 118.458 GC heap before
{Heap before GC invocations=53 (full 0):
 garbage-first heap   total 159744K, used 122524K [0x0000000080000000, 0x0000000100000000)
  region size 1024K, 45 young (46080K), 6 survivors (6144K)
 Metaspace       used 72327K, capacity 74504K, committed 74672K, reserved 1114112K
  class space    used 9522K, capacity 10226K, committed 10240K, reserved 1048576K
}
Event: 118.494 GC heap after
{Heap after GC invocations=54 (full 0):
 garbage-first heap   total 159744K, used 85621K [0x0000000080000000, 0x0000000100000000)
  region size 1024K, 5 young (5120K), 5 survivors (5120K)
 Metaspace       used 72327K, capacity 74504K, committed 74672K, reserved 1114112K
  class space    used 9522K, capacity 10226K, committed 10240K, reserved 1048576K
}

