# JRE version: Java(TM) SE Runtime Environment (13.0.2+8) (build 13.0.2+8)
# Java VM: Java HotSpot(TM) 64-Bit Server VM (13.0.2+8, mixed mode, sharing, tiered, compressed oops, g1 gc, windows-amd64)
Heap:
 garbage-first heap   total 86016K, used 39172K [0x00000000c0000000, 0x0000000100000000)
  region size 1024K, 2 young (2048K), 2 survivors (2048K)
 Metaspace       used 40234K, capacity 41194K, committed 41296K, reserved 1093632K
  class space    used 5395K, capacity 5697K, committed 5792K, reserved 1048576K
GC Heap History (20 events):
Event: 10.705 GC heap before
{Heap before GC invocations=6 (full 0):
 garbage-first heap   total 76800K, used 44876K [0x00000000c0000000, 0x0000000100000000)
  region size 1024K, 30 young (30720K), 3 survivors (3072K)
 Metaspace       used 17518K, capacity 18061K, committed 18176K, reserved 1064960K
  class space    used 2496K, capacity 2701K, committed 2816K, reserved 1048576K
}
Event: 10.720 GC heap after
{Heap after GC invocations=7 (full 0):
 garbage-first heap   total 76800K, used 18747K [0x00000000c0000000, 0x0000000100000000)
  region size 1024K, 3 young (3072K), 3 survivors (3072K)
 Metaspace       used 17518K, capacity 18061K, committed 18176K, reserved 1064960K
  class space    used 2496K, capacity 2701K, committed 2816K, reserved 1048576K
}
Event: 11.932 GC heap before
{Heap before GC invocations=7 (full 0):
 garbage-first heap   total 76800K, used 47419K [0x00000000c0000000, 0x0000000100000000)
  region size 1024K, 31 young (31744K), 3 survivors (3072K)
 Metaspace       used 20405K, capacity 20964K, committed 21120K, reserved 1067008K
  class space    used 2961K, capacity 3157K, committed 3200K, reserved 1048576K
}
Event: 11.944 GC heap after
{Heap after GC invocations=8 (full 0):
 garbage-first heap   total 76800K, used 19426K [0x00000000c0000000, 0x0000000100000000)
  region size 1024K, 3 young (3072K), 3 survivors (3072K)
 Metaspace       used 20405K, capacity 20964K, committed 21120K, reserved 1067008K
  class space    used 2961K, capacity 3157K, committed 3200K, reserved 1048576K
}
Event: 12.052 GC heap before
{Heap before GC invocations=8 (full 0):
 garbage-first heap   total 76800K, used 20450K [0x00000000c0000000, 0x0000000100000000)
  region size 1024K, 5 young (5120K), 3 survivors (3072K)
 Metaspace       used 20683K, capacity 21194K, committed 21296K, reserved 1067008K
  class space    used 2989K, capacity 3190K, committed 3200K, reserved 1048576K
}
Event: 12.063 GC heap after
{Heap after GC invocations=9 (full 0):
 garbage-first heap   total 76800K, used 19423K [0x00000000c0000000, 0x0000000100000000)
  region size 1024K, 3 young (3072K), 3 survivors (3072K)
 Metaspace       used 20683K, capacity 21194K, committed 21296K, reserved 1067008K
  class space    used 2989K, capacity 3190K, committed 3200K, reserved 1048576K
}
Event: 13.970 GC heap before
{Heap before GC invocations=10 (full 0):
 garbage-first heap   total 71680K, used 54239K [0x00000000c0000000, 0x0000000100000000)
  region size 1024K, 35 young (35840K), 3 survivors (3072K)
 Metaspace       used 27581K, capacity 28249K, committed 28540K, reserved 1073152K
  class space    used 3713K, capacity 3939K, committed 4044K, reserved 1048576K
}
Event: 13.993 GC heap after
{Heap after GC invocations=11 (full 0):
 garbage-first heap   total 71680K, used 22420K [0x00000000c0000000, 0x0000000100000000)
  region size 1024K, 5 young (5120K), 5 survivors (5120K)
 Metaspace       used 27581K, capacity 28249K, committed 28540K, reserved 1073152K
  class space    used 3713K, capacity 3939K, committed 4044K, reserved 1048576K
}
Event: 15.143 GC heap before
{Heap before GC invocations=11 (full 0):
 garbage-first heap   total 71680K, used 51092K [0x00000000c0000000, 0x0000000100000000)
  region size 1024K, 33 young (33792K), 5 survivors (5120K)
 Metaspace       used 29872K, capacity 30552K, committed 30716K, reserved 1075200K
  class space    used 4065K, capacity 4295K, committed 4428K, reserved 1048576K
}
Event: 15.171 GC heap after
{Heap after GC invocations=12 (full 0):
 garbage-first heap   total 71680K, used 24315K [0x00000000c0000000, 0x0000000100000000)
  region size 1024K, 2 young (2048K), 2 survivors (2048K)
 Metaspace       used 29872K, capacity 30552K, committed 30716K, reserved 1075200K
  class space    used 4065K, capacity 4295K, committed 4428K, reserved 1048576K
}
Event: 16.150 GC heap before
{Heap before GC invocations=12 (full 0):
 garbage-first heap   total 71680K, used 51963K [0x00000000c0000000, 0x0000000100000000)
  region size 1024K, 29 young (29696K), 2 survivors (2048K)
 Metaspace       used 32137K, capacity 32885K, committed 33020K, reserved 1077248K
  class space    used 4402K, capacity 4646K, committed 4684K, reserved 1048576K
}
Event: 16.161 GC heap after
{Heap after GC invocations=13 (full 0):
 garbage-first heap   total 71680K, used 24925K [0x00000000c0000000, 0x0000000100000000)
  region size 1024K, 3 young (3072K), 3 survivors (3072K)
 Metaspace       used 32137K, capacity 32885K, committed 33020K, reserved 1077248K
  class space    used 4402K, capacity 4646K, committed 4684K, reserved 1048576K
}
Event: 17.994 GC heap before
{Heap before GC invocations=13 (full 0):
 garbage-first heap   total 71680K, used 52573K [0x00000000c0000000, 0x0000000100000000)
  region size 1024K, 30 young (30720K), 3 survivors (3072K)
 Metaspace       used 33890K, capacity 34736K, committed 34812K, reserved 1079296K
  class space    used 4621K, capacity 4898K, committed 4940K, reserved 1048576K
}
Event: 18.012 GC heap after
{Heap after GC invocations=14 (full 0):
 garbage-first heap   total 71680K, used 28321K [0x00000000c0000000, 0x0000000100000000)
  region size 1024K, 4 young (4096K), 4 survivors (4096K)
 Metaspace       used 33890K, capacity 34736K, committed 34812K, reserved 1079296K
  class space    used 4621K, capacity 4898K, committed 4940K, reserved 1048576K
}
Event: 18.770 GC heap before
{Heap before GC invocations=14 (full 0):
 garbage-first heap   total 71680K, used 48801K [0x00000000c0000000, 0x0000000100000000)
  region size 1024K, 21 young (21504K), 4 survivors (4096K)
 Metaspace       used 34987K, capacity 35978K, committed 36048K, reserved 1081344K
  class space    used 4788K, capacity 5109K, committed 5152K, reserved 1048576K
}
Event: 18.791 GC heap after
{Heap after GC invocations=15 (full 0):
 garbage-first heap   total 86016K, used 37503K [0x00000000c0000000, 0x0000000100000000)
  region size 1024K, 4 young (4096K), 4 survivors (4096K)
 Metaspace       used 34987K, capacity 35978K, committed 36048K, reserved 1081344K
  class space    used 4788K, capacity 5109K, committed 5152K, reserved 1048576K
}
Event: 20.360 GC heap before
{Heap before GC invocations=16 (full 0):
 garbage-first heap   total 86016K, used 64127K [0x00000000c0000000, 0x0000000100000000)
  region size 1024K, 31 young (31744K), 4 survivors (4096K)
 Metaspace       used 40078K, capacity 41098K, committed 41296K, reserved 1085440K
  class space    used 5375K, capacity 5665K, committed 5792K, reserved 1048576K
}
Event: 20.373 GC heap after
{Heap after GC invocations=17 (full 0):
 garbage-first heap   total 86016K, used 39207K [0x00000000c0000000, 0x0000000100000000)
  region size 1024K, 2 young (2048K), 2 survivors (2048K)
 Metaspace       used 40078K, capacity 41098K, committed 41296K, reserved 1085440K
  class space    used 5375K, capacity 5665K, committed 5792K, reserved 1048576K
}
Event: 20.445 GC heap before
{Heap before GC invocations=17 (full 0):
 garbage-first heap   total 86016K, used 40231K [0x00000000c0000000, 0x0000000100000000)
  region size 1024K, 4 young (4096K), 2 survivors (2048K)
 Metaspace       used 40234K, capacity 41194K, committed 41296K, reserved 1091584K
  class space    used 5395K, capacity 5697K, committed 5792K, reserved 1048576K
}
Event: 20.452 GC heap after
{Heap after GC invocations=18 (full 0):
 garbage-first heap   total 86016K, used 39172K [0x00000000c0000000, 0x0000000100000000)
  region size 1024K, 2 young (2048K), 2 survivors (2048K)
 Metaspace       used 40234K, capacity 41194K, committed 41296K, reserved 1091584K
  class space    used 5395K, capacity 5697K, committed 5792K, reserved 1048576K
}

