# JRE version: Java(TM) SE Runtime Environment (13.0.2+8) (build 13.0.2+8)
# Java VM: Java HotSpot(TM) 64-Bit Server VM (13.0.2+8, mixed mode, sharing, tiered, compressed oops, g1 gc, windows-amd64)
Heap:
 garbage-first heap   total 400384K, used 190823K [0x00000000c0000000, 0x0000000100000000)
  region size 1024K, 1 young (1024K), 1 survivors (1024K)
 Metaspace       used 88684K, capacity 91153K, committed 91440K, reserved 1128448K
  class space    used 11757K, capacity 12581K, committed 12672K, reserved 1048576K
GC Heap History (20 events):
Event: 100.382 GC heap after
{Heap after GC invocations=81 (full 0):
 garbage-first heap   total 209920K, used 134144K [0x00000000c0000000, 0x0000000100000000)
  region size 1024K, 1 young (1024K), 1 survivors (1024K)
 Metaspace       used 87634K, capacity 90030K, committed 90160K, reserved 1126400K
  class space    used 11612K, capacity 12405K, committed 12416K, reserved 1048576K
}
Event: 102.555 GC heap before
{Heap before GC invocations=82 (full 0):
 garbage-first heap   total 229376K, used 155648K [0x00000000c0000000, 0x0000000100000000)
  region size 1024K, 22 young (22528K), 1 survivors (1024K)
 Metaspace       used 88434K, capacity 90884K, committed 91184K, reserved 1128448K
  class space    used 11754K, capacity 12580K, committed 12672K, reserved 1048576K
}
Event: 102.622 GC heap after
{Heap after GC invocations=83 (full 0):
 garbage-first heap   total 229376K, used 145853K [0x00000000c0000000, 0x0000000100000000)
  region size 1024K, 3 young (3072K), 3 survivors (3072K)
 Metaspace       used 88434K, capacity 90884K, committed 91184K, reserved 1128448K
  class space    used 11754K, capacity 12580K, committed 12672K, reserved 1048576K
}
Event: 103.081 GC heap before
{Heap before GC invocations=83 (full 0):
 garbage-first heap   total 229376K, used 168381K [0x00000000c0000000, 0x0000000100000000)
  region size 1024K, 26 young (26624K), 3 survivors (3072K)
 Metaspace       used 88456K, capacity 90884K, committed 91184K, reserved 1128448K
  class space    used 11754K, capacity 12580K, committed 12672K, reserved 1048576K
}
Event: 103.165 GC heap after
{Heap after GC invocations=84 (full 0):
 garbage-first heap   total 229376K, used 159744K [0x00000000c0000000, 0x0000000100000000)
  region size 1024K, 4 young (4096K), 4 survivors (4096K)
 Metaspace       used 88456K, capacity 90884K, committed 91184K, reserved 1128448K
  class space    used 11754K, capacity 12580K, committed 12672K, reserved 1048576K
}
Event: 104.446 GC heap before
{Heap before GC invocations=85 (full 0):
 garbage-first heap   total 268288K, used 177152K [0x00000000c0000000, 0x0000000100000000)
  region size 1024K, 21 young (21504K), 4 survivors (4096K)
 Metaspace       used 88507K, capacity 90948K, committed 91184K, reserved 1128448K
  class space    used 11754K, capacity 12580K, committed 12672K, reserved 1048576K
}
Event: 104.523 GC heap after
{Heap after GC invocations=86 (full 0):
 garbage-first heap   total 268288K, used 170496K [0x00000000c0000000, 0x0000000100000000)
  region size 1024K, 3 young (3072K), 3 survivors (3072K)
 Metaspace       used 88507K, capacity 90948K, committed 91184K, reserved 1128448K
  class space    used 11754K, capacity 12580K, committed 12672K, reserved 1048576K
}
Event: 104.542 GC heap before
{Heap before GC invocations=86 (full 0):
 garbage-first heap   total 268288K, used 171520K [0x00000000c0000000, 0x0000000100000000)
  region size 1024K, 5 young (5120K), 3 survivors (3072K)
 Metaspace       used 88507K, capacity 90948K, committed 91184K, reserved 1128448K
  class space    used 11754K, capacity 12580K, committed 12672K, reserved 1048576K
}
Event: 104.565 GC heap after
{Heap after GC invocations=87 (full 0):
 garbage-first heap   total 300032K, used 171975K [0x00000000c0000000, 0x0000000100000000)
  region size 1024K, 1 young (1024K), 1 survivors (1024K)
 Metaspace       used 88507K, capacity 90948K, committed 91184K, reserved 1128448K
  class space    used 11754K, capacity 12580K, committed 12672K, reserved 1048576K
}
Event: 106.691 GC heap before
{Heap before GC invocations=88 (full 0):
 garbage-first heap   total 300032K, used 206791K [0x00000000c0000000, 0x0000000100000000)
  region size 1024K, 33 young (33792K), 1 survivors (1024K)
 Metaspace       used 88585K, capacity 91017K, committed 91184K, reserved 1128448K
  class space    used 11756K, capacity 12580K, committed 12672K, reserved 1048576K
}
Event: 106.819 GC heap after
{Heap after GC invocations=89 (full 0):
 garbage-first heap   total 300032K, used 190969K [0x00000000c0000000, 0x0000000100000000)
  region size 1024K, 5 young (5120K), 5 survivors (5120K)
 Metaspace       used 88585K, capacity 91017K, committed 91184K, reserved 1128448K
  class space    used 11756K, capacity 12580K, committed 12672K, reserved 1048576K
}
Event: 106.862 GC heap before
{Heap before GC invocations=89 (full 0):
 garbage-first heap   total 300032K, used 190969K [0x00000000c0000000, 0x0000000100000000)
  region size 1024K, 6 young (6144K), 5 survivors (5120K)
 Metaspace       used 88586K, capacity 91017K, committed 91184K, reserved 1128448K
  class space    used 11756K, capacity 12580K, committed 12672K, reserved 1048576K
}
Event: 106.906 GC heap after
{Heap after GC invocations=90 (full 0):
 garbage-first heap   total 300032K, used 191810K [0x00000000c0000000, 0x0000000100000000)
  region size 1024K, 1 young (1024K), 1 survivors (1024K)
 Metaspace       used 88586K, capacity 91017K, committed 91184K, reserved 1128448K
  class space    used 11756K, capacity 12580K, committed 12672K, reserved 1048576K
}
Event: 108.839 GC heap before
{Heap before GC invocations=91 (full 0):
 garbage-first heap   total 311296K, used 206146K [0x00000000c0000000, 0x0000000100000000)
  region size 1024K, 26 young (26624K), 1 survivors (1024K)
 Metaspace       used 88676K, capacity 91150K, committed 91440K, reserved 1128448K
  class space    used 11757K, capacity 12581K, committed 12672K, reserved 1048576K
}
Event: 108.922 GC heap after
{Heap after GC invocations=92 (full 0):
 garbage-first heap   total 311296K, used 190464K [0x00000000c0000000, 0x0000000100000000)
  region size 1024K, 4 young (4096K), 4 survivors (4096K)
 Metaspace       used 88676K, capacity 91150K, committed 91440K, reserved 1128448K
  class space    used 11757K, capacity 12581K, committed 12672K, reserved 1048576K
}
Event: 109.532 GC heap before
{Heap before GC invocations=92 (full 0):
 garbage-first heap   total 311296K, used 203776K [0x00000000c0000000, 0x0000000100000000)
  region size 1024K, 15 young (15360K), 4 survivors (4096K)
 Metaspace       used 88679K, capacity 91150K, committed 91440K, reserved 1128448K
  class space    used 11757K, capacity 12581K, committed 12672K, reserved 1048576K
}
Event: 109.669 GC heap after
{Heap after GC invocations=93 (full 0):
 garbage-first heap   total 311296K, used 187904K [0x00000000c0000000, 0x0000000100000000)
  region size 1024K, 2 young (2048K), 2 survivors (2048K)
 Metaspace       used 88679K, capacity 91150K, committed 91440K, reserved 1128448K
  class space    used 11757K, capacity 12581K, committed 12672K, reserved 1048576K
}
Event: 109.860 GC heap before
{Heap before GC invocations=93 (full 0):
 garbage-first heap   total 311296K, used 188928K [0x00000000c0000000, 0x0000000100000000)
  region size 1024K, 5 young (5120K), 2 survivors (2048K)
 Metaspace       used 88682K, capacity 91152K, committed 91440K, reserved 1128448K
  class space    used 11757K, capacity 12581K, committed 12672K, reserved 1048576K
}
Event: 109.909 GC heap after
{Heap after GC invocations=94 (full 0):
 garbage-first heap   total 311296K, used 188928K [0x00000000c0000000, 0x0000000100000000)
  region size 1024K, 3 young (3072K), 3 survivors (3072K)
 Metaspace       used 88682K, capacity 91152K, committed 91440K, reserved 1128448K
  class space    used 11757K, capacity 12581K, committed 12672K, reserved 1048576K
}
Event: 111.249 GC heap before
{Heap before GC invocations=95 (full 0):
 garbage-first heap   total 319488K, used 190976K [0x00000000c0000000, 0x0000000100000000)
  region size 1024K, 4 young (4096K), 3 survivors (3072K)
 Metaspace       used 88684K, capacity 91153K, committed 91440K, reserved 1128448K
  class space    used 11757K, capacity 12581K, committed 12672K, reserved 1048576K
}

