# JRE version: Java(TM) SE Runtime Environment (13.0.2+8) (build 13.0.2+8)
# Java VM: Java HotSpot(TM) 64-Bit Server VM (13.0.2+8, mixed mode, sharing, tiered, compressed oops, g1 gc, windows-amd64)
Heap:
 garbage-first heap   total 153600K, used 106915K [0x0000000080000000, 0x0000000100000000)
  region size 1024K, 29 young (29696K), 6 survivors (6144K)
 Metaspace       used 75254K, capacity 77361K, committed 77568K, reserved 1116160K
  class space    used 10012K, capacity 10690K, committed 10752K, reserved 1048576K
GC Heap History (20 events):
Event: 141.979 GC heap before
{Heap before GC invocations=38 (full 0):
 garbage-first heap   total 128000K, used 84638K [0x0000000080000000, 0x0000000100000000)
  region size 1024K, 26 young (26624K), 2 survivors (2048K)
 Metaspace       used 47169K, capacity 48623K, committed 48768K, reserved 1091584K
  class space    used 6258K, capacity 6678K, committed 6784K, reserved 1048576K
}
Event: 142.001 GC heap after
{Heap after GC invocations=39 (full 0):
 garbage-first heap   total 128000K, used 63435K [0x0000000080000000, 0x0000000100000000)
  region size 1024K, 4 young (4096K), 4 survivors (4096K)
 Metaspace       used 47169K, capacity 48623K, committed 48768K, reserved 1091584K
  class space    used 6258K, capacity 6678K, committed 6784K, reserved 1048576K
}
Event: 143.507 GC heap before
{Heap before GC invocations=40 (full 0):
 garbage-first heap   total 128000K, used 80843K [0x0000000080000000, 0x0000000100000000)
  region size 1024K, 22 young (22528K), 4 survivors (4096K)
 Metaspace       used 48934K, capacity 50353K, committed 50432K, reserved 1093632K
  class space    used 6493K, capacity 6907K, committed 6912K, reserved 1048576K
}
Event: 143.523 GC heap after
{Heap after GC invocations=41 (full 0):
 garbage-first heap   total 128000K, used 64852K [0x0000000080000000, 0x0000000100000000)
  region size 1024K, 2 young (2048K), 2 survivors (2048K)
 Metaspace       used 48934K, capacity 50353K, committed 50432K, reserved 1093632K
  class space    used 6493K, capacity 6907K, committed 6912K, reserved 1048576K
}
Event: 146.412 GC heap before
{Heap before GC invocations=42 (full 0):
 garbage-first heap   total 128000K, used 92500K [0x0000000080000000, 0x0000000100000000)
  region size 1024K, 28 young (28672K), 2 survivors (2048K)
 Metaspace       used 52567K, capacity 54133K, committed 54272K, reserved 1095680K
  class space    used 6886K, capacity 7379K, committed 7424K, reserved 1048576K
}
Event: 146.424 GC heap after
{Heap after GC invocations=43 (full 0):
 garbage-first heap   total 128000K, used 66292K [0x0000000080000000, 0x0000000100000000)
  region size 1024K, 3 young (3072K), 3 survivors (3072K)
 Metaspace       used 52567K, capacity 54133K, committed 54272K, reserved 1095680K
  class space    used 6886K, capacity 7379K, committed 7424K, reserved 1048576K
}
Event: 148.067 GC heap before
{Heap before GC invocations=43 (full 0):
 garbage-first heap   total 128000K, used 93940K [0x0000000080000000, 0x0000000100000000)
  region size 1024K, 30 young (30720K), 3 survivors (3072K)
 Metaspace       used 54592K, capacity 56173K, committed 56448K, reserved 1097728K
  class space    used 7183K, capacity 7701K, committed 7808K, reserved 1048576K
}
Event: 148.090 GC heap after
{Heap after GC invocations=44 (full 0):
 garbage-first heap   total 153600K, used 68608K [0x0000000080000000, 0x0000000100000000)
  region size 1024K, 4 young (4096K), 4 survivors (4096K)
 Metaspace       used 54592K, capacity 56173K, committed 56448K, reserved 1097728K
  class space    used 7183K, capacity 7701K, committed 7808K, reserved 1048576K
}
Event: 154.376 GC heap before
{Heap before GC invocations=45 (full 0):
 garbage-first heap   total 153600K, used 106496K [0x0000000080000000, 0x0000000100000000)
  region size 1024K, 41 young (41984K), 4 survivors (4096K)
 Metaspace       used 57320K, capacity 59068K, committed 59264K, reserved 1099776K
  class space    used 7646K, capacity 8238K, committed 8320K, reserved 1048576K
}
Event: 154.410 GC heap after
{Heap after GC invocations=46 (full 0):
 garbage-first heap   total 153600K, used 72573K [0x0000000080000000, 0x0000000100000000)
  region size 1024K, 6 young (6144K), 6 survivors (6144K)
 Metaspace       used 57320K, capacity 59068K, committed 59264K, reserved 1099776K
  class space    used 7646K, capacity 8238K, committed 8320K, reserved 1048576K
}
Event: 164.034 GC heap before
{Heap before GC invocations=46 (full 0):
 garbage-first heap   total 153600K, used 110461K [0x0000000080000000, 0x0000000100000000)
  region size 1024K, 43 young (44032K), 6 survivors (6144K)
 Metaspace       used 59374K, capacity 61106K, committed 61312K, reserved 1101824K
  class space    used 7929K, capacity 8510K, committed 8576K, reserved 1048576K
}
Event: 164.064 GC heap after
{Heap after GC invocations=47 (full 0):
 garbage-first heap   total 153600K, used 74543K [0x0000000080000000, 0x0000000100000000)
  region size 1024K, 2 young (2048K), 2 survivors (2048K)
 Metaspace       used 59374K, capacity 61106K, committed 61312K, reserved 1101824K
  class space    used 7929K, capacity 8510K, committed 8576K, reserved 1048576K
}
Event: 171.943 GC heap before
{Heap before GC invocations=47 (full 0):
 garbage-first heap   total 153600K, used 113455K [0x0000000080000000, 0x0000000100000000)
  region size 1024K, 40 young (40960K), 2 survivors (2048K)
 Metaspace       used 61881K, capacity 63722K, committed 64000K, reserved 1103872K
  class space    used 8259K, capacity 8859K, committed 8960K, reserved 1048576K
}
Event: 171.958 GC heap after
{Heap after GC invocations=48 (full 0):
 garbage-first heap   total 153600K, used 75817K [0x0000000080000000, 0x0000000100000000)
  region size 1024K, 4 young (4096K), 4 survivors (4096K)
 Metaspace       used 61881K, capacity 63722K, committed 64000K, reserved 1103872K
  class space    used 8259K, capacity 8859K, committed 8960K, reserved 1048576K
}
Event: 176.383 GC heap before
{Heap before GC invocations=49 (full 0):
 garbage-first heap   total 153600K, used 114729K [0x0000000080000000, 0x0000000100000000)
  region size 1024K, 42 young (43008K), 4 survivors (4096K)
 Metaspace       used 64113K, capacity 66054K, committed 66176K, reserved 1105920K
  class space    used 8618K, capacity 9276K, committed 9344K, reserved 1048576K
}
Event: 176.411 GC heap after
{Heap after GC invocations=50 (full 0):
 garbage-first heap   total 153600K, used 78472K [0x0000000080000000, 0x0000000100000000)
  region size 1024K, 6 young (6144K), 6 survivors (6144K)
 Metaspace       used 64113K, capacity 66054K, committed 66176K, reserved 1105920K
  class space    used 8618K, capacity 9276K, committed 9344K, reserved 1048576K
}
Event: 182.869 GC heap before
{Heap before GC invocations=50 (full 0):
 garbage-first heap   total 153600K, used 118408K [0x0000000080000000, 0x0000000100000000)
  region size 1024K, 45 young (46080K), 6 survivors (6144K)
 Metaspace       used 68441K, capacity 70479K, committed 70656K, reserved 1110016K
  class space    used 9232K, capacity 9864K, committed 9984K, reserved 1048576K
}
Event: 182.910 GC heap after
{Heap after GC invocations=51 (full 0):
 garbage-first heap   total 153600K, used 80569K [0x0000000080000000, 0x0000000100000000)
  region size 1024K, 5 young (5120K), 5 survivors (5120K)
 Metaspace       used 68441K, capacity 70479K, committed 70656K, reserved 1110016K
  class space    used 9232K, capacity 9864K, committed 9984K, reserved 1048576K
}
Event: 207.908 GC heap before
{Heap before GC invocations=52 (full 0):
 garbage-first heap   total 153600K, used 120505K [0x0000000080000000, 0x0000000100000000)
  region size 1024K, 44 young (45056K), 5 survivors (5120K)
 Metaspace       used 74782K, capacity 76893K, committed 77056K, reserved 1116160K
  class space    used 10007K, capacity 10687K, committed 10752K, reserved 1048576K
}
Event: 207.958 GC heap after
{Heap after GC invocations=53 (full 0):
 garbage-first heap   total 153600K, used 84387K [0x0000000080000000, 0x0000000100000000)
  region size 1024K, 6 young (6144K), 6 survivors (6144K)
 Metaspace       used 74782K, capacity 76893K, committed 77056K, reserved 1116160K
  class space    used 10007K, capacity 10687K, committed 10752K, reserved 1048576K
}

