# JRE version: Java(TM) SE Runtime Environment (13.0.2+8) (build 13.0.2+8)
# Java VM: Java HotSpot(TM) 64-Bit Server VM (13.0.2+8, mixed mode, sharing, tiered, compressed oops, g1 gc, windows-amd64)
Heap:
 garbage-first heap   total 76800K, used 20014K [0x00000000c0000000, 0x0000000100000000)
  region size 1024K, 5 young (5120K), 1 survivors (1024K)
 Metaspace       used 13021K, capacity 13399K, committed 13568K, reserved 1060864K
  class space    used 1811K, capacity 1951K, committed 2048K, reserved 1048576K
GC Heap History (12 events):
Event: 0.861 GC heap before
{Heap before GC invocations=0 (full 0):
 garbage-first heap   total 63488K, used 9216K [0x00000000c0000000, 0x0000000100000000)
  region size 1024K, 7 young (7168K), 0 survivors (0K)
 Metaspace       used 788K, capacity 4771K, committed 4864K, reserved 1056768K
  class space    used 72K, capacity 440K, committed 512K, reserved 1048576K
}
Event: 0.865 GC heap after
{Heap after GC invocations=1 (full 0):
 garbage-first heap   total 63488K, used 1337K [0x00000000c0000000, 0x0000000100000000)
  region size 1024K, 1 young (1024K), 1 survivors (1024K)
 Metaspace       used 788K, capacity 4771K, committed 4864K, reserved 1056768K
  class space    used 72K, capacity 440K, committed 512K, reserved 1048576K
}
Event: 2.704 GC heap before
{Heap before GC invocations=1 (full 0):
 garbage-first heap   total 63488K, used 40249K [0x00000000c0000000, 0x0000000100000000)
  region size 1024K, 37 young (37888K), 1 survivors (1024K)
 Metaspace       used 3950K, capacity 6587K, committed 6784K, reserved 1056768K
  class space    used 495K, capacity 770K, committed 896K, reserved 1048576K
}
Event: 2.716 GC heap after
{Heap after GC invocations=2 (full 0):
 garbage-first heap   total 63488K, used 10734K [0x00000000c0000000, 0x0000000100000000)
  region size 1024K, 5 young (5120K), 5 survivors (5120K)
 Metaspace       used 3950K, capacity 6587K, committed 6784K, reserved 1056768K
  class space    used 495K, capacity 770K, committed 896K, reserved 1048576K
}
Event: 2.926 GC heap before
{Heap before GC invocations=2 (full 0):
 garbage-first heap   total 63488K, used 14830K [0x00000000c0000000, 0x0000000100000000)
  region size 1024K, 10 young (10240K), 5 survivors (5120K)
 Metaspace       used 3999K, capacity 6587K, committed 6784K, reserved 1056768K
  class space    used 495K, capacity 770K, committed 896K, reserved 1048576K
}
Event: 2.936 GC heap after
{Heap after GC invocations=3 (full 0):
 garbage-first heap   total 63488K, used 12446K [0x00000000c0000000, 0x0000000100000000)
  region size 1024K, 2 young (2048K), 2 survivors (2048K)
 Metaspace       used 3999K, capacity 6587K, committed 6784K, reserved 1056768K
  class space    used 495K, capacity 770K, committed 896K, reserved 1048576K
}
Event: 3.547 GC heap before
{Heap before GC invocations=3 (full 0):
 garbage-first heap   total 63488K, used 26782K [0x00000000c0000000, 0x0000000100000000)
  region size 1024K, 17 young (17408K), 2 survivors (2048K)
 Metaspace       used 4798K, capacity 7350K, committed 7680K, reserved 1056768K
  class space    used 656K, capacity 939K, committed 1024K, reserved 1048576K
}
Event: 3.562 GC heap after
{Heap after GC invocations=4 (full 0):
 garbage-first heap   total 63488K, used 14206K [0x00000000c0000000, 0x0000000100000000)
  region size 1024K, 3 young (3072K), 3 survivors (3072K)
 Metaspace       used 4798K, capacity 7350K, committed 7680K, reserved 1056768K
  class space    used 656K, capacity 939K, committed 1024K, reserved 1048576K
}
Event: 7.334 GC heap before
{Heap before GC invocations=4 (full 0):
 garbage-first heap   total 63488K, used 34686K [0x00000000c0000000, 0x0000000100000000)
  region size 1024K, 23 young (23552K), 3 survivors (3072K)
 Metaspace       used 9623K, capacity 9976K, committed 10240K, reserved 1058816K
  class space    used 1364K, capacity 1490K, committed 1536K, reserved 1048576K
}
Event: 7.347 GC heap after
{Heap after GC invocations=5 (full 0):
 garbage-first heap   total 63488K, used 16227K [0x00000000c0000000, 0x0000000100000000)
  region size 1024K, 2 young (2048K), 2 survivors (2048K)
 Metaspace       used 9623K, capacity 9976K, committed 10240K, reserved 1058816K
  class space    used 1364K, capacity 1490K, committed 1536K, reserved 1048576K
}
Event: 8.013 GC heap before
{Heap before GC invocations=5 (full 0):
 garbage-first heap   total 63488K, used 35683K [0x00000000c0000000, 0x0000000100000000)
  region size 1024K, 22 young (22528K), 2 survivors (2048K)
 Metaspace       used 12760K, capacity 13171K, committed 13184K, reserved 1060864K
  class space    used 1759K, capacity 1917K, committed 1920K, reserved 1048576K
}
Event: 8.026 GC heap after
{Heap after GC invocations=6 (full 0):
 garbage-first heap   total 76800K, used 16942K [0x00000000c0000000, 0x0000000100000000)
  region size 1024K, 1 young (1024K), 1 survivors (1024K)
 Metaspace       used 12760K, capacity 13171K, committed 13184K, reserved 1060864K
  class space    used 1759K, capacity 1917K, committed 1920K, reserved 1048576K
}

