# JRE version: Java(TM) SE Runtime Environment (13.0.2+8) (build 13.0.2+8)
# Java VM: Java HotSpot(TM) 64-Bit Server VM (13.0.2+8, mixed mode, sharing, tiered, compressed oops, g1 gc, windows-amd64)
Heap:
 garbage-first heap   total 388096K, used 206011K [0x00000000c0000000, 0x0000000100000000)
  region size 1024K, 2 young (2048K), 2 survivors (2048K)
 Metaspace       used 70055K, capacity 72005K, committed 72112K, reserved 1112064K
  class space    used 9461K, capacity 10146K, committed 10240K, reserved 1048576K
GC Heap History (20 events):
Event: 92.324 GC heap after
{Heap after GC invocations=70 (full 0):
 garbage-first heap   total 211968K, used 138065K [0x00000000c0000000, 0x0000000100000000)
  region size 1024K, 3 young (3072K), 3 survivors (3072K)
 Metaspace       used 68250K, capacity 70227K, committed 70320K, reserved 1110016K
  class space    used 9247K, capacity 9902K, committed 9984K, reserved 1048576K
}
Event: 93.565 GC heap before
{Heap before GC invocations=71 (full 0):
 garbage-first heap   total 232448K, used 158545K [0x00000000c0000000, 0x0000000100000000)
  region size 1024K, 24 young (24576K), 3 survivors (3072K)
 Metaspace       used 68281K, capacity 70227K, committed 70320K, reserved 1110016K
  class space    used 9248K, capacity 9902K, committed 9984K, reserved 1048576K
}
Event: 93.676 GC heap after
{Heap after GC invocations=72 (full 0):
 garbage-first heap   total 232448K, used 151552K [0x00000000c0000000, 0x0000000100000000)
  region size 1024K, 3 young (3072K), 3 survivors (3072K)
 Metaspace       used 68281K, capacity 70227K, committed 70320K, reserved 1110016K
  class space    used 9248K, capacity 9902K, committed 9984K, reserved 1048576K
}
Event: 93.892 GC heap before
{Heap before GC invocations=72 (full 0):
 garbage-first heap   total 232448K, used 163840K [0x00000000c0000000, 0x0000000100000000)
  region size 1024K, 17 young (17408K), 3 survivors (3072K)
 Metaspace       used 68285K, capacity 70227K, committed 70320K, reserved 1110016K
  class space    used 9248K, capacity 9902K, committed 9984K, reserved 1048576K
}
Event: 93.949 GC heap after
{Heap after GC invocations=73 (full 0):
 garbage-first heap   total 232448K, used 160768K [0x00000000c0000000, 0x0000000100000000)
  region size 1024K, 4 young (4096K), 4 survivors (4096K)
 Metaspace       used 68285K, capacity 70227K, committed 70320K, reserved 1110016K
  class space    used 9248K, capacity 9902K, committed 9984K, reserved 1048576K
}
Event: 95.019 GC heap before
{Heap before GC invocations=74 (full 0):
 garbage-first heap   total 268288K, used 161792K [0x00000000c0000000, 0x0000000100000000)
  region size 1024K, 5 young (5120K), 4 survivors (4096K)
 Metaspace       used 68285K, capacity 70227K, committed 70320K, reserved 1110016K
  class space    used 9248K, capacity 9902K, committed 9984K, reserved 1048576K
}
Event: 95.058 GC heap after
{Heap after GC invocations=75 (full 0):
 garbage-first heap   total 268288K, used 162662K [0x00000000c0000000, 0x0000000100000000)
  region size 1024K, 1 young (1024K), 1 survivors (1024K)
 Metaspace       used 68285K, capacity 70227K, committed 70320K, reserved 1110016K
  class space    used 9248K, capacity 9902K, committed 9984K, reserved 1048576K
}
Event: 96.148 GC heap before
{Heap before GC invocations=76 (full 0):
 garbage-first heap   total 278528K, used 189286K [0x00000000c0000000, 0x0000000100000000)
  region size 1024K, 26 young (26624K), 1 survivors (1024K)
 Metaspace       used 68303K, capacity 70291K, committed 70576K, reserved 1110016K
  class space    used 9248K, capacity 9902K, committed 9984K, reserved 1048576K
}
Event: 96.230 GC heap after
{Heap after GC invocations=77 (full 0):
 garbage-first heap   total 278528K, used 179200K [0x00000000c0000000, 0x0000000100000000)
  region size 1024K, 4 young (4096K), 4 survivors (4096K)
 Metaspace       used 68303K, capacity 70291K, committed 70576K, reserved 1110016K
  class space    used 9248K, capacity 9902K, committed 9984K, reserved 1048576K
}
Event: 96.972 GC heap before
{Heap before GC invocations=77 (full 0):
 garbage-first heap   total 278528K, used 193536K [0x00000000c0000000, 0x0000000100000000)
  region size 1024K, 19 young (19456K), 4 survivors (4096K)
 Metaspace       used 69358K, capacity 71321K, committed 71472K, reserved 1110016K
  class space    used 9396K, capacity 10074K, committed 10112K, reserved 1048576K
}
Event: 97.056 GC heap after
{Heap after GC invocations=78 (full 0):
 garbage-first heap   total 278528K, used 184320K [0x00000000c0000000, 0x0000000100000000)
  region size 1024K, 4 young (4096K), 4 survivors (4096K)
 Metaspace       used 69358K, capacity 71321K, committed 71472K, reserved 1110016K
  class space    used 9396K, capacity 10074K, committed 10112K, reserved 1048576K
}
Event: 98.486 GC heap before
{Heap before GC invocations=79 (full 0):
 garbage-first heap   total 304128K, used 193536K [0x00000000c0000000, 0x0000000100000000)
  region size 1024K, 24 young (24576K), 4 survivors (4096K)
 Metaspace       used 69649K, capacity 71625K, committed 71728K, reserved 1112064K
  class space    used 9422K, capacity 10089K, committed 10112K, reserved 1048576K
}
Event: 98.581 GC heap after
{Heap after GC invocations=80 (full 0):
 garbage-first heap   total 334848K, used 181760K [0x00000000c0000000, 0x0000000100000000)
  region size 1024K, 3 young (3072K), 3 survivors (3072K)
 Metaspace       used 69649K, capacity 71625K, committed 71728K, reserved 1112064K
  class space    used 9422K, capacity 10089K, committed 10112K, reserved 1048576K
}
Event: 98.884 GC heap before
{Heap before GC invocations=80 (full 0):
 garbage-first heap   total 334848K, used 188928K [0x00000000c0000000, 0x0000000100000000)
  region size 1024K, 11 young (11264K), 3 survivors (3072K)
 Metaspace       used 69653K, capacity 71625K, committed 71728K, reserved 1112064K
  class space    used 9422K, capacity 10089K, committed 10112K, reserved 1048576K
}
Event: 98.945 GC heap after
{Heap after GC invocations=81 (full 0):
 garbage-first heap   total 334848K, used 185344K [0x00000000c0000000, 0x0000000100000000)
  region size 1024K, 3 young (3072K), 3 survivors (3072K)
 Metaspace       used 69653K, capacity 71625K, committed 71728K, reserved 1112064K
  class space    used 9422K, capacity 10089K, committed 10112K, reserved 1048576K
}
Event: 100.931 GC heap before
{Heap before GC invocations=82 (full 0):
 garbage-first heap   total 334848K, used 211968K [0x00000000c0000000, 0x0000000100000000)
  region size 1024K, 21 young (21504K), 3 survivors (3072K)
 Metaspace       used 69774K, capacity 71799K, committed 72112K, reserved 1112064K
  class space    used 9433K, capacity 10123K, committed 10240K, reserved 1048576K
}
Event: 101.027 GC heap after
{Heap after GC invocations=83 (full 0):
 garbage-first heap   total 334848K, used 201723K [0x00000000c0000000, 0x0000000100000000)
  region size 1024K, 3 young (3072K), 3 survivors (3072K)
 Metaspace       used 69774K, capacity 71799K, committed 72112K, reserved 1112064K
  class space    used 9433K, capacity 10123K, committed 10240K, reserved 1048576K
}
Event: 102.695 GC heap before
{Heap before GC invocations=83 (full 0):
 garbage-first heap   total 334848K, used 223227K [0x00000000c0000000, 0x0000000100000000)
  region size 1024K, 16 young (16384K), 3 survivors (3072K)
 Metaspace       used 69929K, capacity 71911K, committed 72112K, reserved 1112064K
  class space    used 9449K, capacity 10137K, committed 10240K, reserved 1048576K
}
Event: 102.809 GC heap after
{Heap after GC invocations=84 (full 0):
 garbage-first heap   total 334848K, used 206331K [0x00000000c0000000, 0x0000000100000000)
  region size 1024K, 2 young (2048K), 2 survivors (2048K)
 Metaspace       used 69929K, capacity 71911K, committed 72112K, reserved 1112064K
  class space    used 9449K, capacity 10137K, committed 10240K, reserved 1048576K
}
Event: 103.203 GC heap before
{Heap before GC invocations=84 (full 0):
 garbage-first heap   total 334848K, used 208379K [0x00000000c0000000, 0x0000000100000000)
  region size 1024K, 6 young (6144K), 2 survivors (2048K)
 Metaspace       used 70055K, capacity 72005K, committed 72112K, reserved 1112064K
  class space    used 9461K, capacity 10146K, committed 10240K, reserved 1048576K
}

