# JRE version: Java(TM) SE Runtime Environment (13.0.2+8) (build 13.0.2+8)
# Java VM: Java HotSpot(TM) 64-Bit Server VM (13.0.2+8, mixed mode, sharing, tiered, compressed oops, g1 gc, windows-amd64)
Heap:
 garbage-first heap   total 76800K, used 39007K [0x00000000c0000000, 0x0000000100000000)
  region size 1024K, 5 young (5120K), 3 survivors (3072K)
 Metaspace       used 25643K, capacity 26342K, committed 26544K, reserved 1073152K
  class space    used 3550K, capacity 3813K, committed 3840K, reserved 1048576K
GC Heap History (20 events):
Event: 0.677 GC heap before
{Heap before GC invocations=0 (full 0):
 garbage-first heap   total 63488K, used 9216K [0x00000000c0000000, 0x0000000100000000)
  region size 1024K, 7 young (7168K), 0 survivors (0K)
 Metaspace       used 786K, capacity 4771K, committed 4864K, reserved 1056768K
  class space    used 72K, capacity 440K, committed 512K, reserved 1048576K
}
Event: 0.684 GC heap after
{Heap after GC invocations=1 (full 0):
 garbage-first heap   total 63488K, used 1333K [0x00000000c0000000, 0x0000000100000000)
  region size 1024K, 1 young (1024K), 1 survivors (1024K)
 Metaspace       used 786K, capacity 4771K, committed 4864K, reserved 1056768K
  class space    used 72K, capacity 440K, committed 512K, reserved 1048576K
}
Event: 2.834 GC heap before
{Heap before GC invocations=1 (full 0):
 garbage-first heap   total 63488K, used 40245K [0x00000000c0000000, 0x0000000100000000)
  region size 1024K, 37 young (37888K), 1 survivors (1024K)
 Metaspace       used 3961K, capacity 6587K, committed 6784K, reserved 1056768K
  class space    used 496K, capacity 770K, committed 896K, reserved 1048576K
}
Event: 2.850 GC heap after
{Heap after GC invocations=2 (full 0):
 garbage-first heap   total 63488K, used 10850K [0x00000000c0000000, 0x0000000100000000)
  region size 1024K, 5 young (5120K), 5 survivors (5120K)
 Metaspace       used 3961K, capacity 6587K, committed 6784K, reserved 1056768K
  class space    used 496K, capacity 770K, committed 896K, reserved 1048576K
}
Event: 2.922 GC heap before
{Heap before GC invocations=2 (full 0):
 garbage-first heap   total 63488K, used 13922K [0x00000000c0000000, 0x0000000100000000)
  region size 1024K, 9 young (9216K), 5 survivors (5120K)
 Metaspace       used 3965K, capacity 6587K, committed 6784K, reserved 1056768K
  class space    used 496K, capacity 770K, committed 896K, reserved 1048576K
}
Event: 2.934 GC heap after
{Heap after GC invocations=3 (full 0):
 garbage-first heap   total 63488K, used 11606K [0x00000000c0000000, 0x0000000100000000)
  region size 1024K, 1 young (1024K), 1 survivors (1024K)
 Metaspace       used 3965K, capacity 6587K, committed 6784K, reserved 1056768K
  class space    used 496K, capacity 770K, committed 896K, reserved 1048576K
}
Event: 4.238 GC heap before
{Heap before GC invocations=3 (full 0):
 garbage-first heap   total 63488K, used 34134K [0x00000000c0000000, 0x0000000100000000)
  region size 1024K, 23 young (23552K), 1 survivors (1024K)
 Metaspace       used 6287K, capacity 8156K, committed 8320K, reserved 1056768K
  class space    used 891K, capacity 1150K, committed 1152K, reserved 1048576K
}
Event: 4.247 GC heap after
{Heap after GC invocations=4 (full 0):
 garbage-first heap   total 63488K, used 15183K [0x00000000c0000000, 0x0000000100000000)
  region size 1024K, 3 young (3072K), 3 survivors (3072K)
 Metaspace       used 6287K, capacity 8156K, committed 8320K, reserved 1056768K
  class space    used 891K, capacity 1150K, committed 1152K, reserved 1048576K
}
Event: 8.052 GC heap before
{Heap before GC invocations=4 (full 0):
 garbage-first heap   total 63488K, used 37711K [0x00000000c0000000, 0x0000000100000000)
  region size 1024K, 25 young (25600K), 3 survivors (3072K)
 Metaspace       used 10823K, capacity 11248K, committed 11520K, reserved 1058816K
  class space    used 1543K, capacity 1693K, committed 1792K, reserved 1048576K
}
Event: 8.065 GC heap after
{Heap after GC invocations=5 (full 0):
 garbage-first heap   total 76800K, used 16986K [0x00000000c0000000, 0x0000000100000000)
  region size 1024K, 2 young (2048K), 2 survivors (2048K)
 Metaspace       used 10823K, capacity 11248K, committed 11520K, reserved 1058816K
  class space    used 1543K, capacity 1693K, committed 1792K, reserved 1048576K
}
Event: 9.263 GC heap before
{Heap before GC invocations=5 (full 0):
 garbage-first heap   total 76800K, used 43610K [0x00000000c0000000, 0x0000000100000000)
  region size 1024K, 28 young (28672K), 2 survivors (2048K)
 Metaspace       used 14663K, capacity 15256K, committed 15360K, reserved 1062912K
  class space    used 2055K, capacity 2268K, committed 2304K, reserved 1048576K
}
Event: 9.276 GC heap after
{Heap after GC invocations=6 (full 0):
 garbage-first heap   total 76800K, used 18206K [0x00000000c0000000, 0x0000000100000000)
  region size 1024K, 3 young (3072K), 3 survivors (3072K)
 Metaspace       used 14663K, capacity 15256K, committed 15360K, reserved 1062912K
  class space    used 2055K, capacity 2268K, committed 2304K, reserved 1048576K
}
Event: 11.972 GC heap before
{Heap before GC invocations=6 (full 0):
 garbage-first heap   total 76800K, used 59166K [0x00000000c0000000, 0x0000000100000000)
  region size 1024K, 31 young (31744K), 3 survivors (3072K)
 Metaspace       used 18065K, capacity 18807K, committed 19072K, reserved 1064960K
  class space    used 2578K, capacity 2836K, committed 2944K, reserved 1048576K
}
Event: 11.991 GC heap after
{Heap after GC invocations=7 (full 0):
 garbage-first heap   total 76800K, used 35554K [0x00000000c0000000, 0x0000000100000000)
  region size 1024K, 4 young (4096K), 4 survivors (4096K)
 Metaspace       used 18065K, capacity 18807K, committed 19072K, reserved 1064960K
  class space    used 2578K, capacity 2836K, committed 2944K, reserved 1048576K
}
Event: 13.020 GC heap before
{Heap before GC invocations=7 (full 0):
 garbage-first heap   total 76800K, used 57058K [0x00000000c0000000, 0x0000000100000000)
  region size 1024K, 25 young (25600K), 4 survivors (4096K)
 Metaspace       used 20153K, capacity 20828K, committed 21120K, reserved 1067008K
  class space    used 2896K, capacity 3126K, committed 3200K, reserved 1048576K
}
Event: 13.033 GC heap after
{Heap after GC invocations=8 (full 0):
 garbage-first heap   total 76800K, used 36202K [0x00000000c0000000, 0x0000000100000000)
  region size 1024K, 1 young (1024K), 1 survivors (1024K)
 Metaspace       used 20153K, capacity 20828K, committed 21120K, reserved 1067008K
  class space    used 2896K, capacity 3126K, committed 3200K, reserved 1048576K
}
Event: 13.175 GC heap before
{Heap before GC invocations=8 (full 0):
 garbage-first heap   total 76800K, used 38250K [0x00000000c0000000, 0x0000000100000000)
  region size 1024K, 4 young (4096K), 1 survivors (1024K)
 Metaspace       used 20579K, capacity 21227K, committed 21296K, reserved 1067008K
  class space    used 2970K, capacity 3195K, committed 3200K, reserved 1048576K
}
Event: 13.180 GC heap after
{Heap after GC invocations=9 (full 0):
 garbage-first heap   total 76800K, used 36153K [0x00000000c0000000, 0x0000000100000000)
  region size 1024K, 1 young (1024K), 1 survivors (1024K)
 Metaspace       used 20579K, capacity 21227K, committed 21296K, reserved 1067008K
  class space    used 2970K, capacity 3195K, committed 3200K, reserved 1048576K
}
Event: 14.566 GC heap before
{Heap before GC invocations=10 (full 0):
 garbage-first heap   total 76800K, used 53561K [0x00000000c0000000, 0x0000000100000000)
  region size 1024K, 19 young (19456K), 1 survivors (1024K)
 Metaspace       used 25241K, capacity 25923K, committed 26032K, reserved 1071104K
  class space    used 3504K, capacity 3780K, committed 3840K, reserved 1048576K
}
Event: 14.579 GC heap after
{Heap after GC invocations=11 (full 0):
 garbage-first heap   total 76800K, used 37983K [0x00000000c0000000, 0x0000000100000000)
  region size 1024K, 3 young (3072K), 3 survivors (3072K)
 Metaspace       used 25241K, capacity 25923K, committed 26032K, reserved 1071104K
  class space    used 3504K, capacity 3780K, committed 3840K, reserved 1048576K
}

