# JRE version: Java(TM) SE Runtime Environment (13.0.2+8) (build 13.0.2+8)
# Java VM: Java HotSpot(TM) 64-Bit Server VM (13.0.2+8, mixed mode, sharing, tiered, compressed oops, g1 gc, windows-amd64)
Heap:
 garbage-first heap   total 80896K, used 46361K [0x00000000c0000000, 0x0000000100000000)
  region size 1024K, 5 young (5120K), 3 survivors (3072K)
 Metaspace       used 49219K, capacity 50358K, committed 50512K, reserved 1093632K
  class space    used 6476K, capacity 6828K, committed 6912K, reserved 1048576K
GC Heap History (20 events):
Event: 17.117 GC heap before
{Heap before GC invocations=14 (full 0):
 garbage-first heap   total 65536K, used 46537K [0x00000000c0000000, 0x0000000100000000)
  region size 1024K, 24 young (24576K), 2 survivors (2048K)
 Metaspace       used 32527K, capacity 33316K, committed 33584K, reserved 1079296K
  class space    used 4455K, capacity 4683K, committed 4736K, reserved 1048576K
}
Event: 17.128 GC heap after
{Heap after GC invocations=15 (full 0):
 garbage-first heap   total 65536K, used 24683K [0x00000000c0000000, 0x0000000100000000)
  region size 1024K, 2 young (2048K), 2 survivors (2048K)
 Metaspace       used 32527K, capacity 33316K, committed 33584K, reserved 1079296K
  class space    used 4455K, capacity 4683K, committed 4736K, reserved 1048576K
}
Event: 18.851 GC heap before
{Heap before GC invocations=15 (full 0):
 garbage-first heap   total 65536K, used 47211K [0x00000000c0000000, 0x0000000100000000)
  region size 1024K, 24 young (24576K), 2 survivors (2048K)
 Metaspace       used 33869K, capacity 34727K, committed 34864K, reserved 1079296K
  class space    used 4619K, capacity 4895K, committed 4992K, reserved 1048576K
}
Event: 18.866 GC heap after
{Heap after GC invocations=16 (full 0):
 garbage-first heap   total 65536K, used 26438K [0x00000000c0000000, 0x0000000100000000)
  region size 1024K, 3 young (3072K), 3 survivors (3072K)
 Metaspace       used 33869K, capacity 34727K, committed 34864K, reserved 1079296K
  class space    used 4619K, capacity 4895K, committed 4992K, reserved 1048576K
}
Event: 19.628 GC heap before
{Heap before GC invocations=16 (full 0):
 garbage-first heap   total 65536K, used 47942K [0x00000000c0000000, 0x0000000100000000)
  region size 1024K, 21 young (21504K), 3 survivors (3072K)
 Metaspace       used 34893K, capacity 35809K, committed 35920K, reserved 1081344K
  class space    used 4776K, capacity 5074K, committed 5120K, reserved 1048576K
}
Event: 19.647 GC heap after
{Heap after GC invocations=17 (full 0):
 garbage-first heap   total 65536K, used 37176K [0x00000000c0000000, 0x0000000100000000)
  region size 1024K, 4 young (4096K), 4 survivors (4096K)
 Metaspace       used 34893K, capacity 35809K, committed 35920K, reserved 1081344K
  class space    used 4776K, capacity 5074K, committed 5120K, reserved 1048576K
}
Event: 20.356 GC heap before
{Heap before GC invocations=18 (full 0):
 garbage-first heap   total 65536K, used 50488K [0x00000000c0000000, 0x0000000100000000)
  region size 1024K, 18 young (18432K), 4 survivors (4096K)
 Metaspace       used 37825K, capacity 38835K, committed 39120K, reserved 1083392K
  class space    used 5140K, capacity 5466K, committed 5504K, reserved 1048576K
}
Event: 20.367 GC heap after
{Heap after GC invocations=19 (full 0):
 garbage-first heap   total 78848K, used 38688K [0x00000000c0000000, 0x0000000100000000)
  region size 1024K, 1 young (1024K), 1 survivors (1024K)
 Metaspace       used 37825K, capacity 38835K, committed 39120K, reserved 1083392K
  class space    used 5140K, capacity 5466K, committed 5504K, reserved 1048576K
}
Event: 20.878 GC heap before
{Heap before GC invocations=19 (full 0):
 garbage-first heap   total 78848K, used 57120K [0x00000000c0000000, 0x0000000100000000)
  region size 1024K, 19 young (19456K), 1 survivors (1024K)
 Metaspace       used 40920K, capacity 41936K, committed 42064K, reserved 1085440K
  class space    used 5455K, capacity 5795K, committed 5888K, reserved 1048576K
}
Event: 20.886 GC heap after
{Heap after GC invocations=20 (full 0):
 garbage-first heap   total 78848K, used 39165K [0x00000000c0000000, 0x0000000100000000)
  region size 1024K, 2 young (2048K), 2 survivors (2048K)
 Metaspace       used 40920K, capacity 41936K, committed 42064K, reserved 1085440K
  class space    used 5455K, capacity 5795K, committed 5888K, reserved 1048576K
}
Event: 22.018 GC heap before
{Heap before GC invocations=21 (full 0):
 garbage-first heap   total 78848K, used 57597K [0x00000000c0000000, 0x0000000100000000)
  region size 1024K, 21 young (21504K), 2 survivors (2048K)
 Metaspace       used 43461K, capacity 44610K, committed 44752K, reserved 1087488K
  class space    used 5804K, capacity 6157K, committed 6272K, reserved 1048576K
}
Event: 22.028 GC heap after
{Heap after GC invocations=22 (full 0):
 garbage-first heap   total 78848K, used 40890K [0x00000000c0000000, 0x0000000100000000)
  region size 1024K, 3 young (3072K), 3 survivors (3072K)
 Metaspace       used 43461K, capacity 44610K, committed 44752K, reserved 1087488K
  class space    used 5804K, capacity 6157K, committed 6272K, reserved 1048576K
}
Event: 22.640 GC heap before
{Heap before GC invocations=22 (full 0):
 garbage-first heap   total 78848K, used 59322K [0x00000000c0000000, 0x0000000100000000)
  region size 1024K, 22 young (22528K), 3 survivors (3072K)
 Metaspace       used 44795K, capacity 45934K, committed 46160K, reserved 1089536K
  class space    used 5968K, capacity 6356K, committed 6400K, reserved 1048576K
}
Event: 22.668 GC heap after
{Heap after GC invocations=23 (full 0):
 garbage-first heap   total 78848K, used 42569K [0x00000000c0000000, 0x0000000100000000)
  region size 1024K, 2 young (2048K), 2 survivors (2048K)
 Metaspace       used 44795K, capacity 45934K, committed 46160K, reserved 1089536K
  class space    used 5968K, capacity 6356K, committed 6400K, reserved 1048576K
}
Event: 22.966 GC heap before
{Heap before GC invocations=24 (full 0):
 garbage-first heap   total 78848K, used 49737K [0x00000000c0000000, 0x0000000100000000)
  region size 1024K, 10 young (10240K), 2 survivors (2048K)
 Metaspace       used 45646K, capacity 46734K, committed 47056K, reserved 1089536K
  class space    used 6087K, capacity 6452K, committed 6528K, reserved 1048576K
}
Event: 22.982 GC heap after
{Heap after GC invocations=25 (full 0):
 garbage-first heap   total 78848K, used 43223K [0x00000000c0000000, 0x0000000100000000)
  region size 1024K, 1 young (1024K), 1 survivors (1024K)
 Metaspace       used 45646K, capacity 46734K, committed 47056K, reserved 1089536K
  class space    used 6087K, capacity 6452K, committed 6528K, reserved 1048576K
}
Event: 23.972 GC heap before
{Heap before GC invocations=26 (full 0):
 garbage-first heap   total 78848K, used 59607K [0x00000000c0000000, 0x0000000100000000)
  region size 1024K, 16 young (16384K), 1 survivors (1024K)
 Metaspace       used 48689K, capacity 49770K, committed 49872K, reserved 1093632K
  class space    used 6404K, capacity 6782K, committed 6784K, reserved 1048576K
}
Event: 23.978 GC heap after
{Heap after GC invocations=27 (full 0):
 garbage-first heap   total 78848K, used 43724K [0x00000000c0000000, 0x0000000100000000)
  region size 1024K, 2 young (2048K), 2 survivors (2048K)
 Metaspace       used 48689K, capacity 49770K, committed 49872K, reserved 1093632K
  class space    used 6404K, capacity 6782K, committed 6784K, reserved 1048576K
}
Event: 24.418 GC heap before
{Heap before GC invocations=27 (full 0):
 garbage-first heap   total 78848K, used 59084K [0x00000000c0000000, 0x0000000100000000)
  region size 1024K, 17 young (17408K), 2 survivors (2048K)
 Metaspace       used 49218K, capacity 50358K, committed 50512K, reserved 1093632K
  class space    used 6476K, capacity 6828K, committed 6912K, reserved 1048576K
}
Event: 24.430 GC heap after
{Heap after GC invocations=28 (full 0):
 garbage-first heap   total 78848K, used 45337K [0x00000000c0000000, 0x0000000100000000)
  region size 1024K, 3 young (3072K), 3 survivors (3072K)
 Metaspace       used 49218K, capacity 50358K, committed 50512K, reserved 1093632K
  class space    used 6476K, capacity 6828K, committed 6912K, reserved 1048576K
}

