# JRE version: Java(TM) SE Runtime Environment (13.0.2+8) (build 13.0.2+8)
# Java VM: Java HotSpot(TM) 64-Bit Server VM (13.0.2+8, mixed mode, sharing, tiered, compressed oops, g1 gc, windows-amd64)
Heap:
 garbage-first heap   total 102400K, used 60004K [0x0000000080000000, 0x0000000100000000)
  region size 1024K, 4 young (4096K), 3 survivors (3072K)
 Metaspace       used 44736K, capacity 46149K, committed 46336K, reserved 1095680K
  class space    used 5985K, capacity 6387K, committed 6400K, reserved 1048576K
GC Heap History (20 events):
Event: 66.453 GC heap before
{Heap before GC invocations=19 (full 0):
 garbage-first heap   total 71680K, used 55784K [0x0000000080000000, 0x0000000100000000)
  region size 1024K, 16 young (16384K), 2 survivors (2048K)
 Metaspace       used 31647K, capacity 32537K, committed 32768K, reserved 1077248K
  class space    used 4261K, capacity 4582K, committed 4608K, reserved 1048576K
}
Event: 66.467 GC heap after
{Heap after GC invocations=20 (full 0):
 garbage-first heap   total 71680K, used 42929K [0x0000000080000000, 0x0000000100000000)
  region size 1024K, 2 young (2048K), 2 survivors (2048K)
 Metaspace       used 31647K, capacity 32537K, committed 32768K, reserved 1077248K
  class space    used 4261K, capacity 4582K, committed 4608K, reserved 1048576K
}
Event: 67.600 GC heap before
{Heap before GC invocations=21 (full 0):
 garbage-first heap   total 75776K, used 56241K [0x0000000080000000, 0x0000000100000000)
  region size 1024K, 15 young (15360K), 2 survivors (2048K)
 Metaspace       used 32864K, capacity 33843K, committed 34048K, reserved 1079296K
  class space    used 4459K, capacity 4782K, committed 4864K, reserved 1048576K
}
Event: 67.613 GC heap after
{Heap after GC invocations=22 (full 0):
 garbage-first heap   total 75776K, used 43816K [0x0000000080000000, 0x0000000100000000)
  region size 1024K, 1 young (1024K), 1 survivors (1024K)
 Metaspace       used 32864K, capacity 33843K, committed 34048K, reserved 1079296K
  class space    used 4459K, capacity 4782K, committed 4864K, reserved 1048576K
}
Event: 68.999 GC heap before
{Heap before GC invocations=22 (full 0):
 garbage-first heap   total 75776K, used 59176K [0x0000000080000000, 0x0000000100000000)
  region size 1024K, 16 young (16384K), 1 survivors (1024K)
 Metaspace       used 33744K, capacity 34823K, committed 34944K, reserved 1079296K
  class space    used 4608K, capacity 4933K, committed 4992K, reserved 1048576K
}
Event: 69.017 GC heap after
{Heap after GC invocations=23 (full 0):
 garbage-first heap   total 75776K, used 44838K [0x0000000080000000, 0x0000000100000000)
  region size 1024K, 2 young (2048K), 2 survivors (2048K)
 Metaspace       used 33744K, capacity 34823K, committed 34944K, reserved 1079296K
  class space    used 4608K, capacity 4933K, committed 4992K, reserved 1048576K
}
Event: 69.879 GC heap before
{Heap before GC invocations=24 (full 0):
 garbage-first heap   total 76800K, used 60198K [0x0000000080000000, 0x0000000100000000)
  region size 1024K, 17 young (17408K), 2 survivors (2048K)
 Metaspace       used 34476K, capacity 35543K, committed 35840K, reserved 1079296K
  class space    used 4731K, capacity 5068K, committed 5120K, reserved 1048576K
}
Event: 69.892 GC heap after
{Heap after GC invocations=25 (full 0):
 garbage-first heap   total 76800K, used 45537K [0x0000000080000000, 0x0000000100000000)
  region size 1024K, 2 young (2048K), 2 survivors (2048K)
 Metaspace       used 34476K, capacity 35543K, committed 35840K, reserved 1079296K
  class space    used 4731K, capacity 5068K, committed 5120K, reserved 1048576K
}
Event: 71.938 GC heap before
{Heap before GC invocations=25 (full 0):
 garbage-first heap   total 76800K, used 60897K [0x0000000080000000, 0x0000000100000000)
  region size 1024K, 17 young (17408K), 2 survivors (2048K)
 Metaspace       used 35496K, capacity 36619K, committed 36736K, reserved 1081344K
  class space    used 4843K, capacity 5191K, committed 5248K, reserved 1048576K
}
Event: 71.954 GC heap after
{Heap after GC invocations=26 (full 0):
 garbage-first heap   total 76800K, used 46884K [0x0000000080000000, 0x0000000100000000)
  region size 1024K, 2 young (2048K), 2 survivors (2048K)
 Metaspace       used 35496K, capacity 36619K, committed 36736K, reserved 1081344K
  class space    used 4843K, capacity 5191K, committed 5248K, reserved 1048576K
}
Event: 73.252 GC heap before
{Heap before GC invocations=27 (full 0):
 garbage-first heap   total 80896K, used 59172K [0x0000000080000000, 0x0000000100000000)
  region size 1024K, 16 young (16384K), 2 survivors (2048K)
 Metaspace       used 36171K, capacity 37374K, committed 37632K, reserved 1081344K
  class space    used 4934K, capacity 5292K, committed 5376K, reserved 1048576K
}
Event: 73.266 GC heap after
{Heap after GC invocations=28 (full 0):
 garbage-first heap   total 80896K, used 48612K [0x0000000080000000, 0x0000000100000000)
  region size 1024K, 3 young (3072K), 3 survivors (3072K)
 Metaspace       used 36171K, capacity 37374K, committed 37632K, reserved 1081344K
  class space    used 4934K, capacity 5292K, committed 5376K, reserved 1048576K
}
Event: 74.684 GC heap before
{Heap before GC invocations=29 (full 0):
 garbage-first heap   total 89088K, used 69092K [0x0000000080000000, 0x0000000100000000)
  region size 1024K, 18 young (18432K), 3 survivors (3072K)
 Metaspace       used 37330K, capacity 38650K, committed 38784K, reserved 1083392K
  class space    used 5095K, capacity 5503K, committed 5504K, reserved 1048576K
}
Event: 74.698 GC heap after
{Heap after GC invocations=30 (full 0):
 garbage-first heap   total 89088K, used 56858K [0x0000000080000000, 0x0000000100000000)
  region size 1024K, 3 young (3072K), 3 survivors (3072K)
 Metaspace       used 37330K, capacity 38650K, committed 38784K, reserved 1083392K
  class space    used 5095K, capacity 5503K, committed 5504K, reserved 1048576K
}
Event: 76.003 GC heap before
{Heap before GC invocations=30 (full 0):
 garbage-first heap   total 89088K, used 70170K [0x0000000080000000, 0x0000000100000000)
  region size 1024K, 17 young (17408K), 3 survivors (3072K)
 Metaspace       used 40355K, capacity 41686K, committed 41728K, reserved 1085440K
  class space    used 5453K, capacity 5856K, committed 5888K, reserved 1048576K
}
Event: 76.014 GC heap after
{Heap after GC invocations=31 (full 0):
 garbage-first heap   total 89088K, used 58201K [0x0000000080000000, 0x0000000100000000)
  region size 1024K, 1 young (1024K), 1 survivors (1024K)
 Metaspace       used 40355K, capacity 41686K, committed 41728K, reserved 1085440K
  class space    used 5453K, capacity 5856K, committed 5888K, reserved 1048576K
}
Event: 77.614 GC heap before
{Heap before GC invocations=32 (full 0):
 garbage-first heap   total 101376K, used 72537K [0x0000000080000000, 0x0000000100000000)
  region size 1024K, 15 young (15360K), 1 survivors (1024K)
 Metaspace       used 42523K, capacity 43888K, committed 44032K, reserved 1087488K
  class space    used 5687K, capacity 6057K, committed 6144K, reserved 1048576K
}
Event: 77.624 GC heap after
{Heap after GC invocations=33 (full 0):
 garbage-first heap   total 101376K, used 58503K [0x0000000080000000, 0x0000000100000000)
  region size 1024K, 2 young (2048K), 2 survivors (2048K)
 Metaspace       used 42523K, capacity 43888K, committed 44032K, reserved 1087488K
  class space    used 5687K, capacity 6057K, committed 6144K, reserved 1048576K
}
Event: 79.214 GC heap before
{Heap before GC invocations=33 (full 0):
 garbage-first heap   total 101376K, used 71815K [0x0000000080000000, 0x0000000100000000)
  region size 1024K, 16 young (16384K), 2 survivors (2048K)
 Metaspace       used 44631K, capacity 46021K, committed 46080K, reserved 1095680K
  class space    used 5973K, capacity 6387K, committed 6400K, reserved 1048576K
}
Event: 79.227 GC heap after
{Heap after GC invocations=34 (full 0):
 garbage-first heap   total 101376K, used 60004K [0x0000000080000000, 0x0000000100000000)
  region size 1024K, 3 young (3072K), 3 survivors (3072K)
 Metaspace       used 44631K, capacity 46021K, committed 46080K, reserved 1095680K
  class space    used 5973K, capacity 6387K, committed 6400K, reserved 1048576K
}

