# JRE version: Java(TM) SE Runtime Environment (13.0.2+8) (build 13.0.2+8)
# Java VM: Java HotSpot(TM) 64-Bit Server VM (13.0.2+8, mixed mode, sharing, tiered, compressed oops, g1 gc, windows-amd64)
Heap:
 garbage-first heap   total 76800K, used 39313K [0x00000000c0000000, 0x0000000100000000)
  region size 1024K, 6 young (6144K), 2 survivors (2048K)
 Metaspace       used 33091K, capacity 33946K, committed 34224K, reserved 1079296K
  class space    used 4535K, capacity 4810K, committed 4864K, reserved 1048576K
GC Heap History (20 events):
Event: 7.888 GC heap before
{Heap before GC invocations=4 (full 0):
 garbage-first heap   total 63488K, used 34499K [0x00000000c0000000, 0x0000000100000000)
  region size 1024K, 21 young (21504K), 2 survivors (2048K)
 Metaspace       used 9737K, capacity 10190K, committed 10240K, reserved 1058816K
  class space    used 1381K, capacity 1531K, committed 1536K, reserved 1048576K
}
Event: 7.896 GC heap after
{Heap after GC invocations=5 (full 0):
 garbage-first heap   total 76800K, used 16403K [0x00000000c0000000, 0x0000000100000000)
  region size 1024K, 3 young (3072K), 3 survivors (3072K)
 Metaspace       used 9737K, capacity 10190K, committed 10240K, reserved 1058816K
  class space    used 1381K, capacity 1531K, committed 1536K, reserved 1048576K
}
Event: 8.714 GC heap before
{Heap before GC invocations=5 (full 0):
 garbage-first heap   total 76800K, used 40979K [0x00000000c0000000, 0x0000000100000000)
  region size 1024K, 28 young (28672K), 3 survivors (3072K)
 Metaspace       used 13324K, capacity 13747K, committed 13824K, reserved 1060864K
  class space    used 1855K, capacity 1993K, committed 2048K, reserved 1048576K
}
Event: 8.726 GC heap after
{Heap after GC invocations=6 (full 0):
 garbage-first heap   total 76800K, used 17382K [0x00000000c0000000, 0x0000000100000000)
  region size 1024K, 3 young (3072K), 3 survivors (3072K)
 Metaspace       used 13324K, capacity 13747K, committed 13824K, reserved 1060864K
  class space    used 1855K, capacity 1993K, committed 2048K, reserved 1048576K
}
Event: 10.340 GC heap before
{Heap before GC invocations=6 (full 0):
 garbage-first heap   total 76800K, used 45030K [0x00000000c0000000, 0x0000000100000000)
  region size 1024K, 30 young (30720K), 3 survivors (3072K)
 Metaspace       used 17345K, capacity 17900K, committed 18048K, reserved 1064960K
  class space    used 2471K, capacity 2680K, committed 2688K, reserved 1048576K
}
Event: 10.353 GC heap after
{Heap after GC invocations=7 (full 0):
 garbage-first heap   total 76800K, used 18657K [0x00000000c0000000, 0x0000000100000000)
  region size 1024K, 3 young (3072K), 3 survivors (3072K)
 Metaspace       used 17345K, capacity 17900K, committed 18048K, reserved 1064960K
  class space    used 2471K, capacity 2680K, committed 2688K, reserved 1048576K
}
Event: 12.030 GC heap before
{Heap before GC invocations=7 (full 0):
 garbage-first heap   total 76800K, used 57569K [0x00000000c0000000, 0x0000000100000000)
  region size 1024K, 32 young (32768K), 3 survivors (3072K)
 Metaspace       used 20238K, capacity 20840K, committed 21120K, reserved 1067008K
  class space    used 2895K, capacity 3117K, committed 3200K, reserved 1048576K
}
Event: 12.044 GC heap after
{Heap after GC invocations=8 (full 0):
 garbage-first heap   total 76800K, used 30586K [0x00000000c0000000, 0x0000000100000000)
  region size 1024K, 4 young (4096K), 4 survivors (4096K)
 Metaspace       used 20238K, capacity 20840K, committed 21120K, reserved 1067008K
  class space    used 2895K, capacity 3117K, committed 3200K, reserved 1048576K
}
Event: 12.134 GC heap before
{Heap before GC invocations=8 (full 0):
 garbage-first heap   total 76800K, used 32634K [0x00000000c0000000, 0x0000000100000000)
  region size 1024K, 7 young (7168K), 4 survivors (4096K)
 Metaspace       used 20508K, capacity 21175K, committed 21296K, reserved 1067008K
  class space    used 2957K, capacity 3186K, committed 3200K, reserved 1048576K
}
Event: 12.145 GC heap after
{Heap after GC invocations=9 (full 0):
 garbage-first heap   total 76800K, used 30865K [0x00000000c0000000, 0x0000000100000000)
  region size 1024K, 1 young (1024K), 1 survivors (1024K)
 Metaspace       used 20508K, capacity 21175K, committed 21296K, reserved 1067008K
  class space    used 2957K, capacity 3186K, committed 3200K, reserved 1048576K
}
Event: 13.547 GC heap before
{Heap before GC invocations=10 (full 0):
 garbage-first heap   total 76800K, used 48273K [0x00000000c0000000, 0x0000000100000000)
  region size 1024K, 19 young (19456K), 1 survivors (1024K)
 Metaspace       used 25238K, capacity 25929K, committed 26288K, reserved 1071104K
  class space    used 3495K, capacity 3768K, committed 3840K, reserved 1048576K
}
Event: 13.557 GC heap after
{Heap after GC invocations=11 (full 0):
 garbage-first heap   total 76800K, used 32509K [0x00000000c0000000, 0x0000000100000000)
  region size 1024K, 3 young (3072K), 3 survivors (3072K)
 Metaspace       used 25238K, capacity 25929K, committed 26288K, reserved 1071104K
  class space    used 3495K, capacity 3768K, committed 3840K, reserved 1048576K
}
Event: 14.621 GC heap before
{Heap before GC invocations=11 (full 0):
 garbage-first heap   total 76800K, used 52989K [0x00000000c0000000, 0x0000000100000000)
  region size 1024K, 21 young (21504K), 3 survivors (3072K)
 Metaspace       used 27885K, capacity 28592K, committed 28848K, reserved 1075200K
  class space    used 3754K, capacity 4033K, committed 4096K, reserved 1048576K
}
Event: 14.633 GC heap after
{Heap after GC invocations=12 (full 0):
 garbage-first heap   total 76800K, used 33734K [0x00000000c0000000, 0x0000000100000000)
  region size 1024K, 2 young (2048K), 2 survivors (2048K)
 Metaspace       used 27885K, capacity 28592K, committed 28848K, reserved 1075200K
  class space    used 3754K, capacity 4033K, committed 4096K, reserved 1048576K
}
Event: 15.544 GC heap before
{Heap before GC invocations=12 (full 0):
 garbage-first heap   total 76800K, used 53190K [0x00000000c0000000, 0x0000000100000000)
  region size 1024K, 21 young (21504K), 2 survivors (2048K)
 Metaspace       used 29918K, capacity 30676K, committed 30896K, reserved 1075200K
  class space    used 4062K, capacity 4316K, committed 4352K, reserved 1048576K
}
Event: 15.553 GC heap after
{Heap after GC invocations=13 (full 0):
 garbage-first heap   total 76800K, used 34585K [0x00000000c0000000, 0x0000000100000000)
  region size 1024K, 2 young (2048K), 2 survivors (2048K)
 Metaspace       used 29918K, capacity 30676K, committed 30896K, reserved 1075200K
  class space    used 4062K, capacity 4316K, committed 4352K, reserved 1048576K
}
Event: 16.154 GC heap before
{Heap before GC invocations=13 (full 0):
 garbage-first heap   total 76800K, used 56089K [0x00000000c0000000, 0x0000000100000000)
  region size 1024K, 23 young (23552K), 2 survivors (2048K)
 Metaspace       used 31059K, capacity 31860K, committed 32176K, reserved 1077248K
  class space    used 4249K, capacity 4518K, committed 4608K, reserved 1048576K
}
Event: 16.175 GC heap after
{Heap after GC invocations=14 (full 0):
 garbage-first heap   total 76800K, used 35783K [0x00000000c0000000, 0x0000000100000000)
  region size 1024K, 2 young (2048K), 2 survivors (2048K)
 Metaspace       used 31059K, capacity 31860K, committed 32176K, reserved 1077248K
  class space    used 4249K, capacity 4518K, committed 4608K, reserved 1048576K
}
Event: 16.763 GC heap before
{Heap before GC invocations=14 (full 0):
 garbage-first heap   total 76800K, used 57287K [0x00000000c0000000, 0x0000000100000000)
  region size 1024K, 23 young (23552K), 2 survivors (2048K)
 Metaspace       used 32819K, capacity 33640K, committed 33968K, reserved 1079296K
  class space    used 4497K, capacity 4772K, committed 4864K, reserved 1048576K
}
Event: 16.773 GC heap after
{Heap after GC invocations=15 (full 0):
 garbage-first heap   total 76800K, used 36241K [0x00000000c0000000, 0x0000000100000000)
  region size 1024K, 2 young (2048K), 2 survivors (2048K)
 Metaspace       used 32819K, capacity 33640K, committed 33968K, reserved 1079296K
  class space    used 4497K, capacity 4772K, committed 4864K, reserved 1048576K
}

