# JRE version: Java(TM) SE Runtime Environment (13.0.2+8) (build 13.0.2+8)
# Java VM: Java HotSpot(TM) 64-Bit Server VM (13.0.2+8, mixed mode, sharing, tiered, compressed oops, g1 gc, windows-amd64)
Heap:
 garbage-first heap   total 133120K, used 69721K [0x00000000c0000000, 0x0000000100000000)
  region size 1024K, 9 young (9216K), 3 survivors (3072K)
 Metaspace       used 59073K, capacity 60676K, committed 60976K, reserved 1101824K
  class space    used 8004K, capacity 8520K, committed 8576K, reserved 1048576K
GC Heap History (20 events):
Event: 22.623 GC heap before
{Heap before GC invocations=22 (full 0):
 garbage-first heap   total 92160K, used 65734K [0x00000000c0000000, 0x0000000100000000)
  region size 1024K, 17 young (17408K), 1 survivors (1024K)
 Metaspace       used 40738K, capacity 41777K, committed 41904K, reserved 1085440K
  class space    used 5452K, capacity 5787K, committed 5888K, reserved 1048576K
}
Event: 22.630 GC heap after
{Heap after GC invocations=23 (full 0):
 garbage-first heap   total 92160K, used 49751K [0x00000000c0000000, 0x0000000100000000)
  region size 1024K, 2 young (2048K), 2 survivors (2048K)
 Metaspace       used 40738K, capacity 41777K, committed 41904K, reserved 1085440K
  class space    used 5452K, capacity 5787K, committed 5888K, reserved 1048576K
}
Event: 23.479 GC heap before
{Heap before GC invocations=23 (full 0):
 garbage-first heap   total 92160K, used 67159K [0x00000000c0000000, 0x0000000100000000)
  region size 1024K, 19 young (19456K), 2 survivors (2048K)
 Metaspace       used 43417K, capacity 44658K, committed 44848K, reserved 1087488K
  class space    used 5809K, capacity 6218K, committed 6272K, reserved 1048576K
}
Event: 23.493 GC heap after
{Heap after GC invocations=24 (full 0):
 garbage-first heap   total 92160K, used 51240K [0x00000000c0000000, 0x0000000100000000)
  region size 1024K, 3 young (3072K), 3 survivors (3072K)
 Metaspace       used 43417K, capacity 44658K, committed 44848K, reserved 1087488K
  class space    used 5809K, capacity 6218K, committed 6272K, reserved 1048576K
}
Event: 24.203 GC heap before
{Heap before GC invocations=25 (full 0):
 garbage-first heap   total 92160K, used 67624K [0x00000000c0000000, 0x0000000100000000)
  region size 1024K, 20 young (20480K), 3 survivors (3072K)
 Metaspace       used 44552K, capacity 45758K, committed 46000K, reserved 1089536K
  class space    used 5957K, capacity 6348K, committed 6400K, reserved 1048576K
}
Event: 24.220 GC heap after
{Heap after GC invocations=26 (full 0):
 garbage-first heap   total 92160K, used 52710K [0x00000000c0000000, 0x0000000100000000)
  region size 1024K, 3 young (3072K), 3 survivors (3072K)
 Metaspace       used 44552K, capacity 45758K, committed 46000K, reserved 1089536K
  class space    used 5957K, capacity 6348K, committed 6400K, reserved 1048576K
}
Event: 24.774 GC heap before
{Heap before GC invocations=26 (full 0):
 garbage-first heap   total 92160K, used 66022K [0x00000000c0000000, 0x0000000100000000)
  region size 1024K, 17 young (17408K), 3 survivors (3072K)
 Metaspace       used 45983K, capacity 47166K, committed 47408K, reserved 1089536K
  class space    used 6136K, capacity 6513K, committed 6528K, reserved 1048576K
}
Event: 24.787 GC heap after
{Heap after GC invocations=27 (full 0):
 garbage-first heap   total 92160K, used 53791K [0x00000000c0000000, 0x0000000100000000)
  region size 1024K, 2 young (2048K), 2 survivors (2048K)
 Metaspace       used 45983K, capacity 47166K, committed 47408K, reserved 1089536K
  class space    used 6136K, capacity 6513K, committed 6528K, reserved 1048576K
}
Event: 26.248 GC heap before
{Heap before GC invocations=28 (full 0):
 garbage-first heap   total 92160K, used 71199K [0x00000000c0000000, 0x0000000100000000)
  region size 1024K, 18 young (18432K), 2 survivors (2048K)
 Metaspace       used 49127K, capacity 50400K, committed 50608K, reserved 1093632K
  class space    used 6461K, capacity 6845K, committed 6912K, reserved 1048576K
}
Event: 26.260 GC heap after
{Heap after GC invocations=29 (full 0):
 garbage-first heap   total 110592K, used 54531K [0x00000000c0000000, 0x0000000100000000)
  region size 1024K, 2 young (2048K), 2 survivors (2048K)
 Metaspace       used 49127K, capacity 50400K, committed 50608K, reserved 1093632K
  class space    used 6461K, capacity 6845K, committed 6912K, reserved 1048576K
}
Event: 27.376 GC heap before
{Heap before GC invocations=29 (full 0):
 garbage-first heap   total 110592K, used 79107K [0x00000000c0000000, 0x0000000100000000)
  region size 1024K, 26 young (26624K), 2 survivors (2048K)
 Metaspace       used 49609K, capacity 50918K, committed 51248K, reserved 1093632K
  class space    used 6538K, capacity 6955K, committed 7040K, reserved 1048576K
}
Event: 27.394 GC heap after
{Heap after GC invocations=30 (full 0):
 garbage-first heap   total 110592K, used 56999K [0x00000000c0000000, 0x0000000100000000)
  region size 1024K, 4 young (4096K), 4 survivors (4096K)
 Metaspace       used 49609K, capacity 50918K, committed 51248K, reserved 1093632K
  class space    used 6538K, capacity 6955K, committed 7040K, reserved 1048576K
}
Event: 30.780 GC heap before
{Heap before GC invocations=31 (full 0):
 garbage-first heap   total 110592K, used 81575K [0x00000000c0000000, 0x0000000100000000)
  region size 1024K, 28 young (28672K), 4 survivors (4096K)
 Metaspace       used 53304K, capacity 54711K, committed 54960K, reserved 1097728K
  class space    used 7117K, capacity 7602K, committed 7680K, reserved 1048576K
}
Event: 30.819 GC heap after
{Heap after GC invocations=32 (full 0):
 garbage-first heap   total 110592K, used 58764K [0x00000000c0000000, 0x0000000100000000)
  region size 1024K, 2 young (2048K), 2 survivors (2048K)
 Metaspace       used 53304K, capacity 54711K, committed 54960K, reserved 1097728K
  class space    used 7117K, capacity 7602K, committed 7680K, reserved 1048576K
}
Event: 31.991 GC heap before
{Heap before GC invocations=32 (full 0):
 garbage-first heap   total 110592K, used 83340K [0x00000000c0000000, 0x0000000100000000)
  region size 1024K, 26 young (26624K), 2 survivors (2048K)
 Metaspace       used 54161K, capacity 55642K, committed 55856K, reserved 1097728K
  class space    used 7246K, capacity 7701K, committed 7808K, reserved 1048576K
}
Event: 32.013 GC heap after
{Heap after GC invocations=33 (full 0):
 garbage-first heap   total 110592K, used 61440K [0x00000000c0000000, 0x0000000100000000)
  region size 1024K, 4 young (4096K), 4 survivors (4096K)
 Metaspace       used 54161K, capacity 55642K, committed 55856K, reserved 1097728K
  class space    used 7246K, capacity 7701K, committed 7808K, reserved 1048576K
}
Event: 34.177 GC heap before
{Heap before GC invocations=34 (full 0):
 garbage-first heap   total 110592K, used 86016K [0x00000000c0000000, 0x0000000100000000)
  region size 1024K, 28 young (28672K), 4 survivors (4096K)
 Metaspace       used 56116K, capacity 57613K, committed 57648K, reserved 1099776K
  class space    used 7559K, capacity 8041K, committed 8064K, reserved 1048576K
}
Event: 34.208 GC heap after
{Heap after GC invocations=35 (full 0):
 garbage-first heap   total 110592K, used 63577K [0x00000000c0000000, 0x0000000100000000)
  region size 1024K, 2 young (2048K), 2 survivors (2048K)
 Metaspace       used 56116K, capacity 57613K, committed 57648K, reserved 1099776K
  class space    used 7559K, capacity 8041K, committed 8064K, reserved 1048576K
}
Event: 36.216 GC heap before
{Heap before GC invocations=35 (full 0):
 garbage-first heap   total 110592K, used 87129K [0x00000000c0000000, 0x0000000100000000)
  region size 1024K, 25 young (25600K), 2 survivors (2048K)
 Metaspace       used 58727K, capacity 60249K, committed 60464K, reserved 1101824K
  class space    used 7956K, capacity 8486K, committed 8576K, reserved 1048576K
}
Event: 36.231 GC heap after
{Heap after GC invocations=36 (full 0):
 garbage-first heap   total 133120K, used 64601K [0x00000000c0000000, 0x0000000100000000)
  region size 1024K, 3 young (3072K), 3 survivors (3072K)
 Metaspace       used 58727K, capacity 60249K, committed 60464K, reserved 1101824K
  class space    used 7956K, capacity 8486K, committed 8576K, reserved 1048576K
}

