# JRE version: Java(TM) SE Runtime Environment (13.0.2+8) (build 13.0.2+8)
# Java VM: Java HotSpot(TM) 64-Bit Server VM (13.0.2+8, mixed mode, sharing, tiered, compressed oops, g1 gc, windows-amd64)
Heap:
 garbage-first heap   total 196608K, used 130232K [0x00000000c0000000, 0x0000000100000000)
  region size 1024K, 9 young (9216K), 2 survivors (2048K)
 Metaspace       used 66714K, capacity 68638K, committed 68656K, reserved 1107968K
  class space    used 8953K, capacity 9589K, committed 9600K, reserved 1048576K
GC Heap History (20 events):
Event: 54.508 GC heap before
{Heap before GC invocations=52 (full 0):
 garbage-first heap   total 135168K, used 108122K [0x00000000c0000000, 0x0000000100000000)
  region size 1024K, 33 young (33792K), 4 survivors (4096K)
 Metaspace       used 63860K, capacity 65762K, committed 65968K, reserved 1105920K
  class space    used 8549K, capacity 9190K, committed 9216K, reserved 1048576K
}
Event: 54.529 GC heap after
{Heap after GC invocations=53 (full 0):
 garbage-first heap   total 135168K, used 80891K [0x00000000c0000000, 0x0000000100000000)
  region size 1024K, 4 young (4096K), 4 survivors (4096K)
 Metaspace       used 63860K, capacity 65762K, committed 65968K, reserved 1105920K
  class space    used 8549K, capacity 9190K, committed 9216K, reserved 1048576K
}
Event: 56.427 GC heap before
{Heap before GC invocations=53 (full 0):
 garbage-first heap   total 135168K, used 109563K [0x00000000c0000000, 0x0000000100000000)
  region size 1024K, 33 young (33792K), 4 survivors (4096K)
 Metaspace       used 64471K, capacity 66274K, committed 66352K, reserved 1105920K
  class space    used 8639K, capacity 9268K, committed 9344K, reserved 1048576K
}
Event: 56.452 GC heap after
{Heap after GC invocations=54 (full 0):
 garbage-first heap   total 135168K, used 82331K [0x00000000c0000000, 0x0000000100000000)
  region size 1024K, 3 young (3072K), 3 survivors (3072K)
 Metaspace       used 64471K, capacity 66274K, committed 66352K, reserved 1105920K
  class space    used 8639K, capacity 9268K, committed 9344K, reserved 1048576K
}
Event: 60.655 GC heap before
{Heap before GC invocations=55 (full 0):
 garbage-first heap   total 143360K, used 93595K [0x00000000c0000000, 0x0000000100000000)
  region size 1024K, 16 young (16384K), 3 survivors (3072K)
 Metaspace       used 64950K, capacity 66874K, committed 67120K, reserved 1107968K
  class space    used 8717K, capacity 9340K, committed 9344K, reserved 1048576K
}
Event: 60.686 GC heap after
{Heap after GC invocations=56 (full 0):
 garbage-first heap   total 143360K, used 82952K [0x00000000c0000000, 0x0000000100000000)
  region size 1024K, 4 young (4096K), 4 survivors (4096K)
 Metaspace       used 64950K, capacity 66874K, committed 67120K, reserved 1107968K
  class space    used 8717K, capacity 9340K, committed 9344K, reserved 1048576K
}
Event: 60.972 GC heap before
{Heap before GC invocations=57 (full 0):
 garbage-first heap   total 157696K, used 92168K [0x00000000c0000000, 0x0000000100000000)
  region size 1024K, 5 young (5120K), 4 survivors (4096K)
 Metaspace       used 64989K, capacity 66877K, committed 67120K, reserved 1107968K
  class space    used 8722K, capacity 9341K, committed 9344K, reserved 1048576K
}
Event: 60.990 GC heap after
{Heap after GC invocations=58 (full 0):
 garbage-first heap   total 157696K, used 92915K [0x00000000c0000000, 0x0000000100000000)
  region size 1024K, 3 young (3072K), 3 survivors (3072K)
 Metaspace       used 64989K, capacity 66877K, committed 67120K, reserved 1107968K
  class space    used 8722K, capacity 9341K, committed 9344K, reserved 1048576K
}
Event: 62.046 GC heap before
{Heap before GC invocations=59 (full 0):
 garbage-first heap   total 160768K, used 101107K [0x00000000c0000000, 0x0000000100000000)
  region size 1024K, 11 young (11264K), 3 survivors (3072K)
 Metaspace       used 66396K, capacity 68342K, committed 68400K, reserved 1107968K
  class space    used 8917K, capacity 9555K, committed 9600K, reserved 1048576K
}
Event: 62.067 GC heap after
{Heap after GC invocations=60 (full 0):
 garbage-first heap   total 160768K, used 93783K [0x00000000c0000000, 0x0000000100000000)
  region size 1024K, 3 young (3072K), 3 survivors (3072K)
 Metaspace       used 66396K, capacity 68342K, committed 68400K, reserved 1107968K
  class space    used 8917K, capacity 9555K, committed 9600K, reserved 1048576K
}
Event: 62.909 GC heap before
{Heap before GC invocations=61 (full 0):
 garbage-first heap   total 193536K, used 127575K [0x00000000c0000000, 0x0000000100000000)
  region size 1024K, 20 young (20480K), 3 survivors (3072K)
 Metaspace       used 66663K, capacity 68573K, committed 68656K, reserved 1107968K
  class space    used 8952K, capacity 9589K, committed 9600K, reserved 1048576K
}
Event: 62.967 GC heap after
{Heap after GC invocations=62 (full 0):
 garbage-first heap   total 193536K, used 110051K [0x00000000c0000000, 0x0000000100000000)
  region size 1024K, 5 young (5120K), 5 survivors (5120K)
 Metaspace       used 66663K, capacity 68573K, committed 68656K, reserved 1107968K
  class space    used 8952K, capacity 9589K, committed 9600K, reserved 1048576K
}
Event: 63.427 GC heap before
{Heap before GC invocations=63 (full 0):
 garbage-first heap   total 193536K, used 113123K [0x00000000c0000000, 0x0000000100000000)
  region size 1024K, 9 young (9216K), 5 survivors (5120K)
 Metaspace       used 66663K, capacity 68573K, committed 68656K, reserved 1107968K
  class space    used 8952K, capacity 9589K, committed 9600K, reserved 1048576K
}
Event: 63.502 GC heap after
{Heap after GC invocations=64 (full 0):
 garbage-first heap   total 193536K, used 113479K [0x00000000c0000000, 0x0000000100000000)
  region size 1024K, 2 young (2048K), 2 survivors (2048K)
 Metaspace       used 66663K, capacity 68573K, committed 68656K, reserved 1107968K
  class space    used 8952K, capacity 9589K, committed 9600K, reserved 1048576K
}
Event: 64.249 GC heap before
{Heap before GC invocations=65 (full 0):
 garbage-first heap   total 193536K, used 114503K [0x00000000c0000000, 0x0000000100000000)
  region size 1024K, 3 young (3072K), 2 survivors (2048K)
 Metaspace       used 66663K, capacity 68573K, committed 68656K, reserved 1107968K
  class space    used 8952K, capacity 9589K, committed 9600K, reserved 1048576K
}
Event: 64.265 GC heap after
{Heap after GC invocations=66 (full 0):
 garbage-first heap   total 193536K, used 114065K [0x00000000c0000000, 0x0000000100000000)
  region size 1024K, 1 young (1024K), 1 survivors (1024K)
 Metaspace       used 66663K, capacity 68573K, committed 68656K, reserved 1107968K
  class space    used 8952K, capacity 9589K, committed 9600K, reserved 1048576K
}
Event: 64.816 GC heap before
{Heap before GC invocations=67 (full 0):
 garbage-first heap   total 196608K, used 124305K [0x00000000c0000000, 0x0000000100000000)
  region size 1024K, 10 young (10240K), 1 survivors (1024K)
 Metaspace       used 66713K, capacity 68638K, committed 68656K, reserved 1107968K
  class space    used 8953K, capacity 9589K, committed 9600K, reserved 1048576K
}
Event: 64.838 GC heap after
{Heap after GC invocations=68 (full 0):
 garbage-first heap   total 196608K, used 117510K [0x00000000c0000000, 0x0000000100000000)
  region size 1024K, 2 young (2048K), 2 survivors (2048K)
 Metaspace       used 66713K, capacity 68638K, committed 68656K, reserved 1107968K
  class space    used 8953K, capacity 9589K, committed 9600K, reserved 1048576K
}
Event: 64.986 GC heap before
{Heap before GC invocations=68 (full 0):
 garbage-first heap   total 196608K, used 127750K [0x00000000c0000000, 0x0000000100000000)
  region size 1024K, 13 young (13312K), 2 survivors (2048K)
 Metaspace       used 66713K, capacity 68638K, committed 68656K, reserved 1107968K
  class space    used 8953K, capacity 9589K, committed 9600K, reserved 1048576K
}
Event: 65.034 GC heap after
{Heap after GC invocations=69 (full 0):
 garbage-first heap   total 196608K, used 123064K [0x00000000c0000000, 0x0000000100000000)
  region size 1024K, 2 young (2048K), 2 survivors (2048K)
 Metaspace       used 66713K, capacity 68638K, committed 68656K, reserved 1107968K
  class space    used 8953K, capacity 9589K, committed 9600K, reserved 1048576K
}

