# JRE version: Java(TM) SE Runtime Environment (13.0.2+8) (build 13.0.2+8)
# Java VM: Java HotSpot(TM) 64-Bit Server VM (13.0.2+8, mixed mode, sharing, tiered, compressed oops, g1 gc, windows-amd64)
Heap:
 garbage-first heap   total 717824K, used 331264K [0x0000000080000000, 0x0000000100000000)
  region size 1024K, 4 young (4096K), 4 survivors (4096K)
 Metaspace       used 127008K, capacity 130838K, committed 131376K, reserved 1163264K
  class space    used 15555K, capacity 16825K, committed 17024K, reserved 1048576K
GC Heap History (20 events):
Event: 3894.884 GC heap after
{Heap after GC invocations=144 (full 0):
 garbage-first heap   total 627712K, used 422348K [0x0000000080000000, 0x0000000100000000)
  region size 1024K, 4 young (4096K), 4 survivors (4096K)
 Metaspace       used 127160K, capacity 131155K, committed 131376K, reserved 1163264K
  class space    used 15598K, capacity 16906K, committed 17024K, reserved 1048576K
}
Event: 3898.600 GC heap before
{Heap before GC invocations=144 (full 0):
 garbage-first heap   total 627712K, used 448972K [0x0000000080000000, 0x0000000100000000)
  region size 1024K, 30 young (30720K), 4 survivors (4096K)
 Metaspace       used 127209K, capacity 131226K, committed 131376K, reserved 1163264K
  class space    used 15602K, capacity 16908K, committed 17024K, reserved 1048576K
}
Event: 3898.672 GC heap after
{Heap after GC invocations=145 (full 0):
 garbage-first heap   total 627712K, used 423925K [0x0000000080000000, 0x0000000100000000)
  region size 1024K, 1 young (1024K), 1 survivors (1024K)
 Metaspace       used 127209K, capacity 131226K, committed 131376K, reserved 1163264K
  class space    used 15602K, capacity 16908K, committed 17024K, reserved 1048576K
}
Event: 3905.408 GC heap before
{Heap before GC invocations=145 (full 0):
 garbage-first heap   total 627712K, used 477173K [0x0000000080000000, 0x0000000100000000)
  region size 1024K, 30 young (30720K), 1 survivors (1024K)
 Metaspace       used 127256K, capacity 131236K, committed 131376K, reserved 1163264K
  class space    used 15602K, capacity 16908K, committed 17024K, reserved 1048576K
}
Event: 3905.463 GC heap after
{Heap after GC invocations=146 (full 0):
 garbage-first heap   total 627712K, used 443852K [0x0000000080000000, 0x0000000100000000)
  region size 1024K, 4 young (4096K), 4 survivors (4096K)
 Metaspace       used 127256K, capacity 131236K, committed 131376K, reserved 1163264K
  class space    used 15602K, capacity 16908K, committed 17024K, reserved 1048576K
}
Event: 3905.665 GC heap before
{Heap before GC invocations=146 (full 0):
 garbage-first heap   total 627712K, used 472524K [0x0000000080000000, 0x0000000100000000)
  region size 1024K, 30 young (30720K), 4 survivors (4096K)
 Metaspace       used 127257K, capacity 131236K, committed 131376K, reserved 1163264K
  class space    used 15602K, capacity 16908K, committed 17024K, reserved 1048576K
}
Event: 3905.784 GC heap after
{Heap after GC invocations=147 (full 0):
 garbage-first heap   total 627712K, used 457529K [0x0000000080000000, 0x0000000100000000)
  region size 1024K, 4 young (4096K), 4 survivors (4096K)
 Metaspace       used 127257K, capacity 131236K, committed 131376K, reserved 1163264K
  class space    used 15602K, capacity 16908K, committed 17024K, reserved 1048576K
}
Event: 3906.158 GC heap before
{Heap before GC invocations=147 (full 0):
 garbage-first heap   total 627712K, used 485177K [0x0000000080000000, 0x0000000100000000)
  region size 1024K, 30 young (30720K), 4 survivors (4096K)
 Metaspace       used 127266K, capacity 131240K, committed 131376K, reserved 1163264K
  class space    used 15602K, capacity 16908K, committed 17024K, reserved 1048576K
}
Event: 3906.356 GC heap after
{Heap after GC invocations=148 (full 0):
 garbage-first heap   total 627712K, used 473664K [0x0000000080000000, 0x0000000100000000)
  region size 1024K, 4 young (4096K), 4 survivors (4096K)
 Metaspace       used 127266K, capacity 131240K, committed 131376K, reserved 1163264K
  class space    used 15602K, capacity 16908K, committed 17024K, reserved 1048576K
}
Event: 3906.589 GC heap before
{Heap before GC invocations=148 (full 0):
 garbage-first heap   total 627712K, used 499264K [0x0000000080000000, 0x0000000100000000)
  region size 1024K, 30 young (30720K), 4 survivors (4096K)
 Metaspace       used 127267K, capacity 131240K, committed 131376K, reserved 1163264K
  class space    used 15602K, capacity 16908K, committed 17024K, reserved 1048576K
}
Event: 3906.846 GC heap after
{Heap after GC invocations=149 (full 0):
 garbage-first heap   total 627712K, used 489984K [0x0000000080000000, 0x0000000100000000)
  region size 1024K, 4 young (4096K), 4 survivors (4096K)
 Metaspace       used 127267K, capacity 131240K, committed 131376K, reserved 1163264K
  class space    used 15602K, capacity 16908K, committed 17024K, reserved 1048576K
}
Event: 3906.953 GC heap before
{Heap before GC invocations=149 (full 0):
 garbage-first heap   total 627712K, used 499200K [0x0000000080000000, 0x0000000100000000)
  region size 1024K, 14 young (14336K), 4 survivors (4096K)
 Metaspace       used 127267K, capacity 131240K, committed 131376K, reserved 1163264K
  class space    used 15602K, capacity 16908K, committed 17024K, reserved 1048576K
}
Event: 3907.278 GC heap after
{Heap after GC invocations=150 (full 0):
 garbage-first heap   total 627712K, used 497152K [0x0000000080000000, 0x0000000100000000)
  region size 1024K, 4 young (4096K), 4 survivors (4096K)
 Metaspace       used 127267K, capacity 131240K, committed 131376K, reserved 1163264K
  class space    used 15602K, capacity 16908K, committed 17024K, reserved 1048576K
}
Event: 3908.358 GC heap before
{Heap before GC invocations=150 (full 0):
 garbage-first heap   total 627712K, used 525824K [0x0000000080000000, 0x0000000100000000)
  region size 1024K, 30 young (30720K), 4 survivors (4096K)
 Metaspace       used 127267K, capacity 131240K, committed 131376K, reserved 1163264K
  class space    used 15602K, capacity 16908K, committed 17024K, reserved 1048576K
}
Event: 3908.761 GC heap after
{Heap after GC invocations=151 (full 0):
 garbage-first heap   total 627712K, used 512832K [0x0000000080000000, 0x0000000100000000)
  region size 1024K, 4 young (4096K), 4 survivors (4096K)
 Metaspace       used 127267K, capacity 131240K, committed 131376K, reserved 1163264K
  class space    used 15602K, capacity 16908K, committed 17024K, reserved 1048576K
}
Event: 3909.614 GC heap before
{Heap before GC invocations=151 (full 0):
 garbage-first heap   total 627712K, used 539456K [0x0000000080000000, 0x0000000100000000)
  region size 1024K, 30 young (30720K), 4 survivors (4096K)
 Metaspace       used 127270K, capacity 131240K, committed 131376K, reserved 1163264K
  class space    used 15602K, capacity 16908K, committed 17024K, reserved 1048576K
}
Event: 3909.827 GC heap after
{Heap after GC invocations=152 (full 0):
 garbage-first heap   total 627712K, used 525824K [0x0000000080000000, 0x0000000100000000)
  region size 1024K, 4 young (4096K), 4 survivors (4096K)
 Metaspace       used 127270K, capacity 131240K, committed 131376K, reserved 1163264K
  class space    used 15602K, capacity 16908K, committed 17024K, reserved 1048576K
}
Event: 3912.372 GC heap before
{Heap before GC invocations=152 (full 0):
 garbage-first heap   total 627712K, used 568832K [0x0000000080000000, 0x0000000100000000)
  region size 1024K, 30 young (30720K), 4 survivors (4096K)
 Metaspace       used 127271K, capacity 131240K, committed 131376K, reserved 1163264K
  class space    used 15602K, capacity 16908K, committed 17024K, reserved 1048576K
}
Event: 3912.486 GC heap after
{Heap after GC invocations=153 (full 0):
 garbage-first heap   total 627712K, used 547328K [0x0000000080000000, 0x0000000100000000)
  region size 1024K, 4 young (4096K), 4 survivors (4096K)
 Metaspace       used 127271K, capacity 131240K, committed 131376K, reserved 1163264K
  class space    used 15602K, capacity 16908K, committed 17024K, reserved 1048576K
}
Event: 3916.264 GC heap before
{Heap before GC invocations=154 (full 0):
 garbage-first heap   total 627712K, used 352768K [0x0000000080000000, 0x0000000100000000)
  region size 1024K, 30 young (30720K), 4 survivors (4096K)
 Metaspace       used 127008K, capacity 130838K, committed 131376K, reserved 1163264K
  class space    used 15555K, capacity 16825K, committed 17024K, reserved 1048576K
}

