# JRE version: Java(TM) SE Runtime Environment (13.0.2+8) (build 13.0.2+8)
# Java VM: Java HotSpot(TM) 64-Bit Server VM (13.0.2+8, mixed mode, sharing, tiered, compressed oops, g1 gc, windows-amd64)
Heap:
 garbage-first heap   total 355328K, used 216349K [0x00000000c0000000, 0x0000000100000000)
  region size 1024K, 30 young (30720K), 3 survivors (3072K)
 Metaspace       used 76621K, capacity 78801K, committed 79024K, reserved 1118208K
  class space    used 10278K, capacity 11001K, committed 11008K, reserved 1048576K
GC Heap History (20 events):
Event: 74.091 GC heap before
{Heap before GC invocations=76 (full 0):
 garbage-first heap   total 306176K, used 196608K [0x00000000c0000000, 0x0000000100000000)
  region size 1024K, 32 young (32768K), 5 survivors (5120K)
 Metaspace       used 69577K, capacity 71554K, committed 71728K, reserved 1112064K
  class space    used 9423K, capacity 10088K, committed 10112K, reserved 1048576K
}
Event: 74.213 GC heap after
{Heap after GC invocations=77 (full 0):
 garbage-first heap   total 306176K, used 178688K [0x00000000c0000000, 0x0000000100000000)
  region size 1024K, 4 young (4096K), 4 survivors (4096K)
 Metaspace       used 69577K, capacity 71554K, committed 71728K, reserved 1112064K
  class space    used 9423K, capacity 10088K, committed 10112K, reserved 1048576K
}
Event: 74.261 GC heap before
{Heap before GC invocations=77 (full 0):
 garbage-first heap   total 306176K, used 178688K [0x00000000c0000000, 0x0000000100000000)
  region size 1024K, 5 young (5120K), 4 survivors (4096K)
 Metaspace       used 69577K, capacity 71554K, committed 71728K, reserved 1112064K
  class space    used 9423K, capacity 10088K, committed 10112K, reserved 1048576K
}
Event: 74.305 GC heap after
{Heap after GC invocations=78 (full 0):
 garbage-first heap   total 306176K, used 180029K [0x00000000c0000000, 0x0000000100000000)
  region size 1024K, 1 young (1024K), 1 survivors (1024K)
 Metaspace       used 69577K, capacity 71554K, committed 71728K, reserved 1112064K
  class space    used 9423K, capacity 10088K, committed 10112K, reserved 1048576K
}
Event: 75.619 GC heap before
{Heap before GC invocations=79 (full 0):
 garbage-first heap   total 306176K, used 185149K [0x00000000c0000000, 0x0000000100000000)
  region size 1024K, 6 young (6144K), 1 survivors (1024K)
 Metaspace       used 69578K, capacity 71554K, committed 71728K, reserved 1112064K
  class space    used 9423K, capacity 10088K, committed 10112K, reserved 1048576K
}
Event: 75.653 GC heap after
{Heap after GC invocations=80 (full 0):
 garbage-first heap   total 306176K, used 182152K [0x00000000c0000000, 0x0000000100000000)
  region size 1024K, 2 young (2048K), 2 survivors (2048K)
 Metaspace       used 69578K, capacity 71554K, committed 71728K, reserved 1112064K
  class space    used 9423K, capacity 10088K, committed 10112K, reserved 1048576K
}
Event: 78.166 GC heap before
{Heap before GC invocations=81 (full 0):
 garbage-first heap   total 332800K, used 210824K [0x00000000c0000000, 0x0000000100000000)
  region size 1024K, 24 young (24576K), 2 survivors (2048K)
 Metaspace       used 69845K, capacity 71834K, committed 72112K, reserved 1112064K
  class space    used 9449K, capacity 10134K, committed 10240K, reserved 1048576K
}
Event: 78.233 GC heap after
{Heap after GC invocations=82 (full 0):
 garbage-first heap   total 332800K, used 194688K [0x00000000c0000000, 0x0000000100000000)
  region size 1024K, 5 young (5120K), 5 survivors (5120K)
 Metaspace       used 69845K, capacity 71834K, committed 72112K, reserved 1112064K
  class space    used 9449K, capacity 10134K, committed 10240K, reserved 1048576K
}
Event: 79.853 GC heap before
{Heap before GC invocations=83 (full 0):
 garbage-first heap   total 336896K, used 211072K [0x00000000c0000000, 0x0000000100000000)
  region size 1024K, 16 young (16384K), 5 survivors (5120K)
 Metaspace       used 69981K, capacity 71980K, committed 72112K, reserved 1112064K
  class space    used 9459K, capacity 10139K, committed 10240K, reserved 1048576K
}
Event: 79.906 GC heap after
{Heap after GC invocations=84 (full 0):
 garbage-first heap   total 336896K, used 205184K [0x00000000c0000000, 0x0000000100000000)
  region size 1024K, 6 young (6144K), 6 survivors (6144K)
 Metaspace       used 69981K, capacity 71980K, committed 72112K, reserved 1112064K
  class space    used 9459K, capacity 10139K, committed 10240K, reserved 1048576K
}
Event: 81.214 GC heap before
{Heap before GC invocations=85 (full 0):
 garbage-first heap   total 347136K, used 206208K [0x00000000c0000000, 0x0000000100000000)
  region size 1024K, 8 young (8192K), 6 survivors (6144K)
 Metaspace       used 69981K, capacity 71980K, committed 72112K, reserved 1112064K
  class space    used 9459K, capacity 10139K, committed 10240K, reserved 1048576K
}
Event: 81.256 GC heap after
{Heap after GC invocations=86 (full 0):
 garbage-first heap   total 347136K, used 207162K [0x00000000c0000000, 0x0000000100000000)
  region size 1024K, 4 young (4096K), 4 survivors (4096K)
 Metaspace       used 69981K, capacity 71980K, committed 72112K, reserved 1112064K
  class space    used 9459K, capacity 10139K, committed 10240K, reserved 1048576K
}
Event: 82.833 GC heap before
{Heap before GC invocations=87 (full 0):
 garbage-first heap   total 352256K, used 250170K [0x00000000c0000000, 0x0000000100000000)
  region size 1024K, 42 young (43008K), 4 survivors (4096K)
 Metaspace       used 70123K, capacity 72127K, committed 72368K, reserved 1112064K
  class space    used 9479K, capacity 10144K, committed 10240K, reserved 1048576K
}
Event: 82.861 GC heap after
{Heap after GC invocations=88 (full 0):
 garbage-first heap   total 352256K, used 216879K [0x00000000c0000000, 0x0000000100000000)
  region size 1024K, 6 young (6144K), 6 survivors (6144K)
 Metaspace       used 70123K, capacity 72127K, committed 72368K, reserved 1112064K
  class space    used 9479K, capacity 10144K, committed 10240K, reserved 1048576K
}
Event: 84.463 GC heap before
{Heap before GC invocations=89 (full 0):
 garbage-first heap   total 355328K, used 266031K [0x00000000c0000000, 0x0000000100000000)
  region size 1024K, 45 young (46080K), 6 survivors (6144K)
 Metaspace       used 70202K, capacity 72204K, committed 72368K, reserved 1112064K
  class space    used 9482K, capacity 10148K, committed 10240K, reserved 1048576K
}
Event: 84.494 GC heap after
{Heap after GC invocations=90 (full 0):
 garbage-first heap   total 355328K, used 229490K [0x00000000c0000000, 0x0000000100000000)
  region size 1024K, 4 young (4096K), 4 survivors (4096K)
 Metaspace       used 70202K, capacity 72204K, committed 72368K, reserved 1112064K
  class space    used 9482K, capacity 10148K, committed 10240K, reserved 1048576K
}
Event: 85.518 GC heap before
{Heap before GC invocations=90 (full 0):
 garbage-first heap   total 355328K, used 242802K [0x00000000c0000000, 0x0000000100000000)
  region size 1024K, 17 young (17408K), 4 survivors (4096K)
 Metaspace       used 70431K, capacity 72430K, committed 72624K, reserved 1112064K
  class space    used 9498K, capacity 10175K, committed 10240K, reserved 1048576K
}
Event: 85.680 GC heap after
{Heap after GC invocations=91 (full 0):
 garbage-first heap   total 355328K, used 215396K [0x00000000c0000000, 0x0000000100000000)
  region size 1024K, 1 young (1024K), 1 survivors (1024K)
 Metaspace       used 70431K, capacity 72430K, committed 72624K, reserved 1112064K
  class space    used 9498K, capacity 10175K, committed 10240K, reserved 1048576K
}
Event: 89.134 GC heap before
{Heap before GC invocations=91 (full 0):
 garbage-first heap   total 355328K, used 261476K [0x00000000c0000000, 0x0000000100000000)
  region size 1024K, 46 young (47104K), 1 survivors (1024K)
 Metaspace       used 74372K, capacity 76471K, committed 76720K, reserved 1116160K
  class space    used 10002K, capacity 10703K, committed 10752K, reserved 1048576K
}
Event: 89.165 GC heap after
{Heap after GC invocations=92 (full 0):
 garbage-first heap   total 355328K, used 217373K [0x00000000c0000000, 0x0000000100000000)
  region size 1024K, 3 young (3072K), 3 survivors (3072K)
 Metaspace       used 74372K, capacity 76471K, committed 76720K, reserved 1116160K
  class space    used 10002K, capacity 10703K, committed 10752K, reserved 1048576K
}

