# JRE version: Java(TM) SE Runtime Environment (13.0.2+8) (build 13.0.2+8)
# Java VM: Java HotSpot(TM) 64-Bit Server VM (13.0.2+8, mixed mode, sharing, tiered, compressed oops, g1 gc, windows-amd64)
Heap:
 garbage-first heap   total 532480K, used 211353K [0x0000000080000000, 0x0000000100000000)
  region size 1024K, 3 young (3072K), 3 survivors (3072K)
 Metaspace       used 118741K, capacity 122060K, committed 122672K, reserved 1157120K
  class space    used 14695K, capacity 15873K, committed 16000K, reserved 1048576K
GC Heap History (20 events):
Event: 4466.978 GC heap after
{Heap after GC invocations=244 (full 0):
 garbage-first heap   total 368640K, used 116872K [0x0000000080000000, 0x0000000100000000)
  region size 1024K, 4 young (4096K), 4 survivors (4096K)
 Metaspace       used 118185K, capacity 121480K, committed 122160K, reserved 1155072K
  class space    used 14668K, capacity 15831K, committed 16000K, reserved 1048576K
}
Event: 4475.418 GC heap before
{Heap before GC invocations=245 (full 0):
 garbage-first heap   total 368640K, used 203912K [0x0000000080000000, 0x0000000100000000)
  region size 1024K, 91 young (93184K), 4 survivors (4096K)
 Metaspace       used 118288K, capacity 121616K, committed 122416K, reserved 1155072K
  class space    used 14668K, capacity 15832K, committed 16000K, reserved 1048576K
}
Event: 4475.455 GC heap after
{Heap after GC invocations=246 (full 0):
 garbage-first heap   total 368640K, used 116354K [0x0000000080000000, 0x0000000100000000)
  region size 1024K, 6 young (6144K), 6 survivors (6144K)
 Metaspace       used 118288K, capacity 121616K, committed 122416K, reserved 1155072K
  class space    used 14668K, capacity 15832K, committed 16000K, reserved 1048576K
}
Event: 4476.756 GC heap before
{Heap before GC invocations=246 (full 0):
 garbage-first heap   total 368640K, used 128642K [0x0000000080000000, 0x0000000100000000)
  region size 1024K, 19 young (19456K), 6 survivors (6144K)
 Metaspace       used 118318K, capacity 121658K, committed 122416K, reserved 1155072K
  class space    used 14676K, capacity 15846K, committed 16000K, reserved 1048576K
}
Event: 4476.768 GC heap after
{Heap after GC invocations=247 (full 0):
 garbage-first heap   total 368640K, used 110810K [0x0000000080000000, 0x0000000100000000)
  region size 1024K, 2 young (2048K), 2 survivors (2048K)
 Metaspace       used 118318K, capacity 121658K, committed 122416K, reserved 1155072K
  class space    used 14676K, capacity 15846K, committed 16000K, reserved 1048576K
}
Event: 4481.156 GC heap before
{Heap before GC invocations=248 (full 0):
 garbage-first heap   total 368640K, used 200922K [0x0000000080000000, 0x0000000100000000)
  region size 1024K, 87 young (89088K), 2 survivors (2048K)
 Metaspace       used 118424K, capacity 121790K, committed 122416K, reserved 1155072K
  class space    used 14683K, capacity 15858K, committed 16000K, reserved 1048576K
}
Event: 4481.217 GC heap after
{Heap after GC invocations=249 (full 0):
 garbage-first heap   total 368640K, used 118935K [0x0000000080000000, 0x0000000100000000)
  region size 1024K, 10 young (10240K), 10 survivors (10240K)
 Metaspace       used 118424K, capacity 121790K, committed 122416K, reserved 1155072K
  class space    used 14683K, capacity 15858K, committed 16000K, reserved 1048576K
}
Event: 4493.004 GC heap before
{Heap before GC invocations=250 (full 0):
 garbage-first heap   total 368640K, used 214167K [0x0000000080000000, 0x0000000100000000)
  region size 1024K, 104 young (106496K), 10 survivors (10240K)
 Metaspace       used 118677K, capacity 121995K, committed 122672K, reserved 1157120K
  class space    used 14695K, capacity 15873K, committed 16000K, reserved 1048576K
}
Event: 4493.025 GC heap after
{Heap after GC invocations=251 (full 0):
 garbage-first heap   total 368640K, used 111928K [0x0000000080000000, 0x0000000100000000)
  region size 1024K, 2 young (2048K), 2 survivors (2048K)
 Metaspace       used 118677K, capacity 121995K, committed 122672K, reserved 1157120K
  class space    used 14695K, capacity 15873K, committed 16000K, reserved 1048576K
}
Event: 4493.999 GC heap before
{Heap before GC invocations=252 (full 0):
 garbage-first heap   total 368640K, used 151864K [0x0000000080000000, 0x0000000100000000)
  region size 1024K, 19 young (19456K), 2 survivors (2048K)
 Metaspace       used 118678K, capacity 121995K, committed 122672K, reserved 1157120K
  class space    used 14695K, capacity 15873K, committed 16000K, reserved 1048576K
}
Event: 4494.035 GC heap after
{Heap after GC invocations=253 (full 0):
 garbage-first heap   total 368640K, used 136470K [0x0000000080000000, 0x0000000100000000)
  region size 1024K, 10 young (10240K), 10 survivors (10240K)
 Metaspace       used 118678K, capacity 121995K, committed 122672K, reserved 1157120K
  class space    used 14695K, capacity 15873K, committed 16000K, reserved 1048576K
}
Event: 4494.868 GC heap before
{Heap before GC invocations=254 (full 0):
 garbage-first heap   total 368640K, used 191766K [0x0000000080000000, 0x0000000100000000)
  region size 1024K, 61 young (62464K), 10 survivors (10240K)
 Metaspace       used 118680K, capacity 121995K, committed 122672K, reserved 1157120K
  class space    used 14695K, capacity 15873K, committed 16000K, reserved 1048576K
}
Event: 4495.094 GC heap after
{Heap after GC invocations=255 (full 0):
 garbage-first heap   total 368640K, used 164265K [0x0000000080000000, 0x0000000100000000)
  region size 1024K, 8 young (8192K), 8 survivors (8192K)
 Metaspace       used 118680K, capacity 121995K, committed 122672K, reserved 1157120K
  class space    used 14695K, capacity 15873K, committed 16000K, reserved 1048576K
}
Event: 4495.171 GC heap before
{Heap before GC invocations=255 (full 0):
 garbage-first heap   total 368640K, used 174505K [0x0000000080000000, 0x0000000100000000)
  region size 1024K, 18 young (18432K), 8 survivors (8192K)
 Metaspace       used 118680K, capacity 121995K, committed 122672K, reserved 1157120K
  class space    used 14695K, capacity 15873K, committed 16000K, reserved 1048576K
}
Event: 4495.329 GC heap after
{Heap after GC invocations=256 (full 0):
 garbage-first heap   total 368640K, used 170841K [0x0000000080000000, 0x0000000100000000)
  region size 1024K, 3 young (3072K), 3 survivors (3072K)
 Metaspace       used 118680K, capacity 121995K, committed 122672K, reserved 1157120K
  class space    used 14695K, capacity 15873K, committed 16000K, reserved 1048576K
}
Event: 4496.257 GC heap before
{Heap before GC invocations=256 (full 0):
 garbage-first heap   total 368640K, used 219993K [0x0000000080000000, 0x0000000100000000)
  region size 1024K, 49 young (50176K), 3 survivors (3072K)
 Metaspace       used 118736K, capacity 122060K, committed 122672K, reserved 1157120K
  class space    used 14695K, capacity 15873K, committed 16000K, reserved 1048576K
}
Event: 4496.757 GC heap after
{Heap after GC invocations=257 (full 0):
 garbage-first heap   total 368640K, used 199513K [0x0000000080000000, 0x0000000100000000)
  region size 1024K, 7 young (7168K), 7 survivors (7168K)
 Metaspace       used 118736K, capacity 122060K, committed 122672K, reserved 1157120K
  class space    used 14695K, capacity 15873K, committed 16000K, reserved 1048576K
}
Event: 4497.090 GC heap before
{Heap before GC invocations=258 (full 0):
 garbage-first heap   total 368640K, used 213849K [0x0000000080000000, 0x0000000100000000)
  region size 1024K, 21 young (21504K), 7 survivors (7168K)
 Metaspace       used 118740K, capacity 122060K, committed 122672K, reserved 1157120K
  class space    used 14695K, capacity 15873K, committed 16000K, reserved 1048576K
}
Event: 4497.492 GC heap after
{Heap after GC invocations=259 (full 0):
 garbage-first heap   total 368640K, used 206681K [0x0000000080000000, 0x0000000100000000)
  region size 1024K, 3 young (3072K), 3 survivors (3072K)
 Metaspace       used 118740K, capacity 122060K, committed 122672K, reserved 1157120K
  class space    used 14695K, capacity 15873K, committed 16000K, reserved 1048576K
}
Event: 4497.654 GC heap before
{Heap before GC invocations=259 (full 0):
 garbage-first heap   total 368640K, used 213849K [0x0000000080000000, 0x0000000100000000)
  region size 1024K, 12 young (12288K), 3 survivors (3072K)
 Metaspace       used 118741K, capacity 122060K, committed 122672K, reserved 1157120K
  class space    used 14695K, capacity 15873K, committed 16000K, reserved 1048576K
}

