# JRE version: Java(TM) SE Runtime Environment (13.0.2+8) (build 13.0.2+8)
# Java VM: Java HotSpot(TM) 64-Bit Server VM (13.0.2+8, mixed mode, sharing, tiered, compressed oops, g1 gc, windows-amd64)
Heap:
 garbage-first heap   total 648192K, used 216576K [0x00000000c0000000, 0x0000000100000000)
  region size 1024K, 3 young (3072K), 3 survivors (3072K)
 Metaspace       used 103928K, capacity 106576K, committed 106800K, reserved 1142784K
  class space    used 13221K, capacity 14112K, committed 14208K, reserved 1048576K
GC Heap History (20 events):
Event: 7295.221 GC heap after
{Heap after GC invocations=121 (full 0):
 garbage-first heap   total 358400K, used 143143K [0x00000000c0000000, 0x0000000100000000)
  region size 1024K, 2 young (2048K), 2 survivors (2048K)
 Metaspace       used 103909K, capacity 106576K, committed 106800K, reserved 1142784K
  class space    used 13221K, capacity 14112K, committed 14208K, reserved 1048576K
}
Event: 7296.039 GC heap before
{Heap before GC invocations=122 (full 0):
 garbage-first heap   total 358400K, used 158503K [0x00000000c0000000, 0x0000000100000000)
  region size 1024K, 17 young (17408K), 2 survivors (2048K)
 Metaspace       used 103909K, capacity 106576K, committed 106800K, reserved 1142784K
  class space    used 13221K, capacity 14112K, committed 14208K, reserved 1048576K
}
Event: 7296.177 GC heap after
{Heap after GC invocations=123 (full 0):
 garbage-first heap   total 358400K, used 151297K [0x00000000c0000000, 0x0000000100000000)
  region size 1024K, 3 young (3072K), 3 survivors (3072K)
 Metaspace       used 103909K, capacity 106576K, committed 106800K, reserved 1142784K
  class space    used 13221K, capacity 14112K, committed 14208K, reserved 1048576K
}
Event: 7296.356 GC heap before
{Heap before GC invocations=123 (full 0):
 garbage-first heap   total 358400K, used 164609K [0x00000000c0000000, 0x0000000100000000)
  region size 1024K, 17 young (17408K), 3 survivors (3072K)
 Metaspace       used 103910K, capacity 106576K, committed 106800K, reserved 1142784K
  class space    used 13221K, capacity 14112K, committed 14208K, reserved 1048576K
}
Event: 7296.624 GC heap after
{Heap after GC invocations=124 (full 0):
 garbage-first heap   total 358400K, used 160256K [0x00000000c0000000, 0x0000000100000000)
  region size 1024K, 3 young (3072K), 3 survivors (3072K)
 Metaspace       used 103910K, capacity 106576K, committed 106800K, reserved 1142784K
  class space    used 13221K, capacity 14112K, committed 14208K, reserved 1048576K
}
Event: 7297.574 GC heap before
{Heap before GC invocations=125 (full 0):
 garbage-first heap   total 358400K, used 173568K [0x00000000c0000000, 0x0000000100000000)
  region size 1024K, 17 young (17408K), 3 survivors (3072K)
 Metaspace       used 103910K, capacity 106576K, committed 106800K, reserved 1142784K
  class space    used 13221K, capacity 14112K, committed 14208K, reserved 1048576K
}
Event: 7297.760 GC heap after
{Heap after GC invocations=126 (full 0):
 garbage-first heap   total 358400K, used 168960K [0x00000000c0000000, 0x0000000100000000)
  region size 1024K, 3 young (3072K), 3 survivors (3072K)
 Metaspace       used 103910K, capacity 106576K, committed 106800K, reserved 1142784K
  class space    used 13221K, capacity 14112K, committed 14208K, reserved 1048576K
}
Event: 7298.548 GC heap before
{Heap before GC invocations=126 (full 0):
 garbage-first heap   total 358400K, used 182272K [0x00000000c0000000, 0x0000000100000000)
  region size 1024K, 17 young (17408K), 3 survivors (3072K)
 Metaspace       used 103910K, capacity 106576K, committed 106800K, reserved 1142784K
  class space    used 13221K, capacity 14112K, committed 14208K, reserved 1048576K
}
Event: 7298.757 GC heap after
{Heap after GC invocations=127 (full 0):
 garbage-first heap   total 358400K, used 173824K [0x00000000c0000000, 0x0000000100000000)
  region size 1024K, 3 young (3072K), 3 survivors (3072K)
 Metaspace       used 103910K, capacity 106576K, committed 106800K, reserved 1142784K
  class space    used 13221K, capacity 14112K, committed 14208K, reserved 1048576K
}
Event: 7298.833 GC heap before
{Heap before GC invocations=127 (full 0):
 garbage-first heap   total 358400K, used 175872K [0x00000000c0000000, 0x0000000100000000)
  region size 1024K, 6 young (6144K), 3 survivors (3072K)
 Metaspace       used 103910K, capacity 106576K, committed 106800K, reserved 1142784K
  class space    used 13221K, capacity 14112K, committed 14208K, reserved 1048576K
}
Event: 7298.951 GC heap after
{Heap after GC invocations=128 (full 0):
 garbage-first heap   total 358400K, used 176518K [0x00000000c0000000, 0x0000000100000000)
  region size 1024K, 2 young (2048K), 2 survivors (2048K)
 Metaspace       used 103910K, capacity 106576K, committed 106800K, reserved 1142784K
  class space    used 13221K, capacity 14112K, committed 14208K, reserved 1048576K
}
Event: 7300.145 GC heap before
{Heap before GC invocations=129 (full 0):
 garbage-first heap   total 358400K, used 193926K [0x00000000c0000000, 0x0000000100000000)
  region size 1024K, 17 young (17408K), 2 survivors (2048K)
 Metaspace       used 103911K, capacity 106576K, committed 106800K, reserved 1142784K
  class space    used 13221K, capacity 14112K, committed 14208K, reserved 1048576K
}
Event: 7300.413 GC heap after
{Heap after GC invocations=130 (full 0):
 garbage-first heap   total 446464K, used 187322K [0x00000000c0000000, 0x0000000100000000)
  region size 1024K, 3 young (3072K), 3 survivors (3072K)
 Metaspace       used 103911K, capacity 106576K, committed 106800K, reserved 1142784K
  class space    used 13221K, capacity 14112K, committed 14208K, reserved 1048576K
}
Event: 7301.154 GC heap before
{Heap before GC invocations=130 (full 0):
 garbage-first heap   total 446464K, used 200634K [0x00000000c0000000, 0x0000000100000000)
  region size 1024K, 17 young (17408K), 3 survivors (3072K)
 Metaspace       used 103919K, capacity 106576K, committed 106800K, reserved 1142784K
  class space    used 13221K, capacity 14112K, committed 14208K, reserved 1048576K
}
Event: 7301.366 GC heap after
{Heap after GC invocations=131 (full 0):
 garbage-first heap   total 446464K, used 195584K [0x00000000c0000000, 0x0000000100000000)
  region size 1024K, 3 young (3072K), 3 survivors (3072K)
 Metaspace       used 103919K, capacity 106576K, committed 106800K, reserved 1142784K
  class space    used 13221K, capacity 14112K, committed 14208K, reserved 1048576K
}
Event: 7302.407 GC heap before
{Heap before GC invocations=131 (full 0):
 garbage-first heap   total 446464K, used 202752K [0x00000000c0000000, 0x0000000100000000)
  region size 1024K, 21 young (21504K), 3 survivors (3072K)
 Metaspace       used 103921K, capacity 106576K, committed 106800K, reserved 1142784K
  class space    used 13221K, capacity 14112K, committed 14208K, reserved 1048576K
}
Event: 7302.528 GC heap after
{Heap after GC invocations=132 (full 0):
 garbage-first heap   total 446464K, used 193024K [0x00000000c0000000, 0x0000000100000000)
  region size 1024K, 3 young (3072K), 3 survivors (3072K)
 Metaspace       used 103921K, capacity 106576K, committed 106800K, reserved 1142784K
  class space    used 13221K, capacity 14112K, committed 14208K, reserved 1048576K
}
Event: 7303.509 GC heap before
{Heap before GC invocations=133 (full 0):
 garbage-first heap   total 446464K, used 216576K [0x00000000c0000000, 0x0000000100000000)
  region size 1024K, 21 young (21504K), 3 survivors (3072K)
 Metaspace       used 103927K, capacity 106576K, committed 106800K, reserved 1142784K
  class space    used 13221K, capacity 14112K, committed 14208K, reserved 1048576K
}
Event: 7303.774 GC heap after
{Heap after GC invocations=134 (full 0):
 garbage-first heap   total 446464K, used 206080K [0x00000000c0000000, 0x0000000100000000)
  region size 1024K, 3 young (3072K), 3 survivors (3072K)
 Metaspace       used 103927K, capacity 106576K, committed 106800K, reserved 1142784K
  class space    used 13221K, capacity 14112K, committed 14208K, reserved 1048576K
}
Event: 7305.299 GC heap before
{Heap before GC invocations=134 (full 0):
 garbage-first heap   total 446464K, used 235776K [0x00000000c0000000, 0x0000000100000000)
  region size 1024K, 21 young (21504K), 3 survivors (3072K)
 Metaspace       used 103928K, capacity 106576K, committed 106800K, reserved 1142784K
  class space    used 13221K, capacity 14112K, committed 14208K, reserved 1048576K
}

