# JRE version: Java(TM) SE Runtime Environment (13.0.2+8) (build 13.0.2+8)
# Java VM: Java HotSpot(TM) 64-Bit Server VM (13.0.2+8, mixed mode, sharing, tiered, compressed oops, g1 gc, windows-amd64)
Heap:
 garbage-first heap   total 242688K, used 144384K [0x00000000c0000000, 0x0000000100000000)
  region size 1024K, 5 young (5120K), 4 survivors (4096K)
 Metaspace       used 68313K, capacity 70202K, committed 70320K, reserved 1110016K
  class space    used 9247K, capacity 9875K, committed 9984K, reserved 1048576K
GC Heap History (20 events):
Event: 45.101 GC heap before
{Heap before GC invocations=40 (full 0):
 garbage-first heap   total 144384K, used 112787K [0x00000000c0000000, 0x0000000100000000)
  region size 1024K, 40 young (40960K), 5 survivors (5120K)
 Metaspace       used 63864K, capacity 65686K, committed 65968K, reserved 1105920K
  class space    used 8543K, capacity 9188K, committed 9216K, reserved 1048576K
}
Event: 45.126 GC heap after
{Heap after GC invocations=41 (full 0):
 garbage-first heap   total 144384K, used 79872K [0x00000000c0000000, 0x0000000100000000)
  region size 1024K, 4 young (4096K), 4 survivors (4096K)
 Metaspace       used 63864K, capacity 65686K, committed 65968K, reserved 1105920K
  class space    used 8543K, capacity 9188K, committed 9216K, reserved 1048576K
}
Event: 46.548 GC heap before
{Heap before GC invocations=41 (full 0):
 garbage-first heap   total 144384K, used 116736K [0x00000000c0000000, 0x0000000100000000)
  region size 1024K, 40 young (40960K), 4 survivors (4096K)
 Metaspace       used 64474K, capacity 66326K, committed 66608K, reserved 1105920K
  class space    used 8632K, capacity 9266K, committed 9344K, reserved 1048576K
}
Event: 46.573 GC heap after
{Heap after GC invocations=42 (full 0):
 garbage-first heap   total 144384K, used 81849K [0x00000000c0000000, 0x0000000100000000)
  region size 1024K, 4 young (4096K), 4 survivors (4096K)
 Metaspace       used 64474K, capacity 66326K, committed 66608K, reserved 1105920K
  class space    used 8632K, capacity 9266K, committed 9344K, reserved 1048576K
}
Event: 47.081 GC heap before
{Heap before GC invocations=43 (full 0):
 garbage-first heap   total 144384K, used 89017K [0x00000000c0000000, 0x0000000100000000)
  region size 1024K, 12 young (12288K), 4 survivors (4096K)
 Metaspace       used 64958K, capacity 66862K, committed 67120K, reserved 1107968K
  class space    used 8713K, capacity 9338K, committed 9344K, reserved 1048576K
}
Event: 47.104 GC heap after
{Heap after GC invocations=44 (full 0):
 garbage-first heap   total 144384K, used 82203K [0x00000000c0000000, 0x0000000100000000)
  region size 1024K, 3 young (3072K), 3 survivors (3072K)
 Metaspace       used 64958K, capacity 66862K, committed 67120K, reserved 1107968K
  class space    used 8713K, capacity 9338K, committed 9344K, reserved 1048576K
}
Event: 48.056 GC heap before
{Heap before GC invocations=45 (full 0):
 garbage-first heap   total 157696K, used 102683K [0x00000000c0000000, 0x0000000100000000)
  region size 1024K, 15 young (15360K), 3 survivors (3072K)
 Metaspace       used 66417K, capacity 68330K, committed 68400K, reserved 1107968K
  class space    used 8912K, capacity 9553K, committed 9600K, reserved 1048576K
}
Event: 48.079 GC heap after
{Heap after GC invocations=46 (full 0):
 garbage-first heap   total 157696K, used 92842K [0x00000000c0000000, 0x0000000100000000)
  region size 1024K, 4 young (4096K), 4 survivors (4096K)
 Metaspace       used 66417K, capacity 68330K, committed 68400K, reserved 1107968K
  class space    used 8912K, capacity 9553K, committed 9600K, reserved 1048576K
}
Event: 48.714 GC heap before
{Heap before GC invocations=47 (full 0):
 garbage-first heap   total 193536K, used 126634K [0x00000000c0000000, 0x0000000100000000)
  region size 1024K, 21 young (21504K), 4 survivors (4096K)
 Metaspace       used 66692K, capacity 68626K, committed 68656K, reserved 1107968K
  class space    used 8947K, capacity 9587K, committed 9600K, reserved 1048576K
}
Event: 48.777 GC heap after
{Heap after GC invocations=48 (full 0):
 garbage-first heap   total 193536K, used 109143K [0x00000000c0000000, 0x0000000100000000)
  region size 1024K, 5 young (5120K), 5 survivors (5120K)
 Metaspace       used 66692K, capacity 68626K, committed 68656K, reserved 1107968K
  class space    used 8947K, capacity 9587K, committed 9600K, reserved 1048576K
}
Event: 49.253 GC heap before
{Heap before GC invocations=49 (full 0):
 garbage-first heap   total 193536K, used 112215K [0x00000000c0000000, 0x0000000100000000)
  region size 1024K, 9 young (9216K), 5 survivors (5120K)
 Metaspace       used 66692K, capacity 68626K, committed 68656K, reserved 1107968K
  class space    used 8947K, capacity 9587K, committed 9600K, reserved 1048576K
}
Event: 49.286 GC heap after
{Heap after GC invocations=50 (full 0):
 garbage-first heap   total 193536K, used 112898K [0x00000000c0000000, 0x0000000100000000)
  region size 1024K, 3 young (3072K), 3 survivors (3072K)
 Metaspace       used 66692K, capacity 68626K, committed 68656K, reserved 1107968K
  class space    used 8947K, capacity 9587K, committed 9600K, reserved 1048576K
}
Event: 49.737 GC heap before
{Heap before GC invocations=51 (full 0):
 garbage-first heap   total 193536K, used 113922K [0x00000000c0000000, 0x0000000100000000)
  region size 1024K, 4 young (4096K), 3 survivors (3072K)
 Metaspace       used 66692K, capacity 68626K, committed 68656K, reserved 1107968K
  class space    used 8947K, capacity 9587K, committed 9600K, reserved 1048576K
}
Event: 49.753 GC heap after
{Heap after GC invocations=52 (full 0):
 garbage-first heap   total 193536K, used 113480K [0x00000000c0000000, 0x0000000100000000)
  region size 1024K, 1 young (1024K), 1 survivors (1024K)
 Metaspace       used 66692K, capacity 68626K, committed 68656K, reserved 1107968K
  class space    used 8947K, capacity 9587K, committed 9600K, reserved 1048576K
}
Event: 50.579 GC heap before
{Heap before GC invocations=53 (full 0):
 garbage-first heap   total 194560K, used 132936K [0x00000000c0000000, 0x0000000100000000)
  region size 1024K, 21 young (21504K), 1 survivors (1024K)
 Metaspace       used 66729K, capacity 68627K, committed 68656K, reserved 1107968K
  class space    used 8948K, capacity 9587K, committed 9600K, reserved 1048576K
}
Event: 50.662 GC heap after
{Heap after GC invocations=54 (full 0):
 garbage-first heap   total 194560K, used 122388K [0x00000000c0000000, 0x0000000100000000)
  region size 1024K, 4 young (4096K), 4 survivors (4096K)
 Metaspace       used 66729K, capacity 68627K, committed 68656K, reserved 1107968K
  class space    used 8948K, capacity 9587K, committed 9600K, reserved 1048576K
}
Event: 52.517 GC heap before
{Heap before GC invocations=55 (full 0):
 garbage-first heap   total 204800K, used 140820K [0x00000000c0000000, 0x0000000100000000)
  region size 1024K, 22 young (22528K), 4 survivors (4096K)
 Metaspace       used 68281K, capacity 70199K, committed 70320K, reserved 1110016K
  class space    used 9246K, capacity 9874K, committed 9984K, reserved 1048576K
}
Event: 52.611 GC heap after
{Heap after GC invocations=56 (full 0):
 garbage-first heap   total 204800K, used 130456K [0x00000000c0000000, 0x0000000100000000)
  region size 1024K, 3 young (3072K), 3 survivors (3072K)
 Metaspace       used 68281K, capacity 70199K, committed 70320K, reserved 1110016K
  class space    used 9246K, capacity 9874K, committed 9984K, reserved 1048576K
}
Event: 53.121 GC heap before
{Heap before GC invocations=56 (full 0):
 garbage-first heap   total 204800K, used 152984K [0x00000000c0000000, 0x0000000100000000)
  region size 1024K, 26 young (26624K), 3 survivors (3072K)
 Metaspace       used 68313K, capacity 70202K, committed 70320K, reserved 1110016K
  class space    used 9247K, capacity 9875K, committed 9984K, reserved 1048576K
}
Event: 53.226 GC heap after
{Heap after GC invocations=57 (full 0):
 garbage-first heap   total 204800K, used 144384K [0x00000000c0000000, 0x0000000100000000)
  region size 1024K, 4 young (4096K), 4 survivors (4096K)
 Metaspace       used 68313K, capacity 70202K, committed 70320K, reserved 1110016K
  class space    used 9247K, capacity 9875K, committed 9984K, reserved 1048576K
}

