# JRE version: Java(TM) SE Runtime Environment (13.0.2+8) (build 13.0.2+8)
# Java VM: Java HotSpot(TM) 64-Bit Server VM (13.0.2+8, mixed mode, sharing, tiered, compressed oops, g1 gc, windows-amd64)
Heap:
 garbage-first heap   total 282624K, used 148458K [0x00000000c0000000, 0x0000000100000000)
  region size 1024K, 4 young (4096K), 4 survivors (4096K)
 Metaspace       used 68267K, capacity 70194K, committed 70320K, reserved 1110016K
  class space    used 9241K, capacity 9869K, committed 9984K, reserved 1048576K
GC Heap History (20 events):
Event: 46.213 GC heap after
{Heap after GC invocations=59 (full 0):
 garbage-first heap   total 140288K, used 82509K [0x00000000c0000000, 0x0000000100000000)
  region size 1024K, 3 young (3072K), 3 survivors (3072K)
 Metaspace       used 64931K, capacity 66868K, committed 67120K, reserved 1107968K
  class space    used 8708K, capacity 9337K, committed 9344K, reserved 1048576K
}
Event: 46.599 GC heap before
{Heap before GC invocations=59 (full 0):
 garbage-first heap   total 140288K, used 87629K [0x00000000c0000000, 0x0000000100000000)
  region size 1024K, 9 young (9216K), 3 survivors (3072K)
 Metaspace       used 64959K, capacity 66871K, committed 67120K, reserved 1107968K
  class space    used 8713K, capacity 9338K, committed 9344K, reserved 1048576K
}
Event: 46.615 GC heap after
{Heap after GC invocations=60 (full 0):
 garbage-first heap   total 140288K, used 82932K [0x00000000c0000000, 0x0000000100000000)
  region size 1024K, 2 young (2048K), 2 survivors (2048K)
 Metaspace       used 64959K, capacity 66871K, committed 67120K, reserved 1107968K
  class space    used 8713K, capacity 9338K, committed 9344K, reserved 1048576K
}
Event: 47.104 GC heap before
{Heap before GC invocations=61 (full 0):
 garbage-first heap   total 155648K, used 92148K [0x00000000c0000000, 0x0000000100000000)
  region size 1024K, 4 young (4096K), 2 survivors (2048K)
 Metaspace       used 64988K, capacity 66874K, committed 67120K, reserved 1107968K
  class space    used 8717K, capacity 9339K, committed 9344K, reserved 1048576K
}
Event: 47.126 GC heap after
{Heap after GC invocations=62 (full 0):
 garbage-first heap   total 155648K, used 93013K [0x00000000c0000000, 0x0000000100000000)
  region size 1024K, 3 young (3072K), 3 survivors (3072K)
 Metaspace       used 64988K, capacity 66874K, committed 67120K, reserved 1107968K
  class space    used 8717K, capacity 9339K, committed 9344K, reserved 1048576K
}
Event: 47.835 GC heap before
{Heap before GC invocations=63 (full 0):
 garbage-first heap   total 155648K, used 101205K [0x00000000c0000000, 0x0000000100000000)
  region size 1024K, 11 young (11264K), 3 survivors (3072K)
 Metaspace       used 66412K, capacity 68339K, committed 68400K, reserved 1107968K
  class space    used 8910K, capacity 9553K, committed 9600K, reserved 1048576K
}
Event: 47.854 GC heap after
{Heap after GC invocations=64 (full 0):
 garbage-first heap   total 155648K, used 93524K [0x00000000c0000000, 0x0000000100000000)
  region size 1024K, 2 young (2048K), 2 survivors (2048K)
 Metaspace       used 66412K, capacity 68339K, committed 68400K, reserved 1107968K
  class space    used 8910K, capacity 9553K, committed 9600K, reserved 1048576K
}
Event: 48.496 GC heap before
{Heap before GC invocations=65 (full 0):
 garbage-first heap   total 193536K, used 127316K [0x00000000c0000000, 0x0000000100000000)
  region size 1024K, 19 young (19456K), 2 survivors (2048K)
 Metaspace       used 66686K, capacity 68634K, committed 68656K, reserved 1107968K
  class space    used 8945K, capacity 9587K, committed 9600K, reserved 1048576K
}
Event: 48.540 GC heap after
{Heap after GC invocations=66 (full 0):
 garbage-first heap   total 193536K, used 110698K [0x00000000c0000000, 0x0000000100000000)
  region size 1024K, 3 young (3072K), 3 survivors (3072K)
 Metaspace       used 66686K, capacity 68634K, committed 68656K, reserved 1107968K
  class space    used 8945K, capacity 9587K, committed 9600K, reserved 1048576K
}
Event: 49.034 GC heap before
{Heap before GC invocations=67 (full 0):
 garbage-first heap   total 193536K, used 114794K [0x00000000c0000000, 0x0000000100000000)
  region size 1024K, 7 young (7168K), 3 survivors (3072K)
 Metaspace       used 66686K, capacity 68634K, committed 68656K, reserved 1107968K
  class space    used 8945K, capacity 9587K, committed 9600K, reserved 1048576K
}
Event: 49.058 GC heap after
{Heap after GC invocations=68 (full 0):
 garbage-first heap   total 193536K, used 113147K [0x00000000c0000000, 0x0000000100000000)
  region size 1024K, 3 young (3072K), 3 survivors (3072K)
 Metaspace       used 66686K, capacity 68634K, committed 68656K, reserved 1107968K
  class space    used 8945K, capacity 9587K, committed 9600K, reserved 1048576K
}
Event: 49.491 GC heap before
{Heap before GC invocations=69 (full 0):
 garbage-first heap   total 193536K, used 114171K [0x00000000c0000000, 0x0000000100000000)
  region size 1024K, 4 young (4096K), 3 survivors (3072K)
 Metaspace       used 66686K, capacity 68634K, committed 68656K, reserved 1107968K
  class space    used 8945K, capacity 9587K, committed 9600K, reserved 1048576K
}
Event: 49.512 GC heap after
{Heap after GC invocations=70 (full 0):
 garbage-first heap   total 193536K, used 114121K [0x00000000c0000000, 0x0000000100000000)
  region size 1024K, 1 young (1024K), 1 survivors (1024K)
 Metaspace       used 66686K, capacity 68634K, committed 68656K, reserved 1107968K
  class space    used 8945K, capacity 9587K, committed 9600K, reserved 1048576K
}
Event: 50.199 GC heap before
{Heap before GC invocations=71 (full 0):
 garbage-first heap   total 199680K, used 131529K [0x00000000c0000000, 0x0000000100000000)
  region size 1024K, 18 young (18432K), 1 survivors (1024K)
 Metaspace       used 66721K, capacity 68636K, committed 68656K, reserved 1107968K
  class space    used 8946K, capacity 9587K, committed 9600K, reserved 1048576K
}
Event: 50.250 GC heap after
{Heap after GC invocations=72 (full 0):
 garbage-first heap   total 199680K, used 122230K [0x00000000c0000000, 0x0000000100000000)
  region size 1024K, 3 young (3072K), 3 survivors (3072K)
 Metaspace       used 66721K, capacity 68636K, committed 68656K, reserved 1107968K
  class space    used 8946K, capacity 9587K, committed 9600K, reserved 1048576K
}
Event: 50.275 GC heap before
{Heap before GC invocations=72 (full 0):
 garbage-first heap   total 199680K, used 125302K [0x00000000c0000000, 0x0000000100000000)
  region size 1024K, 7 young (7168K), 3 survivors (3072K)
 Metaspace       used 66722K, capacity 68636K, committed 68656K, reserved 1107968K
  class space    used 8946K, capacity 9587K, committed 9600K, reserved 1048576K
}
Event: 50.314 GC heap after
{Heap after GC invocations=73 (full 0):
 garbage-first heap   total 199680K, used 124054K [0x00000000c0000000, 0x0000000100000000)
  region size 1024K, 2 young (2048K), 2 survivors (2048K)
 Metaspace       used 66722K, capacity 68636K, committed 68656K, reserved 1107968K
  class space    used 8946K, capacity 9587K, committed 9600K, reserved 1048576K
}
Event: 51.175 GC heap before
{Heap before GC invocations=74 (full 0):
 garbage-first heap   total 225280K, used 142486K [0x00000000c0000000, 0x0000000100000000)
  region size 1024K, 20 young (20480K), 2 survivors (2048K)
 Metaspace       used 68220K, capacity 70130K, committed 70320K, reserved 1110016K
  class space    used 9241K, capacity 9869K, committed 9984K, reserved 1048576K
}
Event: 51.243 GC heap after
{Heap after GC invocations=75 (full 0):
 garbage-first heap   total 225280K, used 132895K [0x00000000c0000000, 0x0000000100000000)
  region size 1024K, 3 young (3072K), 3 survivors (3072K)
 Metaspace       used 68220K, capacity 70130K, committed 70320K, reserved 1110016K
  class space    used 9241K, capacity 9869K, committed 9984K, reserved 1048576K
}
Event: 51.795 GC heap before
{Heap before GC invocations=75 (full 0):
 garbage-first heap   total 225280K, used 158495K [0x00000000c0000000, 0x0000000100000000)
  region size 1024K, 29 young (29696K), 3 survivors (3072K)
 Metaspace       used 68267K, capacity 70194K, committed 70320K, reserved 1110016K
  class space    used 9241K, capacity 9869K, committed 9984K, reserved 1048576K
}

