# JRE version: Java(TM) SE Runtime Environment (13.0.2+8) (build 13.0.2+8)
# Java VM: Java HotSpot(TM) 64-Bit Server VM (13.0.2+8, mixed mode, sharing, tiered, compressed oops, g1 gc, windows-amd64)
Heap:
 garbage-first heap   total 403456K, used 240448K [0x00000000c0000000, 0x0000000100000000)
  region size 1024K, 13 young (13312K), 6 survivors (6144K)
 Metaspace       used 118400K, capacity 121347K, committed 121472K, reserved 1155072K
  class space    used 14686K, capacity 15718K, committed 15744K, reserved 1048576K
GC Heap History (20 events):
Event: 1741.019 GC heap before
{Heap before GC invocations=109 (full 0):
 garbage-first heap   total 224256K, used 190131K [0x00000000c0000000, 0x0000000100000000)
  region size 1024K, 73 young (74752K), 6 survivors (6144K)
 Metaspace       used 117495K, capacity 120373K, committed 120576K, reserved 1155072K
  class space    used 14621K, capacity 15600K, committed 15616K, reserved 1048576K
}
Event: 1741.053 GC heap after
{Heap after GC invocations=110 (full 0):
 garbage-first heap   total 224256K, used 123647K [0x00000000c0000000, 0x0000000100000000)
  region size 1024K, 7 young (7168K), 7 survivors (7168K)
 Metaspace       used 117495K, capacity 120373K, committed 120576K, reserved 1155072K
  class space    used 14621K, capacity 15600K, committed 15616K, reserved 1048576K
}
Event: 1743.843 GC heap before
{Heap before GC invocations=110 (full 0):
 garbage-first heap   total 224256K, used 190207K [0x00000000c0000000, 0x0000000100000000)
  region size 1024K, 66 young (67584K), 7 survivors (7168K)
 Metaspace       used 117784K, capacity 120648K, committed 120960K, reserved 1155072K
  class space    used 14652K, capacity 15669K, committed 15744K, reserved 1048576K
}
Event: 1743.871 GC heap after
{Heap after GC invocations=111 (full 0):
 garbage-first heap   total 224256K, used 131918K [0x00000000c0000000, 0x0000000100000000)
  region size 1024K, 7 young (7168K), 7 survivors (7168K)
 Metaspace       used 117784K, capacity 120648K, committed 120960K, reserved 1155072K
  class space    used 14652K, capacity 15669K, committed 15744K, reserved 1048576K
}
Event: 1745.403 GC heap before
{Heap before GC invocations=112 (full 0):
 garbage-first heap   total 250880K, used 196430K [0x00000000c0000000, 0x0000000100000000)
  region size 1024K, 62 young (63488K), 7 survivors (7168K)
 Metaspace       used 118203K, capacity 121184K, committed 121216K, reserved 1155072K
  class space    used 14685K, capacity 15718K, committed 15744K, reserved 1048576K
}
Event: 1745.561 GC heap after
{Heap after GC invocations=113 (full 0):
 garbage-first heap   total 250880K, used 156479K [0x00000000c0000000, 0x0000000100000000)
  region size 1024K, 8 young (8192K), 8 survivors (8192K)
 Metaspace       used 118203K, capacity 121184K, committed 121216K, reserved 1155072K
  class space    used 14685K, capacity 15718K, committed 15744K, reserved 1048576K
}
Event: 1745.811 GC heap before
{Heap before GC invocations=113 (full 0):
 garbage-first heap   total 250880K, used 160575K [0x00000000c0000000, 0x0000000100000000)
  region size 1024K, 12 young (12288K), 8 survivors (8192K)
 Metaspace       used 118242K, capacity 121188K, committed 121216K, reserved 1155072K
  class space    used 14685K, capacity 15718K, committed 15744K, reserved 1048576K
}
Event: 1745.981 GC heap after
{Heap after GC invocations=114 (full 0):
 garbage-first heap   total 250880K, used 148350K [0x00000000c0000000, 0x0000000100000000)
  region size 1024K, 2 young (2048K), 2 survivors (2048K)
 Metaspace       used 118242K, capacity 121188K, committed 121216K, reserved 1155072K
  class space    used 14685K, capacity 15718K, committed 15744K, reserved 1048576K
}
Event: 1746.994 GC heap before
{Heap before GC invocations=114 (full 0):
 garbage-first heap   total 250880K, used 196478K [0x00000000c0000000, 0x0000000100000000)
  region size 1024K, 50 young (51200K), 2 survivors (2048K)
 Metaspace       used 118257K, capacity 121188K, committed 121216K, reserved 1155072K
  class space    used 14685K, capacity 15718K, committed 15744K, reserved 1048576K
}
Event: 1747.120 GC heap after
{Heap after GC invocations=115 (full 0):
 garbage-first heap   total 250880K, used 176128K [0x00000000c0000000, 0x0000000100000000)
  region size 1024K, 7 young (7168K), 7 survivors (7168K)
 Metaspace       used 118257K, capacity 121188K, committed 121216K, reserved 1155072K
  class space    used 14685K, capacity 15718K, committed 15744K, reserved 1048576K
}
Event: 1747.639 GC heap before
{Heap before GC invocations=115 (full 0):
 garbage-first heap   total 250880K, used 200704K [0x00000000c0000000, 0x0000000100000000)
  region size 1024K, 32 young (32768K), 7 survivors (7168K)
 Metaspace       used 118292K, capacity 121188K, committed 121216K, reserved 1155072K
  class space    used 14686K, capacity 15718K, committed 15744K, reserved 1048576K
}
Event: 1747.743 GC heap after
{Heap after GC invocations=116 (full 0):
 garbage-first heap   total 250880K, used 190976K [0x00000000c0000000, 0x0000000100000000)
  region size 1024K, 4 young (4096K), 4 survivors (4096K)
 Metaspace       used 118292K, capacity 121188K, committed 121216K, reserved 1155072K
  class space    used 14686K, capacity 15718K, committed 15744K, reserved 1048576K
}
Event: 1748.037 GC heap before
{Heap before GC invocations=116 (full 0):
 garbage-first heap   total 250880K, used 205312K [0x00000000c0000000, 0x0000000100000000)
  region size 1024K, 19 young (19456K), 4 survivors (4096K)
 Metaspace       used 118295K, capacity 121188K, committed 121216K, reserved 1155072K
  class space    used 14686K, capacity 15718K, committed 15744K, reserved 1048576K
}
Event: 1748.104 GC heap after
{Heap after GC invocations=117 (full 0):
 garbage-first heap   total 346112K, used 195584K [0x00000000c0000000, 0x0000000100000000)
  region size 1024K, 3 young (3072K), 3 survivors (3072K)
 Metaspace       used 118295K, capacity 121188K, committed 121216K, reserved 1155072K
  class space    used 14686K, capacity 15718K, committed 15744K, reserved 1048576K
}
Event: 1750.951 GC heap before
{Heap before GC invocations=118 (full 0):
 garbage-first heap   total 346112K, used 231424K [0x00000000c0000000, 0x0000000100000000)
  region size 1024K, 39 young (39936K), 3 survivors (3072K)
 Metaspace       used 118315K, capacity 121252K, committed 121472K, reserved 1155072K
  class space    used 14686K, capacity 15718K, committed 15744K, reserved 1048576K
}
Event: 1751.037 GC heap after
{Heap after GC invocations=119 (full 0):
 garbage-first heap   total 346112K, used 200537K [0x00000000c0000000, 0x0000000100000000)
  region size 1024K, 5 young (5120K), 5 survivors (5120K)
 Metaspace       used 118315K, capacity 121252K, committed 121472K, reserved 1155072K
  class space    used 14686K, capacity 15718K, committed 15744K, reserved 1048576K
}
Event: 1753.297 GC heap before
{Heap before GC invocations=119 (full 0):
 garbage-first heap   total 346112K, used 258905K [0x00000000c0000000, 0x0000000100000000)
  region size 1024K, 48 young (49152K), 5 survivors (5120K)
 Metaspace       used 118338K, capacity 121255K, committed 121472K, reserved 1155072K
  class space    used 14686K, capacity 15718K, committed 15744K, reserved 1048576K
}
Event: 1753.412 GC heap after
{Heap after GC invocations=120 (full 0):
 garbage-first heap   total 346112K, used 222035K [0x00000000c0000000, 0x0000000100000000)
  region size 1024K, 6 young (6144K), 6 survivors (6144K)
 Metaspace       used 118338K, capacity 121255K, committed 121472K, reserved 1155072K
  class space    used 14686K, capacity 15718K, committed 15744K, reserved 1048576K
}
Event: 1753.992 GC heap before
{Heap before GC invocations=120 (full 0):
 garbage-first heap   total 346112K, used 265043K [0x00000000c0000000, 0x0000000100000000)
  region size 1024K, 46 young (47104K), 6 survivors (6144K)
 Metaspace       used 118400K, capacity 121347K, committed 121472K, reserved 1155072K
  class space    used 14686K, capacity 15718K, committed 15744K, reserved 1048576K
}
Event: 1754.025 GC heap after
{Heap after GC invocations=121 (full 0):
 garbage-first heap   total 346112K, used 231232K [0x00000000c0000000, 0x0000000100000000)
  region size 1024K, 6 young (6144K), 6 survivors (6144K)
 Metaspace       used 118400K, capacity 121347K, committed 121472K, reserved 1155072K
  class space    used 14686K, capacity 15718K, committed 15744K, reserved 1048576K
}

