# JRE version: Java(TM) SE Runtime Environment (13.0.2+8) (build 13.0.2+8)
# Java VM: Java HotSpot(TM) 64-Bit Server VM (13.0.2+8, mixed mode, sharing, tiered, compressed oops, g1 gc, windows-amd64)
Heap:
 garbage-first heap   total 435200K, used 172544K [0x0000000080000000, 0x0000000100000000)
  region size 1024K, 4 young (4096K), 4 survivors (4096K)
 Metaspace       used 69277K, capacity 71215K, committed 71472K, reserved 1110016K
  class space    used 9390K, capacity 10041K, committed 10112K, reserved 1048576K
GC Heap History (20 events):
Event: 41.666 GC heap after
{Heap after GC invocations=49 (full 0):
 garbage-first heap   total 167936K, used 79076K [0x0000000080000000, 0x0000000100000000)
  region size 1024K, 6 young (6144K), 6 survivors (6144K)
 Metaspace       used 63298K, capacity 65105K, committed 65456K, reserved 1105920K
  class space    used 8483K, capacity 9119K, committed 9216K, reserved 1048576K
}
Event: 44.899 GC heap before
{Heap before GC invocations=49 (full 0):
 garbage-first heap   total 167936K, used 126180K [0x0000000080000000, 0x0000000100000000)
  region size 1024K, 53 young (54272K), 6 survivors (6144K)
 Metaspace       used 63837K, capacity 65756K, committed 65968K, reserved 1105920K
  class space    used 8554K, capacity 9212K, committed 9216K, reserved 1048576K
}
Event: 44.928 GC heap after
{Heap after GC invocations=50 (full 0):
 garbage-first heap   total 167936K, used 81301K [0x0000000080000000, 0x0000000100000000)
  region size 1024K, 5 young (5120K), 5 survivors (5120K)
 Metaspace       used 63837K, capacity 65756K, committed 65968K, reserved 1105920K
  class space    used 8554K, capacity 9212K, committed 9216K, reserved 1048576K
}
Event: 46.944 GC heap before
{Heap before GC invocations=50 (full 0):
 garbage-first heap   total 167936K, used 123285K [0x0000000080000000, 0x0000000100000000)
  region size 1024K, 48 young (49152K), 5 survivors (5120K)
 Metaspace       used 64918K, capacity 66865K, committed 66992K, reserved 1107968K
  class space    used 8726K, capacity 9361K, committed 9472K, reserved 1048576K
}
Event: 46.975 GC heap after
{Heap after GC invocations=51 (full 0):
 garbage-first heap   total 201728K, used 83647K [0x0000000080000000, 0x0000000100000000)
  region size 1024K, 5 young (5120K), 5 survivors (5120K)
 Metaspace       used 64918K, capacity 66865K, committed 66992K, reserved 1107968K
  class space    used 8726K, capacity 9361K, committed 9472K, reserved 1048576K
}
Event: 47.479 GC heap before
{Heap before GC invocations=52 (full 0):
 garbage-first heap   total 201728K, used 97983K [0x0000000080000000, 0x0000000100000000)
  region size 1024K, 13 young (13312K), 5 survivors (5120K)
 Metaspace       used 66311K, capacity 68267K, committed 68400K, reserved 1107968K
  class space    used 8912K, capacity 9553K, committed 9600K, reserved 1048576K
}
Event: 47.511 GC heap after
{Heap after GC invocations=53 (full 0):
 garbage-first heap   total 201728K, used 93261K [0x0000000080000000, 0x0000000100000000)
  region size 1024K, 6 young (6144K), 6 survivors (6144K)
 Metaspace       used 66311K, capacity 68267K, committed 68400K, reserved 1107968K
  class space    used 8912K, capacity 9553K, committed 9600K, reserved 1048576K
}
Event: 48.119 GC heap before
{Heap before GC invocations=54 (full 0):
 garbage-first heap   total 201728K, used 123981K [0x0000000080000000, 0x0000000100000000)
  region size 1024K, 22 young (22528K), 6 survivors (6144K)
 Metaspace       used 66584K, capacity 68498K, committed 68656K, reserved 1107968K
  class space    used 8947K, capacity 9587K, committed 9600K, reserved 1048576K
}
Event: 48.183 GC heap after
{Heap after GC invocations=55 (full 0):
 garbage-first heap   total 201728K, used 108268K [0x0000000080000000, 0x0000000100000000)
  region size 1024K, 8 young (8192K), 8 survivors (8192K)
 Metaspace       used 66584K, capacity 68498K, committed 68656K, reserved 1107968K
  class space    used 8947K, capacity 9587K, committed 9600K, reserved 1048576K
}
Event: 48.650 GC heap before
{Heap before GC invocations=56 (full 0):
 garbage-first heap   total 201728K, used 111340K [0x0000000080000000, 0x0000000100000000)
  region size 1024K, 11 young (11264K), 8 survivors (8192K)
 Metaspace       used 66584K, capacity 68498K, committed 68656K, reserved 1107968K
  class space    used 8947K, capacity 9587K, committed 9600K, reserved 1048576K
}
Event: 48.693 GC heap after
{Heap after GC invocations=57 (full 0):
 garbage-first heap   total 201728K, used 111616K [0x0000000080000000, 0x0000000100000000)
  region size 1024K, 2 young (2048K), 2 survivors (2048K)
 Metaspace       used 66584K, capacity 68498K, committed 68656K, reserved 1107968K
  class space    used 8947K, capacity 9587K, committed 9600K, reserved 1048576K
}
Event: 49.410 GC heap before
{Heap before GC invocations=58 (full 0):
 garbage-first heap   total 201728K, used 132096K [0x0000000080000000, 0x0000000100000000)
  region size 1024K, 22 young (22528K), 2 survivors (2048K)
 Metaspace       used 66629K, capacity 68563K, committed 68656K, reserved 1107968K
  class space    used 8948K, capacity 9587K, committed 9600K, reserved 1048576K
}
Event: 49.478 GC heap after
{Heap after GC invocations=59 (full 0):
 garbage-first heap   total 242688K, used 120832K [0x0000000080000000, 0x0000000100000000)
  region size 1024K, 4 young (4096K), 4 survivors (4096K)
 Metaspace       used 66629K, capacity 68563K, committed 68656K, reserved 1107968K
  class space    used 8948K, capacity 9587K, committed 9600K, reserved 1048576K
}
Event: 51.135 GC heap before
{Heap before GC invocations=60 (full 0):
 garbage-first heap   total 242688K, used 141312K [0x0000000080000000, 0x0000000100000000)
  region size 1024K, 23 young (23552K), 4 survivors (4096K)
 Metaspace       used 68192K, capacity 70122K, committed 70320K, reserved 1110016K
  class space    used 9244K, capacity 9869K, committed 9984K, reserved 1048576K
}
Event: 51.246 GC heap after
{Heap after GC invocations=61 (full 0):
 garbage-first heap   total 242688K, used 129931K [0x0000000080000000, 0x0000000100000000)
  region size 1024K, 3 young (3072K), 3 survivors (3072K)
 Metaspace       used 68192K, capacity 70122K, committed 70320K, reserved 1110016K
  class space    used 9244K, capacity 9869K, committed 9984K, reserved 1048576K
}
Event: 51.953 GC heap before
{Heap before GC invocations=61 (full 0):
 garbage-first heap   total 242688K, used 165771K [0x0000000080000000, 0x0000000100000000)
  region size 1024K, 39 young (39936K), 3 survivors (3072K)
 Metaspace       used 68216K, capacity 70122K, committed 70320K, reserved 1110016K
  class space    used 9245K, capacity 9869K, committed 9984K, reserved 1048576K
}
Event: 52.132 GC heap after
{Heap after GC invocations=62 (full 0):
 garbage-first heap   total 242688K, used 151552K [0x0000000080000000, 0x0000000100000000)
  region size 1024K, 5 young (5120K), 5 survivors (5120K)
 Metaspace       used 68216K, capacity 70122K, committed 70320K, reserved 1110016K
  class space    used 9245K, capacity 9869K, committed 9984K, reserved 1048576K
}
Event: 53.117 GC heap before
{Heap before GC invocations=63 (full 0):
 garbage-first heap   total 254976K, used 160768K [0x0000000080000000, 0x0000000100000000)
  region size 1024K, 15 young (15360K), 5 survivors (5120K)
 Metaspace       used 68241K, capacity 70186K, committed 70320K, reserved 1110016K
  class space    used 9245K, capacity 9869K, committed 9984K, reserved 1048576K
}
Event: 53.183 GC heap after
{Heap after GC invocations=64 (full 0):
 garbage-first heap   total 254976K, used 157696K [0x0000000080000000, 0x0000000100000000)
  region size 1024K, 4 young (4096K), 4 survivors (4096K)
 Metaspace       used 68241K, capacity 70186K, committed 70320K, reserved 1110016K
  class space    used 9245K, capacity 9869K, committed 9984K, reserved 1048576K
}
Event: 54.832 GC heap before
{Heap before GC invocations=65 (full 0):
 garbage-first heap   total 266240K, used 186368K [0x0000000080000000, 0x0000000100000000)
  region size 1024K, 30 young (30720K), 4 survivors (4096K)
 Metaspace       used 69277K, capacity 71215K, committed 71472K, reserved 1110016K
  class space    used 9390K, capacity 10041K, committed 10112K, reserved 1048576K
}

