# JRE version: Java(TM) SE Runtime Environment (13.0.2+8) (build 13.0.2+8)
# Java VM: Java HotSpot(TM) 64-Bit Server VM (13.0.2+8, mixed mode, sharing, tiered, compressed oops, g1 gc, windows-amd64)
Heap:
 garbage-first heap   total 250880K, used 149504K [0x00000000c0000000, 0x0000000100000000)
  region size 1024K, 6 young (6144K), 5 survivors (5120K)
 Metaspace       used 81917K, capacity 84188K, committed 84400K, reserved 1122304K
  class space    used 10970K, capacity 11751K, committed 11776K, reserved 1048576K
GC Heap History (20 events):
Event: 43.601 GC heap before
{Heap before GC invocations=44 (full 0):
 garbage-first heap   total 138240K, used 110850K [0x00000000c0000000, 0x0000000100000000)
  region size 1024K, 36 young (36864K), 4 survivors (4096K)
 Metaspace       used 69854K, capacity 71741K, committed 71856K, reserved 1112064K
  class space    used 9336K, capacity 9973K, committed 9984K, reserved 1048576K
}
Event: 43.652 GC heap after
{Heap after GC invocations=45 (full 0):
 garbage-first heap   total 138240K, used 84683K [0x00000000c0000000, 0x0000000100000000)
  region size 1024K, 5 young (5120K), 5 survivors (5120K)
 Metaspace       used 69854K, capacity 71741K, committed 71856K, reserved 1112064K
  class space    used 9336K, capacity 9973K, committed 9984K, reserved 1048576K
}
Event: 46.303 GC heap before
{Heap before GC invocations=46 (full 0):
 garbage-first heap   total 143360K, used 115403K [0x00000000c0000000, 0x0000000100000000)
  region size 1024K, 33 young (33792K), 5 survivors (5120K)
 Metaspace       used 72532K, capacity 74419K, committed 74544K, reserved 1114112K
  class space    used 9635K, capacity 10267K, committed 10368K, reserved 1048576K
}
Event: 46.352 GC heap after
{Heap after GC invocations=47 (full 0):
 garbage-first heap   total 143360K, used 94550K [0x00000000c0000000, 0x0000000100000000)
  region size 1024K, 5 young (5120K), 5 survivors (5120K)
 Metaspace       used 72532K, capacity 74419K, committed 74544K, reserved 1114112K
  class space    used 9635K, capacity 10267K, committed 10368K, reserved 1048576K
}
Event: 48.319 GC heap before
{Heap before GC invocations=47 (full 0):
 garbage-first heap   total 143360K, used 118102K [0x00000000c0000000, 0x0000000100000000)
  region size 1024K, 28 young (28672K), 5 survivors (5120K)
 Metaspace       used 73042K, capacity 75009K, committed 75056K, reserved 1114112K
  class space    used 9672K, capacity 10331K, committed 10368K, reserved 1048576K
}
Event: 48.346 GC heap after
{Heap after GC invocations=48 (full 0):
 garbage-first heap   total 172032K, used 97266K [0x00000000c0000000, 0x0000000100000000)
  region size 1024K, 3 young (3072K), 3 survivors (3072K)
 Metaspace       used 73042K, capacity 75009K, committed 75056K, reserved 1114112K
  class space    used 9672K, capacity 10331K, committed 10368K, reserved 1048576K
}
Event: 50.248 GC heap before
{Heap before GC invocations=49 (full 0):
 garbage-first heap   total 172032K, used 129010K [0x00000000c0000000, 0x0000000100000000)
  region size 1024K, 35 young (35840K), 3 survivors (3072K)
 Metaspace       used 75902K, capacity 78004K, committed 78128K, reserved 1116160K
  class space    used 10081K, capacity 10809K, committed 10880K, reserved 1048576K
}
Event: 50.271 GC heap after
{Heap after GC invocations=50 (full 0):
 garbage-first heap   total 172032K, used 97756K [0x00000000c0000000, 0x0000000100000000)
  region size 1024K, 3 young (3072K), 3 survivors (3072K)
 Metaspace       used 75902K, capacity 78004K, committed 78128K, reserved 1116160K
  class space    used 10081K, capacity 10809K, committed 10880K, reserved 1048576K
}
Event: 52.962 GC heap before
{Heap before GC invocations=50 (full 0):
 garbage-first heap   total 172032K, used 130524K [0x00000000c0000000, 0x0000000100000000)
  region size 1024K, 36 young (36864K), 3 survivors (3072K)
 Metaspace       used 80414K, capacity 82598K, committed 82736K, reserved 1120256K
  class space    used 10741K, capacity 11529K, committed 11648K, reserved 1048576K
}
Event: 52.985 GC heap after
{Heap after GC invocations=51 (full 0):
 garbage-first heap   total 172032K, used 98998K [0x00000000c0000000, 0x0000000100000000)
  region size 1024K, 3 young (3072K), 3 survivors (3072K)
 Metaspace       used 80414K, capacity 82598K, committed 82736K, reserved 1120256K
  class space    used 10741K, capacity 11529K, committed 11648K, reserved 1048576K
}
Event: 54.444 GC heap before
{Heap before GC invocations=52 (full 0):
 garbage-first heap   total 172032K, used 112310K [0x00000000c0000000, 0x0000000100000000)
  region size 1024K, 18 young (18432K), 3 survivors (3072K)
 Metaspace       used 80702K, capacity 82931K, committed 83248K, reserved 1120256K
  class space    used 10783K, capacity 11570K, committed 11648K, reserved 1048576K
}
Event: 54.493 GC heap after
{Heap after GC invocations=53 (full 0):
 garbage-first heap   total 172032K, used 99701K [0x00000000c0000000, 0x0000000100000000)
  region size 1024K, 4 young (4096K), 4 survivors (4096K)
 Metaspace       used 80702K, capacity 82931K, committed 83248K, reserved 1120256K
  class space    used 10783K, capacity 11570K, committed 11648K, reserved 1048576K
}
Event: 55.186 GC heap before
{Heap before GC invocations=54 (full 0):
 garbage-first heap   total 227328K, used 145781K [0x00000000c0000000, 0x0000000100000000)
  region size 1024K, 23 young (23552K), 4 survivors (4096K)
 Metaspace       used 80912K, capacity 83133K, committed 83248K, reserved 1120256K
  class space    used 10802K, capacity 11573K, committed 11648K, reserved 1048576K
}
Event: 55.247 GC heap after
{Heap after GC invocations=55 (full 0):
 garbage-first heap   total 227328K, used 126247K [0x00000000c0000000, 0x0000000100000000)
  region size 1024K, 5 young (5120K), 5 survivors (5120K)
 Metaspace       used 80912K, capacity 83133K, committed 83248K, reserved 1120256K
  class space    used 10802K, capacity 11573K, committed 11648K, reserved 1048576K
}
Event: 56.079 GC heap before
{Heap before GC invocations=56 (full 0):
 garbage-first heap   total 227328K, used 154919K [0x00000000c0000000, 0x0000000100000000)
  region size 1024K, 32 young (32768K), 5 survivors (5120K)
 Metaspace       used 80961K, capacity 83134K, committed 83248K, reserved 1120256K
  class space    used 10803K, capacity 11573K, committed 11648K, reserved 1048576K
}
Event: 56.174 GC heap after
{Heap after GC invocations=57 (full 0):
 garbage-first heap   total 227328K, used 137722K [0x00000000c0000000, 0x0000000100000000)
  region size 1024K, 4 young (4096K), 4 survivors (4096K)
 Metaspace       used 80961K, capacity 83134K, committed 83248K, reserved 1120256K
  class space    used 10803K, capacity 11573K, committed 11648K, reserved 1048576K
}
Event: 56.711 GC heap before
{Heap before GC invocations=57 (full 0):
 garbage-first heap   total 227328K, used 143866K [0x00000000c0000000, 0x0000000100000000)
  region size 1024K, 11 young (11264K), 4 survivors (4096K)
 Metaspace       used 81718K, capacity 83989K, committed 84144K, reserved 1122304K
  class space    used 10970K, capacity 11751K, committed 11776K, reserved 1048576K
}
Event: 56.792 GC heap after
{Heap after GC invocations=58 (full 0):
 garbage-first heap   total 227328K, used 129536K [0x00000000c0000000, 0x0000000100000000)
  region size 1024K, 2 young (2048K), 2 survivors (2048K)
 Metaspace       used 81718K, capacity 83989K, committed 84144K, reserved 1122304K
  class space    used 10970K, capacity 11751K, committed 11776K, reserved 1048576K
}
Event: 58.759 GC heap before
{Heap before GC invocations=58 (full 0):
 garbage-first heap   total 227328K, used 162304K [0x00000000c0000000, 0x0000000100000000)
  region size 1024K, 35 young (35840K), 2 survivors (2048K)
 Metaspace       used 81917K, capacity 84188K, committed 84400K, reserved 1122304K
  class space    used 10970K, capacity 11751K, committed 11776K, reserved 1048576K
}
Event: 58.900 GC heap after
{Heap after GC invocations=59 (full 0):
 garbage-first heap   total 227328K, used 149504K [0x00000000c0000000, 0x0000000100000000)
  region size 1024K, 5 young (5120K), 5 survivors (5120K)
 Metaspace       used 81917K, capacity 84188K, committed 84400K, reserved 1122304K
  class space    used 10970K, capacity 11751K, committed 11776K, reserved 1048576K
}

