# JRE version: Java(TM) SE Runtime Environment (13.0.2+8) (build 13.0.2+8)
# Java VM: Java HotSpot(TM) 64-Bit Server VM (13.0.2+8, mixed mode, sharing, tiered, compressed oops, g1 gc, windows-amd64)
Heap:
 garbage-first heap   total 117760K, used 74460K [0x00000000c0000000, 0x0000000100000000)
  region size 1024K, 9 young (9216K), 3 survivors (3072K)
 Metaspace       used 55231K, capacity 56886K, committed 57136K, reserved 1097728K
  class space    used 7415K, capacity 7942K, committed 8064K, reserved 1048576K
GC Heap History (20 events):
Event: 20.592 GC heap before
{Heap before GC invocations=24 (full 0):
 garbage-first heap   total 92160K, used 52929K [0x00000000c0000000, 0x0000000100000000)
  region size 1024K, 6 young (6144K), 3 survivors (3072K)
 Metaspace       used 36043K, capacity 37298K, committed 37552K, reserved 1081344K
  class space    used 4923K, capacity 5291K, committed 5376K, reserved 1048576K
}
Event: 20.606 GC heap after
{Heap after GC invocations=25 (full 0):
 garbage-first heap   total 110592K, used 52378K [0x00000000c0000000, 0x0000000100000000)
  region size 1024K, 4 young (4096K), 4 survivors (4096K)
 Metaspace       used 36043K, capacity 37298K, committed 37552K, reserved 1081344K
  class space    used 4923K, capacity 5291K, committed 5376K, reserved 1048576K
}
Event: 22.235 GC heap before
{Heap before GC invocations=26 (full 0):
 garbage-first heap   total 110592K, used 74906K [0x00000000c0000000, 0x0000000100000000)
  region size 1024K, 24 young (24576K), 4 survivors (4096K)
 Metaspace       used 39179K, capacity 40552K, committed 40752K, reserved 1085440K
  class space    used 5324K, capacity 5758K, committed 5760K, reserved 1048576K
}
Event: 22.247 GC heap after
{Heap after GC invocations=27 (full 0):
 garbage-first heap   total 110592K, used 56946K [0x00000000c0000000, 0x0000000100000000)
  region size 1024K, 3 young (3072K), 3 survivors (3072K)
 Metaspace       used 39179K, capacity 40552K, committed 40752K, reserved 1085440K
  class space    used 5324K, capacity 5758K, committed 5760K, reserved 1048576K
}
Event: 22.918 GC heap before
{Heap before GC invocations=27 (full 0):
 garbage-first heap   total 110592K, used 77426K [0x00000000c0000000, 0x0000000100000000)
  region size 1024K, 23 young (23552K), 3 survivors (3072K)
 Metaspace       used 42397K, capacity 43685K, committed 43952K, reserved 1087488K
  class space    used 5664K, capacity 6056K, committed 6144K, reserved 1048576K
}
Event: 22.927 GC heap after
{Heap after GC invocations=28 (full 0):
 garbage-first heap   total 110592K, used 57816K [0x00000000c0000000, 0x0000000100000000)
  region size 1024K, 1 young (1024K), 1 survivors (1024K)
 Metaspace       used 42397K, capacity 43685K, committed 43952K, reserved 1087488K
  class space    used 5664K, capacity 6056K, committed 6144K, reserved 1048576K
}
Event: 23.632 GC heap before
{Heap before GC invocations=29 (full 0):
 garbage-first heap   total 110592K, used 78296K [0x00000000c0000000, 0x0000000100000000)
  region size 1024K, 22 young (22528K), 1 survivors (1024K)
 Metaspace       used 44826K, capacity 46234K, committed 46384K, reserved 1089536K
  class space    used 5997K, capacity 6418K, committed 6528K, reserved 1048576K
}
Event: 23.641 GC heap after
{Heap after GC invocations=30 (full 0):
 garbage-first heap   total 110592K, used 60543K [0x00000000c0000000, 0x0000000100000000)
  region size 1024K, 3 young (3072K), 3 survivors (3072K)
 Metaspace       used 44826K, capacity 46234K, committed 46384K, reserved 1089536K
  class space    used 5997K, capacity 6418K, committed 6528K, reserved 1048576K
}
Event: 24.341 GC heap before
{Heap before GC invocations=30 (full 0):
 garbage-first heap   total 110592K, used 82047K [0x00000000c0000000, 0x0000000100000000)
  region size 1024K, 24 young (24576K), 3 survivors (3072K)
 Metaspace       used 46575K, capacity 47963K, committed 48048K, reserved 1091584K
  class space    used 6228K, capacity 6647K, committed 6656K, reserved 1048576K
}
Event: 24.352 GC heap after
{Heap after GC invocations=31 (full 0):
 garbage-first heap   total 110592K, used 61411K [0x00000000c0000000, 0x0000000100000000)
  region size 1024K, 2 young (2048K), 2 survivors (2048K)
 Metaspace       used 46575K, capacity 47963K, committed 48048K, reserved 1091584K
  class space    used 6228K, capacity 6647K, committed 6656K, reserved 1048576K
}
Event: 24.512 GC heap before
{Heap before GC invocations=32 (full 0):
 garbage-first heap   total 110592K, used 64483K [0x00000000c0000000, 0x0000000100000000)
  region size 1024K, 6 young (6144K), 2 survivors (2048K)
 Metaspace       used 46965K, capacity 48315K, committed 48432K, reserved 1091584K
  class space    used 6278K, capacity 6679K, committed 6784K, reserved 1048576K
}
Event: 24.525 GC heap after
{Heap after GC invocations=33 (full 0):
 garbage-first heap   total 110592K, used 61779K [0x00000000c0000000, 0x0000000100000000)
  region size 1024K, 2 young (2048K), 2 survivors (2048K)
 Metaspace       used 46965K, capacity 48315K, committed 48432K, reserved 1091584K
  class space    used 6278K, capacity 6679K, committed 6784K, reserved 1048576K
}
Event: 25.677 GC heap before
{Heap before GC invocations=34 (full 0):
 garbage-first heap   total 110592K, used 84307K [0x00000000c0000000, 0x0000000100000000)
  region size 1024K, 23 young (23552K), 2 survivors (2048K)
 Metaspace       used 50170K, capacity 51590K, committed 51888K, reserved 1093632K
  class space    used 6611K, capacity 7047K, committed 7168K, reserved 1048576K
}
Event: 25.690 GC heap after
{Heap after GC invocations=35 (full 0):
 garbage-first heap   total 110592K, used 63025K [0x00000000c0000000, 0x0000000100000000)
  region size 1024K, 2 young (2048K), 2 survivors (2048K)
 Metaspace       used 50170K, capacity 51590K, committed 51888K, reserved 1093632K
  class space    used 6611K, capacity 7047K, committed 7168K, reserved 1048576K
}
Event: 26.798 GC heap before
{Heap before GC invocations=35 (full 0):
 garbage-first heap   total 110592K, used 84529K [0x00000000c0000000, 0x0000000100000000)
  region size 1024K, 23 young (23552K), 2 survivors (2048K)
 Metaspace       used 50959K, capacity 52473K, committed 52784K, reserved 1095680K
  class space    used 6725K, capacity 7193K, committed 7296K, reserved 1048576K
}
Event: 26.816 GC heap after
{Heap after GC invocations=36 (full 0):
 garbage-first heap   total 110592K, used 65202K [0x00000000c0000000, 0x0000000100000000)
  region size 1024K, 3 young (3072K), 3 survivors (3072K)
 Metaspace       used 50959K, capacity 52473K, committed 52784K, reserved 1095680K
  class space    used 6725K, capacity 7193K, committed 7296K, reserved 1048576K
}
Event: 27.998 GC heap before
{Heap before GC invocations=37 (full 0):
 garbage-first heap   total 112640K, used 86706K [0x00000000c0000000, 0x0000000100000000)
  region size 1024K, 24 young (24576K), 3 survivors (3072K)
 Metaspace       used 54172K, capacity 55806K, committed 55856K, reserved 1097728K
  class space    used 7243K, capacity 7796K, committed 7808K, reserved 1048576K
}
Event: 28.020 GC heap after
{Heap after GC invocations=38 (full 0):
 garbage-first heap   total 112640K, used 66845K [0x00000000c0000000, 0x0000000100000000)
  region size 1024K, 2 young (2048K), 2 survivors (2048K)
 Metaspace       used 54172K, capacity 55806K, committed 55856K, reserved 1097728K
  class space    used 7243K, capacity 7796K, committed 7808K, reserved 1048576K
}
Event: 28.563 GC heap before
{Heap before GC invocations=38 (full 0):
 garbage-first heap   total 112640K, used 88349K [0x00000000c0000000, 0x0000000100000000)
  region size 1024K, 23 young (23552K), 2 survivors (2048K)
 Metaspace       used 54893K, capacity 56585K, committed 56752K, reserved 1097728K
  class space    used 7354K, capacity 7887K, committed 7936K, reserved 1048576K
}
Event: 28.580 GC heap after
{Heap after GC invocations=39 (full 0):
 garbage-first heap   total 112640K, used 69340K [0x00000000c0000000, 0x0000000100000000)
  region size 1024K, 3 young (3072K), 3 survivors (3072K)
 Metaspace       used 54893K, capacity 56585K, committed 56752K, reserved 1097728K
  class space    used 7354K, capacity 7887K, committed 7936K, reserved 1048576K
}

